[DEBUG] 2019-10-06 16:33:23.822 [main] IntegratorServiceImpl - Adding Integrator [org.hibernate.cfg.beanvalidation.BeanValidationIntegrator].
[DEBUG] 2019-10-06 16:33:23.828 [main] IntegratorServiceImpl - Adding Integrator [org.hibernate.secure.spi.JaccIntegrator].
[DEBUG] 2019-10-06 16:33:23.832 [main] IntegratorServiceImpl - Adding Integrator [org.hibernate.cache.internal.CollectionCacheInvalidator].
[INFO ] 2019-10-06 16:33:23.904 [main] Version - HHH000412: Hibernate Core {5.4.4.Final}
[DEBUG] 2019-10-06 16:33:23.906 [main] Environment - HHH000206: hibernate.properties not found
[DEBUG] 2019-10-06 16:33:24.250 [main] LocalXmlResourceResolver - Interpreting public/system identifier : [-//Hibernate/Hibernate Configuration DTD//EN] - [http://www.hibernate.org/dtd/hibernate-configuration-3.0.dtd]
[DEBUG] 2019-10-06 16:33:24.250 [main] LocalXmlResourceResolver - Recognized hibernate-configuration identifier; attempting to resolve on classpath under org/hibernate/
[DEBUG] 2019-10-06 16:33:24.256 [main] JaxbCfgProcessor - cfg.xml document did not define namespaces; wrapping in custom event reader to introduce namespace information
[DEBUG] 2019-10-06 16:33:24.560 [main] ServiceBinding - Overriding existing service binding [org.hibernate.secure.spi.JaccService]
[DEBUG] 2019-10-06 16:33:24.582 [main] RegionFactoryInitiator - Cannot default RegionFactory based on registered strategies as `[]` RegionFactory strategies were registered
[DEBUG] 2019-10-06 16:33:24.583 [main] RegionFactoryInitiator - Cache region factory : org.hibernate.cache.internal.NoCachingRegionFactory
[INFO ] 2019-10-06 16:33:24.601 [main] Version - HCANN000001: Hibernate Commons Annotations {5.1.0.Final}
[DEBUG] 2019-10-06 16:33:24.628 [main] BasicTypeRegistry - Adding type registration boolean -> org.hibernate.type.BooleanType@7eae3764
[DEBUG] 2019-10-06 16:33:24.628 [main] BasicTypeRegistry - Adding type registration boolean -> org.hibernate.type.BooleanType@7eae3764
[DEBUG] 2019-10-06 16:33:24.628 [main] BasicTypeRegistry - Adding type registration java.lang.Boolean -> org.hibernate.type.BooleanType@7eae3764
[DEBUG] 2019-10-06 16:33:24.629 [main] BasicTypeRegistry - Adding type registration numeric_boolean -> org.hibernate.type.NumericBooleanType@7e744f43
[DEBUG] 2019-10-06 16:33:24.629 [main] BasicTypeRegistry - Adding type registration true_false -> org.hibernate.type.TrueFalseType@35eb4a3b
[DEBUG] 2019-10-06 16:33:24.630 [main] BasicTypeRegistry - Adding type registration yes_no -> org.hibernate.type.YesNoType@26b95b0b
[DEBUG] 2019-10-06 16:33:24.631 [main] BasicTypeRegistry - Adding type registration byte -> org.hibernate.type.ByteType@77ec6a3d
[DEBUG] 2019-10-06 16:33:24.631 [main] BasicTypeRegistry - Adding type registration byte -> org.hibernate.type.ByteType@77ec6a3d
[DEBUG] 2019-10-06 16:33:24.631 [main] BasicTypeRegistry - Adding type registration java.lang.Byte -> org.hibernate.type.ByteType@77ec6a3d
[DEBUG] 2019-10-06 16:33:24.632 [main] BasicTypeRegistry - Adding type registration character -> org.hibernate.type.CharacterType@245ec1a6
[DEBUG] 2019-10-06 16:33:24.632 [main] BasicTypeRegistry - Adding type registration char -> org.hibernate.type.CharacterType@245ec1a6
[DEBUG] 2019-10-06 16:33:24.632 [main] BasicTypeRegistry - Adding type registration java.lang.Character -> org.hibernate.type.CharacterType@245ec1a6
[DEBUG] 2019-10-06 16:33:24.633 [main] BasicTypeRegistry - Adding type registration short -> org.hibernate.type.ShortType@2016f509
[DEBUG] 2019-10-06 16:33:24.634 [main] BasicTypeRegistry - Adding type registration short -> org.hibernate.type.ShortType@2016f509
[DEBUG] 2019-10-06 16:33:24.634 [main] BasicTypeRegistry - Adding type registration java.lang.Short -> org.hibernate.type.ShortType@2016f509
[DEBUG] 2019-10-06 16:33:24.635 [main] BasicTypeRegistry - Adding type registration integer -> org.hibernate.type.IntegerType@2123064f
[DEBUG] 2019-10-06 16:33:24.635 [main] BasicTypeRegistry - Adding type registration int -> org.hibernate.type.IntegerType@2123064f
[DEBUG] 2019-10-06 16:33:24.635 [main] BasicTypeRegistry - Adding type registration java.lang.Integer -> org.hibernate.type.IntegerType@2123064f
[DEBUG] 2019-10-06 16:33:24.636 [main] BasicTypeRegistry - Adding type registration long -> org.hibernate.type.LongType@73fb1d7f
[DEBUG] 2019-10-06 16:33:24.637 [main] BasicTypeRegistry - Adding type registration long -> org.hibernate.type.LongType@73fb1d7f
[DEBUG] 2019-10-06 16:33:24.637 [main] BasicTypeRegistry - Adding type registration java.lang.Long -> org.hibernate.type.LongType@73fb1d7f
[DEBUG] 2019-10-06 16:33:24.638 [main] BasicTypeRegistry - Adding type registration float -> org.hibernate.type.FloatType@6ecdbab8
[DEBUG] 2019-10-06 16:33:24.638 [main] BasicTypeRegistry - Adding type registration float -> org.hibernate.type.FloatType@6ecdbab8
[DEBUG] 2019-10-06 16:33:24.638 [main] BasicTypeRegistry - Adding type registration java.lang.Float -> org.hibernate.type.FloatType@6ecdbab8
[DEBUG] 2019-10-06 16:33:24.639 [main] BasicTypeRegistry - Adding type registration double -> org.hibernate.type.DoubleType@29138d3a
[DEBUG] 2019-10-06 16:33:24.640 [main] BasicTypeRegistry - Adding type registration double -> org.hibernate.type.DoubleType@29138d3a
[DEBUG] 2019-10-06 16:33:24.640 [main] BasicTypeRegistry - Adding type registration java.lang.Double -> org.hibernate.type.DoubleType@29138d3a
[DEBUG] 2019-10-06 16:33:24.640 [main] BasicTypeRegistry - Adding type registration big_decimal -> org.hibernate.type.BigDecimalType@435e60ff
[DEBUG] 2019-10-06 16:33:24.641 [main] BasicTypeRegistry - Adding type registration java.math.BigDecimal -> org.hibernate.type.BigDecimalType@435e60ff
[DEBUG] 2019-10-06 16:33:24.641 [main] BasicTypeRegistry - Adding type registration big_integer -> org.hibernate.type.BigIntegerType@212dfd39
[DEBUG] 2019-10-06 16:33:24.642 [main] BasicTypeRegistry - Adding type registration java.math.BigInteger -> org.hibernate.type.BigIntegerType@212dfd39
[DEBUG] 2019-10-06 16:33:24.644 [main] BasicTypeRegistry - Adding type registration string -> org.hibernate.type.StringType@1fac1d5c
[DEBUG] 2019-10-06 16:33:24.644 [main] BasicTypeRegistry - Adding type registration java.lang.String -> org.hibernate.type.StringType@1fac1d5c
[DEBUG] 2019-10-06 16:33:24.645 [main] BasicTypeRegistry - Adding type registration nstring -> org.hibernate.type.StringNVarcharType@6850b758
[DEBUG] 2019-10-06 16:33:24.645 [main] BasicTypeRegistry - Adding type registration ncharacter -> org.hibernate.type.CharacterNCharType@4207609e
[DEBUG] 2019-10-06 16:33:24.646 [main] BasicTypeRegistry - Adding type registration url -> org.hibernate.type.UrlType@534c6767
[DEBUG] 2019-10-06 16:33:24.646 [main] BasicTypeRegistry - Adding type registration java.net.URL -> org.hibernate.type.UrlType@534c6767
[DEBUG] 2019-10-06 16:33:24.647 [main] BasicTypeRegistry - Adding type registration Duration -> org.hibernate.type.DurationType@2ba5aa7a
[DEBUG] 2019-10-06 16:33:24.647 [main] BasicTypeRegistry - Adding type registration java.time.Duration -> org.hibernate.type.DurationType@2ba5aa7a
[DEBUG] 2019-10-06 16:33:24.656 [main] BasicTypeRegistry - Adding type registration Instant -> org.hibernate.type.InstantType@10643593
[DEBUG] 2019-10-06 16:33:24.656 [main] BasicTypeRegistry - Adding type registration java.time.Instant -> org.hibernate.type.InstantType@10643593
[DEBUG] 2019-10-06 16:33:24.658 [main] BasicTypeRegistry - Adding type registration LocalDateTime -> org.hibernate.type.LocalDateTimeType@6917bb4
[DEBUG] 2019-10-06 16:33:24.658 [main] BasicTypeRegistry - Adding type registration java.time.LocalDateTime -> org.hibernate.type.LocalDateTimeType@6917bb4
[DEBUG] 2019-10-06 16:33:24.660 [main] BasicTypeRegistry - Adding type registration LocalDate -> org.hibernate.type.LocalDateType@1bc49bc5
[DEBUG] 2019-10-06 16:33:24.660 [main] BasicTypeRegistry - Adding type registration java.time.LocalDate -> org.hibernate.type.LocalDateType@1bc49bc5
[DEBUG] 2019-10-06 16:33:24.662 [main] BasicTypeRegistry - Adding type registration LocalTime -> org.hibernate.type.LocalTimeType@188cbcde
[DEBUG] 2019-10-06 16:33:24.662 [main] BasicTypeRegistry - Adding type registration java.time.LocalTime -> org.hibernate.type.LocalTimeType@188cbcde
[DEBUG] 2019-10-06 16:33:24.664 [main] BasicTypeRegistry - Adding type registration OffsetDateTime -> org.hibernate.type.OffsetDateTimeType@36a6bea6
[DEBUG] 2019-10-06 16:33:24.664 [main] BasicTypeRegistry - Adding type registration java.time.OffsetDateTime -> org.hibernate.type.OffsetDateTimeType@36a6bea6
[DEBUG] 2019-10-06 16:33:24.665 [main] BasicTypeRegistry - Adding type registration OffsetTime -> org.hibernate.type.OffsetTimeType@65c33b92
[DEBUG] 2019-10-06 16:33:24.665 [main] BasicTypeRegistry - Adding type registration java.time.OffsetTime -> org.hibernate.type.OffsetTimeType@65c33b92
[DEBUG] 2019-10-06 16:33:24.675 [main] BasicTypeRegistry - Adding type registration ZonedDateTime -> org.hibernate.type.ZonedDateTimeType@612e21b9
[DEBUG] 2019-10-06 16:33:24.675 [main] BasicTypeRegistry - Adding type registration java.time.ZonedDateTime -> org.hibernate.type.ZonedDateTimeType@612e21b9
[DEBUG] 2019-10-06 16:33:24.677 [main] BasicTypeRegistry - Adding type registration date -> org.hibernate.type.DateType@6c008c24
[DEBUG] 2019-10-06 16:33:24.677 [main] BasicTypeRegistry - Adding type registration java.sql.Date -> org.hibernate.type.DateType@6c008c24
[DEBUG] 2019-10-06 16:33:24.679 [main] BasicTypeRegistry - Adding type registration time -> org.hibernate.type.TimeType@dc79225
[DEBUG] 2019-10-06 16:33:24.680 [main] BasicTypeRegistry - Adding type registration java.sql.Time -> org.hibernate.type.TimeType@dc79225
[DEBUG] 2019-10-06 16:33:24.684 [main] BasicTypeRegistry - Adding type registration timestamp -> org.hibernate.type.TimestampType@14982a82
[DEBUG] 2019-10-06 16:33:24.684 [main] BasicTypeRegistry - Adding type registration java.sql.Timestamp -> org.hibernate.type.TimestampType@14982a82
[DEBUG] 2019-10-06 16:33:24.684 [main] BasicTypeRegistry - Adding type registration java.util.Date -> org.hibernate.type.TimestampType@14982a82
[DEBUG] 2019-10-06 16:33:24.688 [main] BasicTypeRegistry - Adding type registration dbtimestamp -> org.hibernate.type.DbTimestampType@6726cc69
[DEBUG] 2019-10-06 16:33:24.690 [main] BasicTypeRegistry - Adding type registration calendar -> org.hibernate.type.CalendarType@13d9261f
[DEBUG] 2019-10-06 16:33:24.690 [main] BasicTypeRegistry - Adding type registration java.util.Calendar -> org.hibernate.type.CalendarType@13d9261f
[DEBUG] 2019-10-06 16:33:24.690 [main] BasicTypeRegistry - Adding type registration java.util.GregorianCalendar -> org.hibernate.type.CalendarType@13d9261f
[DEBUG] 2019-10-06 16:33:24.691 [main] BasicTypeRegistry - Adding type registration calendar_date -> org.hibernate.type.CalendarDateType@62e93c3a
[DEBUG] 2019-10-06 16:33:24.692 [main] BasicTypeRegistry - Adding type registration locale -> org.hibernate.type.LocaleType@5f038248
[DEBUG] 2019-10-06 16:33:24.692 [main] BasicTypeRegistry - Adding type registration java.util.Locale -> org.hibernate.type.LocaleType@5f038248
[DEBUG] 2019-10-06 16:33:24.693 [main] BasicTypeRegistry - Adding type registration currency -> org.hibernate.type.CurrencyType@1deceb67
[DEBUG] 2019-10-06 16:33:24.693 [main] BasicTypeRegistry - Adding type registration java.util.Currency -> org.hibernate.type.CurrencyType@1deceb67
[DEBUG] 2019-10-06 16:33:24.694 [main] BasicTypeRegistry - Adding type registration timezone -> org.hibernate.type.TimeZoneType@5d5c04f9
[DEBUG] 2019-10-06 16:33:24.695 [main] BasicTypeRegistry - Adding type registration java.util.TimeZone -> org.hibernate.type.TimeZoneType@5d5c04f9
[DEBUG] 2019-10-06 16:33:24.695 [main] BasicTypeRegistry - Adding type registration class -> org.hibernate.type.ClassType@6724cdec
[DEBUG] 2019-10-06 16:33:24.696 [main] BasicTypeRegistry - Adding type registration java.lang.Class -> org.hibernate.type.ClassType@6724cdec
[DEBUG] 2019-10-06 16:33:24.697 [main] BasicTypeRegistry - Adding type registration uuid-binary -> org.hibernate.type.UUIDBinaryType@60783105
[DEBUG] 2019-10-06 16:33:24.702 [main] BasicTypeRegistry - Adding type registration java.util.UUID -> org.hibernate.type.UUIDBinaryType@60783105
[DEBUG] 2019-10-06 16:33:24.702 [main] BasicTypeRegistry - Adding type registration uuid-char -> org.hibernate.type.UUIDCharType@2a3194c6
[DEBUG] 2019-10-06 16:33:24.704 [main] BasicTypeRegistry - Adding type registration binary -> org.hibernate.type.BinaryType@554f0dfb
[DEBUG] 2019-10-06 16:33:24.704 [main] BasicTypeRegistry - Adding type registration byte[] -> org.hibernate.type.BinaryType@554f0dfb
[DEBUG] 2019-10-06 16:33:24.704 [main] BasicTypeRegistry - Adding type registration [B -> org.hibernate.type.BinaryType@554f0dfb
[DEBUG] 2019-10-06 16:33:24.705 [main] BasicTypeRegistry - Adding type registration wrapper-binary -> org.hibernate.type.WrapperBinaryType@5e65afb6
[DEBUG] 2019-10-06 16:33:24.706 [main] BasicTypeRegistry - Adding type registration Byte[] -> org.hibernate.type.WrapperBinaryType@5e65afb6
[DEBUG] 2019-10-06 16:33:24.706 [main] BasicTypeRegistry - Adding type registration [Ljava.lang.Byte; -> org.hibernate.type.WrapperBinaryType@5e65afb6
[DEBUG] 2019-10-06 16:33:24.707 [main] BasicTypeRegistry - Adding type registration row_version -> org.hibernate.type.RowVersionType@34d52ecd
[DEBUG] 2019-10-06 16:33:24.708 [main] BasicTypeRegistry - Adding type registration image -> org.hibernate.type.ImageType@730f9695
[DEBUG] 2019-10-06 16:33:24.709 [main] BasicTypeRegistry - Adding type registration characters -> org.hibernate.type.CharArrayType@6b2e46af
[DEBUG] 2019-10-06 16:33:24.710 [main] BasicTypeRegistry - Adding type registration char[] -> org.hibernate.type.CharArrayType@6b2e46af
[DEBUG] 2019-10-06 16:33:24.710 [main] BasicTypeRegistry - Adding type registration [C -> org.hibernate.type.CharArrayType@6b2e46af
[DEBUG] 2019-10-06 16:33:24.711 [main] BasicTypeRegistry - Adding type registration wrapper-characters -> org.hibernate.type.CharacterArrayType@5e1d03d7
[DEBUG] 2019-10-06 16:33:24.711 [main] BasicTypeRegistry - Adding type registration [Ljava.lang.Character; -> org.hibernate.type.CharacterArrayType@5e1d03d7
[DEBUG] 2019-10-06 16:33:24.711 [main] BasicTypeRegistry - Adding type registration Character[] -> org.hibernate.type.CharacterArrayType@5e1d03d7
[DEBUG] 2019-10-06 16:33:24.712 [main] BasicTypeRegistry - Adding type registration text -> org.hibernate.type.TextType@22587507
[DEBUG] 2019-10-06 16:33:24.712 [main] BasicTypeRegistry - Adding type registration ntext -> org.hibernate.type.NTextType@1b1f5012
[DEBUG] 2019-10-06 16:33:24.713 [main] BasicTypeRegistry - Adding type registration blob -> org.hibernate.type.BlobType@3d904e9c
[DEBUG] 2019-10-06 16:33:24.714 [main] BasicTypeRegistry - Adding type registration java.sql.Blob -> org.hibernate.type.BlobType@3d904e9c
[DEBUG] 2019-10-06 16:33:24.714 [main] BasicTypeRegistry - Adding type registration materialized_blob -> org.hibernate.type.MaterializedBlobType@210308d5
[DEBUG] 2019-10-06 16:33:24.716 [main] BasicTypeRegistry - Adding type registration clob -> org.hibernate.type.ClobType@1229a2b7
[DEBUG] 2019-10-06 16:33:24.716 [main] BasicTypeRegistry - Adding type registration java.sql.Clob -> org.hibernate.type.ClobType@1229a2b7
[DEBUG] 2019-10-06 16:33:24.717 [main] BasicTypeRegistry - Adding type registration nclob -> org.hibernate.type.NClobType@46c269e0
[DEBUG] 2019-10-06 16:33:24.717 [main] BasicTypeRegistry - Adding type registration java.sql.NClob -> org.hibernate.type.NClobType@46c269e0
[DEBUG] 2019-10-06 16:33:24.718 [main] BasicTypeRegistry - Adding type registration materialized_clob -> org.hibernate.type.MaterializedClobType@558756be
[DEBUG] 2019-10-06 16:33:24.719 [main] BasicTypeRegistry - Adding type registration materialized_nclob -> org.hibernate.type.MaterializedNClobType@7ff35a3f
[DEBUG] 2019-10-06 16:33:24.719 [main] BasicTypeRegistry - Adding type registration serializable -> org.hibernate.type.SerializableType@3968bc60
[DEBUG] 2019-10-06 16:33:24.722 [main] BasicTypeRegistry - Adding type registration object -> org.hibernate.type.ObjectType@7aac8884
[DEBUG] 2019-10-06 16:33:24.722 [main] BasicTypeRegistry - Adding type registration java.lang.Object -> org.hibernate.type.ObjectType@7aac8884
[DEBUG] 2019-10-06 16:33:24.723 [main] BasicTypeRegistry - Adding type registration imm_date -> org.hibernate.type.AdaptedImmutableType@122d6c22
[DEBUG] 2019-10-06 16:33:24.723 [main] BasicTypeRegistry - Adding type registration imm_time -> org.hibernate.type.AdaptedImmutableType@2f5ac102
[DEBUG] 2019-10-06 16:33:24.723 [main] BasicTypeRegistry - Adding type registration imm_timestamp -> org.hibernate.type.AdaptedImmutableType@5df778c3
[DEBUG] 2019-10-06 16:33:24.723 [main] BasicTypeRegistry - Adding type registration imm_dbtimestamp -> org.hibernate.type.AdaptedImmutableType@895416d
[DEBUG] 2019-10-06 16:33:24.723 [main] BasicTypeRegistry - Adding type registration imm_calendar -> org.hibernate.type.AdaptedImmutableType@71a06021
[DEBUG] 2019-10-06 16:33:24.723 [main] BasicTypeRegistry - Adding type registration imm_calendar_date -> org.hibernate.type.AdaptedImmutableType@80bfdc6
[DEBUG] 2019-10-06 16:33:24.723 [main] BasicTypeRegistry - Adding type registration imm_binary -> org.hibernate.type.AdaptedImmutableType@6edcad64
[DEBUG] 2019-10-06 16:33:24.724 [main] BasicTypeRegistry - Adding type registration imm_serializable -> org.hibernate.type.AdaptedImmutableType@4c6007fb
[DEBUG] 2019-10-06 16:33:24.756 [main] DefaultIdentifierGeneratorFactory - Registering IdentifierGenerator strategy [uuid2] -> [org.hibernate.id.UUIDGenerator]
[DEBUG] 2019-10-06 16:33:24.757 [main] DefaultIdentifierGeneratorFactory - Registering IdentifierGenerator strategy [guid] -> [org.hibernate.id.GUIDGenerator]
[DEBUG] 2019-10-06 16:33:24.757 [main] DefaultIdentifierGeneratorFactory - Registering IdentifierGenerator strategy [uuid] -> [org.hibernate.id.UUIDHexGenerator]
[DEBUG] 2019-10-06 16:33:24.757 [main] DefaultIdentifierGeneratorFactory - Registering IdentifierGenerator strategy [uuid.hex] -> [org.hibernate.id.UUIDHexGenerator]
[DEBUG] 2019-10-06 16:33:24.758 [main] DefaultIdentifierGeneratorFactory - Registering IdentifierGenerator strategy [assigned] -> [org.hibernate.id.Assigned]
[DEBUG] 2019-10-06 16:33:24.758 [main] DefaultIdentifierGeneratorFactory - Registering IdentifierGenerator strategy [identity] -> [org.hibernate.id.IdentityGenerator]
[DEBUG] 2019-10-06 16:33:24.759 [main] DefaultIdentifierGeneratorFactory - Registering IdentifierGenerator strategy [select] -> [org.hibernate.id.SelectGenerator]
[DEBUG] 2019-10-06 16:33:24.760 [main] DefaultIdentifierGeneratorFactory - Registering IdentifierGenerator strategy [sequence] -> [org.hibernate.id.enhanced.SequenceStyleGenerator]
[DEBUG] 2019-10-06 16:33:24.761 [main] DefaultIdentifierGeneratorFactory - Registering IdentifierGenerator strategy [seqhilo] -> [org.hibernate.id.SequenceHiLoGenerator]
[DEBUG] 2019-10-06 16:33:24.761 [main] DefaultIdentifierGeneratorFactory - Registering IdentifierGenerator strategy [increment] -> [org.hibernate.id.IncrementGenerator]
[DEBUG] 2019-10-06 16:33:24.761 [main] DefaultIdentifierGeneratorFactory - Registering IdentifierGenerator strategy [foreign] -> [org.hibernate.id.ForeignGenerator]
[DEBUG] 2019-10-06 16:33:24.762 [main] DefaultIdentifierGeneratorFactory - Registering IdentifierGenerator strategy [sequence-identity] -> [org.hibernate.id.SequenceIdentityGenerator]
[DEBUG] 2019-10-06 16:33:24.762 [main] DefaultIdentifierGeneratorFactory - Registering IdentifierGenerator strategy [enhanced-sequence] -> [org.hibernate.id.enhanced.SequenceStyleGenerator]
[DEBUG] 2019-10-06 16:33:24.763 [main] DefaultIdentifierGeneratorFactory - Registering IdentifierGenerator strategy [enhanced-table] -> [org.hibernate.id.enhanced.TableGenerator]
[INFO ] 2019-10-06 16:33:24.768 [main] C3P0ConnectionProvider - HHH010002: C3P0 using driver: com.mysql.cj.jdbc.Driver at URL: jdbc:mysql://localhost:3307/dashboard
[INFO ] 2019-10-06 16:33:24.768 [main] C3P0ConnectionProvider - HHH10001001: Connection properties: {password=****, user=root}
[INFO ] 2019-10-06 16:33:24.768 [main] C3P0ConnectionProvider - HHH10001003: Autocommit mode: false
[INFO ] 2019-10-06 16:33:24.955 [main] C3P0ConnectionProvider - HHH10001007: JDBC isolation level: <unknown>
[DEBUG] 2019-10-06 16:33:25.204 [main] JdbcEnvironmentInitiator - Database ->
       name : MySQL
    version : 8.0.17
      major : 8
      minor : 0
[DEBUG] 2019-10-06 16:33:25.204 [main] JdbcEnvironmentInitiator - Driver ->
       name : MySQL Connector/J
    version : mysql-connector-java-8.0.16 (Revision: 34cbc6bc61f72836e26327537a432d6db7c77de6)
      major : 8
      minor : 0
[DEBUG] 2019-10-06 16:33:25.204 [main] JdbcEnvironmentInitiator - JDBC version : 4.2
[INFO ] 2019-10-06 16:33:25.221 [main] Dialect - HHH000400: Using dialect: org.hibernate.dialect.MySQL8Dialect
[DEBUG] 2019-10-06 16:33:25.244 [main] IdentifierHelperBuilder - JDBC driver metadata reported database stores quoted identifiers in more than one case
[DEBUG] 2019-10-06 16:33:25.268 [main] IdentifierHelperBuilder - IdentifierCaseStrategy for both quoted and unquoted identifiers was set to the same strategy [MIXED]; that will likely lead to problems in schema update and validation if using quoted identifiers
[DEBUG] 2019-10-06 16:33:25.312 [main] Namespace - Created database namespace [logicalName=Name{catalog=null, schema=null}, physicalName=Name{catalog=null, schema=null}]
[DEBUG] 2019-10-06 16:33:25.316 [main] TypeConfiguration$Scope - Scoping TypeConfiguration [org.hibernate.type.spi.TypeConfiguration@34a2d6e0] to MetadataBuildingContext [org.hibernate.boot.internal.MetadataBuildingContextRootImpl@2525a5b8]
[DEBUG] 2019-10-06 16:33:25.370 [main] AnnotationBinder - Binding entity from annotated class: com.enterprise.dashboard.model.Application
[DEBUG] 2019-10-06 16:33:25.390 [main] Ejb3Column - Binding column: Ejb3DiscriminatorColumn{logicalColumnName'DTYPE', discriminatorTypeName='string'}
[DEBUG] 2019-10-06 16:33:25.394 [main] EntityBinder - Import with entity name Applications
[DEBUG] 2019-10-06 16:33:25.397 [main] EntityBinder - Bind entity com.enterprise.dashboard.model.Application on table APPLICATIONS
[DEBUG] 2019-10-06 16:33:25.419 [main] Ejb3Column - Binding column: Ejb3Column{table=org.hibernate.mapping.Table(APPLICATIONS), mappingColumn=ID, insertable=true, updatable=true, unique=false}
[DEBUG] 2019-10-06 16:33:25.422 [main] PropertyBinder - MetadataSourceProcessor property id with lazy=false
[DEBUG] 2019-10-06 16:33:25.423 [main] AbstractPropertyHolder - Attempting to locate auto-apply AttributeConverter for property [com.enterprise.dashboard.model.Application:id]
[DEBUG] 2019-10-06 16:33:25.425 [main] SimpleValueBinder - building SimpleValue for id
[DEBUG] 2019-10-06 16:33:25.427 [main] PropertyBinder - Building property id
[DEBUG] 2019-10-06 16:33:25.431 [main] BinderHelper - #makeIdGenerator(org.hibernate.mapping.SimpleValue([org.hibernate.mapping.Column(ID)]), id, org.hibernate.id.enhanced.SequenceStyleGenerator, native, ...)
[DEBUG] 2019-10-06 16:33:25.432 [main] Ejb3Column - Binding column: Ejb3Column{table=org.hibernate.mapping.Table(APPLICATIONS), mappingColumn=DESCRIPTION, insertable=true, updatable=true, unique=false}
[DEBUG] 2019-10-06 16:33:25.432 [main] PropertyBinder - MetadataSourceProcessor property description with lazy=false
[DEBUG] 2019-10-06 16:33:25.432 [main] AbstractPropertyHolder - Attempting to locate auto-apply AttributeConverter for property [com.enterprise.dashboard.model.Application:description]
[DEBUG] 2019-10-06 16:33:25.432 [main] SimpleValueBinder - building SimpleValue for description
[DEBUG] 2019-10-06 16:33:25.433 [main] PropertyBinder - Building property description
[DEBUG] 2019-10-06 16:33:25.434 [main] Ejb3Column - Binding column: Ejb3JoinColumn{logicalColumnName='null', referencedColumn='null', mappedBy='application'}
[DEBUG] 2019-10-06 16:33:25.437 [main] Ejb3Column - Binding column: Ejb3Column{table=org.hibernate.mapping.Table(APPLICATIONS), mappingColumn=errorDataSet, insertable=true, updatable=true, unique=false}
[DEBUG] 2019-10-06 16:33:25.439 [main] Ejb3Column - Binding column: Ejb3Column{table=org.hibernate.mapping.Table(APPLICATIONS), mappingColumn=null, insertable=true, updatable=true, unique=false}
[DEBUG] 2019-10-06 16:33:25.448 [main] Ejb3Column - Binding column: Ejb3Column{table=org.hibernate.mapping.Table(APPLICATIONS), mappingColumn=element, insertable=true, updatable=true, unique=false}
[DEBUG] 2019-10-06 16:33:25.449 [main] Ejb3Column - Binding column: Ejb3Column{table=org.hibernate.mapping.Table(APPLICATIONS), mappingColumn=errorDataSet_KEY, insertable=true, updatable=true, unique=false}
[DEBUG] 2019-10-06 16:33:25.450 [main] Ejb3Column - Binding column: Ejb3JoinColumn{logicalColumnName='errorDataSet_KEY', referencedColumn='null', mappedBy='null'}
[DEBUG] 2019-10-06 16:33:25.452 [main] Ejb3Column - Binding column: Ejb3JoinColumn{logicalColumnName='null', referencedColumn='null', mappedBy='application'}
[DEBUG] 2019-10-06 16:33:25.452 [main] Ejb3Column - Binding column: Ejb3JoinColumn{logicalColumnName='null', referencedColumn='null', mappedBy='application'}
[DEBUG] 2019-10-06 16:33:25.452 [main] CollectionBinder - Collection role: com.enterprise.dashboard.model.Application.errorDataSet
[DEBUG] 2019-10-06 16:33:25.455 [main] PropertyBinder - Building property errorDataSet
[DEBUG] 2019-10-06 16:33:25.455 [main] Ejb3Column - Binding column: Ejb3Column{table=org.hibernate.mapping.Table(APPLICATIONS), mappingColumn=NAME, insertable=true, updatable=true, unique=false}
[DEBUG] 2019-10-06 16:33:25.455 [main] PropertyBinder - MetadataSourceProcessor property name with lazy=false
[DEBUG] 2019-10-06 16:33:25.456 [main] AbstractPropertyHolder - Attempting to locate auto-apply AttributeConverter for property [com.enterprise.dashboard.model.Application:name]
[DEBUG] 2019-10-06 16:33:25.456 [main] SimpleValueBinder - building SimpleValue for name
[DEBUG] 2019-10-06 16:33:25.456 [main] PropertyBinder - Building property name
[DEBUG] 2019-10-06 16:33:25.457 [main] AnnotationBinder - Binding entity from annotated class: com.enterprise.dashboard.model.ErrorData
[DEBUG] 2019-10-06 16:33:25.458 [main] Ejb3Column - Binding column: Ejb3DiscriminatorColumn{logicalColumnName'DTYPE', discriminatorTypeName='string'}
[DEBUG] 2019-10-06 16:33:25.458 [main] EntityBinder - Import with entity name ErrorData
[DEBUG] 2019-10-06 16:33:25.458 [main] EntityBinder - Bind entity com.enterprise.dashboard.model.ErrorData on table ERROR_DATA
[DEBUG] 2019-10-06 16:33:25.461 [main] Ejb3Column - Binding column: Ejb3Column{table=org.hibernate.mapping.Table(ERROR_DATA), mappingColumn=ID, insertable=true, updatable=true, unique=false}
[DEBUG] 2019-10-06 16:33:25.462 [main] PropertyBinder - MetadataSourceProcessor property id with lazy=false
[DEBUG] 2019-10-06 16:33:25.462 [main] AbstractPropertyHolder - Attempting to locate auto-apply AttributeConverter for property [com.enterprise.dashboard.model.ErrorData:id]
[DEBUG] 2019-10-06 16:33:25.462 [main] SimpleValueBinder - building SimpleValue for id
[DEBUG] 2019-10-06 16:33:25.462 [main] PropertyBinder - Building property id
[DEBUG] 2019-10-06 16:33:25.463 [main] BinderHelper - #makeIdGenerator(org.hibernate.mapping.SimpleValue([org.hibernate.mapping.Column(ID)]), id, org.hibernate.id.enhanced.SequenceStyleGenerator, native, ...)
[DEBUG] 2019-10-06 16:33:25.463 [main] Ejb3Column - Binding column: Ejb3JoinColumn{logicalColumnName='null', referencedColumn='null', mappedBy='null'}
[DEBUG] 2019-10-06 16:33:25.463 [main] Ejb3Column - Binding column: Ejb3Column{table=org.hibernate.mapping.Table(ERROR_DATA), mappingColumn=application, insertable=true, updatable=true, unique=false}
[DEBUG] 2019-10-06 16:33:25.465 [main] PropertyBinder - Building property application
[DEBUG] 2019-10-06 16:33:25.466 [main] Ejb3Column - Binding column: Ejb3Column{table=org.hibernate.mapping.Table(ERROR_DATA), mappingColumn=DESCRIPTION, insertable=true, updatable=true, unique=false}
[DEBUG] 2019-10-06 16:33:25.466 [main] PropertyBinder - MetadataSourceProcessor property description with lazy=false
[DEBUG] 2019-10-06 16:33:25.466 [main] AbstractPropertyHolder - Attempting to locate auto-apply AttributeConverter for property [com.enterprise.dashboard.model.ErrorData:description]
[DEBUG] 2019-10-06 16:33:25.466 [main] SimpleValueBinder - building SimpleValue for description
[DEBUG] 2019-10-06 16:33:25.466 [main] PropertyBinder - Building property description
[DEBUG] 2019-10-06 16:33:25.466 [main] Ejb3Column - Binding column: Ejb3Column{table=org.hibernate.mapping.Table(ERROR_DATA), mappingColumn=MESSAGE, insertable=true, updatable=true, unique=false}
[DEBUG] 2019-10-06 16:33:25.466 [main] PropertyBinder - MetadataSourceProcessor property message with lazy=false
[DEBUG] 2019-10-06 16:33:25.467 [main] AbstractPropertyHolder - Attempting to locate auto-apply AttributeConverter for property [com.enterprise.dashboard.model.ErrorData:message]
[DEBUG] 2019-10-06 16:33:25.467 [main] SimpleValueBinder - building SimpleValue for message
[DEBUG] 2019-10-06 16:33:25.467 [main] PropertyBinder - Building property message
[DEBUG] 2019-10-06 16:33:25.468 [main] SimpleValueBinder - Starting fillSimpleValue for id
[DEBUG] 2019-10-06 16:33:25.469 [main] SimpleValueBinder - Starting fillSimpleValue for description
[DEBUG] 2019-10-06 16:33:25.469 [main] SimpleValueBinder - Starting fillSimpleValue for name
[DEBUG] 2019-10-06 16:33:25.469 [main] SimpleValueBinder - Starting fillSimpleValue for id
[DEBUG] 2019-10-06 16:33:25.469 [main] SimpleValueBinder - Starting fillSimpleValue for description
[DEBUG] 2019-10-06 16:33:25.469 [main] SimpleValueBinder - Starting fillSimpleValue for message
[DEBUG] 2019-10-06 16:33:25.474 [main] PrimaryKey - Forcing column [id] to be non-null as it is part of the primary key for table [applications]
[DEBUG] 2019-10-06 16:33:25.475 [main] PrimaryKey - Forcing column [id] to be non-null as it is part of the primary key for table [error_data]
[DEBUG] 2019-10-06 16:33:25.475 [main] CollectionSecondPass - Second pass for collection: com.enterprise.dashboard.model.Application.errorDataSet
[DEBUG] 2019-10-06 16:33:25.475 [main] CollectionBinder - Binding a OneToMany: com.enterprise.dashboard.model.Application.errorDataSet through a foreign key
[DEBUG] 2019-10-06 16:33:25.476 [main] CollectionBinder - Mapping collection: com.enterprise.dashboard.model.Application.errorDataSet -> ERROR_DATA
[DEBUG] 2019-10-06 16:33:25.477 [main] TableBinder - Retrieving property com.enterprise.dashboard.model.ErrorData.application
[DEBUG] 2019-10-06 16:33:25.477 [main] CollectionSecondPass - Mapped collection key: application_ID, one-to-many: com.enterprise.dashboard.model.ErrorData
[DEBUG] 2019-10-06 16:33:25.477 [main] InFlightMetadataCollectorImpl - Resolving reference to class: com.enterprise.dashboard.model.Application
[DEBUG] 2019-10-06 16:33:25.480 [main] InFlightMetadataCollectorImpl - Resolving reference to class: com.enterprise.dashboard.model.Application
[DEBUG] 2019-10-06 16:33:25.518 [main] SessionFactoryImpl - Building session factory
[DEBUG] 2019-10-06 16:33:25.519 [main] Settings - SessionFactory name : null
[DEBUG] 2019-10-06 16:33:25.519 [main] Settings - Automatic flush during beforeCompletion(): enabled
[DEBUG] 2019-10-06 16:33:25.519 [main] Settings - Automatic session close at end of transaction: disabled
[DEBUG] 2019-10-06 16:33:25.519 [main] Settings - Statistics: disabled
[DEBUG] 2019-10-06 16:33:25.519 [main] Settings - Deleted entity synthetic identifier rollback: disabled
[DEBUG] 2019-10-06 16:33:25.519 [main] Settings - Default entity-mode: pojo
[DEBUG] 2019-10-06 16:33:25.519 [main] Settings - Check Nullability in Core (should be disabled when Bean Validation is on): enabled
[DEBUG] 2019-10-06 16:33:25.519 [main] Settings - Allow initialization of lazy state outside session : disabled
[DEBUG] 2019-10-06 16:33:25.519 [main] Settings - Using BatchFetchStyle : LEGACY
[DEBUG] 2019-10-06 16:33:25.519 [main] Settings - Default batch fetch size: -1
[DEBUG] 2019-10-06 16:33:25.519 [main] Settings - Maximum outer join fetch depth: 2
[DEBUG] 2019-10-06 16:33:25.519 [main] Settings - Default null ordering: NONE
[DEBUG] 2019-10-06 16:33:25.520 [main] Settings - Order SQL updates by primary key: disabled
[DEBUG] 2019-10-06 16:33:25.520 [main] Settings - Order SQL inserts for batching: disabled
[DEBUG] 2019-10-06 16:33:25.520 [main] Settings - multi-tenancy strategy : NONE
[DEBUG] 2019-10-06 16:33:25.520 [main] Settings - JTA Track by Thread: enabled
[DEBUG] 2019-10-06 16:33:25.520 [main] Settings - Query language substitutions: {}
[DEBUG] 2019-10-06 16:33:25.520 [main] Settings - Named query checking : enabled
[DEBUG] 2019-10-06 16:33:25.520 [main] Settings - Second-level cache: disabled
[DEBUG] 2019-10-06 16:33:25.520 [main] Settings - Second-level query cache: disabled
[DEBUG] 2019-10-06 16:33:25.520 [main] Settings - Second-level query cache factory: null
[DEBUG] 2019-10-06 16:33:25.520 [main] Settings - Second-level cache region prefix: null
[DEBUG] 2019-10-06 16:33:25.520 [main] Settings - Optimize second-level cache for minimal puts: disabled
[DEBUG] 2019-10-06 16:33:25.521 [main] Settings - Structured second-level cache entries: disabled
[DEBUG] 2019-10-06 16:33:25.521 [main] Settings - Second-level cache direct-reference entries: disabled
[DEBUG] 2019-10-06 16:33:25.521 [main] Settings - Automatic eviction of collection cache: disabled
[DEBUG] 2019-10-06 16:33:25.521 [main] Settings - JDBC batch size: 15
[DEBUG] 2019-10-06 16:33:25.521 [main] Settings - JDBC batch updates for versioned data: enabled
[DEBUG] 2019-10-06 16:33:25.521 [main] Settings - Scrollable result sets: enabled
[DEBUG] 2019-10-06 16:33:25.521 [main] Settings - Wrap result sets: disabled
[DEBUG] 2019-10-06 16:33:25.521 [main] Settings - JDBC3 getGeneratedKeys(): enabled
[DEBUG] 2019-10-06 16:33:25.521 [main] Settings - JDBC result set fetch size: null
[DEBUG] 2019-10-06 16:33:25.521 [main] Settings - Connection release mode: AFTER_TRANSACTION
[DEBUG] 2019-10-06 16:33:25.521 [main] Settings - Generate SQL with comments: disabled
[DEBUG] 2019-10-06 16:33:25.521 [main] Settings - JPA compliance - query : 
[DEBUG] 2019-10-06 16:33:25.521 [main] Settings - JPA compliance - closed-handling : 
[DEBUG] 2019-10-06 16:33:25.522 [main] Settings - JPA compliance - lists : 
[DEBUG] 2019-10-06 16:33:25.522 [main] Settings - JPA compliance - transactions : 
[INFO ] 2019-10-06 16:33:25.567 [main] beans - HHH10005002: No explicit CDI BeanManager reference was passed to Hibernate, but CDI is available on the Hibernate ClassLoader.
[DEBUG] 2019-10-06 16:33:25.583 [main] SessionFactoryImpl - Session factory constructed with filter configurations : {}
[DEBUG] 2019-10-06 16:33:25.584 [main] SessionFactoryImpl - Instantiating session factory with properties: {gopherProxySet=false, awt.toolkit=sun.lwawt.macosx.LWCToolkit, java.specification.version=11, sun.cpu.isalist=, hibernate.c3p0.idle_test_period=3000, sun.jnu.encoding=UTF-8, hibernate.c3p0.min_size=5, java.class.path=/Applications/IntelliJ IDEA.app/Contents/lib/idea_rt.jar:/Applications/IntelliJ IDEA.app/Contents/plugins/junit/lib/junit-rt.jar:/Applications/IntelliJ IDEA.app/Contents/plugins/junit/lib/junit5-rt.jar:/Users/Sdrshn-Home/IdeaProjects/entjavadashboard/target/test-classes:/Users/Sdrshn-Home/IdeaProjects/entjavadashboard/target/classes:/Users/Sdrshn-Home/.m2/repository/org/hibernate/hibernate-core/5.4.4.Final/hibernate-core-5.4.4.Final.jar:/Users/Sdrshn-Home/.m2/repository/org/jboss/logging/jboss-logging/3.3.2.Final/jboss-logging-3.3.2.Final.jar:/Users/Sdrshn-Home/.m2/repository/javax/persistence/javax.persistence-api/2.2/javax.persistence-api-2.2.jar:/Users/Sdrshn-Home/.m2/repository/org/javassist/javassist/3.24.0-GA/javassist-3.24.0-GA.jar:/Users/Sdrshn-Home/.m2/repository/net/bytebuddy/byte-buddy/1.9.11/byte-buddy-1.9.11.jar:/Users/Sdrshn-Home/.m2/repository/antlr/antlr/2.7.7/antlr-2.7.7.jar:/Users/Sdrshn-Home/.m2/repository/org/jboss/spec/javax/transaction/jboss-transaction-api_1.2_spec/1.1.1.Final/jboss-transaction-api_1.2_spec-1.1.1.Final.jar:/Users/Sdrshn-Home/.m2/repository/org/jboss/jandex/2.0.5.Final/jandex-2.0.5.Final.jar:/Users/Sdrshn-Home/.m2/repository/com/fasterxml/classmate/1.3.4/classmate-1.3.4.jar:/Users/Sdrshn-Home/.m2/repository/javax/activation/javax.activation-api/1.2.0/javax.activation-api-1.2.0.jar:/Users/Sdrshn-Home/.m2/repository/org/dom4j/dom4j/2.1.1/dom4j-2.1.1.jar:/Users/Sdrshn-Home/.m2/repository/org/hibernate/common/hibernate-commons-annotations/5.1.0.Final/hibernate-commons-annotations-5.1.0.Final.jar:/Users/Sdrshn-Home/.m2/repository/javax/xml/bind/jaxb-api/2.3.1/jaxb-api-2.3.1.jar:/Users/Sdrshn-Home/.m2/repository/org/glassfish/jaxb/jaxb-runtime/2.3.1/jaxb-runtime-2.3.1.jar:/Users/Sdrshn-Home/.m2/repository/org/glassfish/jaxb/txw2/2.3.1/txw2-2.3.1.jar:/Users/Sdrshn-Home/.m2/repository/com/sun/istack/istack-commons-runtime/3.0.7/istack-commons-runtime-3.0.7.jar:/Users/Sdrshn-Home/.m2/repository/org/jvnet/staxex/stax-ex/1.8/stax-ex-1.8.jar:/Users/Sdrshn-Home/.m2/repository/com/sun/xml/fastinfoset/FastInfoset/1.2.15/FastInfoset-1.2.15.jar:/Users/Sdrshn-Home/.m2/repository/org/hibernate/hibernate-c3p0/5.4.4.Final/hibernate-c3p0-5.4.4.Final.jar:/Users/Sdrshn-Home/.m2/repository/com/mchange/c3p0/0.9.5.3/c3p0-0.9.5.3.jar:/Users/Sdrshn-Home/.m2/repository/com/mchange/mchange-commons-java/0.2.15/mchange-commons-java-0.2.15.jar:/Users/Sdrshn-Home/.m2/repository/org/junit/platform/junit-platform-runner/1.0.0/junit-platform-runner-1.0.0.jar:/Users/Sdrshn-Home/.m2/repository/org/apiguardian/apiguardian-api/1.0.0/apiguardian-api-1.0.0.jar:/Users/Sdrshn-Home/.m2/repository/org/junit/platform/junit-platform-launcher/1.0.0/junit-platform-launcher-1.0.0.jar:/Users/Sdrshn-Home/.m2/repository/org/junit/platform/junit-platform-suite-api/1.0.0/junit-platform-suite-api-1.0.0.jar:/Users/Sdrshn-Home/.m2/repository/org/junit/platform/junit-platform-commons/1.0.0/junit-platform-commons-1.0.0.jar:/Users/Sdrshn-Home/.m2/repository/org/junit/vintage/junit-vintage-engine/4.12.0/junit-vintage-engine-4.12.0.jar:/Users/Sdrshn-Home/.m2/repository/org/junit/platform/junit-platform-engine/1.0.0/junit-platform-engine-1.0.0.jar:/Users/Sdrshn-Home/.m2/repository/org/opentest4j/opentest4j/1.0.0/opentest4j-1.0.0.jar:/Users/Sdrshn-Home/.m2/repository/org/junit/jupiter/junit-jupiter-engine/5.0.0/junit-jupiter-engine-5.0.0.jar:/Users/Sdrshn-Home/.m2/repository/org/junit/jupiter/junit-jupiter-api/5.0.0/junit-jupiter-api-5.0.0.jar:/Users/Sdrshn-Home/.m2/repository/junit/junit/4.12/junit-4.12.jar:/Users/Sdrshn-Home/.m2/repository/org/hamcrest/hamcrest-core/1.3/hamcrest-core-1.3.jar:/Users/Sdrshn-Home/.m2/repository/javax/javaee-web-api/7.0/javaee-web-api-7.0.jar:/Users/Sdrshn-Home/.m2/repository/mysql/mysql-connector-java/8.0.16/mysql-connector-java-8.0.16.jar:/Users/Sdrshn-Home/.m2/repository/com/google/protobuf/protobuf-java/3.6.1/protobuf-java-3.6.1.jar:/Users/Sdrshn-Home/.m2/repository/jstl/jstl/1.2/jstl-1.2.jar:/Users/Sdrshn-Home/.m2/repository/org/apache/logging/log4j/log4j-api/2.10.0/log4j-api-2.10.0.jar:/Users/Sdrshn-Home/.m2/repository/org/apache/logging/log4j/log4j-core/2.10.0/log4j-core-2.10.0.jar, java.vm.vendor=Oracle Corporation, sun.arch.data.model=64, idea.test.cyclic.buffer.size=1048576, java.vendor.url=http://java.oracle.com/, user.timezone=America/Chicago, os.name=Mac OS X, java.vm.specification.version=11, sun.java.launcher=SUN_STANDARD, user.country=US, sun.boot.library.path=/Library/Java/JavaVirtualMachines/jdk-11.0.4.jdk/Contents/Home/lib, sun.java.command=com.intellij.rt.execution.junit.JUnitStarter -ideVersion5 -junit5 com.enterprise.dashboard.dao.TestApplicationDao,getAllSuccess, jdk.debug=release, sun.cpu.endian=little, user.home=/Users/Sdrshn-Home, hibernate.c3p0.max_statements=50, user.language=en, java.specification.vendor=Oracle Corporation, java.version.date=2019-07-16, java.home=/Library/Java/JavaVirtualMachines/jdk-11.0.4.jdk/Contents/Home, file.separator=/, java.vm.compressedOopsMode=Zero based, line.separator=
, hibernate.c3p0.timeout=300, java.specification.name=Java Platform API Specification, java.vm.specification.vendor=Oracle Corporation, java.awt.graphicsenv=sun.awt.CGraphicsEnvironment, connection.password=student, sun.management.compiler=HotSpot 64-Bit Tiered Compilers, hibernate.c3p0.max_size=20, java.runtime.version=11.0.4+10-LTS, user.name=Sdrshn-Home, path.separator=:, hibernate.connection.username=****, os.version=10.13.6, java.runtime.name=Java(TM) SE Runtime Environment, hibernate.connection.url=jdbc:mysql://localhost:3307/dashboard, file.encoding=UTF-8, java.vm.name=Java HotSpot(TM) 64-Bit Server VM, java.vendor.version=18.9, hibernate.connection.driver_class=com.mysql.cj.jdbc.Driver, java.vendor.url.bug=http://bugreport.java.com/bugreport/, java.io.tmpdir=/var/folders/6g/c2d6vh4s4yn046jwp22bplkm0000gn/T/, java.version=11.0.4, user.dir=/Users/Sdrshn-Home/IdeaProjects/entjavadashboard, os.arch=x86_64, connection.username=root, java.vm.specification.name=Java Virtual Machine Specification, java.awt.printerjob=sun.lwawt.macosx.CPrinterJob, hibernate.connection.password=****, sun.os.patch.level=unknown, connection.driver_class=com.mysql.cj.jdbc.Driver, hibernate.boot.CfgXmlAccessService.key=org.hibernate.boot.cfgxml.spi.LoadedConfig@7f42e06e, java.library.path=/Users/Sdrshn-Home/Library/Java/Extensions:/Library/Java/Extensions:/Network/Library/Java/Extensions:/System/Library/Java/Extensions:/usr/lib/java:., java.vendor=Oracle Corporation, java.vm.info=mixed mode, java.vm.version=11.0.4+10-LTS, hibernate.bytecode.use_reflection_optimizer=false, sun.io.unicode.encoding=UnicodeBig, connection.url=jdbc:mysql://localhost:3307/dashboard, java.class.version=55.0}
[DEBUG] 2019-10-06 16:33:25.599 [main] TypeSafeActivator - Unable to acquire Bean Validation ValidatorFactory, skipping activation
[DEBUG] 2019-10-06 16:33:25.599 [main] JaccIntegrator - Skipping JACC integration as it was not enabled
[DEBUG] 2019-10-06 16:33:25.600 [main] SessionFactoryImpl - Instantiated session factory
[DEBUG] 2019-10-06 16:33:25.600 [main] TypeConfiguration$Scope - Scoping TypeConfiguration [org.hibernate.type.spi.TypeConfiguration@34a2d6e0] to SessionFactoryImpl [org.hibernate.internal.SessionFactoryImpl@61191222]
[DEBUG] 2019-10-06 16:33:25.651 [main] ClassLoaderAccessImpl - Not known whether passed class name [com.enterprise.dashboard.model.Application] is safe
[DEBUG] 2019-10-06 16:33:25.651 [main] ClassLoaderAccessImpl - No temp ClassLoader provided; using live ClassLoader for loading potentially unsafe class : com.enterprise.dashboard.model.Application
[DEBUG] 2019-10-06 16:33:25.667 [main] ClassLoaderAccessImpl - Not known whether passed class name [com.enterprise.dashboard.model.Application] is safe
[DEBUG] 2019-10-06 16:33:25.667 [main] ClassLoaderAccessImpl - No temp ClassLoader provided; using live ClassLoader for loading potentially unsafe class : com.enterprise.dashboard.model.Application
[DEBUG] 2019-10-06 16:33:25.917 [main] ClassLoaderAccessImpl - Not known whether passed class name [com.enterprise.dashboard.model.ErrorData] is safe
[DEBUG] 2019-10-06 16:33:25.917 [main] ClassLoaderAccessImpl - No temp ClassLoader provided; using live ClassLoader for loading potentially unsafe class : com.enterprise.dashboard.model.ErrorData
[DEBUG] 2019-10-06 16:33:25.918 [main] ClassLoaderAccessImpl - Not known whether passed class name [com.enterprise.dashboard.model.ErrorData] is safe
[DEBUG] 2019-10-06 16:33:25.918 [main] ClassLoaderAccessImpl - No temp ClassLoader provided; using live ClassLoader for loading potentially unsafe class : com.enterprise.dashboard.model.ErrorData
[DEBUG] 2019-10-06 16:33:25.948 [main] AbstractCollectionPersister - Static SQL for collection: com.enterprise.dashboard.model.Application.errorDataSet
[DEBUG] 2019-10-06 16:33:25.948 [main] AbstractCollectionPersister -  Row insert: update ERROR_DATA set application_ID=? where ID=?
[DEBUG] 2019-10-06 16:33:25.948 [main] AbstractCollectionPersister -  Row update: update ERROR_DATA set  where ID=?
[DEBUG] 2019-10-06 16:33:25.948 [main] AbstractCollectionPersister -  Row delete: update ERROR_DATA set application_ID=null where application_ID=? and ID=?
[DEBUG] 2019-10-06 16:33:25.948 [main] AbstractCollectionPersister -  One-shot delete: update ERROR_DATA set application_ID=null where application_ID=?
[DEBUG] 2019-10-06 16:33:25.953 [main] AbstractEntityPersister - Static SQL for entity: com.enterprise.dashboard.model.Application
[DEBUG] 2019-10-06 16:33:25.953 [main] AbstractEntityPersister -  Version select: select ID from APPLICATIONS where ID =?
[DEBUG] 2019-10-06 16:33:25.953 [main] AbstractEntityPersister -  Snapshot select: select applicatio_.ID, applicatio_.DESCRIPTION as DESCRIPT2_0_, applicatio_.NAME as NAME3_0_ from APPLICATIONS applicatio_ where applicatio_.ID=?
[DEBUG] 2019-10-06 16:33:25.953 [main] AbstractEntityPersister -  Insert 0: insert into APPLICATIONS (DESCRIPTION, NAME, ID) values (?, ?, ?)
[DEBUG] 2019-10-06 16:33:25.953 [main] AbstractEntityPersister -  Update 0: update APPLICATIONS set DESCRIPTION=?, NAME=? where ID=?
[DEBUG] 2019-10-06 16:33:25.954 [main] AbstractEntityPersister -  Delete 0: delete from APPLICATIONS where ID=?
[DEBUG] 2019-10-06 16:33:25.954 [main] AbstractEntityPersister -  Identity insert: insert into APPLICATIONS (DESCRIPTION, NAME) values (?, ?)
[DEBUG] 2019-10-06 16:33:25.973 [main] QuerySpacesImpl - Adding QuerySpace : uid = <gen:0> -> org.hibernate.loader.plan.build.internal.spaces.EntityQuerySpaceImpl@68bd8ca7]
[DEBUG] 2019-10-06 16:33:25.975 [main] MetamodelGraphWalker - Visiting attribute path : description
[DEBUG] 2019-10-06 16:33:25.975 [main] MetamodelGraphWalker - Visiting attribute path : errorDataSet
[DEBUG] 2019-10-06 16:33:25.979 [main] QuerySpacesImpl - Adding QuerySpace : uid = <gen:1> -> org.hibernate.loader.plan.build.internal.spaces.CollectionQuerySpaceImpl@1860a7a1]
[DEBUG] 2019-10-06 16:33:25.980 [main] QuerySpacesImpl - Adding QuerySpace : uid = <gen:2> -> org.hibernate.loader.plan.build.internal.spaces.EntityQuerySpaceImpl@1578fa9]
[DEBUG] 2019-10-06 16:33:25.982 [main] MetamodelGraphWalker - Visiting attribute path : errorDataSet.application
[DEBUG] 2019-10-06 16:33:25.982 [main] MetamodelGraphWalker - Property path deemed to be circular : errorDataSet.application
[DEBUG] 2019-10-06 16:33:25.982 [main] MetamodelGraphWalker - Visiting attribute path : errorDataSet.description
[DEBUG] 2019-10-06 16:33:25.982 [main] MetamodelGraphWalker - Visiting attribute path : errorDataSet.message
[DEBUG] 2019-10-06 16:33:25.983 [main] MetamodelGraphWalker - Visiting attribute path : name
[DEBUG] 2019-10-06 16:33:25.983 [main] FetchStyleLoadPlanBuildingAssociationVisitationStrategy - Building LoadPlan...
[DEBUG] 2019-10-06 16:33:25.994 [main] LoadQueryJoinAndFetchProcessor - processing queryspace <gen:0>
[DEBUG] 2019-10-06 16:33:26.001 [main] LoadPlanTreePrinter - LoadPlan(entity=com.enterprise.dashboard.model.Application)
    - Returns
       - EntityReturnImpl(entity=com.enterprise.dashboard.model.Application, querySpaceUid=<gen:0>, path=com.enterprise.dashboard.model.Application)
          - CollectionAttributeFetchImpl(collection=com.enterprise.dashboard.model.Application.errorDataSet, querySpaceUid=<gen:1>, path=com.enterprise.dashboard.model.Application.errorDataSet)
             - (collection element) CollectionFetchableElementEntityGraph(entity=com.enterprise.dashboard.model.ErrorData, querySpaceUid=<gen:2>, path=com.enterprise.dashboard.model.Application.errorDataSet.<elements>)
    - QuerySpaces
       - EntityQuerySpaceImpl(uid=<gen:0>, entity=com.enterprise.dashboard.model.Application)
          - SQL table alias mapping - applicatio0_
          - alias suffix - 0_
          - suffixed key columns - {ID1_0_0_}
          - JOIN (JoinDefinedByMetadata(errorDataSet)) : <gen:0> -> <gen:1>
             - CollectionQuerySpaceImpl(uid=<gen:1>, collection=com.enterprise.dashboard.model.Application.errorDataSet)
                - SQL table alias mapping - errordatas1_
                - alias suffix - 1_
                - suffixed key columns - {applicat4_1_1_}
                - entity-element alias suffix - 2_
                - 2_entity-element suffixed key columns - ID1_1_2_
                - JOIN (JoinDefinedByMetadata(elements)) : <gen:1> -> <gen:2>
                   - EntityQuerySpaceImpl(uid=<gen:2>, entity=com.enterprise.dashboard.model.ErrorData)
                      - SQL table alias mapping - errordatas1_
                      - alias suffix - 2_
                      - suffixed key columns - {ID1_1_2_}

[DEBUG] 2019-10-06 16:33:26.004 [main] EntityLoader - Static select for entity com.enterprise.dashboard.model.Application [NONE]: select applicatio0_.ID as ID1_0_0_, applicatio0_.DESCRIPTION as DESCRIPT2_0_0_, applicatio0_.NAME as NAME3_0_0_, errordatas1_.application_ID as applicat4_1_1_, errordatas1_.ID as ID1_1_1_, errordatas1_.ID as ID1_1_2_, errordatas1_.application_ID as applicat4_1_2_, errordatas1_.DESCRIPTION as DESCRIPT2_1_2_, errordatas1_.MESSAGE as MESSAGE3_1_2_ from APPLICATIONS applicatio0_ left outer join ERROR_DATA errordatas1_ on applicatio0_.ID=errordatas1_.application_ID where applicatio0_.ID=?
[DEBUG] 2019-10-06 16:33:26.005 [main] QuerySpacesImpl - Adding QuerySpace : uid = <gen:0> -> org.hibernate.loader.plan.build.internal.spaces.EntityQuerySpaceImpl@4662752a]
[DEBUG] 2019-10-06 16:33:26.005 [main] MetamodelGraphWalker - Visiting attribute path : description
[DEBUG] 2019-10-06 16:33:26.005 [main] MetamodelGraphWalker - Visiting attribute path : errorDataSet
[DEBUG] 2019-10-06 16:33:26.005 [main] QuerySpacesImpl - Adding QuerySpace : uid = <gen:1> -> org.hibernate.loader.plan.build.internal.spaces.CollectionQuerySpaceImpl@514377fc]
[DEBUG] 2019-10-06 16:33:26.006 [main] QuerySpacesImpl - Adding QuerySpace : uid = <gen:2> -> org.hibernate.loader.plan.build.internal.spaces.EntityQuerySpaceImpl@2e4eda17]
[DEBUG] 2019-10-06 16:33:26.006 [main] MetamodelGraphWalker - Visiting attribute path : errorDataSet.application
[DEBUG] 2019-10-06 16:33:26.006 [main] MetamodelGraphWalker - Property path deemed to be circular : errorDataSet.application
[DEBUG] 2019-10-06 16:33:26.006 [main] MetamodelGraphWalker - Visiting attribute path : errorDataSet.description
[DEBUG] 2019-10-06 16:33:26.006 [main] MetamodelGraphWalker - Visiting attribute path : errorDataSet.message
[DEBUG] 2019-10-06 16:33:26.007 [main] MetamodelGraphWalker - Visiting attribute path : name
[DEBUG] 2019-10-06 16:33:26.007 [main] FetchStyleLoadPlanBuildingAssociationVisitationStrategy - Building LoadPlan...
[DEBUG] 2019-10-06 16:33:26.007 [main] LoadQueryJoinAndFetchProcessor - processing queryspace <gen:0>
[DEBUG] 2019-10-06 16:33:26.009 [main] LoadPlanTreePrinter - LoadPlan(entity=com.enterprise.dashboard.model.Application)
    - Returns
       - EntityReturnImpl(entity=com.enterprise.dashboard.model.Application, querySpaceUid=<gen:0>, path=com.enterprise.dashboard.model.Application)
          - CollectionAttributeFetchImpl(collection=com.enterprise.dashboard.model.Application.errorDataSet, querySpaceUid=<gen:1>, path=com.enterprise.dashboard.model.Application.errorDataSet)
             - (collection element) CollectionFetchableElementEntityGraph(entity=com.enterprise.dashboard.model.ErrorData, querySpaceUid=<gen:2>, path=com.enterprise.dashboard.model.Application.errorDataSet.<elements>)
    - QuerySpaces
       - EntityQuerySpaceImpl(uid=<gen:0>, entity=com.enterprise.dashboard.model.Application)
          - SQL table alias mapping - applicatio0_
          - alias suffix - 0_
          - suffixed key columns - {ID1_0_0_}
          - JOIN (JoinDefinedByMetadata(errorDataSet)) : <gen:0> -> <gen:1>
             - CollectionQuerySpaceImpl(uid=<gen:1>, collection=com.enterprise.dashboard.model.Application.errorDataSet)
                - SQL table alias mapping - errordatas1_
                - alias suffix - 1_
                - suffixed key columns - {applicat4_1_1_}
                - entity-element alias suffix - 2_
                - 2_entity-element suffixed key columns - ID1_1_2_
                - JOIN (JoinDefinedByMetadata(elements)) : <gen:1> -> <gen:2>
                   - EntityQuerySpaceImpl(uid=<gen:2>, entity=com.enterprise.dashboard.model.ErrorData)
                      - SQL table alias mapping - errordatas1_
                      - alias suffix - 2_
                      - suffixed key columns - {ID1_1_2_}

[DEBUG] 2019-10-06 16:33:26.009 [main] EntityLoader - Static select for entity com.enterprise.dashboard.model.Application [READ]: select applicatio0_.ID as ID1_0_0_, applicatio0_.DESCRIPTION as DESCRIPT2_0_0_, applicatio0_.NAME as NAME3_0_0_, errordatas1_.application_ID as applicat4_1_1_, errordatas1_.ID as ID1_1_1_, errordatas1_.ID as ID1_1_2_, errordatas1_.application_ID as applicat4_1_2_, errordatas1_.DESCRIPTION as DESCRIPT2_1_2_, errordatas1_.MESSAGE as MESSAGE3_1_2_ from APPLICATIONS applicatio0_ left outer join ERROR_DATA errordatas1_ on applicatio0_.ID=errordatas1_.application_ID where applicatio0_.ID=?
[DEBUG] 2019-10-06 16:33:26.022 [main] Loader - Static select for action ACTION_MERGE on entity com.enterprise.dashboard.model.Application: select applicatio0_.ID as ID1_0_1_, applicatio0_.DESCRIPTION as DESCRIPT2_0_1_, applicatio0_.NAME as NAME3_0_1_, errordatas1_.application_ID as applicat4_1_3_, errordatas1_.ID as ID1_1_3_, errordatas1_.ID as ID1_1_0_, errordatas1_.application_ID as applicat4_1_0_, errordatas1_.DESCRIPTION as DESCRIPT2_1_0_, errordatas1_.MESSAGE as MESSAGE3_1_0_ from APPLICATIONS applicatio0_ left outer join ERROR_DATA errordatas1_ on applicatio0_.ID=errordatas1_.application_ID where applicatio0_.ID=?
[DEBUG] 2019-10-06 16:33:26.022 [main] Loader - Static select for action ACTION_REFRESH on entity com.enterprise.dashboard.model.Application: select applicatio0_.ID as ID1_0_1_, applicatio0_.DESCRIPTION as DESCRIPT2_0_1_, applicatio0_.NAME as NAME3_0_1_, errordatas1_.application_ID as applicat4_1_3_, errordatas1_.ID as ID1_1_3_, errordatas1_.ID as ID1_1_0_, errordatas1_.application_ID as applicat4_1_0_, errordatas1_.DESCRIPTION as DESCRIPT2_1_0_, errordatas1_.MESSAGE as MESSAGE3_1_0_ from APPLICATIONS applicatio0_ left outer join ERROR_DATA errordatas1_ on applicatio0_.ID=errordatas1_.application_ID where applicatio0_.ID=?
[DEBUG] 2019-10-06 16:33:26.023 [main] AbstractEntityPersister - Static SQL for entity: com.enterprise.dashboard.model.ErrorData
[DEBUG] 2019-10-06 16:33:26.023 [main] AbstractEntityPersister -  Version select: select ID from ERROR_DATA where ID =?
[DEBUG] 2019-10-06 16:33:26.023 [main] AbstractEntityPersister -  Snapshot select: select errordata_.ID, errordata_.application_ID as applicat4_1_, errordata_.DESCRIPTION as DESCRIPT2_1_, errordata_.MESSAGE as MESSAGE3_1_ from ERROR_DATA errordata_ where errordata_.ID=?
[DEBUG] 2019-10-06 16:33:26.023 [main] AbstractEntityPersister -  Insert 0: insert into ERROR_DATA (application_ID, DESCRIPTION, MESSAGE, ID) values (?, ?, ?, ?)
[DEBUG] 2019-10-06 16:33:26.023 [main] AbstractEntityPersister -  Update 0: update ERROR_DATA set application_ID=?, DESCRIPTION=?, MESSAGE=? where ID=?
[DEBUG] 2019-10-06 16:33:26.023 [main] AbstractEntityPersister -  Delete 0: delete from ERROR_DATA where ID=?
[DEBUG] 2019-10-06 16:33:26.023 [main] AbstractEntityPersister -  Identity insert: insert into ERROR_DATA (application_ID, DESCRIPTION, MESSAGE) values (?, ?, ?)
[DEBUG] 2019-10-06 16:33:26.023 [main] QuerySpacesImpl - Adding QuerySpace : uid = <gen:0> -> org.hibernate.loader.plan.build.internal.spaces.EntityQuerySpaceImpl@1471b98d]
[DEBUG] 2019-10-06 16:33:26.023 [main] MetamodelGraphWalker - Visiting attribute path : application
[DEBUG] 2019-10-06 16:33:26.023 [main] QuerySpacesImpl - Adding QuerySpace : uid = <gen:1> -> org.hibernate.loader.plan.build.internal.spaces.EntityQuerySpaceImpl@58c42c8c]
[DEBUG] 2019-10-06 16:33:26.024 [main] MetamodelGraphWalker - Visiting attribute path : application.description
[DEBUG] 2019-10-06 16:33:26.025 [main] MetamodelGraphWalker - Visiting attribute path : application.errorDataSet
[DEBUG] 2019-10-06 16:33:26.025 [main] MetamodelGraphWalker - Property path deemed to be circular : application.errorDataSet
[DEBUG] 2019-10-06 16:33:26.025 [main] MetamodelGraphWalker - Visiting attribute path : application.name
[DEBUG] 2019-10-06 16:33:26.025 [main] MetamodelGraphWalker - Visiting attribute path : description
[DEBUG] 2019-10-06 16:33:26.025 [main] MetamodelGraphWalker - Visiting attribute path : message
[DEBUG] 2019-10-06 16:33:26.025 [main] FetchStyleLoadPlanBuildingAssociationVisitationStrategy - Building LoadPlan...
[DEBUG] 2019-10-06 16:33:26.026 [main] LoadQueryJoinAndFetchProcessor - processing queryspace <gen:0>
[DEBUG] 2019-10-06 16:33:26.027 [main] LoadPlanTreePrinter - LoadPlan(entity=com.enterprise.dashboard.model.ErrorData)
    - Returns
       - EntityReturnImpl(entity=com.enterprise.dashboard.model.ErrorData, querySpaceUid=<gen:0>, path=com.enterprise.dashboard.model.ErrorData)
          - EntityAttributeFetchImpl(entity=com.enterprise.dashboard.model.Application, querySpaceUid=<gen:1>, path=com.enterprise.dashboard.model.ErrorData.application)
    - QuerySpaces
       - EntityQuerySpaceImpl(uid=<gen:0>, entity=com.enterprise.dashboard.model.ErrorData)
          - SQL table alias mapping - errordata0_
          - alias suffix - 0_
          - suffixed key columns - {ID1_1_0_}
          - JOIN (JoinDefinedByMetadata(application)) : <gen:0> -> <gen:1>
             - EntityQuerySpaceImpl(uid=<gen:1>, entity=com.enterprise.dashboard.model.Application)
                - SQL table alias mapping - applicatio1_
                - alias suffix - 1_
                - suffixed key columns - {ID1_0_1_}

[DEBUG] 2019-10-06 16:33:26.027 [main] EntityLoader - Static select for entity com.enterprise.dashboard.model.ErrorData [NONE]: select errordata0_.ID as ID1_1_0_, errordata0_.application_ID as applicat4_1_0_, errordata0_.DESCRIPTION as DESCRIPT2_1_0_, errordata0_.MESSAGE as MESSAGE3_1_0_, applicatio1_.ID as ID1_0_1_, applicatio1_.DESCRIPTION as DESCRIPT2_0_1_, applicatio1_.NAME as NAME3_0_1_ from ERROR_DATA errordata0_ left outer join APPLICATIONS applicatio1_ on errordata0_.application_ID=applicatio1_.ID where errordata0_.ID=?
[DEBUG] 2019-10-06 16:33:26.028 [main] QuerySpacesImpl - Adding QuerySpace : uid = <gen:0> -> org.hibernate.loader.plan.build.internal.spaces.EntityQuerySpaceImpl@1796b2d4]
[DEBUG] 2019-10-06 16:33:26.028 [main] MetamodelGraphWalker - Visiting attribute path : application
[DEBUG] 2019-10-06 16:33:26.028 [main] QuerySpacesImpl - Adding QuerySpace : uid = <gen:1> -> org.hibernate.loader.plan.build.internal.spaces.EntityQuerySpaceImpl@214b342f]
[DEBUG] 2019-10-06 16:33:26.029 [main] MetamodelGraphWalker - Visiting attribute path : application.description
[DEBUG] 2019-10-06 16:33:26.029 [main] MetamodelGraphWalker - Visiting attribute path : application.errorDataSet
[DEBUG] 2019-10-06 16:33:26.029 [main] MetamodelGraphWalker - Property path deemed to be circular : application.errorDataSet
[DEBUG] 2019-10-06 16:33:26.029 [main] MetamodelGraphWalker - Visiting attribute path : application.name
[DEBUG] 2019-10-06 16:33:26.029 [main] MetamodelGraphWalker - Visiting attribute path : description
[DEBUG] 2019-10-06 16:33:26.029 [main] MetamodelGraphWalker - Visiting attribute path : message
[DEBUG] 2019-10-06 16:33:26.030 [main] FetchStyleLoadPlanBuildingAssociationVisitationStrategy - Building LoadPlan...
[DEBUG] 2019-10-06 16:33:26.030 [main] LoadQueryJoinAndFetchProcessor - processing queryspace <gen:0>
[DEBUG] 2019-10-06 16:33:26.030 [main] LoadPlanTreePrinter - LoadPlan(entity=com.enterprise.dashboard.model.ErrorData)
    - Returns
       - EntityReturnImpl(entity=com.enterprise.dashboard.model.ErrorData, querySpaceUid=<gen:0>, path=com.enterprise.dashboard.model.ErrorData)
          - EntityAttributeFetchImpl(entity=com.enterprise.dashboard.model.Application, querySpaceUid=<gen:1>, path=com.enterprise.dashboard.model.ErrorData.application)
    - QuerySpaces
       - EntityQuerySpaceImpl(uid=<gen:0>, entity=com.enterprise.dashboard.model.ErrorData)
          - SQL table alias mapping - errordata0_
          - alias suffix - 0_
          - suffixed key columns - {ID1_1_0_}
          - JOIN (JoinDefinedByMetadata(application)) : <gen:0> -> <gen:1>
             - EntityQuerySpaceImpl(uid=<gen:1>, entity=com.enterprise.dashboard.model.Application)
                - SQL table alias mapping - applicatio1_
                - alias suffix - 1_
                - suffixed key columns - {ID1_0_1_}

[DEBUG] 2019-10-06 16:33:26.031 [main] EntityLoader - Static select for entity com.enterprise.dashboard.model.ErrorData [READ]: select errordata0_.ID as ID1_1_0_, errordata0_.application_ID as applicat4_1_0_, errordata0_.DESCRIPTION as DESCRIPT2_1_0_, errordata0_.MESSAGE as MESSAGE3_1_0_, applicatio1_.ID as ID1_0_1_, applicatio1_.DESCRIPTION as DESCRIPT2_0_1_, applicatio1_.NAME as NAME3_0_1_ from ERROR_DATA errordata0_ left outer join APPLICATIONS applicatio1_ on errordata0_.application_ID=applicatio1_.ID where errordata0_.ID=?
[DEBUG] 2019-10-06 16:33:26.031 [main] Loader - Static select for action ACTION_MERGE on entity com.enterprise.dashboard.model.ErrorData: select errordata0_.ID as ID1_1_0_, errordata0_.application_ID as applicat4_1_0_, errordata0_.DESCRIPTION as DESCRIPT2_1_0_, errordata0_.MESSAGE as MESSAGE3_1_0_ from ERROR_DATA errordata0_ where errordata0_.ID=?
[DEBUG] 2019-10-06 16:33:26.031 [main] Loader - Static select for action ACTION_REFRESH on entity com.enterprise.dashboard.model.ErrorData: select errordata0_.ID as ID1_1_0_, errordata0_.application_ID as applicat4_1_0_, errordata0_.DESCRIPTION as DESCRIPT2_1_0_, errordata0_.MESSAGE as MESSAGE3_1_0_ from ERROR_DATA errordata0_ where errordata0_.ID=?
[DEBUG] 2019-10-06 16:33:26.038 [main] QuerySpacesImpl - Adding QuerySpace : uid = <gen:0> -> org.hibernate.loader.plan.build.internal.spaces.CollectionQuerySpaceImpl@781dbe44]
[DEBUG] 2019-10-06 16:33:26.038 [main] QuerySpacesImpl - Adding QuerySpace : uid = <gen:1> -> org.hibernate.loader.plan.build.internal.spaces.EntityQuerySpaceImpl@7d66a126]
[DEBUG] 2019-10-06 16:33:26.038 [main] MetamodelGraphWalker - Visiting attribute path : application
[DEBUG] 2019-10-06 16:33:26.039 [main] MetamodelGraphWalker - Property path deemed to be circular : application
[DEBUG] 2019-10-06 16:33:26.039 [main] MetamodelGraphWalker - Visiting attribute path : description
[DEBUG] 2019-10-06 16:33:26.039 [main] MetamodelGraphWalker - Visiting attribute path : message
[DEBUG] 2019-10-06 16:33:26.039 [main] FetchStyleLoadPlanBuildingAssociationVisitationStrategy - Building LoadPlan...
[DEBUG] 2019-10-06 16:33:26.041 [main] LoadQueryJoinAndFetchProcessor - processing queryspace <gen:0>
[DEBUG] 2019-10-06 16:33:26.042 [main] LoadPlanTreePrinter - LoadPlan(collection=com.enterprise.dashboard.model.Application.errorDataSet)
    - Returns
       - CollectionReturnImpl(collection=com.enterprise.dashboard.model.Application.errorDataSet, querySpaceUid=<gen:0>, path=[com.enterprise.dashboard.model.Application.errorDataSet])
          - (collection element) CollectionFetchableElementEntityGraph(entity=com.enterprise.dashboard.model.ErrorData, querySpaceUid=<gen:1>, path=[com.enterprise.dashboard.model.Application.errorDataSet].<elements>)
    - QuerySpaces
       - CollectionQuerySpaceImpl(uid=<gen:0>, collection=com.enterprise.dashboard.model.Application.errorDataSet)
          - SQL table alias mapping - errordatas0_
          - alias suffix - 0_
          - suffixed key columns - {applicat4_1_0_}
          - entity-element alias suffix - 1_
          - 1_entity-element suffixed key columns - ID1_1_1_
          - JOIN (JoinDefinedByMetadata(elements)) : <gen:0> -> <gen:1>
             - EntityQuerySpaceImpl(uid=<gen:1>, entity=com.enterprise.dashboard.model.ErrorData)
                - SQL table alias mapping - errordatas0_
                - alias suffix - 1_
                - suffixed key columns - {ID1_1_1_}

[DEBUG] 2019-10-06 16:33:26.042 [main] CollectionLoader - Static select for collection com.enterprise.dashboard.model.Application.errorDataSet: select errordatas0_.application_ID as applicat4_1_0_, errordatas0_.ID as ID1_1_0_, errordatas0_.ID as ID1_1_1_, errordatas0_.application_ID as applicat4_1_1_, errordatas0_.DESCRIPTION as DESCRIPT2_1_1_, errordatas0_.MESSAGE as MESSAGE3_1_1_ from ERROR_DATA errordatas0_ where errordatas0_.application_ID=?
[DEBUG] 2019-10-06 16:33:26.082 [main] SchemaManagementToolCoordinator - No actions specified; doing nothing
[DEBUG] 2019-10-06 16:33:26.082 [main] JtaPlatformInitiator - No JtaPlatform was specified, checking resolver
[DEBUG] 2019-10-06 16:33:26.083 [main] JtaPlatformResolverInitiator - No JtaPlatformResolver was specified, using default [org.hibernate.engine.transaction.jta.platform.internal.StandardJtaPlatformResolver]
[DEBUG] 2019-10-06 16:33:26.086 [main] StandardJtaPlatformResolver - Could not resolve JtaPlatform, using default [org.hibernate.engine.transaction.jta.platform.internal.NoJtaPlatform]
[INFO ] 2019-10-06 16:33:26.087 [main] JtaPlatformInitiator - HHH000490: Using JtaPlatform implementation: [org.hibernate.engine.transaction.jta.platform.internal.NoJtaPlatform]
[DEBUG] 2019-10-06 16:33:26.088 [main] NamedQueryRepository - Checking 0 named HQL queries
[DEBUG] 2019-10-06 16:33:26.088 [main] NamedQueryRepository - Checking 0 named SQL queries
[DEBUG] 2019-10-06 16:33:26.089 [main] SessionFactoryRegistry - Initializing SessionFactoryRegistry : org.hibernate.internal.SessionFactoryRegistry@1b31af02
[DEBUG] 2019-10-06 16:33:26.091 [main] SessionFactoryRegistry - Registering SessionFactory: a03e98e1-441b-4bd6-abd8-464a43cffb0d (<unnamed>)
[DEBUG] 2019-10-06 16:33:26.091 [main] SessionFactoryRegistry - Not binding SessionFactory to JNDI, no JNDI name configured
[DEBUG] 2019-10-06 16:33:26.171 [main] StatisticsInitiator - Statistics initialized [enabled=false]
[DEBUG] 2019-10-06 16:33:26.200 [main] CriteriaQueryImpl - Rendered criteria query -> select generatedAlias0 from Applications as generatedAlias0
[DEBUG] 2019-10-06 16:33:26.216 [main] QueryTranslatorFactoryInitiator - QueryTranslatorFactory: org.hibernate.hql.internal.ast.ASTQueryTranslatorFactory@7e848aea
[DEBUG] 2019-10-06 16:33:26.248 [main] QueryTranslatorImpl - parse() - HQL: select generatedAlias0 from com.enterprise.dashboard.model.Application as generatedAlias0
[DEBUG] 2019-10-06 16:33:26.255 [main] ErrorTracker - throwQueryException() : no errors
[DEBUG] 2019-10-06 16:33:26.262 [main] QueryTranslatorImpl - --- HQL AST ---
 \-[QUERY] Node: 'query'
    \-[SELECT_FROM] Node: 'SELECT_FROM'
       +-[FROM] Node: 'from'
       |  \-[RANGE] Node: 'RANGE'
       |     +-[DOT] Node: '.'
       |     |  +-[DOT] Node: '.'
       |     |  |  +-[DOT] Node: '.'
       |     |  |  |  +-[DOT] Node: '.'
       |     |  |  |  |  +-[IDENT] Node: 'com'
       |     |  |  |  |  \-[IDENT] Node: 'enterprise'
       |     |  |  |  \-[IDENT] Node: 'dashboard'
       |     |  |  \-[IDENT] Node: 'model'
       |     |  \-[IDENT] Node: 'Application'
       |     \-[ALIAS] Node: 'generatedAlias0'
       \-[SELECT] Node: 'select'
          \-[IDENT] Node: 'generatedAlias0'

[DEBUG] 2019-10-06 16:33:26.286 [main] HqlSqlBaseWalker - select << begin [level=1, statement=select]
[DEBUG] 2019-10-06 16:33:26.304 [main] FromElement - FromClause{level=1} : com.enterprise.dashboard.model.Application (generatedAlias0) -> applicatio0_
[DEBUG] 2019-10-06 16:33:26.305 [main] FromReferenceNode - Resolved : generatedAlias0 -> applicatio0_.ID
[DEBUG] 2019-10-06 16:33:26.307 [main] HqlSqlBaseWalker - select : finishing up [level=1, statement=select]
[DEBUG] 2019-10-06 16:33:26.307 [main] HqlSqlWalker - processQuery() :  ( SELECT ( {select clause} applicatio0_.ID ) ( FromClause{level=1} APPLICATIONS applicatio0_ ) )
[DEBUG] 2019-10-06 16:33:26.316 [main] JoinProcessor - Using FROM fragment [APPLICATIONS applicatio0_]
[DEBUG] 2019-10-06 16:33:26.317 [main] HqlSqlBaseWalker - select >> end [level=1, statement=select]
[DEBUG] 2019-10-06 16:33:26.317 [main] QueryTranslatorImpl - --- SQL AST ---
 \-[SELECT] QueryNode: 'SELECT'  querySpaces (APPLICATIONS)
    +-[SELECT_CLAUSE] SelectClause: '{select clause}'
    |  +-[ALIAS_REF] IdentNode: 'applicatio0_.ID as ID1_0_' {alias=generatedAlias0, className=com.enterprise.dashboard.model.Application, tableAlias=applicatio0_}
    |  \-[SQL_TOKEN] SqlFragment: 'applicatio0_.DESCRIPTION as DESCRIPT2_0_, applicatio0_.NAME as NAME3_0_'
    \-[FROM] FromClause: 'from' FromClause{level=1, fromElementCounter=1, fromElements=1, fromElementByClassAlias=[generatedAlias0], fromElementByTableAlias=[applicatio0_], fromElementsByPath=[], collectionJoinFromElementsByPath=[], impliedElements=[]}
       \-[FROM_FRAGMENT] FromElement: 'APPLICATIONS applicatio0_' FromElement{explicit,not a collection join,not a fetch join,fetch non-lazy properties,classAlias=generatedAlias0,role=null,tableName=APPLICATIONS,tableAlias=applicatio0_,origin=null,columns={,className=com.enterprise.dashboard.model.Application}}

[DEBUG] 2019-10-06 16:33:26.318 [main] ErrorTracker - throwQueryException() : no errors
[DEBUG] 2019-10-06 16:33:26.324 [main] QueryTranslatorImpl - HQL: select generatedAlias0 from com.enterprise.dashboard.model.Application as generatedAlias0
[DEBUG] 2019-10-06 16:33:26.324 [main] QueryTranslatorImpl - SQL: select applicatio0_.ID as ID1_0_, applicatio0_.DESCRIPTION as DESCRIPT2_0_, applicatio0_.NAME as NAME3_0_ from APPLICATIONS applicatio0_
[DEBUG] 2019-10-06 16:33:26.325 [main] ErrorTracker - throwQueryException() : no errors
[DEBUG] 2019-10-06 16:33:26.338 [main] SQL - select applicatio0_.ID as ID1_0_, applicatio0_.DESCRIPTION as DESCRIPT2_0_, applicatio0_.NAME as NAME3_0_ from APPLICATIONS applicatio0_
[DEBUG] 2019-10-06 16:33:26.362 [main] Loader - Result set row: 0
[DEBUG] 2019-10-06 16:33:26.365 [main] Loader - Result row: EntityKey[com.enterprise.dashboard.model.Application#1]
[DEBUG] 2019-10-06 16:33:26.372 [main] Loader - Result set row: 1
[DEBUG] 2019-10-06 16:33:26.372 [main] Loader - Result row: EntityKey[com.enterprise.dashboard.model.Application#2]
[DEBUG] 2019-10-06 16:33:26.373 [main] TwoPhaseLoad - Resolving attributes for [com.enterprise.dashboard.model.Application#1]
[DEBUG] 2019-10-06 16:33:26.374 [main] TwoPhaseLoad - Processing attribute `description` : value = This is the first application
[DEBUG] 2019-10-06 16:33:26.374 [main] TwoPhaseLoad - Attribute (`description`)  - enhanced for lazy-loading? - false
[DEBUG] 2019-10-06 16:33:26.374 [main] TwoPhaseLoad - Processing attribute `errorDataSet` : value = NOT NULL COLLECTION
[DEBUG] 2019-10-06 16:33:26.374 [main] TwoPhaseLoad - Attribute (`errorDataSet`)  - enhanced for lazy-loading? - false
[DEBUG] 2019-10-06 16:33:26.379 [main] TwoPhaseLoad - Processing attribute `name` : value = Application 1
[DEBUG] 2019-10-06 16:33:26.379 [main] TwoPhaseLoad - Attribute (`name`)  - enhanced for lazy-loading? - false
[DEBUG] 2019-10-06 16:33:26.380 [main] TwoPhaseLoad - Done materializing entity [com.enterprise.dashboard.model.Application#1]
[DEBUG] 2019-10-06 16:33:26.380 [main] TwoPhaseLoad - Resolving attributes for [com.enterprise.dashboard.model.Application#2]
[DEBUG] 2019-10-06 16:33:26.380 [main] TwoPhaseLoad - Processing attribute `description` : value = This is the second Application
[DEBUG] 2019-10-06 16:33:26.380 [main] TwoPhaseLoad - Attribute (`description`)  - enhanced for lazy-loading? - false
[DEBUG] 2019-10-06 16:33:26.380 [main] TwoPhaseLoad - Processing attribute `errorDataSet` : value = NOT NULL COLLECTION
[DEBUG] 2019-10-06 16:33:26.380 [main] TwoPhaseLoad - Attribute (`errorDataSet`)  - enhanced for lazy-loading? - false
[DEBUG] 2019-10-06 16:33:26.381 [main] TwoPhaseLoad - Processing attribute `name` : value = Application 2
[DEBUG] 2019-10-06 16:33:26.381 [main] TwoPhaseLoad - Attribute (`name`)  - enhanced for lazy-loading? - false
[DEBUG] 2019-10-06 16:33:26.381 [main] TwoPhaseLoad - Done materializing entity [com.enterprise.dashboard.model.Application#2]
[DEBUG] 2019-10-06 16:33:26.382 [main] AbstractLoadPlanBasedCollectionInitializer - Loading collection: [com.enterprise.dashboard.model.Application.errorDataSet#2]
[DEBUG] 2019-10-06 16:33:26.383 [main] SQL - select errordatas0_.application_ID as applicat4_1_0_, errordatas0_.ID as ID1_1_0_, errordatas0_.ID as ID1_1_1_, errordatas0_.application_ID as applicat4_1_1_, errordatas0_.DESCRIPTION as DESCRIPT2_1_1_, errordatas0_.MESSAGE as MESSAGE3_1_1_ from ERROR_DATA errordatas0_ where errordatas0_.application_ID=?
[DEBUG] 2019-10-06 16:33:26.387 [main] ResultSetProcessorImpl - Preparing collection initializer : [com.enterprise.dashboard.model.Application.errorDataSet#2]
[DEBUG] 2019-10-06 16:33:26.391 [main] ResultSetProcessorImpl - Starting ResultSet row #0
[DEBUG] 2019-10-06 16:33:26.392 [main] CollectionReferenceInitializerImpl - Found row of collection: [com.enterprise.dashboard.model.Application.errorDataSet#2]
[DEBUG] 2019-10-06 16:33:26.396 [main] TwoPhaseLoad - Resolving attributes for [com.enterprise.dashboard.model.ErrorData#2]
[DEBUG] 2019-10-06 16:33:26.396 [main] TwoPhaseLoad - Processing attribute `application` : value = 2
[DEBUG] 2019-10-06 16:33:26.396 [main] TwoPhaseLoad - Attribute (`application`)  - enhanced for lazy-loading? - false
[DEBUG] 2019-10-06 16:33:26.396 [main] TwoPhaseLoad - Processing attribute `description` : value = ERROR processing 2 request
[DEBUG] 2019-10-06 16:33:26.396 [main] TwoPhaseLoad - Attribute (`description`)  - enhanced for lazy-loading? - false
[DEBUG] 2019-10-06 16:33:26.396 [main] TwoPhaseLoad - Processing attribute `message` : value = ERR-101
[DEBUG] 2019-10-06 16:33:26.396 [main] TwoPhaseLoad - Attribute (`message`)  - enhanced for lazy-loading? - false
[DEBUG] 2019-10-06 16:33:26.396 [main] TwoPhaseLoad - Done materializing entity [com.enterprise.dashboard.model.ErrorData#2]
[DEBUG] 2019-10-06 16:33:26.397 [main] CollectionLoadContext - 1 collections were found in result set for role: com.enterprise.dashboard.model.Application.errorDataSet
[DEBUG] 2019-10-06 16:33:26.397 [main] CollectionLoadContext - Collection fully initialized: [com.enterprise.dashboard.model.Application.errorDataSet#2]
[DEBUG] 2019-10-06 16:33:26.397 [main] CollectionLoadContext - 1 collections initialized for role: com.enterprise.dashboard.model.Application.errorDataSet
[DEBUG] 2019-10-06 16:33:26.397 [main] ResourceRegistryStandardImpl - HHH000387: ResultSet's statement was not registered
[DEBUG] 2019-10-06 16:33:26.397 [main] AbstractLoadPlanBasedCollectionInitializer - Done loading collection
[DEBUG] 2019-10-06 16:33:26.397 [main] AbstractLoadPlanBasedCollectionInitializer - Loading collection: [com.enterprise.dashboard.model.Application.errorDataSet#1]
[DEBUG] 2019-10-06 16:33:26.398 [main] SQL - select errordatas0_.application_ID as applicat4_1_0_, errordatas0_.ID as ID1_1_0_, errordatas0_.ID as ID1_1_1_, errordatas0_.application_ID as applicat4_1_1_, errordatas0_.DESCRIPTION as DESCRIPT2_1_1_, errordatas0_.MESSAGE as MESSAGE3_1_1_ from ERROR_DATA errordatas0_ where errordatas0_.application_ID=?
[DEBUG] 2019-10-06 16:33:26.401 [main] ResultSetProcessorImpl - Preparing collection initializer : [com.enterprise.dashboard.model.Application.errorDataSet#1]
[DEBUG] 2019-10-06 16:33:26.401 [main] ResultSetProcessorImpl - Starting ResultSet row #0
[DEBUG] 2019-10-06 16:33:26.402 [main] CollectionReferenceInitializerImpl - Found row of collection: [com.enterprise.dashboard.model.Application.errorDataSet#1]
[DEBUG] 2019-10-06 16:33:26.402 [main] ResultSetProcessorImpl - Starting ResultSet row #1
[DEBUG] 2019-10-06 16:33:26.403 [main] CollectionReferenceInitializerImpl - Found row of collection: [com.enterprise.dashboard.model.Application.errorDataSet#1]
[DEBUG] 2019-10-06 16:33:26.403 [main] TwoPhaseLoad - Resolving attributes for [com.enterprise.dashboard.model.ErrorData#1]
[DEBUG] 2019-10-06 16:33:26.403 [main] TwoPhaseLoad - Processing attribute `application` : value = 1
[DEBUG] 2019-10-06 16:33:26.403 [main] TwoPhaseLoad - Attribute (`application`)  - enhanced for lazy-loading? - false
[DEBUG] 2019-10-06 16:33:26.403 [main] TwoPhaseLoad - Processing attribute `description` : value = ERROR processing request
[DEBUG] 2019-10-06 16:33:26.403 [main] TwoPhaseLoad - Attribute (`description`)  - enhanced for lazy-loading? - false
[DEBUG] 2019-10-06 16:33:26.403 [main] TwoPhaseLoad - Processing attribute `message` : value = ERR-100
[DEBUG] 2019-10-06 16:33:26.403 [main] TwoPhaseLoad - Attribute (`message`)  - enhanced for lazy-loading? - false
[DEBUG] 2019-10-06 16:33:26.403 [main] TwoPhaseLoad - Done materializing entity [com.enterprise.dashboard.model.ErrorData#1]
[DEBUG] 2019-10-06 16:33:26.403 [main] TwoPhaseLoad - Resolving attributes for [com.enterprise.dashboard.model.ErrorData#3]
[DEBUG] 2019-10-06 16:33:26.403 [main] TwoPhaseLoad - Processing attribute `application` : value = 1
[DEBUG] 2019-10-06 16:33:26.403 [main] TwoPhaseLoad - Attribute (`application`)  - enhanced for lazy-loading? - false
[DEBUG] 2019-10-06 16:33:26.404 [main] TwoPhaseLoad - Processing attribute `description` : value = ERROR processing 3 request
[DEBUG] 2019-10-06 16:33:26.404 [main] TwoPhaseLoad - Attribute (`description`)  - enhanced for lazy-loading? - false
[DEBUG] 2019-10-06 16:33:26.404 [main] TwoPhaseLoad - Processing attribute `message` : value = ERR-103
[DEBUG] 2019-10-06 16:33:26.404 [main] TwoPhaseLoad - Attribute (`message`)  - enhanced for lazy-loading? - false
[DEBUG] 2019-10-06 16:33:26.404 [main] TwoPhaseLoad - Done materializing entity [com.enterprise.dashboard.model.ErrorData#3]
[DEBUG] 2019-10-06 16:33:26.404 [main] CollectionLoadContext - 1 collections were found in result set for role: com.enterprise.dashboard.model.Application.errorDataSet
[DEBUG] 2019-10-06 16:33:26.404 [main] CollectionLoadContext - Collection fully initialized: [com.enterprise.dashboard.model.Application.errorDataSet#1]
[DEBUG] 2019-10-06 16:33:26.404 [main] CollectionLoadContext - 1 collections initialized for role: com.enterprise.dashboard.model.Application.errorDataSet
[DEBUG] 2019-10-06 16:33:26.404 [main] ResourceRegistryStandardImpl - HHH000387: ResultSet's statement was not registered
[DEBUG] 2019-10-06 16:33:26.404 [main] AbstractLoadPlanBasedCollectionInitializer - Done loading collection
[DEBUG] 2019-10-06 16:33:26.406 [main] LogicalConnectionManagedImpl - Initiating JDBC connection release from afterTransaction
