[DEBUG] 2019-10-06 16:57:33.508 [main] IntegratorServiceImpl - Adding Integrator [org.hibernate.cfg.beanvalidation.BeanValidationIntegrator].
[DEBUG] 2019-10-06 16:57:33.534 [main] IntegratorServiceImpl - Adding Integrator [org.hibernate.secure.spi.JaccIntegrator].
[DEBUG] 2019-10-06 16:57:33.558 [main] IntegratorServiceImpl - Adding Integrator [org.hibernate.cache.internal.CollectionCacheInvalidator].
[INFO ] 2019-10-06 16:57:34.062 [main] Version - HHH000412: Hibernate Core {5.4.4.Final}
[DEBUG] 2019-10-06 16:57:34.073 [main] Environment - HHH000206: hibernate.properties not found
[DEBUG] 2019-10-06 16:57:35.174 [main] LocalXmlResourceResolver - Interpreting public/system identifier : [-//Hibernate/Hibernate Configuration DTD//EN] - [http://www.hibernate.org/dtd/hibernate-configuration-3.0.dtd]
[DEBUG] 2019-10-06 16:57:35.178 [main] LocalXmlResourceResolver - Recognized hibernate-configuration identifier; attempting to resolve on classpath under org/hibernate/
[DEBUG] 2019-10-06 16:57:35.210 [main] JaxbCfgProcessor - cfg.xml document did not define namespaces; wrapping in custom event reader to introduce namespace information
[DEBUG] 2019-10-06 16:57:37.158 [main] ServiceBinding - Overriding existing service binding [org.hibernate.secure.spi.JaccService]
[DEBUG] 2019-10-06 16:57:37.306 [main] RegionFactoryInitiator - Cannot default RegionFactory based on registered strategies as `[]` RegionFactory strategies were registered
[DEBUG] 2019-10-06 16:57:37.313 [main] RegionFactoryInitiator - Cache region factory : org.hibernate.cache.internal.NoCachingRegionFactory
[INFO ] 2019-10-06 16:57:37.475 [main] Version - HCANN000001: Hibernate Commons Annotations {5.1.0.Final}
[DEBUG] 2019-10-06 16:57:37.707 [main] BasicTypeRegistry - Adding type registration boolean -> org.hibernate.type.BooleanType@1a2909ae
[DEBUG] 2019-10-06 16:57:37.708 [main] BasicTypeRegistry - Adding type registration boolean -> org.hibernate.type.BooleanType@1a2909ae
[DEBUG] 2019-10-06 16:57:37.708 [main] BasicTypeRegistry - Adding type registration java.lang.Boolean -> org.hibernate.type.BooleanType@1a2909ae
[DEBUG] 2019-10-06 16:57:37.711 [main] BasicTypeRegistry - Adding type registration numeric_boolean -> org.hibernate.type.NumericBooleanType@1000d54d
[DEBUG] 2019-10-06 16:57:37.714 [main] BasicTypeRegistry - Adding type registration true_false -> org.hibernate.type.TrueFalseType@63b3ee82
[DEBUG] 2019-10-06 16:57:37.721 [main] BasicTypeRegistry - Adding type registration yes_no -> org.hibernate.type.YesNoType@a0db585
[DEBUG] 2019-10-06 16:57:37.726 [main] BasicTypeRegistry - Adding type registration byte -> org.hibernate.type.ByteType@468dda3e
[DEBUG] 2019-10-06 16:57:37.727 [main] BasicTypeRegistry - Adding type registration byte -> org.hibernate.type.ByteType@468dda3e
[DEBUG] 2019-10-06 16:57:37.728 [main] BasicTypeRegistry - Adding type registration java.lang.Byte -> org.hibernate.type.ByteType@468dda3e
[DEBUG] 2019-10-06 16:57:37.742 [main] BasicTypeRegistry - Adding type registration character -> org.hibernate.type.CharacterType@67f3d192
[DEBUG] 2019-10-06 16:57:37.746 [main] BasicTypeRegistry - Adding type registration char -> org.hibernate.type.CharacterType@67f3d192
[DEBUG] 2019-10-06 16:57:37.825 [main] BasicTypeRegistry - Adding type registration java.lang.Character -> org.hibernate.type.CharacterType@67f3d192
[DEBUG] 2019-10-06 16:57:37.893 [main] BasicTypeRegistry - Adding type registration short -> org.hibernate.type.ShortType@6b4283c4
[DEBUG] 2019-10-06 16:57:37.894 [main] BasicTypeRegistry - Adding type registration short -> org.hibernate.type.ShortType@6b4283c4
[DEBUG] 2019-10-06 16:57:37.894 [main] BasicTypeRegistry - Adding type registration java.lang.Short -> org.hibernate.type.ShortType@6b4283c4
[DEBUG] 2019-10-06 16:57:37.900 [main] BasicTypeRegistry - Adding type registration integer -> org.hibernate.type.IntegerType@7e744f43
[DEBUG] 2019-10-06 16:57:37.901 [main] BasicTypeRegistry - Adding type registration int -> org.hibernate.type.IntegerType@7e744f43
[DEBUG] 2019-10-06 16:57:37.934 [main] BasicTypeRegistry - Adding type registration java.lang.Integer -> org.hibernate.type.IntegerType@7e744f43
[DEBUG] 2019-10-06 16:57:37.939 [main] BasicTypeRegistry - Adding type registration long -> org.hibernate.type.LongType@49ec6a9f
[DEBUG] 2019-10-06 16:57:37.940 [main] BasicTypeRegistry - Adding type registration long -> org.hibernate.type.LongType@49ec6a9f
[DEBUG] 2019-10-06 16:57:37.941 [main] BasicTypeRegistry - Adding type registration java.lang.Long -> org.hibernate.type.LongType@49ec6a9f
[DEBUG] 2019-10-06 16:57:37.945 [main] BasicTypeRegistry - Adding type registration float -> org.hibernate.type.FloatType@70cccd8f
[DEBUG] 2019-10-06 16:57:37.946 [main] BasicTypeRegistry - Adding type registration float -> org.hibernate.type.FloatType@70cccd8f
[DEBUG] 2019-10-06 16:57:37.946 [main] BasicTypeRegistry - Adding type registration java.lang.Float -> org.hibernate.type.FloatType@70cccd8f
[DEBUG] 2019-10-06 16:57:37.950 [main] BasicTypeRegistry - Adding type registration double -> org.hibernate.type.DoubleType@1a0b5323
[DEBUG] 2019-10-06 16:57:37.950 [main] BasicTypeRegistry - Adding type registration double -> org.hibernate.type.DoubleType@1a0b5323
[DEBUG] 2019-10-06 16:57:37.951 [main] BasicTypeRegistry - Adding type registration java.lang.Double -> org.hibernate.type.DoubleType@1a0b5323
[DEBUG] 2019-10-06 16:57:37.959 [main] BasicTypeRegistry - Adding type registration big_decimal -> org.hibernate.type.BigDecimalType@41fe8e5f
[DEBUG] 2019-10-06 16:57:37.960 [main] BasicTypeRegistry - Adding type registration java.math.BigDecimal -> org.hibernate.type.BigDecimalType@41fe8e5f
[DEBUG] 2019-10-06 16:57:37.974 [main] BasicTypeRegistry - Adding type registration big_integer -> org.hibernate.type.BigIntegerType@51a6cc2a
[DEBUG] 2019-10-06 16:57:37.975 [main] BasicTypeRegistry - Adding type registration java.math.BigInteger -> org.hibernate.type.BigIntegerType@51a6cc2a
[DEBUG] 2019-10-06 16:57:38.060 [main] BasicTypeRegistry - Adding type registration string -> org.hibernate.type.StringType@78c1372d
[DEBUG] 2019-10-06 16:57:38.061 [main] BasicTypeRegistry - Adding type registration java.lang.String -> org.hibernate.type.StringType@78c1372d
[DEBUG] 2019-10-06 16:57:38.067 [main] BasicTypeRegistry - Adding type registration nstring -> org.hibernate.type.StringNVarcharType@25d2f66
[DEBUG] 2019-10-06 16:57:38.071 [main] BasicTypeRegistry - Adding type registration ncharacter -> org.hibernate.type.CharacterNCharType@49ede9c7
[DEBUG] 2019-10-06 16:57:38.077 [main] BasicTypeRegistry - Adding type registration url -> org.hibernate.type.UrlType@45404d5
[DEBUG] 2019-10-06 16:57:38.079 [main] BasicTypeRegistry - Adding type registration java.net.URL -> org.hibernate.type.UrlType@45404d5
[DEBUG] 2019-10-06 16:57:38.095 [main] BasicTypeRegistry - Adding type registration Duration -> org.hibernate.type.DurationType@5ba26eb0
[DEBUG] 2019-10-06 16:57:38.096 [main] BasicTypeRegistry - Adding type registration java.time.Duration -> org.hibernate.type.DurationType@5ba26eb0
[DEBUG] 2019-10-06 16:57:38.323 [main] BasicTypeRegistry - Adding type registration Instant -> org.hibernate.type.InstantType@4195105b
[DEBUG] 2019-10-06 16:57:38.324 [main] BasicTypeRegistry - Adding type registration java.time.Instant -> org.hibernate.type.InstantType@4195105b
[DEBUG] 2019-10-06 16:57:38.336 [main] BasicTypeRegistry - Adding type registration LocalDateTime -> org.hibernate.type.LocalDateTimeType@6cd5122d
[DEBUG] 2019-10-06 16:57:38.338 [main] BasicTypeRegistry - Adding type registration java.time.LocalDateTime -> org.hibernate.type.LocalDateTimeType@6cd5122d
[DEBUG] 2019-10-06 16:57:38.419 [main] BasicTypeRegistry - Adding type registration LocalDate -> org.hibernate.type.LocalDateType@70c53dbe
[DEBUG] 2019-10-06 16:57:38.422 [main] BasicTypeRegistry - Adding type registration java.time.LocalDate -> org.hibernate.type.LocalDateType@70c53dbe
[DEBUG] 2019-10-06 16:57:38.433 [main] BasicTypeRegistry - Adding type registration LocalTime -> org.hibernate.type.LocalTimeType@109a2025
[DEBUG] 2019-10-06 16:57:38.433 [main] BasicTypeRegistry - Adding type registration java.time.LocalTime -> org.hibernate.type.LocalTimeType@109a2025
[DEBUG] 2019-10-06 16:57:38.441 [main] BasicTypeRegistry - Adding type registration OffsetDateTime -> org.hibernate.type.OffsetDateTimeType@6c9320c2
[DEBUG] 2019-10-06 16:57:38.442 [main] BasicTypeRegistry - Adding type registration java.time.OffsetDateTime -> org.hibernate.type.OffsetDateTimeType@6c9320c2
[DEBUG] 2019-10-06 16:57:38.454 [main] BasicTypeRegistry - Adding type registration OffsetTime -> org.hibernate.type.OffsetTimeType@1e43e323
[DEBUG] 2019-10-06 16:57:38.456 [main] BasicTypeRegistry - Adding type registration java.time.OffsetTime -> org.hibernate.type.OffsetTimeType@1e43e323
[DEBUG] 2019-10-06 16:57:38.524 [main] BasicTypeRegistry - Adding type registration ZonedDateTime -> org.hibernate.type.ZonedDateTimeType@7a04fea7
[DEBUG] 2019-10-06 16:57:38.524 [main] BasicTypeRegistry - Adding type registration java.time.ZonedDateTime -> org.hibernate.type.ZonedDateTimeType@7a04fea7
[DEBUG] 2019-10-06 16:57:38.530 [main] BasicTypeRegistry - Adding type registration date -> org.hibernate.type.DateType@37e0292a
[DEBUG] 2019-10-06 16:57:38.531 [main] BasicTypeRegistry - Adding type registration java.sql.Date -> org.hibernate.type.DateType@37e0292a
[DEBUG] 2019-10-06 16:57:38.535 [main] BasicTypeRegistry - Adding type registration time -> org.hibernate.type.TimeType@a62c7cd
[DEBUG] 2019-10-06 16:57:38.536 [main] BasicTypeRegistry - Adding type registration java.sql.Time -> org.hibernate.type.TimeType@a62c7cd
[DEBUG] 2019-10-06 16:57:38.571 [main] BasicTypeRegistry - Adding type registration timestamp -> org.hibernate.type.TimestampType@1f0b3cfe
[DEBUG] 2019-10-06 16:57:38.572 [main] BasicTypeRegistry - Adding type registration java.sql.Timestamp -> org.hibernate.type.TimestampType@1f0b3cfe
[DEBUG] 2019-10-06 16:57:38.573 [main] BasicTypeRegistry - Adding type registration java.util.Date -> org.hibernate.type.TimestampType@1f0b3cfe
[DEBUG] 2019-10-06 16:57:38.579 [main] BasicTypeRegistry - Adding type registration dbtimestamp -> org.hibernate.type.DbTimestampType@336206d8
[DEBUG] 2019-10-06 16:57:38.586 [main] BasicTypeRegistry - Adding type registration calendar -> org.hibernate.type.CalendarType@7efd28bd
[DEBUG] 2019-10-06 16:57:38.587 [main] BasicTypeRegistry - Adding type registration java.util.Calendar -> org.hibernate.type.CalendarType@7efd28bd
[DEBUG] 2019-10-06 16:57:38.588 [main] BasicTypeRegistry - Adding type registration java.util.GregorianCalendar -> org.hibernate.type.CalendarType@7efd28bd
[DEBUG] 2019-10-06 16:57:38.591 [main] BasicTypeRegistry - Adding type registration calendar_date -> org.hibernate.type.CalendarDateType@1a865273
[DEBUG] 2019-10-06 16:57:38.626 [main] BasicTypeRegistry - Adding type registration locale -> org.hibernate.type.LocaleType@fcc6023
[DEBUG] 2019-10-06 16:57:38.629 [main] BasicTypeRegistry - Adding type registration java.util.Locale -> org.hibernate.type.LocaleType@fcc6023
[DEBUG] 2019-10-06 16:57:38.635 [main] BasicTypeRegistry - Adding type registration currency -> org.hibernate.type.CurrencyType@46185a1b
[DEBUG] 2019-10-06 16:57:38.636 [main] BasicTypeRegistry - Adding type registration java.util.Currency -> org.hibernate.type.CurrencyType@46185a1b
[DEBUG] 2019-10-06 16:57:38.663 [main] BasicTypeRegistry - Adding type registration timezone -> org.hibernate.type.TimeZoneType@4ee5b2d9
[DEBUG] 2019-10-06 16:57:38.664 [main] BasicTypeRegistry - Adding type registration java.util.TimeZone -> org.hibernate.type.TimeZoneType@4ee5b2d9
[DEBUG] 2019-10-06 16:57:38.682 [main] BasicTypeRegistry - Adding type registration class -> org.hibernate.type.ClassType@290d10ef
[DEBUG] 2019-10-06 16:57:38.684 [main] BasicTypeRegistry - Adding type registration java.lang.Class -> org.hibernate.type.ClassType@290d10ef
[DEBUG] 2019-10-06 16:57:38.693 [main] BasicTypeRegistry - Adding type registration uuid-binary -> org.hibernate.type.UUIDBinaryType@4110765e
[DEBUG] 2019-10-06 16:57:38.694 [main] BasicTypeRegistry - Adding type registration java.util.UUID -> org.hibernate.type.UUIDBinaryType@4110765e
[DEBUG] 2019-10-06 16:57:38.696 [main] BasicTypeRegistry - Adding type registration uuid-char -> org.hibernate.type.UUIDCharType@25d93198
[DEBUG] 2019-10-06 16:57:38.702 [main] BasicTypeRegistry - Adding type registration binary -> org.hibernate.type.BinaryType@59f93db8
[DEBUG] 2019-10-06 16:57:38.703 [main] BasicTypeRegistry - Adding type registration byte[] -> org.hibernate.type.BinaryType@59f93db8
[DEBUG] 2019-10-06 16:57:38.704 [main] BasicTypeRegistry - Adding type registration [B -> org.hibernate.type.BinaryType@59f93db8
[DEBUG] 2019-10-06 16:57:38.709 [main] BasicTypeRegistry - Adding type registration wrapper-binary -> org.hibernate.type.WrapperBinaryType@292158f8
[DEBUG] 2019-10-06 16:57:38.710 [main] BasicTypeRegistry - Adding type registration Byte[] -> org.hibernate.type.WrapperBinaryType@292158f8
[DEBUG] 2019-10-06 16:57:38.711 [main] BasicTypeRegistry - Adding type registration [Ljava.lang.Byte; -> org.hibernate.type.WrapperBinaryType@292158f8
[DEBUG] 2019-10-06 16:57:38.721 [main] BasicTypeRegistry - Adding type registration row_version -> org.hibernate.type.RowVersionType@7e7f0216
[DEBUG] 2019-10-06 16:57:38.723 [main] BasicTypeRegistry - Adding type registration image -> org.hibernate.type.ImageType@6724cdec
[DEBUG] 2019-10-06 16:57:38.726 [main] BasicTypeRegistry - Adding type registration characters -> org.hibernate.type.CharArrayType@60783105
[DEBUG] 2019-10-06 16:57:38.727 [main] BasicTypeRegistry - Adding type registration char[] -> org.hibernate.type.CharArrayType@60783105
[DEBUG] 2019-10-06 16:57:38.728 [main] BasicTypeRegistry - Adding type registration [C -> org.hibernate.type.CharArrayType@60783105
[DEBUG] 2019-10-06 16:57:38.735 [main] BasicTypeRegistry - Adding type registration wrapper-characters -> org.hibernate.type.CharacterArrayType@38bb9d7a
[DEBUG] 2019-10-06 16:57:38.736 [main] BasicTypeRegistry - Adding type registration [Ljava.lang.Character; -> org.hibernate.type.CharacterArrayType@38bb9d7a
[DEBUG] 2019-10-06 16:57:38.737 [main] BasicTypeRegistry - Adding type registration Character[] -> org.hibernate.type.CharacterArrayType@38bb9d7a
[DEBUG] 2019-10-06 16:57:38.740 [main] BasicTypeRegistry - Adding type registration text -> org.hibernate.type.TextType@1e469dfd
[DEBUG] 2019-10-06 16:57:38.742 [main] BasicTypeRegistry - Adding type registration ntext -> org.hibernate.type.NTextType@5b9396d3
[DEBUG] 2019-10-06 16:57:38.749 [main] BasicTypeRegistry - Adding type registration blob -> org.hibernate.type.BlobType@767191b1
[DEBUG] 2019-10-06 16:57:38.750 [main] BasicTypeRegistry - Adding type registration java.sql.Blob -> org.hibernate.type.BlobType@767191b1
[DEBUG] 2019-10-06 16:57:38.752 [main] BasicTypeRegistry - Adding type registration materialized_blob -> org.hibernate.type.MaterializedBlobType@6eb17ec8
[DEBUG] 2019-10-06 16:57:38.758 [main] BasicTypeRegistry - Adding type registration clob -> org.hibernate.type.ClobType@2f37f1f9
[DEBUG] 2019-10-06 16:57:38.760 [main] BasicTypeRegistry - Adding type registration java.sql.Clob -> org.hibernate.type.ClobType@2f37f1f9
[DEBUG] 2019-10-06 16:57:38.766 [main] BasicTypeRegistry - Adding type registration nclob -> org.hibernate.type.NClobType@5c77ba8f
[DEBUG] 2019-10-06 16:57:38.767 [main] BasicTypeRegistry - Adding type registration java.sql.NClob -> org.hibernate.type.NClobType@5c77ba8f
[DEBUG] 2019-10-06 16:57:38.769 [main] BasicTypeRegistry - Adding type registration materialized_clob -> org.hibernate.type.MaterializedClobType@7add323c
[DEBUG] 2019-10-06 16:57:38.771 [main] BasicTypeRegistry - Adding type registration materialized_nclob -> org.hibernate.type.MaterializedNClobType@35c12c7a
[DEBUG] 2019-10-06 16:57:38.777 [main] BasicTypeRegistry - Adding type registration serializable -> org.hibernate.type.SerializableType@22a736d7
[DEBUG] 2019-10-06 16:57:38.793 [main] BasicTypeRegistry - Adding type registration object -> org.hibernate.type.ObjectType@6920614
[DEBUG] 2019-10-06 16:57:38.794 [main] BasicTypeRegistry - Adding type registration java.lang.Object -> org.hibernate.type.ObjectType@6920614
[DEBUG] 2019-10-06 16:57:38.796 [main] BasicTypeRegistry - Adding type registration imm_date -> org.hibernate.type.AdaptedImmutableType@433348bc
[DEBUG] 2019-10-06 16:57:38.800 [main] BasicTypeRegistry - Adding type registration imm_time -> org.hibernate.type.AdaptedImmutableType@6d1dcdff
[DEBUG] 2019-10-06 16:57:38.801 [main] BasicTypeRegistry - Adding type registration imm_timestamp -> org.hibernate.type.AdaptedImmutableType@102ecc22
[DEBUG] 2019-10-06 16:57:38.802 [main] BasicTypeRegistry - Adding type registration imm_dbtimestamp -> org.hibernate.type.AdaptedImmutableType@7ff35a3f
[DEBUG] 2019-10-06 16:57:38.802 [main] BasicTypeRegistry - Adding type registration imm_calendar -> org.hibernate.type.AdaptedImmutableType@26dc9bd5
[DEBUG] 2019-10-06 16:57:38.803 [main] BasicTypeRegistry - Adding type registration imm_calendar_date -> org.hibernate.type.AdaptedImmutableType@252dc8c4
[DEBUG] 2019-10-06 16:57:38.804 [main] BasicTypeRegistry - Adding type registration imm_binary -> org.hibernate.type.AdaptedImmutableType@43045f9f
[DEBUG] 2019-10-06 16:57:38.805 [main] BasicTypeRegistry - Adding type registration imm_serializable -> org.hibernate.type.AdaptedImmutableType@2643d762
[DEBUG] 2019-10-06 16:57:39.108 [main] DefaultIdentifierGeneratorFactory - Registering IdentifierGenerator strategy [uuid2] -> [org.hibernate.id.UUIDGenerator]
[DEBUG] 2019-10-06 16:57:39.119 [main] DefaultIdentifierGeneratorFactory - Registering IdentifierGenerator strategy [guid] -> [org.hibernate.id.GUIDGenerator]
[DEBUG] 2019-10-06 16:57:39.122 [main] DefaultIdentifierGeneratorFactory - Registering IdentifierGenerator strategy [uuid] -> [org.hibernate.id.UUIDHexGenerator]
[DEBUG] 2019-10-06 16:57:39.123 [main] DefaultIdentifierGeneratorFactory - Registering IdentifierGenerator strategy [uuid.hex] -> [org.hibernate.id.UUIDHexGenerator]
[DEBUG] 2019-10-06 16:57:39.124 [main] DefaultIdentifierGeneratorFactory - Registering IdentifierGenerator strategy [assigned] -> [org.hibernate.id.Assigned]
[DEBUG] 2019-10-06 16:57:39.132 [main] DefaultIdentifierGeneratorFactory - Registering IdentifierGenerator strategy [identity] -> [org.hibernate.id.IdentityGenerator]
[DEBUG] 2019-10-06 16:57:39.136 [main] DefaultIdentifierGeneratorFactory - Registering IdentifierGenerator strategy [select] -> [org.hibernate.id.SelectGenerator]
[DEBUG] 2019-10-06 16:57:39.143 [main] DefaultIdentifierGeneratorFactory - Registering IdentifierGenerator strategy [sequence] -> [org.hibernate.id.enhanced.SequenceStyleGenerator]
[DEBUG] 2019-10-06 16:57:39.146 [main] DefaultIdentifierGeneratorFactory - Registering IdentifierGenerator strategy [seqhilo] -> [org.hibernate.id.SequenceHiLoGenerator]
[DEBUG] 2019-10-06 16:57:39.150 [main] DefaultIdentifierGeneratorFactory - Registering IdentifierGenerator strategy [increment] -> [org.hibernate.id.IncrementGenerator]
[DEBUG] 2019-10-06 16:57:39.152 [main] DefaultIdentifierGeneratorFactory - Registering IdentifierGenerator strategy [foreign] -> [org.hibernate.id.ForeignGenerator]
[DEBUG] 2019-10-06 16:57:39.154 [main] DefaultIdentifierGeneratorFactory - Registering IdentifierGenerator strategy [sequence-identity] -> [org.hibernate.id.SequenceIdentityGenerator]
[DEBUG] 2019-10-06 16:57:39.154 [main] DefaultIdentifierGeneratorFactory - Registering IdentifierGenerator strategy [enhanced-sequence] -> [org.hibernate.id.enhanced.SequenceStyleGenerator]
[DEBUG] 2019-10-06 16:57:39.160 [main] DefaultIdentifierGeneratorFactory - Registering IdentifierGenerator strategy [enhanced-table] -> [org.hibernate.id.enhanced.TableGenerator]
[INFO ] 2019-10-06 16:57:39.182 [main] C3P0ConnectionProvider - HHH010002: C3P0 using driver: com.mysql.cj.jdbc.Driver at URL: jdbc:mysql://localhost:3307/dashboard
[INFO ] 2019-10-06 16:57:39.183 [main] C3P0ConnectionProvider - HHH10001001: Connection properties: {password=****, user=root}
[INFO ] 2019-10-06 16:57:39.183 [main] C3P0ConnectionProvider - HHH10001003: Autocommit mode: false
[INFO ] 2019-10-06 16:57:40.724 [main] C3P0ConnectionProvider - HHH10001007: JDBC isolation level: <unknown>
[DEBUG] 2019-10-06 16:57:41.590 [main] JdbcEnvironmentInitiator - Database ->
       name : MySQL
    version : 8.0.17
      major : 8
      minor : 0
[DEBUG] 2019-10-06 16:57:41.591 [main] JdbcEnvironmentInitiator - Driver ->
       name : MySQL Connector/J
    version : mysql-connector-java-8.0.16 (Revision: 34cbc6bc61f72836e26327537a432d6db7c77de6)
      major : 8
      minor : 0
[DEBUG] 2019-10-06 16:57:41.591 [main] JdbcEnvironmentInitiator - JDBC version : 4.2
[INFO ] 2019-10-06 16:57:41.886 [main] Dialect - HHH000400: Using dialect: org.hibernate.dialect.MySQL8Dialect
[DEBUG] 2019-10-06 16:57:41.994 [main] IdentifierHelperBuilder - JDBC driver metadata reported database stores quoted identifiers in more than one case
[DEBUG] 2019-10-06 16:57:42.212 [main] IdentifierHelperBuilder - IdentifierCaseStrategy for both quoted and unquoted identifiers was set to the same strategy [MIXED]; that will likely lead to problems in schema update and validation if using quoted identifiers
[DEBUG] 2019-10-06 16:57:42.511 [main] Namespace - Created database namespace [logicalName=Name{catalog=null, schema=null}, physicalName=Name{catalog=null, schema=null}]
[DEBUG] 2019-10-06 16:57:42.525 [main] TypeConfiguration$Scope - Scoping TypeConfiguration [org.hibernate.type.spi.TypeConfiguration@748f93bb] to MetadataBuildingContext [org.hibernate.boot.internal.MetadataBuildingContextRootImpl@7f2d31af]
[DEBUG] 2019-10-06 16:57:42.787 [main] AnnotationBinder - Binding entity from annotated class: com.enterprise.dashboard.model.Application
[DEBUG] 2019-10-06 16:57:42.890 [main] Ejb3Column - Binding column: Ejb3DiscriminatorColumn{logicalColumnName'DTYPE', discriminatorTypeName='string'}
[DEBUG] 2019-10-06 16:57:42.905 [main] EntityBinder - Import with entity name Applications
[DEBUG] 2019-10-06 16:57:42.915 [main] EntityBinder - Bind entity com.enterprise.dashboard.model.Application on table APPLICATIONS
[DEBUG] 2019-10-06 16:57:43.029 [main] Ejb3Column - Binding column: Ejb3Column{table=org.hibernate.mapping.Table(APPLICATIONS), mappingColumn=ID, insertable=true, updatable=true, unique=false}
[DEBUG] 2019-10-06 16:57:43.050 [main] PropertyBinder - MetadataSourceProcessor property id with lazy=false
[DEBUG] 2019-10-06 16:57:43.056 [main] AbstractPropertyHolder - Attempting to locate auto-apply AttributeConverter for property [com.enterprise.dashboard.model.Application:id]
[DEBUG] 2019-10-06 16:57:43.063 [main] SimpleValueBinder - building SimpleValue for id
[DEBUG] 2019-10-06 16:57:43.072 [main] PropertyBinder - Building property id
[DEBUG] 2019-10-06 16:57:43.085 [main] BinderHelper - #makeIdGenerator(org.hibernate.mapping.SimpleValue([org.hibernate.mapping.Column(ID)]), id, org.hibernate.id.enhanced.SequenceStyleGenerator, native, ...)
[DEBUG] 2019-10-06 16:57:43.097 [main] Ejb3Column - Binding column: Ejb3Column{table=org.hibernate.mapping.Table(APPLICATIONS), mappingColumn=DESCRIPTION, insertable=true, updatable=true, unique=false}
[DEBUG] 2019-10-06 16:57:43.099 [main] PropertyBinder - MetadataSourceProcessor property description with lazy=false
[DEBUG] 2019-10-06 16:57:43.100 [main] AbstractPropertyHolder - Attempting to locate auto-apply AttributeConverter for property [com.enterprise.dashboard.model.Application:description]
[DEBUG] 2019-10-06 16:57:43.100 [main] SimpleValueBinder - building SimpleValue for description
[DEBUG] 2019-10-06 16:57:43.102 [main] PropertyBinder - Building property description
[DEBUG] 2019-10-06 16:57:43.112 [main] Ejb3Column - Binding column: Ejb3JoinColumn{logicalColumnName='null', referencedColumn='null', mappedBy='application'}
[DEBUG] 2019-10-06 16:57:43.122 [main] Ejb3Column - Binding column: Ejb3Column{table=org.hibernate.mapping.Table(APPLICATIONS), mappingColumn=errorDataSet, insertable=true, updatable=true, unique=false}
[DEBUG] 2019-10-06 16:57:43.128 [main] Ejb3Column - Binding column: Ejb3Column{table=org.hibernate.mapping.Table(APPLICATIONS), mappingColumn=null, insertable=true, updatable=true, unique=false}
[DEBUG] 2019-10-06 16:57:43.165 [main] Ejb3Column - Binding column: Ejb3Column{table=org.hibernate.mapping.Table(APPLICATIONS), mappingColumn=element, insertable=true, updatable=true, unique=false}
[DEBUG] 2019-10-06 16:57:43.167 [main] Ejb3Column - Binding column: Ejb3Column{table=org.hibernate.mapping.Table(APPLICATIONS), mappingColumn=errorDataSet_KEY, insertable=true, updatable=true, unique=false}
[DEBUG] 2019-10-06 16:57:43.168 [main] Ejb3Column - Binding column: Ejb3JoinColumn{logicalColumnName='errorDataSet_KEY', referencedColumn='null', mappedBy='null'}
[DEBUG] 2019-10-06 16:57:43.178 [main] Ejb3Column - Binding column: Ejb3JoinColumn{logicalColumnName='null', referencedColumn='null', mappedBy='application'}
[DEBUG] 2019-10-06 16:57:43.178 [main] Ejb3Column - Binding column: Ejb3JoinColumn{logicalColumnName='null', referencedColumn='null', mappedBy='application'}
[DEBUG] 2019-10-06 16:57:43.182 [main] CollectionBinder - Collection role: com.enterprise.dashboard.model.Application.errorDataSet
[DEBUG] 2019-10-06 16:57:43.193 [main] PropertyBinder - Building property errorDataSet
[DEBUG] 2019-10-06 16:57:43.194 [main] Ejb3Column - Binding column: Ejb3Column{table=org.hibernate.mapping.Table(APPLICATIONS), mappingColumn=NAME, insertable=true, updatable=true, unique=false}
[DEBUG] 2019-10-06 16:57:43.195 [main] PropertyBinder - MetadataSourceProcessor property name with lazy=false
[DEBUG] 2019-10-06 16:57:43.195 [main] AbstractPropertyHolder - Attempting to locate auto-apply AttributeConverter for property [com.enterprise.dashboard.model.Application:name]
[DEBUG] 2019-10-06 16:57:43.196 [main] SimpleValueBinder - building SimpleValue for name
[DEBUG] 2019-10-06 16:57:43.196 [main] PropertyBinder - Building property name
[DEBUG] 2019-10-06 16:57:43.201 [main] AnnotationBinder - Binding entity from annotated class: com.enterprise.dashboard.model.ErrorData
[DEBUG] 2019-10-06 16:57:43.202 [main] Ejb3Column - Binding column: Ejb3DiscriminatorColumn{logicalColumnName'DTYPE', discriminatorTypeName='string'}
[DEBUG] 2019-10-06 16:57:43.202 [main] EntityBinder - Import with entity name ErrorData
[DEBUG] 2019-10-06 16:57:43.203 [main] EntityBinder - Bind entity com.enterprise.dashboard.model.ErrorData on table ERROR_DATA
[DEBUG] 2019-10-06 16:57:43.213 [main] Ejb3Column - Binding column: Ejb3Column{table=org.hibernate.mapping.Table(ERROR_DATA), mappingColumn=ID, insertable=true, updatable=true, unique=false}
[DEBUG] 2019-10-06 16:57:43.213 [main] PropertyBinder - MetadataSourceProcessor property id with lazy=false
[DEBUG] 2019-10-06 16:57:43.214 [main] AbstractPropertyHolder - Attempting to locate auto-apply AttributeConverter for property [com.enterprise.dashboard.model.ErrorData:id]
[DEBUG] 2019-10-06 16:57:43.214 [main] SimpleValueBinder - building SimpleValue for id
[DEBUG] 2019-10-06 16:57:43.214 [main] PropertyBinder - Building property id
[DEBUG] 2019-10-06 16:57:43.215 [main] BinderHelper - #makeIdGenerator(org.hibernate.mapping.SimpleValue([org.hibernate.mapping.Column(ID)]), id, org.hibernate.id.enhanced.SequenceStyleGenerator, native, ...)
[DEBUG] 2019-10-06 16:57:43.216 [main] Ejb3Column - Binding column: Ejb3JoinColumn{logicalColumnName='null', referencedColumn='null', mappedBy='null'}
[DEBUG] 2019-10-06 16:57:43.216 [main] Ejb3Column - Binding column: Ejb3Column{table=org.hibernate.mapping.Table(ERROR_DATA), mappingColumn=application, insertable=true, updatable=true, unique=false}
[DEBUG] 2019-10-06 16:57:43.224 [main] PropertyBinder - Building property application
[DEBUG] 2019-10-06 16:57:43.226 [main] Ejb3Column - Binding column: Ejb3Column{table=org.hibernate.mapping.Table(ERROR_DATA), mappingColumn=DESCRIPTION, insertable=true, updatable=true, unique=false}
[DEBUG] 2019-10-06 16:57:43.230 [main] PropertyBinder - MetadataSourceProcessor property description with lazy=false
[DEBUG] 2019-10-06 16:57:43.232 [main] AbstractPropertyHolder - Attempting to locate auto-apply AttributeConverter for property [com.enterprise.dashboard.model.ErrorData:description]
[DEBUG] 2019-10-06 16:57:43.233 [main] SimpleValueBinder - building SimpleValue for description
[DEBUG] 2019-10-06 16:57:43.233 [main] PropertyBinder - Building property description
[DEBUG] 2019-10-06 16:57:43.235 [main] Ejb3Column - Binding column: Ejb3Column{table=org.hibernate.mapping.Table(ERROR_DATA), mappingColumn=MESSAGE, insertable=true, updatable=true, unique=false}
[DEBUG] 2019-10-06 16:57:43.235 [main] PropertyBinder - MetadataSourceProcessor property message with lazy=false
[DEBUG] 2019-10-06 16:57:43.236 [main] AbstractPropertyHolder - Attempting to locate auto-apply AttributeConverter for property [com.enterprise.dashboard.model.ErrorData:message]
[DEBUG] 2019-10-06 16:57:43.236 [main] SimpleValueBinder - building SimpleValue for message
[DEBUG] 2019-10-06 16:57:43.237 [main] PropertyBinder - Building property message
[DEBUG] 2019-10-06 16:57:43.245 [main] SimpleValueBinder - Starting fillSimpleValue for id
[DEBUG] 2019-10-06 16:57:43.246 [main] SimpleValueBinder - Starting fillSimpleValue for description
[DEBUG] 2019-10-06 16:57:43.247 [main] SimpleValueBinder - Starting fillSimpleValue for name
[DEBUG] 2019-10-06 16:57:43.247 [main] SimpleValueBinder - Starting fillSimpleValue for id
[DEBUG] 2019-10-06 16:57:43.248 [main] SimpleValueBinder - Starting fillSimpleValue for description
[DEBUG] 2019-10-06 16:57:43.248 [main] SimpleValueBinder - Starting fillSimpleValue for message
[DEBUG] 2019-10-06 16:57:43.266 [main] PrimaryKey - Forcing column [id] to be non-null as it is part of the primary key for table [applications]
[DEBUG] 2019-10-06 16:57:43.267 [main] PrimaryKey - Forcing column [id] to be non-null as it is part of the primary key for table [error_data]
[DEBUG] 2019-10-06 16:57:43.268 [main] CollectionSecondPass - Second pass for collection: com.enterprise.dashboard.model.Application.errorDataSet
[DEBUG] 2019-10-06 16:57:43.272 [main] CollectionBinder - Binding a OneToMany: com.enterprise.dashboard.model.Application.errorDataSet through a foreign key
[DEBUG] 2019-10-06 16:57:43.276 [main] CollectionBinder - Mapping collection: com.enterprise.dashboard.model.Application.errorDataSet -> ERROR_DATA
[DEBUG] 2019-10-06 16:57:43.279 [main] TableBinder - Retrieving property com.enterprise.dashboard.model.ErrorData.application
[DEBUG] 2019-10-06 16:57:43.280 [main] CollectionSecondPass - Mapped collection key: application_ID, one-to-many: com.enterprise.dashboard.model.ErrorData
[DEBUG] 2019-10-06 16:57:43.280 [main] InFlightMetadataCollectorImpl - Resolving reference to class: com.enterprise.dashboard.model.Application
[DEBUG] 2019-10-06 16:57:43.292 [main] InFlightMetadataCollectorImpl - Resolving reference to class: com.enterprise.dashboard.model.Application
[DEBUG] 2019-10-06 16:57:43.411 [main] SessionFactoryImpl - Building session factory
[DEBUG] 2019-10-06 16:57:43.415 [main] Settings - SessionFactory name : null
[DEBUG] 2019-10-06 16:57:43.416 [main] Settings - Automatic flush during beforeCompletion(): enabled
[DEBUG] 2019-10-06 16:57:43.417 [main] Settings - Automatic session close at end of transaction: disabled
[DEBUG] 2019-10-06 16:57:43.418 [main] Settings - Statistics: disabled
[DEBUG] 2019-10-06 16:57:43.418 [main] Settings - Deleted entity synthetic identifier rollback: disabled
[DEBUG] 2019-10-06 16:57:43.419 [main] Settings - Default entity-mode: pojo
[DEBUG] 2019-10-06 16:57:43.419 [main] Settings - Check Nullability in Core (should be disabled when Bean Validation is on): enabled
[DEBUG] 2019-10-06 16:57:43.419 [main] Settings - Allow initialization of lazy state outside session : disabled
[DEBUG] 2019-10-06 16:57:43.420 [main] Settings - Using BatchFetchStyle : LEGACY
[DEBUG] 2019-10-06 16:57:43.421 [main] Settings - Default batch fetch size: -1
[DEBUG] 2019-10-06 16:57:43.421 [main] Settings - Maximum outer join fetch depth: 2
[DEBUG] 2019-10-06 16:57:43.422 [main] Settings - Default null ordering: NONE
[DEBUG] 2019-10-06 16:57:43.423 [main] Settings - Order SQL updates by primary key: disabled
[DEBUG] 2019-10-06 16:57:43.423 [main] Settings - Order SQL inserts for batching: disabled
[DEBUG] 2019-10-06 16:57:43.423 [main] Settings - multi-tenancy strategy : NONE
[DEBUG] 2019-10-06 16:57:43.424 [main] Settings - JTA Track by Thread: enabled
[DEBUG] 2019-10-06 16:57:43.424 [main] Settings - Query language substitutions: {}
[DEBUG] 2019-10-06 16:57:43.425 [main] Settings - Named query checking : enabled
[DEBUG] 2019-10-06 16:57:43.425 [main] Settings - Second-level cache: disabled
[DEBUG] 2019-10-06 16:57:43.426 [main] Settings - Second-level query cache: disabled
[DEBUG] 2019-10-06 16:57:43.426 [main] Settings - Second-level query cache factory: null
[DEBUG] 2019-10-06 16:57:43.426 [main] Settings - Second-level cache region prefix: null
[DEBUG] 2019-10-06 16:57:43.427 [main] Settings - Optimize second-level cache for minimal puts: disabled
[DEBUG] 2019-10-06 16:57:43.427 [main] Settings - Structured second-level cache entries: disabled
[DEBUG] 2019-10-06 16:57:43.428 [main] Settings - Second-level cache direct-reference entries: disabled
[DEBUG] 2019-10-06 16:57:43.428 [main] Settings - Automatic eviction of collection cache: disabled
[DEBUG] 2019-10-06 16:57:43.428 [main] Settings - JDBC batch size: 15
[DEBUG] 2019-10-06 16:57:43.428 [main] Settings - JDBC batch updates for versioned data: enabled
[DEBUG] 2019-10-06 16:57:43.429 [main] Settings - Scrollable result sets: enabled
[DEBUG] 2019-10-06 16:57:43.429 [main] Settings - Wrap result sets: disabled
[DEBUG] 2019-10-06 16:57:43.429 [main] Settings - JDBC3 getGeneratedKeys(): enabled
[DEBUG] 2019-10-06 16:57:43.430 [main] Settings - JDBC result set fetch size: null
[DEBUG] 2019-10-06 16:57:43.430 [main] Settings - Connection release mode: AFTER_TRANSACTION
[DEBUG] 2019-10-06 16:57:43.430 [main] Settings - Generate SQL with comments: disabled
[DEBUG] 2019-10-06 16:57:43.431 [main] Settings - JPA compliance - query : 
[DEBUG] 2019-10-06 16:57:43.431 [main] Settings - JPA compliance - closed-handling : 
[DEBUG] 2019-10-06 16:57:43.431 [main] Settings - JPA compliance - lists : 
[DEBUG] 2019-10-06 16:57:43.431 [main] Settings - JPA compliance - transactions : 
[INFO ] 2019-10-06 16:57:43.633 [main] beans - HHH10005002: No explicit CDI BeanManager reference was passed to Hibernate, but CDI is available on the Hibernate ClassLoader.
[DEBUG] 2019-10-06 16:57:43.724 [main] SessionFactoryImpl - Session factory constructed with filter configurations : {}
[DEBUG] 2019-10-06 16:57:43.724 [main] SessionFactoryImpl - Instantiating session factory with properties: {gopherProxySet=false, awt.toolkit=sun.lwawt.macosx.LWCToolkit, java.specification.version=11, sun.cpu.isalist=, hibernate.c3p0.idle_test_period=3000, sun.jnu.encoding=UTF-8, hibernate.c3p0.min_size=5, java.class.path=/Applications/IntelliJ IDEA.app/Contents/lib/idea_rt.jar:/Applications/IntelliJ IDEA.app/Contents/plugins/junit/lib/junit-rt.jar:/Applications/IntelliJ IDEA.app/Contents/plugins/junit/lib/junit5-rt.jar:/Users/Sdrshn-Home/IdeaProjects/entjavadashboard/target/test-classes:/Users/Sdrshn-Home/IdeaProjects/entjavadashboard/target/classes:/Users/Sdrshn-Home/.m2/repository/org/hibernate/hibernate-core/5.4.4.Final/hibernate-core-5.4.4.Final.jar:/Users/Sdrshn-Home/.m2/repository/org/jboss/logging/jboss-logging/3.3.2.Final/jboss-logging-3.3.2.Final.jar:/Users/Sdrshn-Home/.m2/repository/javax/persistence/javax.persistence-api/2.2/javax.persistence-api-2.2.jar:/Users/Sdrshn-Home/.m2/repository/org/javassist/javassist/3.24.0-GA/javassist-3.24.0-GA.jar:/Users/Sdrshn-Home/.m2/repository/net/bytebuddy/byte-buddy/1.9.11/byte-buddy-1.9.11.jar:/Users/Sdrshn-Home/.m2/repository/antlr/antlr/2.7.7/antlr-2.7.7.jar:/Users/Sdrshn-Home/.m2/repository/org/jboss/spec/javax/transaction/jboss-transaction-api_1.2_spec/1.1.1.Final/jboss-transaction-api_1.2_spec-1.1.1.Final.jar:/Users/Sdrshn-Home/.m2/repository/org/jboss/jandex/2.0.5.Final/jandex-2.0.5.Final.jar:/Users/Sdrshn-Home/.m2/repository/com/fasterxml/classmate/1.3.4/classmate-1.3.4.jar:/Users/Sdrshn-Home/.m2/repository/javax/activation/javax.activation-api/1.2.0/javax.activation-api-1.2.0.jar:/Users/Sdrshn-Home/.m2/repository/org/dom4j/dom4j/2.1.1/dom4j-2.1.1.jar:/Users/Sdrshn-Home/.m2/repository/org/hibernate/common/hibernate-commons-annotations/5.1.0.Final/hibernate-commons-annotations-5.1.0.Final.jar:/Users/Sdrshn-Home/.m2/repository/javax/xml/bind/jaxb-api/2.3.1/jaxb-api-2.3.1.jar:/Users/Sdrshn-Home/.m2/repository/org/glassfish/jaxb/jaxb-runtime/2.3.1/jaxb-runtime-2.3.1.jar:/Users/Sdrshn-Home/.m2/repository/org/glassfish/jaxb/txw2/2.3.1/txw2-2.3.1.jar:/Users/Sdrshn-Home/.m2/repository/com/sun/istack/istack-commons-runtime/3.0.7/istack-commons-runtime-3.0.7.jar:/Users/Sdrshn-Home/.m2/repository/org/jvnet/staxex/stax-ex/1.8/stax-ex-1.8.jar:/Users/Sdrshn-Home/.m2/repository/com/sun/xml/fastinfoset/FastInfoset/1.2.15/FastInfoset-1.2.15.jar:/Users/Sdrshn-Home/.m2/repository/org/hibernate/hibernate-c3p0/5.4.4.Final/hibernate-c3p0-5.4.4.Final.jar:/Users/Sdrshn-Home/.m2/repository/com/mchange/c3p0/0.9.5.3/c3p0-0.9.5.3.jar:/Users/Sdrshn-Home/.m2/repository/com/mchange/mchange-commons-java/0.2.15/mchange-commons-java-0.2.15.jar:/Users/Sdrshn-Home/.m2/repository/org/junit/platform/junit-platform-runner/1.0.0/junit-platform-runner-1.0.0.jar:/Users/Sdrshn-Home/.m2/repository/org/apiguardian/apiguardian-api/1.0.0/apiguardian-api-1.0.0.jar:/Users/Sdrshn-Home/.m2/repository/org/junit/platform/junit-platform-launcher/1.0.0/junit-platform-launcher-1.0.0.jar:/Users/Sdrshn-Home/.m2/repository/org/junit/platform/junit-platform-suite-api/1.0.0/junit-platform-suite-api-1.0.0.jar:/Users/Sdrshn-Home/.m2/repository/org/junit/platform/junit-platform-commons/1.0.0/junit-platform-commons-1.0.0.jar:/Users/Sdrshn-Home/.m2/repository/org/junit/vintage/junit-vintage-engine/4.12.0/junit-vintage-engine-4.12.0.jar:/Users/Sdrshn-Home/.m2/repository/org/junit/platform/junit-platform-engine/1.0.0/junit-platform-engine-1.0.0.jar:/Users/Sdrshn-Home/.m2/repository/org/opentest4j/opentest4j/1.0.0/opentest4j-1.0.0.jar:/Users/Sdrshn-Home/.m2/repository/org/junit/jupiter/junit-jupiter-engine/5.0.0/junit-jupiter-engine-5.0.0.jar:/Users/Sdrshn-Home/.m2/repository/org/junit/jupiter/junit-jupiter-api/5.0.0/junit-jupiter-api-5.0.0.jar:/Users/Sdrshn-Home/.m2/repository/junit/junit/4.12/junit-4.12.jar:/Users/Sdrshn-Home/.m2/repository/org/hamcrest/hamcrest-core/1.3/hamcrest-core-1.3.jar:/Users/Sdrshn-Home/.m2/repository/javax/javaee-web-api/7.0/javaee-web-api-7.0.jar:/Users/Sdrshn-Home/.m2/repository/mysql/mysql-connector-java/8.0.16/mysql-connector-java-8.0.16.jar:/Users/Sdrshn-Home/.m2/repository/com/google/protobuf/protobuf-java/3.6.1/protobuf-java-3.6.1.jar:/Users/Sdrshn-Home/.m2/repository/jstl/jstl/1.2/jstl-1.2.jar:/Users/Sdrshn-Home/.m2/repository/org/apache/logging/log4j/log4j-api/2.10.0/log4j-api-2.10.0.jar:/Users/Sdrshn-Home/.m2/repository/org/apache/logging/log4j/log4j-core/2.10.0/log4j-core-2.10.0.jar, java.vm.vendor=Oracle Corporation, sun.arch.data.model=64, idea.test.cyclic.buffer.size=1048576, java.vendor.url=http://java.oracle.com/, user.timezone=America/Chicago, os.name=Mac OS X, java.vm.specification.version=11, sun.java.launcher=SUN_STANDARD, user.country=US, sun.boot.library.path=/Library/Java/JavaVirtualMachines/jdk-11.0.4.jdk/Contents/Home/lib, sun.java.command=com.intellij.rt.execution.junit.JUnitStarter -ideVersion5 -junit5 com.enterprise.dashboard.dao.TestApplicationDao,insertWithErrorRecordSuccess, jdk.debug=release, sun.cpu.endian=little, user.home=/Users/Sdrshn-Home, hibernate.c3p0.max_statements=50, user.language=en, java.specification.vendor=Oracle Corporation, java.version.date=2019-07-16, java.home=/Library/Java/JavaVirtualMachines/jdk-11.0.4.jdk/Contents/Home, file.separator=/, java.vm.compressedOopsMode=Zero based, line.separator=
, hibernate.c3p0.timeout=300, java.specification.name=Java Platform API Specification, java.vm.specification.vendor=Oracle Corporation, java.awt.graphicsenv=sun.awt.CGraphicsEnvironment, connection.password=student, sun.management.compiler=HotSpot 64-Bit Tiered Compilers, hibernate.c3p0.max_size=20, java.runtime.version=11.0.4+10-LTS, user.name=Sdrshn-Home, path.separator=:, hibernate.connection.username=****, os.version=10.13.6, java.runtime.name=Java(TM) SE Runtime Environment, hibernate.connection.url=jdbc:mysql://localhost:3307/dashboard, file.encoding=UTF-8, java.vm.name=Java HotSpot(TM) 64-Bit Server VM, java.vendor.version=18.9, hibernate.connection.driver_class=com.mysql.cj.jdbc.Driver, java.vendor.url.bug=http://bugreport.java.com/bugreport/, java.io.tmpdir=/var/folders/6g/c2d6vh4s4yn046jwp22bplkm0000gn/T/, java.version=11.0.4, user.dir=/Users/Sdrshn-Home/IdeaProjects/entjavadashboard, os.arch=x86_64, connection.username=root, java.vm.specification.name=Java Virtual Machine Specification, java.awt.printerjob=sun.lwawt.macosx.CPrinterJob, hibernate.connection.password=****, sun.os.patch.level=unknown, connection.driver_class=com.mysql.cj.jdbc.Driver, hibernate.boot.CfgXmlAccessService.key=org.hibernate.boot.cfgxml.spi.LoadedConfig@6048e26a, java.library.path=/Users/Sdrshn-Home/Library/Java/Extensions:/Library/Java/Extensions:/Network/Library/Java/Extensions:/System/Library/Java/Extensions:/usr/lib/java:., java.vendor=Oracle Corporation, java.vm.info=mixed mode, java.vm.version=11.0.4+10-LTS, hibernate.bytecode.use_reflection_optimizer=false, sun.io.unicode.encoding=UnicodeBig, connection.url=jdbc:mysql://localhost:3307/dashboard, java.class.version=55.0}
[DEBUG] 2019-10-06 16:57:43.808 [main] TypeSafeActivator - Unable to acquire Bean Validation ValidatorFactory, skipping activation
[DEBUG] 2019-10-06 16:57:43.808 [main] JaccIntegrator - Skipping JACC integration as it was not enabled
[DEBUG] 2019-10-06 16:57:43.812 [main] SessionFactoryImpl - Instantiated session factory
[DEBUG] 2019-10-06 16:57:43.813 [main] TypeConfiguration$Scope - Scoping TypeConfiguration [org.hibernate.type.spi.TypeConfiguration@748f93bb] to SessionFactoryImpl [org.hibernate.internal.SessionFactoryImpl@160b4809]
[DEBUG] 2019-10-06 16:57:44.099 [main] ClassLoaderAccessImpl - Not known whether passed class name [com.enterprise.dashboard.model.Application] is safe
[DEBUG] 2019-10-06 16:57:44.106 [main] ClassLoaderAccessImpl - No temp ClassLoader provided; using live ClassLoader for loading potentially unsafe class : com.enterprise.dashboard.model.Application
[DEBUG] 2019-10-06 16:57:44.213 [main] ClassLoaderAccessImpl - Not known whether passed class name [com.enterprise.dashboard.model.Application] is safe
[DEBUG] 2019-10-06 16:57:44.213 [main] ClassLoaderAccessImpl - No temp ClassLoader provided; using live ClassLoader for loading potentially unsafe class : com.enterprise.dashboard.model.Application
[DEBUG] 2019-10-06 16:57:45.749 [main] ClassLoaderAccessImpl - Not known whether passed class name [com.enterprise.dashboard.model.ErrorData] is safe
[DEBUG] 2019-10-06 16:57:45.750 [main] ClassLoaderAccessImpl - No temp ClassLoader provided; using live ClassLoader for loading potentially unsafe class : com.enterprise.dashboard.model.ErrorData
[DEBUG] 2019-10-06 16:57:45.751 [main] ClassLoaderAccessImpl - Not known whether passed class name [com.enterprise.dashboard.model.ErrorData] is safe
[DEBUG] 2019-10-06 16:57:45.751 [main] ClassLoaderAccessImpl - No temp ClassLoader provided; using live ClassLoader for loading potentially unsafe class : com.enterprise.dashboard.model.ErrorData
[DEBUG] 2019-10-06 16:57:46.064 [main] AbstractCollectionPersister - Static SQL for collection: com.enterprise.dashboard.model.Application.errorDataSet
[DEBUG] 2019-10-06 16:57:46.065 [main] AbstractCollectionPersister -  Row insert: update ERROR_DATA set application_ID=? where ID=?
[DEBUG] 2019-10-06 16:57:46.066 [main] AbstractCollectionPersister -  Row update: update ERROR_DATA set  where ID=?
[DEBUG] 2019-10-06 16:57:46.066 [main] AbstractCollectionPersister -  Row delete: update ERROR_DATA set application_ID=null where application_ID=? and ID=?
[DEBUG] 2019-10-06 16:57:46.066 [main] AbstractCollectionPersister -  One-shot delete: update ERROR_DATA set application_ID=null where application_ID=?
[DEBUG] 2019-10-06 16:57:46.101 [main] AbstractEntityPersister - Static SQL for entity: com.enterprise.dashboard.model.Application
[DEBUG] 2019-10-06 16:57:46.101 [main] AbstractEntityPersister -  Version select: select ID from APPLICATIONS where ID =?
[DEBUG] 2019-10-06 16:57:46.102 [main] AbstractEntityPersister -  Snapshot select: select applicatio_.ID, applicatio_.DESCRIPTION as DESCRIPT2_0_, applicatio_.NAME as NAME3_0_ from APPLICATIONS applicatio_ where applicatio_.ID=?
[DEBUG] 2019-10-06 16:57:46.102 [main] AbstractEntityPersister -  Insert 0: insert into APPLICATIONS (DESCRIPTION, NAME, ID) values (?, ?, ?)
[DEBUG] 2019-10-06 16:57:46.102 [main] AbstractEntityPersister -  Update 0: update APPLICATIONS set DESCRIPTION=?, NAME=? where ID=?
[DEBUG] 2019-10-06 16:57:46.103 [main] AbstractEntityPersister -  Delete 0: delete from APPLICATIONS where ID=?
[DEBUG] 2019-10-06 16:57:46.103 [main] AbstractEntityPersister -  Identity insert: insert into APPLICATIONS (DESCRIPTION, NAME) values (?, ?)
[DEBUG] 2019-10-06 16:57:46.308 [main] QuerySpacesImpl - Adding QuerySpace : uid = <gen:0> -> org.hibernate.loader.plan.build.internal.spaces.EntityQuerySpaceImpl@7ac058a0]
[DEBUG] 2019-10-06 16:57:46.315 [main] MetamodelGraphWalker - Visiting attribute path : description
[DEBUG] 2019-10-06 16:57:46.316 [main] MetamodelGraphWalker - Visiting attribute path : errorDataSet
[DEBUG] 2019-10-06 16:57:46.344 [main] QuerySpacesImpl - Adding QuerySpace : uid = <gen:1> -> org.hibernate.loader.plan.build.internal.spaces.CollectionQuerySpaceImpl@1537e43]
[DEBUG] 2019-10-06 16:57:46.366 [main] QuerySpacesImpl - Adding QuerySpace : uid = <gen:2> -> org.hibernate.loader.plan.build.internal.spaces.EntityQuerySpaceImpl@77896335]
[DEBUG] 2019-10-06 16:57:46.372 [main] MetamodelGraphWalker - Visiting attribute path : errorDataSet.application
[DEBUG] 2019-10-06 16:57:46.372 [main] MetamodelGraphWalker - Property path deemed to be circular : errorDataSet.application
[DEBUG] 2019-10-06 16:57:46.388 [main] MetamodelGraphWalker - Visiting attribute path : errorDataSet.description
[DEBUG] 2019-10-06 16:57:46.389 [main] MetamodelGraphWalker - Visiting attribute path : errorDataSet.message
[DEBUG] 2019-10-06 16:57:46.399 [main] MetamodelGraphWalker - Visiting attribute path : name
[DEBUG] 2019-10-06 16:57:46.400 [main] FetchStyleLoadPlanBuildingAssociationVisitationStrategy - Building LoadPlan...
[DEBUG] 2019-10-06 16:57:46.519 [main] LoadQueryJoinAndFetchProcessor - processing queryspace <gen:0>
[DEBUG] 2019-10-06 16:57:46.599 [main] LoadPlanTreePrinter - LoadPlan(entity=com.enterprise.dashboard.model.Application)
    - Returns
       - EntityReturnImpl(entity=com.enterprise.dashboard.model.Application, querySpaceUid=<gen:0>, path=com.enterprise.dashboard.model.Application)
          - CollectionAttributeFetchImpl(collection=com.enterprise.dashboard.model.Application.errorDataSet, querySpaceUid=<gen:1>, path=com.enterprise.dashboard.model.Application.errorDataSet)
             - (collection element) CollectionFetchableElementEntityGraph(entity=com.enterprise.dashboard.model.ErrorData, querySpaceUid=<gen:2>, path=com.enterprise.dashboard.model.Application.errorDataSet.<elements>)
    - QuerySpaces
       - EntityQuerySpaceImpl(uid=<gen:0>, entity=com.enterprise.dashboard.model.Application)
          - SQL table alias mapping - applicatio0_
          - alias suffix - 0_
          - suffixed key columns - {ID1_0_0_}
          - JOIN (JoinDefinedByMetadata(errorDataSet)) : <gen:0> -> <gen:1>
             - CollectionQuerySpaceImpl(uid=<gen:1>, collection=com.enterprise.dashboard.model.Application.errorDataSet)
                - SQL table alias mapping - errordatas1_
                - alias suffix - 1_
                - suffixed key columns - {applicat4_1_1_}
                - entity-element alias suffix - 2_
                - 2_entity-element suffixed key columns - ID1_1_2_
                - JOIN (JoinDefinedByMetadata(elements)) : <gen:1> -> <gen:2>
                   - EntityQuerySpaceImpl(uid=<gen:2>, entity=com.enterprise.dashboard.model.ErrorData)
                      - SQL table alias mapping - errordatas1_
                      - alias suffix - 2_
                      - suffixed key columns - {ID1_1_2_}

[DEBUG] 2019-10-06 16:57:46.615 [main] EntityLoader - Static select for entity com.enterprise.dashboard.model.Application [NONE]: select applicatio0_.ID as ID1_0_0_, applicatio0_.DESCRIPTION as DESCRIPT2_0_0_, applicatio0_.NAME as NAME3_0_0_, errordatas1_.application_ID as applicat4_1_1_, errordatas1_.ID as ID1_1_1_, errordatas1_.ID as ID1_1_2_, errordatas1_.application_ID as applicat4_1_2_, errordatas1_.DESCRIPTION as DESCRIPT2_1_2_, errordatas1_.MESSAGE as MESSAGE3_1_2_ from APPLICATIONS applicatio0_ left outer join ERROR_DATA errordatas1_ on applicatio0_.ID=errordatas1_.application_ID where applicatio0_.ID=?
[DEBUG] 2019-10-06 16:57:46.617 [main] QuerySpacesImpl - Adding QuerySpace : uid = <gen:0> -> org.hibernate.loader.plan.build.internal.spaces.EntityQuerySpaceImpl@70091872]
[DEBUG] 2019-10-06 16:57:46.617 [main] MetamodelGraphWalker - Visiting attribute path : description
[DEBUG] 2019-10-06 16:57:46.618 [main] MetamodelGraphWalker - Visiting attribute path : errorDataSet
[DEBUG] 2019-10-06 16:57:46.618 [main] QuerySpacesImpl - Adding QuerySpace : uid = <gen:1> -> org.hibernate.loader.plan.build.internal.spaces.CollectionQuerySpaceImpl@1d99ee1b]
[DEBUG] 2019-10-06 16:57:46.619 [main] QuerySpacesImpl - Adding QuerySpace : uid = <gen:2> -> org.hibernate.loader.plan.build.internal.spaces.EntityQuerySpaceImpl@3915e7c3]
[DEBUG] 2019-10-06 16:57:46.620 [main] MetamodelGraphWalker - Visiting attribute path : errorDataSet.application
[DEBUG] 2019-10-06 16:57:46.623 [main] MetamodelGraphWalker - Property path deemed to be circular : errorDataSet.application
[DEBUG] 2019-10-06 16:57:46.629 [main] MetamodelGraphWalker - Visiting attribute path : errorDataSet.description
[DEBUG] 2019-10-06 16:57:46.635 [main] MetamodelGraphWalker - Visiting attribute path : errorDataSet.message
[DEBUG] 2019-10-06 16:57:46.636 [main] MetamodelGraphWalker - Visiting attribute path : name
[DEBUG] 2019-10-06 16:57:46.636 [main] FetchStyleLoadPlanBuildingAssociationVisitationStrategy - Building LoadPlan...
[DEBUG] 2019-10-06 16:57:46.637 [main] LoadQueryJoinAndFetchProcessor - processing queryspace <gen:0>
[DEBUG] 2019-10-06 16:57:46.642 [main] LoadPlanTreePrinter - LoadPlan(entity=com.enterprise.dashboard.model.Application)
    - Returns
       - EntityReturnImpl(entity=com.enterprise.dashboard.model.Application, querySpaceUid=<gen:0>, path=com.enterprise.dashboard.model.Application)
          - CollectionAttributeFetchImpl(collection=com.enterprise.dashboard.model.Application.errorDataSet, querySpaceUid=<gen:1>, path=com.enterprise.dashboard.model.Application.errorDataSet)
             - (collection element) CollectionFetchableElementEntityGraph(entity=com.enterprise.dashboard.model.ErrorData, querySpaceUid=<gen:2>, path=com.enterprise.dashboard.model.Application.errorDataSet.<elements>)
    - QuerySpaces
       - EntityQuerySpaceImpl(uid=<gen:0>, entity=com.enterprise.dashboard.model.Application)
          - SQL table alias mapping - applicatio0_
          - alias suffix - 0_
          - suffixed key columns - {ID1_0_0_}
          - JOIN (JoinDefinedByMetadata(errorDataSet)) : <gen:0> -> <gen:1>
             - CollectionQuerySpaceImpl(uid=<gen:1>, collection=com.enterprise.dashboard.model.Application.errorDataSet)
                - SQL table alias mapping - errordatas1_
                - alias suffix - 1_
                - suffixed key columns - {applicat4_1_1_}
                - entity-element alias suffix - 2_
                - 2_entity-element suffixed key columns - ID1_1_2_
                - JOIN (JoinDefinedByMetadata(elements)) : <gen:1> -> <gen:2>
                   - EntityQuerySpaceImpl(uid=<gen:2>, entity=com.enterprise.dashboard.model.ErrorData)
                      - SQL table alias mapping - errordatas1_
                      - alias suffix - 2_
                      - suffixed key columns - {ID1_1_2_}

[DEBUG] 2019-10-06 16:57:46.644 [main] EntityLoader - Static select for entity com.enterprise.dashboard.model.Application [READ]: select applicatio0_.ID as ID1_0_0_, applicatio0_.DESCRIPTION as DESCRIPT2_0_0_, applicatio0_.NAME as NAME3_0_0_, errordatas1_.application_ID as applicat4_1_1_, errordatas1_.ID as ID1_1_1_, errordatas1_.ID as ID1_1_2_, errordatas1_.application_ID as applicat4_1_2_, errordatas1_.DESCRIPTION as DESCRIPT2_1_2_, errordatas1_.MESSAGE as MESSAGE3_1_2_ from APPLICATIONS applicatio0_ left outer join ERROR_DATA errordatas1_ on applicatio0_.ID=errordatas1_.application_ID where applicatio0_.ID=?
[DEBUG] 2019-10-06 16:57:46.739 [main] Loader - Static select for action ACTION_MERGE on entity com.enterprise.dashboard.model.Application: select applicatio0_.ID as ID1_0_1_, applicatio0_.DESCRIPTION as DESCRIPT2_0_1_, applicatio0_.NAME as NAME3_0_1_, errordatas1_.application_ID as applicat4_1_3_, errordatas1_.ID as ID1_1_3_, errordatas1_.ID as ID1_1_0_, errordatas1_.application_ID as applicat4_1_0_, errordatas1_.DESCRIPTION as DESCRIPT2_1_0_, errordatas1_.MESSAGE as MESSAGE3_1_0_ from APPLICATIONS applicatio0_ left outer join ERROR_DATA errordatas1_ on applicatio0_.ID=errordatas1_.application_ID where applicatio0_.ID=?
[DEBUG] 2019-10-06 16:57:46.742 [main] Loader - Static select for action ACTION_REFRESH on entity com.enterprise.dashboard.model.Application: select applicatio0_.ID as ID1_0_1_, applicatio0_.DESCRIPTION as DESCRIPT2_0_1_, applicatio0_.NAME as NAME3_0_1_, errordatas1_.application_ID as applicat4_1_3_, errordatas1_.ID as ID1_1_3_, errordatas1_.ID as ID1_1_0_, errordatas1_.application_ID as applicat4_1_0_, errordatas1_.DESCRIPTION as DESCRIPT2_1_0_, errordatas1_.MESSAGE as MESSAGE3_1_0_ from APPLICATIONS applicatio0_ left outer join ERROR_DATA errordatas1_ on applicatio0_.ID=errordatas1_.application_ID where applicatio0_.ID=?
[DEBUG] 2019-10-06 16:57:46.746 [main] AbstractEntityPersister - Static SQL for entity: com.enterprise.dashboard.model.ErrorData
[DEBUG] 2019-10-06 16:57:46.746 [main] AbstractEntityPersister -  Version select: select ID from ERROR_DATA where ID =?
[DEBUG] 2019-10-06 16:57:46.746 [main] AbstractEntityPersister -  Snapshot select: select errordata_.ID, errordata_.application_ID as applicat4_1_, errordata_.DESCRIPTION as DESCRIPT2_1_, errordata_.MESSAGE as MESSAGE3_1_ from ERROR_DATA errordata_ where errordata_.ID=?
[DEBUG] 2019-10-06 16:57:46.747 [main] AbstractEntityPersister -  Insert 0: insert into ERROR_DATA (application_ID, DESCRIPTION, MESSAGE, ID) values (?, ?, ?, ?)
[DEBUG] 2019-10-06 16:57:46.747 [main] AbstractEntityPersister -  Update 0: update ERROR_DATA set application_ID=?, DESCRIPTION=?, MESSAGE=? where ID=?
[DEBUG] 2019-10-06 16:57:46.747 [main] AbstractEntityPersister -  Delete 0: delete from ERROR_DATA where ID=?
[DEBUG] 2019-10-06 16:57:46.747 [main] AbstractEntityPersister -  Identity insert: insert into ERROR_DATA (application_ID, DESCRIPTION, MESSAGE) values (?, ?, ?)
[DEBUG] 2019-10-06 16:57:46.748 [main] QuerySpacesImpl - Adding QuerySpace : uid = <gen:0> -> org.hibernate.loader.plan.build.internal.spaces.EntityQuerySpaceImpl@5a4464c5]
[DEBUG] 2019-10-06 16:57:46.748 [main] MetamodelGraphWalker - Visiting attribute path : application
[DEBUG] 2019-10-06 16:57:46.749 [main] QuerySpacesImpl - Adding QuerySpace : uid = <gen:1> -> org.hibernate.loader.plan.build.internal.spaces.EntityQuerySpaceImpl@7ab63838]
[DEBUG] 2019-10-06 16:57:46.752 [main] MetamodelGraphWalker - Visiting attribute path : application.description
[DEBUG] 2019-10-06 16:57:46.752 [main] MetamodelGraphWalker - Visiting attribute path : application.errorDataSet
[DEBUG] 2019-10-06 16:57:46.753 [main] MetamodelGraphWalker - Property path deemed to be circular : application.errorDataSet
[DEBUG] 2019-10-06 16:57:46.753 [main] MetamodelGraphWalker - Visiting attribute path : application.name
[DEBUG] 2019-10-06 16:57:46.753 [main] MetamodelGraphWalker - Visiting attribute path : description
[DEBUG] 2019-10-06 16:57:46.754 [main] MetamodelGraphWalker - Visiting attribute path : message
[DEBUG] 2019-10-06 16:57:46.754 [main] FetchStyleLoadPlanBuildingAssociationVisitationStrategy - Building LoadPlan...
[DEBUG] 2019-10-06 16:57:46.755 [main] LoadQueryJoinAndFetchProcessor - processing queryspace <gen:0>
[DEBUG] 2019-10-06 16:57:46.760 [main] LoadPlanTreePrinter - LoadPlan(entity=com.enterprise.dashboard.model.ErrorData)
    - Returns
       - EntityReturnImpl(entity=com.enterprise.dashboard.model.ErrorData, querySpaceUid=<gen:0>, path=com.enterprise.dashboard.model.ErrorData)
          - EntityAttributeFetchImpl(entity=com.enterprise.dashboard.model.Application, querySpaceUid=<gen:1>, path=com.enterprise.dashboard.model.ErrorData.application)
    - QuerySpaces
       - EntityQuerySpaceImpl(uid=<gen:0>, entity=com.enterprise.dashboard.model.ErrorData)
          - SQL table alias mapping - errordata0_
          - alias suffix - 0_
          - suffixed key columns - {ID1_1_0_}
          - JOIN (JoinDefinedByMetadata(application)) : <gen:0> -> <gen:1>
             - EntityQuerySpaceImpl(uid=<gen:1>, entity=com.enterprise.dashboard.model.Application)
                - SQL table alias mapping - applicatio1_
                - alias suffix - 1_
                - suffixed key columns - {ID1_0_1_}

[DEBUG] 2019-10-06 16:57:46.761 [main] EntityLoader - Static select for entity com.enterprise.dashboard.model.ErrorData [NONE]: select errordata0_.ID as ID1_1_0_, errordata0_.application_ID as applicat4_1_0_, errordata0_.DESCRIPTION as DESCRIPT2_1_0_, errordata0_.MESSAGE as MESSAGE3_1_0_, applicatio1_.ID as ID1_0_1_, applicatio1_.DESCRIPTION as DESCRIPT2_0_1_, applicatio1_.NAME as NAME3_0_1_ from ERROR_DATA errordata0_ left outer join APPLICATIONS applicatio1_ on errordata0_.application_ID=applicatio1_.ID where errordata0_.ID=?
[DEBUG] 2019-10-06 16:57:46.763 [main] QuerySpacesImpl - Adding QuerySpace : uid = <gen:0> -> org.hibernate.loader.plan.build.internal.spaces.EntityQuerySpaceImpl@a056b26]
[DEBUG] 2019-10-06 16:57:46.763 [main] MetamodelGraphWalker - Visiting attribute path : application
[DEBUG] 2019-10-06 16:57:46.764 [main] QuerySpacesImpl - Adding QuerySpace : uid = <gen:1> -> org.hibernate.loader.plan.build.internal.spaces.EntityQuerySpaceImpl@250967f1]
[DEBUG] 2019-10-06 16:57:46.765 [main] MetamodelGraphWalker - Visiting attribute path : application.description
[DEBUG] 2019-10-06 16:57:46.765 [main] MetamodelGraphWalker - Visiting attribute path : application.errorDataSet
[DEBUG] 2019-10-06 16:57:46.766 [main] MetamodelGraphWalker - Property path deemed to be circular : application.errorDataSet
[DEBUG] 2019-10-06 16:57:46.766 [main] MetamodelGraphWalker - Visiting attribute path : application.name
[DEBUG] 2019-10-06 16:57:46.766 [main] MetamodelGraphWalker - Visiting attribute path : description
[DEBUG] 2019-10-06 16:57:46.767 [main] MetamodelGraphWalker - Visiting attribute path : message
[DEBUG] 2019-10-06 16:57:46.767 [main] FetchStyleLoadPlanBuildingAssociationVisitationStrategy - Building LoadPlan...
[DEBUG] 2019-10-06 16:57:46.768 [main] LoadQueryJoinAndFetchProcessor - processing queryspace <gen:0>
[DEBUG] 2019-10-06 16:57:46.770 [main] LoadPlanTreePrinter - LoadPlan(entity=com.enterprise.dashboard.model.ErrorData)
    - Returns
       - EntityReturnImpl(entity=com.enterprise.dashboard.model.ErrorData, querySpaceUid=<gen:0>, path=com.enterprise.dashboard.model.ErrorData)
          - EntityAttributeFetchImpl(entity=com.enterprise.dashboard.model.Application, querySpaceUid=<gen:1>, path=com.enterprise.dashboard.model.ErrorData.application)
    - QuerySpaces
       - EntityQuerySpaceImpl(uid=<gen:0>, entity=com.enterprise.dashboard.model.ErrorData)
          - SQL table alias mapping - errordata0_
          - alias suffix - 0_
          - suffixed key columns - {ID1_1_0_}
          - JOIN (JoinDefinedByMetadata(application)) : <gen:0> -> <gen:1>
             - EntityQuerySpaceImpl(uid=<gen:1>, entity=com.enterprise.dashboard.model.Application)
                - SQL table alias mapping - applicatio1_
                - alias suffix - 1_
                - suffixed key columns - {ID1_0_1_}

[DEBUG] 2019-10-06 16:57:46.771 [main] EntityLoader - Static select for entity com.enterprise.dashboard.model.ErrorData [READ]: select errordata0_.ID as ID1_1_0_, errordata0_.application_ID as applicat4_1_0_, errordata0_.DESCRIPTION as DESCRIPT2_1_0_, errordata0_.MESSAGE as MESSAGE3_1_0_, applicatio1_.ID as ID1_0_1_, applicatio1_.DESCRIPTION as DESCRIPT2_0_1_, applicatio1_.NAME as NAME3_0_1_ from ERROR_DATA errordata0_ left outer join APPLICATIONS applicatio1_ on errordata0_.application_ID=applicatio1_.ID where errordata0_.ID=?
[DEBUG] 2019-10-06 16:57:46.772 [main] Loader - Static select for action ACTION_MERGE on entity com.enterprise.dashboard.model.ErrorData: select errordata0_.ID as ID1_1_0_, errordata0_.application_ID as applicat4_1_0_, errordata0_.DESCRIPTION as DESCRIPT2_1_0_, errordata0_.MESSAGE as MESSAGE3_1_0_ from ERROR_DATA errordata0_ where errordata0_.ID=?
[DEBUG] 2019-10-06 16:57:46.773 [main] Loader - Static select for action ACTION_REFRESH on entity com.enterprise.dashboard.model.ErrorData: select errordata0_.ID as ID1_1_0_, errordata0_.application_ID as applicat4_1_0_, errordata0_.DESCRIPTION as DESCRIPT2_1_0_, errordata0_.MESSAGE as MESSAGE3_1_0_ from ERROR_DATA errordata0_ where errordata0_.ID=?
[DEBUG] 2019-10-06 16:57:46.794 [main] QuerySpacesImpl - Adding QuerySpace : uid = <gen:0> -> org.hibernate.loader.plan.build.internal.spaces.CollectionQuerySpaceImpl@2dd0a0d0]
[DEBUG] 2019-10-06 16:57:46.794 [main] QuerySpacesImpl - Adding QuerySpace : uid = <gen:1> -> org.hibernate.loader.plan.build.internal.spaces.EntityQuerySpaceImpl@6bf570c]
[DEBUG] 2019-10-06 16:57:46.795 [main] MetamodelGraphWalker - Visiting attribute path : application
[DEBUG] 2019-10-06 16:57:46.796 [main] MetamodelGraphWalker - Property path deemed to be circular : application
[DEBUG] 2019-10-06 16:57:46.796 [main] MetamodelGraphWalker - Visiting attribute path : description
[DEBUG] 2019-10-06 16:57:46.796 [main] MetamodelGraphWalker - Visiting attribute path : message
[DEBUG] 2019-10-06 16:57:46.797 [main] FetchStyleLoadPlanBuildingAssociationVisitationStrategy - Building LoadPlan...
[DEBUG] 2019-10-06 16:57:46.805 [main] LoadQueryJoinAndFetchProcessor - processing queryspace <gen:0>
[DEBUG] 2019-10-06 16:57:46.807 [main] LoadPlanTreePrinter - LoadPlan(collection=com.enterprise.dashboard.model.Application.errorDataSet)
    - Returns
       - CollectionReturnImpl(collection=com.enterprise.dashboard.model.Application.errorDataSet, querySpaceUid=<gen:0>, path=[com.enterprise.dashboard.model.Application.errorDataSet])
          - (collection element) CollectionFetchableElementEntityGraph(entity=com.enterprise.dashboard.model.ErrorData, querySpaceUid=<gen:1>, path=[com.enterprise.dashboard.model.Application.errorDataSet].<elements>)
    - QuerySpaces
       - CollectionQuerySpaceImpl(uid=<gen:0>, collection=com.enterprise.dashboard.model.Application.errorDataSet)
          - SQL table alias mapping - errordatas0_
          - alias suffix - 0_
          - suffixed key columns - {applicat4_1_0_}
          - entity-element alias suffix - 1_
          - 1_entity-element suffixed key columns - ID1_1_1_
          - JOIN (JoinDefinedByMetadata(elements)) : <gen:0> -> <gen:1>
             - EntityQuerySpaceImpl(uid=<gen:1>, entity=com.enterprise.dashboard.model.ErrorData)
                - SQL table alias mapping - errordatas0_
                - alias suffix - 1_
                - suffixed key columns - {ID1_1_1_}

[DEBUG] 2019-10-06 16:57:46.809 [main] CollectionLoader - Static select for collection com.enterprise.dashboard.model.Application.errorDataSet: select errordatas0_.application_ID as applicat4_1_0_, errordatas0_.ID as ID1_1_0_, errordatas0_.ID as ID1_1_1_, errordatas0_.application_ID as applicat4_1_1_, errordatas0_.DESCRIPTION as DESCRIPT2_1_1_, errordatas0_.MESSAGE as MESSAGE3_1_1_ from ERROR_DATA errordatas0_ where errordatas0_.application_ID=?
[DEBUG] 2019-10-06 16:57:47.014 [main] SchemaManagementToolCoordinator - No actions specified; doing nothing
[DEBUG] 2019-10-06 16:57:47.015 [main] JtaPlatformInitiator - No JtaPlatform was specified, checking resolver
[DEBUG] 2019-10-06 16:57:47.021 [main] JtaPlatformResolverInitiator - No JtaPlatformResolver was specified, using default [org.hibernate.engine.transaction.jta.platform.internal.StandardJtaPlatformResolver]
[DEBUG] 2019-10-06 16:57:47.069 [main] StandardJtaPlatformResolver - Could not resolve JtaPlatform, using default [org.hibernate.engine.transaction.jta.platform.internal.NoJtaPlatform]
[INFO ] 2019-10-06 16:57:47.071 [main] JtaPlatformInitiator - HHH000490: Using JtaPlatform implementation: [org.hibernate.engine.transaction.jta.platform.internal.NoJtaPlatform]
[DEBUG] 2019-10-06 16:57:47.079 [main] NamedQueryRepository - Checking 0 named HQL queries
[DEBUG] 2019-10-06 16:57:47.079 [main] NamedQueryRepository - Checking 0 named SQL queries
[DEBUG] 2019-10-06 16:57:47.086 [main] SessionFactoryRegistry - Initializing SessionFactoryRegistry : org.hibernate.internal.SessionFactoryRegistry@7f51f588
[DEBUG] 2019-10-06 16:57:47.095 [main] SessionFactoryRegistry - Registering SessionFactory: 49e55dfb-0891-43a5-a215-10a85215f96c (<unnamed>)
[DEBUG] 2019-10-06 16:57:47.096 [main] SessionFactoryRegistry - Not binding SessionFactory to JNDI, no JNDI name configured
[DEBUG] 2019-10-06 16:57:47.582 [main] StatisticsInitiator - Statistics initialized [enabled=false]
[DEBUG] 2019-10-06 16:57:47.624 [main] TransactionImpl - On TransactionImpl creation, JpaCompliance#isJpaTransactionComplianceEnabled == false
[DEBUG] 2019-10-06 16:57:47.625 [main] TransactionImpl - begin
[DEBUG] 2019-10-06 16:57:48.020 [main] ActionQueue - Executing identity-insert immediately
[DEBUG] 2019-10-06 16:57:48.112 [main] SQL - insert into APPLICATIONS (DESCRIPTION, NAME) values (?, ?)
[DEBUG] 2019-10-06 16:57:48.422 [main] IdentifierGeneratorHelper - Natively generated identity: 6
[DEBUG] 2019-10-06 16:57:48.423 [main] ResourceRegistryStandardImpl - HHH000387: ResultSet's statement was not registered
[DEBUG] 2019-10-06 16:57:48.444 [main] ActionQueue - Executing identity-insert immediately
[DEBUG] 2019-10-06 16:57:48.445 [main] SQL - insert into ERROR_DATA (application_ID, DESCRIPTION, MESSAGE) values (?, ?, ?)
[DEBUG] 2019-10-06 16:57:48.473 [main] IdentifierGeneratorHelper - Natively generated identity: 10
[DEBUG] 2019-10-06 16:57:48.473 [main] ResourceRegistryStandardImpl - HHH000387: ResultSet's statement was not registered
[DEBUG] 2019-10-06 16:57:48.478 [main] TransactionImpl - committing
[DEBUG] 2019-10-06 16:57:48.481 [main] AbstractFlushingEventListener - Processing flush-time cascades
[DEBUG] 2019-10-06 16:57:48.487 [main] AbstractFlushingEventListener - Dirty checking collections
[DEBUG] 2019-10-06 16:57:48.519 [main] Collections - Collection found: [com.enterprise.dashboard.model.Application.errorDataSet#6], was: [<unreferenced>] (initialized)
[DEBUG] 2019-10-06 16:57:48.548 [main] AbstractFlushingEventListener - Flushed: 0 insertions, 0 updates, 0 deletions to 2 objects
[DEBUG] 2019-10-06 16:57:48.548 [main] AbstractFlushingEventListener - Flushed: 1 (re)creations, 0 updates, 0 removals to 1 collections
[DEBUG] 2019-10-06 16:57:48.590 [main] EntityPrinter - Listing entities:
[DEBUG] 2019-10-06 16:57:48.594 [main] EntityPrinter - com.enterprise.dashboard.model.ErrorData{application=com.enterprise.dashboard.model.Application#6, description=this is a test error , id=10, message=ERR-111}
[DEBUG] 2019-10-06 16:57:48.596 [main] EntityPrinter - com.enterprise.dashboard.model.Application{errorDataSet=[com.enterprise.dashboard.model.ErrorData#10], name=Application Test, description=This is a test Application, id=6}
[DEBUG] 2019-10-06 16:57:48.672 [main] LogicalConnectionManagedImpl - Initiating JDBC connection release from afterTransaction
[DEBUG] 2019-10-06 16:57:48.682 [main] LogicalConnectionManagedImpl - Initiating JDBC connection release from afterTransaction
