[DEBUG] 2019-10-20 22:10:44.271 [main] IntegratorServiceImpl - Adding Integrator [org.hibernate.cfg.beanvalidation.BeanValidationIntegrator].
[DEBUG] 2019-10-20 22:10:44.276 [main] IntegratorServiceImpl - Adding Integrator [org.hibernate.secure.spi.JaccIntegrator].
[DEBUG] 2019-10-20 22:10:44.279 [main] IntegratorServiceImpl - Adding Integrator [org.hibernate.cache.internal.CollectionCacheInvalidator].
[INFO ] 2019-10-20 22:10:44.338 [main] Version - HHH000412: Hibernate Core {5.4.4.Final}
[DEBUG] 2019-10-20 22:10:44.340 [main] Environment - HHH000206: hibernate.properties not found
[DEBUG] 2019-10-20 22:10:44.494 [main] LocalXmlResourceResolver - Interpreting public/system identifier : [-//Hibernate/Hibernate Configuration DTD//EN] - [http://www.hibernate.org/dtd/hibernate-configuration-3.0.dtd]
[DEBUG] 2019-10-20 22:10:44.496 [main] LocalXmlResourceResolver - Recognized hibernate-configuration identifier; attempting to resolve on classpath under org/hibernate/
[DEBUG] 2019-10-20 22:10:44.504 [main] JaxbCfgProcessor - cfg.xml document did not define namespaces; wrapping in custom event reader to introduce namespace information
[DEBUG] 2019-10-20 22:10:44.732 [main] ServiceBinding - Overriding existing service binding [org.hibernate.secure.spi.JaccService]
[DEBUG] 2019-10-20 22:10:44.754 [main] RegionFactoryInitiator - Cannot default RegionFactory based on registered strategies as `[]` RegionFactory strategies were registered
[DEBUG] 2019-10-20 22:10:44.754 [main] RegionFactoryInitiator - Cache region factory : org.hibernate.cache.internal.NoCachingRegionFactory
[INFO ] 2019-10-20 22:10:44.776 [main] Version - HCANN000001: Hibernate Commons Annotations {5.1.0.Final}
[DEBUG] 2019-10-20 22:10:44.801 [main] BasicTypeRegistry - Adding type registration boolean -> org.hibernate.type.BooleanType@6884f0d9
[DEBUG] 2019-10-20 22:10:44.801 [main] BasicTypeRegistry - Adding type registration boolean -> org.hibernate.type.BooleanType@6884f0d9
[DEBUG] 2019-10-20 22:10:44.802 [main] BasicTypeRegistry - Adding type registration java.lang.Boolean -> org.hibernate.type.BooleanType@6884f0d9
[DEBUG] 2019-10-20 22:10:44.802 [main] BasicTypeRegistry - Adding type registration numeric_boolean -> org.hibernate.type.NumericBooleanType@103082dd
[DEBUG] 2019-10-20 22:10:44.803 [main] BasicTypeRegistry - Adding type registration true_false -> org.hibernate.type.TrueFalseType@70cccd8f
[DEBUG] 2019-10-20 22:10:44.803 [main] BasicTypeRegistry - Adding type registration yes_no -> org.hibernate.type.YesNoType@71d9cb05
[DEBUG] 2019-10-20 22:10:44.804 [main] BasicTypeRegistry - Adding type registration byte -> org.hibernate.type.ByteType@34d4860f
[DEBUG] 2019-10-20 22:10:44.804 [main] BasicTypeRegistry - Adding type registration byte -> org.hibernate.type.ByteType@34d4860f
[DEBUG] 2019-10-20 22:10:44.804 [main] BasicTypeRegistry - Adding type registration java.lang.Byte -> org.hibernate.type.ByteType@34d4860f
[DEBUG] 2019-10-20 22:10:44.806 [main] BasicTypeRegistry - Adding type registration character -> org.hibernate.type.CharacterType@7d2998d8
[DEBUG] 2019-10-20 22:10:44.806 [main] BasicTypeRegistry - Adding type registration char -> org.hibernate.type.CharacterType@7d2998d8
[DEBUG] 2019-10-20 22:10:44.806 [main] BasicTypeRegistry - Adding type registration java.lang.Character -> org.hibernate.type.CharacterType@7d2998d8
[DEBUG] 2019-10-20 22:10:44.807 [main] BasicTypeRegistry - Adding type registration short -> org.hibernate.type.ShortType@5555ffcf
[DEBUG] 2019-10-20 22:10:44.807 [main] BasicTypeRegistry - Adding type registration short -> org.hibernate.type.ShortType@5555ffcf
[DEBUG] 2019-10-20 22:10:44.808 [main] BasicTypeRegistry - Adding type registration java.lang.Short -> org.hibernate.type.ShortType@5555ffcf
[DEBUG] 2019-10-20 22:10:44.809 [main] BasicTypeRegistry - Adding type registration integer -> org.hibernate.type.IntegerType@5a2fa51f
[DEBUG] 2019-10-20 22:10:44.809 [main] BasicTypeRegistry - Adding type registration int -> org.hibernate.type.IntegerType@5a2fa51f
[DEBUG] 2019-10-20 22:10:44.809 [main] BasicTypeRegistry - Adding type registration java.lang.Integer -> org.hibernate.type.IntegerType@5a2fa51f
[DEBUG] 2019-10-20 22:10:44.810 [main] BasicTypeRegistry - Adding type registration long -> org.hibernate.type.LongType@3f725306
[DEBUG] 2019-10-20 22:10:44.810 [main] BasicTypeRegistry - Adding type registration long -> org.hibernate.type.LongType@3f725306
[DEBUG] 2019-10-20 22:10:44.810 [main] BasicTypeRegistry - Adding type registration java.lang.Long -> org.hibernate.type.LongType@3f725306
[DEBUG] 2019-10-20 22:10:44.811 [main] BasicTypeRegistry - Adding type registration float -> org.hibernate.type.FloatType@496a31da
[DEBUG] 2019-10-20 22:10:44.811 [main] BasicTypeRegistry - Adding type registration float -> org.hibernate.type.FloatType@496a31da
[DEBUG] 2019-10-20 22:10:44.811 [main] BasicTypeRegistry - Adding type registration java.lang.Float -> org.hibernate.type.FloatType@496a31da
[DEBUG] 2019-10-20 22:10:44.812 [main] BasicTypeRegistry - Adding type registration double -> org.hibernate.type.DoubleType@2e6f610d
[DEBUG] 2019-10-20 22:10:44.812 [main] BasicTypeRegistry - Adding type registration double -> org.hibernate.type.DoubleType@2e6f610d
[DEBUG] 2019-10-20 22:10:44.813 [main] BasicTypeRegistry - Adding type registration java.lang.Double -> org.hibernate.type.DoubleType@2e6f610d
[DEBUG] 2019-10-20 22:10:44.813 [main] BasicTypeRegistry - Adding type registration big_decimal -> org.hibernate.type.BigDecimalType@6daf7d37
[DEBUG] 2019-10-20 22:10:44.813 [main] BasicTypeRegistry - Adding type registration java.math.BigDecimal -> org.hibernate.type.BigDecimalType@6daf7d37
[DEBUG] 2019-10-20 22:10:44.814 [main] BasicTypeRegistry - Adding type registration big_integer -> org.hibernate.type.BigIntegerType@17690e14
[DEBUG] 2019-10-20 22:10:44.814 [main] BasicTypeRegistry - Adding type registration java.math.BigInteger -> org.hibernate.type.BigIntegerType@17690e14
[DEBUG] 2019-10-20 22:10:44.815 [main] BasicTypeRegistry - Adding type registration string -> org.hibernate.type.StringType@5d7ca698
[DEBUG] 2019-10-20 22:10:44.815 [main] BasicTypeRegistry - Adding type registration java.lang.String -> org.hibernate.type.StringType@5d7ca698
[DEBUG] 2019-10-20 22:10:44.816 [main] BasicTypeRegistry - Adding type registration nstring -> org.hibernate.type.StringNVarcharType@16e7b402
[DEBUG] 2019-10-20 22:10:44.816 [main] BasicTypeRegistry - Adding type registration ncharacter -> org.hibernate.type.CharacterNCharType@24db6ce
[DEBUG] 2019-10-20 22:10:44.817 [main] BasicTypeRegistry - Adding type registration url -> org.hibernate.type.UrlType@6a638c79
[DEBUG] 2019-10-20 22:10:44.817 [main] BasicTypeRegistry - Adding type registration java.net.URL -> org.hibernate.type.UrlType@6a638c79
[DEBUG] 2019-10-20 22:10:44.818 [main] BasicTypeRegistry - Adding type registration Duration -> org.hibernate.type.DurationType@5b22d8a1
[DEBUG] 2019-10-20 22:10:44.818 [main] BasicTypeRegistry - Adding type registration java.time.Duration -> org.hibernate.type.DurationType@5b22d8a1
[DEBUG] 2019-10-20 22:10:44.828 [main] BasicTypeRegistry - Adding type registration Instant -> org.hibernate.type.InstantType@113e13f9
[DEBUG] 2019-10-20 22:10:44.828 [main] BasicTypeRegistry - Adding type registration java.time.Instant -> org.hibernate.type.InstantType@113e13f9
[DEBUG] 2019-10-20 22:10:44.830 [main] BasicTypeRegistry - Adding type registration LocalDateTime -> org.hibernate.type.LocalDateTimeType@124ac145
[DEBUG] 2019-10-20 22:10:44.830 [main] BasicTypeRegistry - Adding type registration java.time.LocalDateTime -> org.hibernate.type.LocalDateTimeType@124ac145
[DEBUG] 2019-10-20 22:10:44.832 [main] BasicTypeRegistry - Adding type registration LocalDate -> org.hibernate.type.LocalDateType@37e0292a
[DEBUG] 2019-10-20 22:10:44.832 [main] BasicTypeRegistry - Adding type registration java.time.LocalDate -> org.hibernate.type.LocalDateType@37e0292a
[DEBUG] 2019-10-20 22:10:44.841 [main] BasicTypeRegistry - Adding type registration LocalTime -> org.hibernate.type.LocalTimeType@9b21bd3
[DEBUG] 2019-10-20 22:10:44.842 [main] BasicTypeRegistry - Adding type registration java.time.LocalTime -> org.hibernate.type.LocalTimeType@9b21bd3
[DEBUG] 2019-10-20 22:10:44.843 [main] BasicTypeRegistry - Adding type registration OffsetDateTime -> org.hibernate.type.OffsetDateTimeType@42ea287
[DEBUG] 2019-10-20 22:10:44.844 [main] BasicTypeRegistry - Adding type registration java.time.OffsetDateTime -> org.hibernate.type.OffsetDateTimeType@42ea287
[DEBUG] 2019-10-20 22:10:44.846 [main] BasicTypeRegistry - Adding type registration OffsetTime -> org.hibernate.type.OffsetTimeType@5ec4ff02
[DEBUG] 2019-10-20 22:10:44.846 [main] BasicTypeRegistry - Adding type registration java.time.OffsetTime -> org.hibernate.type.OffsetTimeType@5ec4ff02
[DEBUG] 2019-10-20 22:10:44.848 [main] BasicTypeRegistry - Adding type registration ZonedDateTime -> org.hibernate.type.ZonedDateTimeType@44bd4b0a
[DEBUG] 2019-10-20 22:10:44.848 [main] BasicTypeRegistry - Adding type registration java.time.ZonedDateTime -> org.hibernate.type.ZonedDateTimeType@44bd4b0a
[DEBUG] 2019-10-20 22:10:44.849 [main] BasicTypeRegistry - Adding type registration date -> org.hibernate.type.DateType@46185a1b
[DEBUG] 2019-10-20 22:10:44.849 [main] BasicTypeRegistry - Adding type registration java.sql.Date -> org.hibernate.type.DateType@46185a1b
[DEBUG] 2019-10-20 22:10:44.850 [main] BasicTypeRegistry - Adding type registration time -> org.hibernate.type.TimeType@72f8ae0c
[DEBUG] 2019-10-20 22:10:44.850 [main] BasicTypeRegistry - Adding type registration java.sql.Time -> org.hibernate.type.TimeType@72f8ae0c
[DEBUG] 2019-10-20 22:10:44.851 [main] BasicTypeRegistry - Adding type registration timestamp -> org.hibernate.type.TimestampType@644ded04
[DEBUG] 2019-10-20 22:10:44.851 [main] BasicTypeRegistry - Adding type registration java.sql.Timestamp -> org.hibernate.type.TimestampType@644ded04
[DEBUG] 2019-10-20 22:10:44.851 [main] BasicTypeRegistry - Adding type registration java.util.Date -> org.hibernate.type.TimestampType@644ded04
[DEBUG] 2019-10-20 22:10:44.852 [main] BasicTypeRegistry - Adding type registration dbtimestamp -> org.hibernate.type.DbTimestampType@5300cac
[DEBUG] 2019-10-20 22:10:44.853 [main] BasicTypeRegistry - Adding type registration calendar -> org.hibernate.type.CalendarType@20cece0b
[DEBUG] 2019-10-20 22:10:44.854 [main] BasicTypeRegistry - Adding type registration java.util.Calendar -> org.hibernate.type.CalendarType@20cece0b
[DEBUG] 2019-10-20 22:10:44.854 [main] BasicTypeRegistry - Adding type registration java.util.GregorianCalendar -> org.hibernate.type.CalendarType@20cece0b
[DEBUG] 2019-10-20 22:10:44.855 [main] BasicTypeRegistry - Adding type registration calendar_date -> org.hibernate.type.CalendarDateType@59f93db8
[DEBUG] 2019-10-20 22:10:44.856 [main] BasicTypeRegistry - Adding type registration locale -> org.hibernate.type.LocaleType@292158f8
[DEBUG] 2019-10-20 22:10:44.856 [main] BasicTypeRegistry - Adding type registration java.util.Locale -> org.hibernate.type.LocaleType@292158f8
[DEBUG] 2019-10-20 22:10:44.857 [main] BasicTypeRegistry - Adding type registration currency -> org.hibernate.type.CurrencyType@7e7f0216
[DEBUG] 2019-10-20 22:10:44.857 [main] BasicTypeRegistry - Adding type registration java.util.Currency -> org.hibernate.type.CurrencyType@7e7f0216
[DEBUG] 2019-10-20 22:10:44.858 [main] BasicTypeRegistry - Adding type registration timezone -> org.hibernate.type.TimeZoneType@5bc7e78e
[DEBUG] 2019-10-20 22:10:44.858 [main] BasicTypeRegistry - Adding type registration java.util.TimeZone -> org.hibernate.type.TimeZoneType@5bc7e78e
[DEBUG] 2019-10-20 22:10:44.865 [main] BasicTypeRegistry - Adding type registration class -> org.hibernate.type.ClassType@b606cb6
[DEBUG] 2019-10-20 22:10:44.865 [main] BasicTypeRegistry - Adding type registration java.lang.Class -> org.hibernate.type.ClassType@b606cb6
[DEBUG] 2019-10-20 22:10:44.866 [main] BasicTypeRegistry - Adding type registration uuid-binary -> org.hibernate.type.UUIDBinaryType@7a729f84
[DEBUG] 2019-10-20 22:10:44.866 [main] BasicTypeRegistry - Adding type registration java.util.UUID -> org.hibernate.type.UUIDBinaryType@7a729f84
[DEBUG] 2019-10-20 22:10:44.867 [main] BasicTypeRegistry - Adding type registration uuid-char -> org.hibernate.type.UUIDCharType@71904469
[DEBUG] 2019-10-20 22:10:44.868 [main] BasicTypeRegistry - Adding type registration binary -> org.hibernate.type.BinaryType@2d9dff65
[DEBUG] 2019-10-20 22:10:44.869 [main] BasicTypeRegistry - Adding type registration byte[] -> org.hibernate.type.BinaryType@2d9dff65
[DEBUG] 2019-10-20 22:10:44.869 [main] BasicTypeRegistry - Adding type registration [B -> org.hibernate.type.BinaryType@2d9dff65
[DEBUG] 2019-10-20 22:10:44.870 [main] BasicTypeRegistry - Adding type registration wrapper-binary -> org.hibernate.type.WrapperBinaryType@6eb17ec8
[DEBUG] 2019-10-20 22:10:44.870 [main] BasicTypeRegistry - Adding type registration Byte[] -> org.hibernate.type.WrapperBinaryType@6eb17ec8
[DEBUG] 2019-10-20 22:10:44.870 [main] BasicTypeRegistry - Adding type registration [Ljava.lang.Byte; -> org.hibernate.type.WrapperBinaryType@6eb17ec8
[DEBUG] 2019-10-20 22:10:44.872 [main] BasicTypeRegistry - Adding type registration row_version -> org.hibernate.type.RowVersionType@4beaf6bd
[DEBUG] 2019-10-20 22:10:44.872 [main] BasicTypeRegistry - Adding type registration image -> org.hibernate.type.ImageType@3374b5bc
[DEBUG] 2019-10-20 22:10:44.874 [main] BasicTypeRegistry - Adding type registration characters -> org.hibernate.type.CharArrayType@146dcfe6
[DEBUG] 2019-10-20 22:10:44.874 [main] BasicTypeRegistry - Adding type registration char[] -> org.hibernate.type.CharArrayType@146dcfe6
[DEBUG] 2019-10-20 22:10:44.874 [main] BasicTypeRegistry - Adding type registration [C -> org.hibernate.type.CharArrayType@146dcfe6
[DEBUG] 2019-10-20 22:10:44.875 [main] BasicTypeRegistry - Adding type registration wrapper-characters -> org.hibernate.type.CharacterArrayType@4a734c04
[DEBUG] 2019-10-20 22:10:44.875 [main] BasicTypeRegistry - Adding type registration [Ljava.lang.Character; -> org.hibernate.type.CharacterArrayType@4a734c04
[DEBUG] 2019-10-20 22:10:44.875 [main] BasicTypeRegistry - Adding type registration Character[] -> org.hibernate.type.CharacterArrayType@4a734c04
[DEBUG] 2019-10-20 22:10:44.876 [main] BasicTypeRegistry - Adding type registration text -> org.hibernate.type.TextType@658255aa
[DEBUG] 2019-10-20 22:10:44.876 [main] BasicTypeRegistry - Adding type registration ntext -> org.hibernate.type.NTextType@3d904e9c
[DEBUG] 2019-10-20 22:10:44.877 [main] BasicTypeRegistry - Adding type registration blob -> org.hibernate.type.BlobType@38d17d80
[DEBUG] 2019-10-20 22:10:44.878 [main] BasicTypeRegistry - Adding type registration java.sql.Blob -> org.hibernate.type.BlobType@38d17d80
[DEBUG] 2019-10-20 22:10:44.878 [main] BasicTypeRegistry - Adding type registration materialized_blob -> org.hibernate.type.MaterializedBlobType@1229a2b7
[DEBUG] 2019-10-20 22:10:44.879 [main] BasicTypeRegistry - Adding type registration clob -> org.hibernate.type.ClobType@46c269e0
[DEBUG] 2019-10-20 22:10:44.879 [main] BasicTypeRegistry - Adding type registration java.sql.Clob -> org.hibernate.type.ClobType@46c269e0
[DEBUG] 2019-10-20 22:10:44.881 [main] BasicTypeRegistry - Adding type registration nclob -> org.hibernate.type.NClobType@252dc8c4
[DEBUG] 2019-10-20 22:10:44.881 [main] BasicTypeRegistry - Adding type registration java.sql.NClob -> org.hibernate.type.NClobType@252dc8c4
[DEBUG] 2019-10-20 22:10:44.881 [main] BasicTypeRegistry - Adding type registration materialized_clob -> org.hibernate.type.MaterializedClobType@2f236de0
[DEBUG] 2019-10-20 22:10:44.882 [main] BasicTypeRegistry - Adding type registration materialized_nclob -> org.hibernate.type.MaterializedNClobType@3968bc60
[DEBUG] 2019-10-20 22:10:44.883 [main] BasicTypeRegistry - Adding type registration serializable -> org.hibernate.type.SerializableType@2849434b
[DEBUG] 2019-10-20 22:10:44.886 [main] BasicTypeRegistry - Adding type registration object -> org.hibernate.type.ObjectType@6edcad64
[DEBUG] 2019-10-20 22:10:44.886 [main] BasicTypeRegistry - Adding type registration java.lang.Object -> org.hibernate.type.ObjectType@6edcad64
[DEBUG] 2019-10-20 22:10:44.886 [main] BasicTypeRegistry - Adding type registration imm_date -> org.hibernate.type.AdaptedImmutableType@623dcf2a
[DEBUG] 2019-10-20 22:10:44.886 [main] BasicTypeRegistry - Adding type registration imm_time -> org.hibernate.type.AdaptedImmutableType@2eae4349
[DEBUG] 2019-10-20 22:10:44.886 [main] BasicTypeRegistry - Adding type registration imm_timestamp -> org.hibernate.type.AdaptedImmutableType@e84fb85
[DEBUG] 2019-10-20 22:10:44.887 [main] BasicTypeRegistry - Adding type registration imm_dbtimestamp -> org.hibernate.type.AdaptedImmutableType@68a4dcc6
[DEBUG] 2019-10-20 22:10:44.887 [main] BasicTypeRegistry - Adding type registration imm_calendar -> org.hibernate.type.AdaptedImmutableType@646c0a67
[DEBUG] 2019-10-20 22:10:44.887 [main] BasicTypeRegistry - Adding type registration imm_calendar_date -> org.hibernate.type.AdaptedImmutableType@3804a9a8
[DEBUG] 2019-10-20 22:10:44.887 [main] BasicTypeRegistry - Adding type registration imm_binary -> org.hibernate.type.AdaptedImmutableType@117525fe
[DEBUG] 2019-10-20 22:10:44.887 [main] BasicTypeRegistry - Adding type registration imm_serializable -> org.hibernate.type.AdaptedImmutableType@5f7989fa
[DEBUG] 2019-10-20 22:10:44.919 [main] DefaultIdentifierGeneratorFactory - Registering IdentifierGenerator strategy [uuid2] -> [org.hibernate.id.UUIDGenerator]
[DEBUG] 2019-10-20 22:10:44.920 [main] DefaultIdentifierGeneratorFactory - Registering IdentifierGenerator strategy [guid] -> [org.hibernate.id.GUIDGenerator]
[DEBUG] 2019-10-20 22:10:44.920 [main] DefaultIdentifierGeneratorFactory - Registering IdentifierGenerator strategy [uuid] -> [org.hibernate.id.UUIDHexGenerator]
[DEBUG] 2019-10-20 22:10:44.920 [main] DefaultIdentifierGeneratorFactory - Registering IdentifierGenerator strategy [uuid.hex] -> [org.hibernate.id.UUIDHexGenerator]
[DEBUG] 2019-10-20 22:10:44.921 [main] DefaultIdentifierGeneratorFactory - Registering IdentifierGenerator strategy [assigned] -> [org.hibernate.id.Assigned]
[DEBUG] 2019-10-20 22:10:44.922 [main] DefaultIdentifierGeneratorFactory - Registering IdentifierGenerator strategy [identity] -> [org.hibernate.id.IdentityGenerator]
[DEBUG] 2019-10-20 22:10:44.922 [main] DefaultIdentifierGeneratorFactory - Registering IdentifierGenerator strategy [select] -> [org.hibernate.id.SelectGenerator]
[DEBUG] 2019-10-20 22:10:44.923 [main] DefaultIdentifierGeneratorFactory - Registering IdentifierGenerator strategy [sequence] -> [org.hibernate.id.enhanced.SequenceStyleGenerator]
[DEBUG] 2019-10-20 22:10:44.924 [main] DefaultIdentifierGeneratorFactory - Registering IdentifierGenerator strategy [seqhilo] -> [org.hibernate.id.SequenceHiLoGenerator]
[DEBUG] 2019-10-20 22:10:44.925 [main] DefaultIdentifierGeneratorFactory - Registering IdentifierGenerator strategy [increment] -> [org.hibernate.id.IncrementGenerator]
[DEBUG] 2019-10-20 22:10:44.925 [main] DefaultIdentifierGeneratorFactory - Registering IdentifierGenerator strategy [foreign] -> [org.hibernate.id.ForeignGenerator]
[DEBUG] 2019-10-20 22:10:44.926 [main] DefaultIdentifierGeneratorFactory - Registering IdentifierGenerator strategy [sequence-identity] -> [org.hibernate.id.SequenceIdentityGenerator]
[DEBUG] 2019-10-20 22:10:44.926 [main] DefaultIdentifierGeneratorFactory - Registering IdentifierGenerator strategy [enhanced-sequence] -> [org.hibernate.id.enhanced.SequenceStyleGenerator]
[DEBUG] 2019-10-20 22:10:44.927 [main] DefaultIdentifierGeneratorFactory - Registering IdentifierGenerator strategy [enhanced-table] -> [org.hibernate.id.enhanced.TableGenerator]
[INFO ] 2019-10-20 22:10:44.932 [main] C3P0ConnectionProvider - HHH010002: C3P0 using driver: com.mysql.cj.jdbc.Driver at URL: jdbc:mysql://localhost:3307/dashboard
[INFO ] 2019-10-20 22:10:44.932 [main] C3P0ConnectionProvider - HHH10001001: Connection properties: {password=****, user=root}
[INFO ] 2019-10-20 22:10:44.932 [main] C3P0ConnectionProvider - HHH10001003: Autocommit mode: false
[INFO ] 2019-10-20 22:10:45.046 [main] C3P0ConnectionProvider - HHH10001007: JDBC isolation level: <unknown>
[DEBUG] 2019-10-20 22:10:45.176 [main] JdbcEnvironmentInitiator - Database ->
       name : MySQL
    version : 8.0.17
      major : 8
      minor : 0
[DEBUG] 2019-10-20 22:10:45.176 [main] JdbcEnvironmentInitiator - Driver ->
       name : MySQL Connector/J
    version : mysql-connector-java-8.0.16 (Revision: 34cbc6bc61f72836e26327537a432d6db7c77de6)
      major : 8
      minor : 0
[DEBUG] 2019-10-20 22:10:45.176 [main] JdbcEnvironmentInitiator - JDBC version : 4.2
[INFO ] 2019-10-20 22:10:45.208 [main] Dialect - HHH000400: Using dialect: org.hibernate.dialect.MySQL8Dialect
[DEBUG] 2019-10-20 22:10:45.229 [main] IdentifierHelperBuilder - JDBC driver metadata reported database stores quoted identifiers in more than one case
[DEBUG] 2019-10-20 22:10:45.260 [main] IdentifierHelperBuilder - IdentifierCaseStrategy for both quoted and unquoted identifiers was set to the same strategy [MIXED]; that will likely lead to problems in schema update and validation if using quoted identifiers
[DEBUG] 2019-10-20 22:10:45.311 [main] Namespace - Created database namespace [logicalName=Name{catalog=null, schema=null}, physicalName=Name{catalog=null, schema=null}]
[DEBUG] 2019-10-20 22:10:45.315 [main] TypeConfiguration$Scope - Scoping TypeConfiguration [org.hibernate.type.spi.TypeConfiguration@5fef2aac] to MetadataBuildingContext [org.hibernate.boot.internal.MetadataBuildingContextRootImpl@7f973a14]
[DEBUG] 2019-10-20 22:10:45.379 [main] AnnotationBinder - Binding entity from annotated class: com.enterprise.dashboard.model.Application
[DEBUG] 2019-10-20 22:10:45.402 [main] Ejb3Column - Binding column: Ejb3DiscriminatorColumn{logicalColumnName'DTYPE', discriminatorTypeName='string'}
[DEBUG] 2019-10-20 22:10:45.405 [main] EntityBinder - Import with entity name Applications
[DEBUG] 2019-10-20 22:10:45.407 [main] EntityBinder - Bind entity com.enterprise.dashboard.model.Application on table APPLICATIONS
[DEBUG] 2019-10-20 22:10:45.433 [main] Ejb3Column - Binding column: Ejb3Column{table=org.hibernate.mapping.Table(APPLICATIONS), mappingColumn=ID, insertable=true, updatable=true, unique=false}
[DEBUG] 2019-10-20 22:10:45.439 [main] PropertyBinder - MetadataSourceProcessor property id with lazy=false
[DEBUG] 2019-10-20 22:10:45.441 [main] AbstractPropertyHolder - Attempting to locate auto-apply AttributeConverter for property [com.enterprise.dashboard.model.Application:id]
[DEBUG] 2019-10-20 22:10:45.442 [main] SimpleValueBinder - building SimpleValue for id
[DEBUG] 2019-10-20 22:10:45.444 [main] PropertyBinder - Building property id
[DEBUG] 2019-10-20 22:10:45.447 [main] BinderHelper - #makeIdGenerator(org.hibernate.mapping.SimpleValue([org.hibernate.mapping.Column(ID)]), id, org.hibernate.id.enhanced.SequenceStyleGenerator, native, ...)
[DEBUG] 2019-10-20 22:10:45.449 [main] Ejb3Column - Binding column: Ejb3Column{table=org.hibernate.mapping.Table(APPLICATIONS), mappingColumn=DESCRIPTION, insertable=true, updatable=true, unique=false}
[DEBUG] 2019-10-20 22:10:45.449 [main] PropertyBinder - MetadataSourceProcessor property description with lazy=false
[DEBUG] 2019-10-20 22:10:45.449 [main] AbstractPropertyHolder - Attempting to locate auto-apply AttributeConverter for property [com.enterprise.dashboard.model.Application:description]
[DEBUG] 2019-10-20 22:10:45.449 [main] SimpleValueBinder - building SimpleValue for description
[DEBUG] 2019-10-20 22:10:45.449 [main] PropertyBinder - Building property description
[DEBUG] 2019-10-20 22:10:45.451 [main] Ejb3Column - Binding column: Ejb3JoinColumn{logicalColumnName='null', referencedColumn='null', mappedBy='application'}
[DEBUG] 2019-10-20 22:10:45.454 [main] Ejb3Column - Binding column: Ejb3Column{table=org.hibernate.mapping.Table(APPLICATIONS), mappingColumn=errorDataSet, insertable=true, updatable=true, unique=false}
[DEBUG] 2019-10-20 22:10:45.455 [main] Ejb3Column - Binding column: Ejb3Column{table=org.hibernate.mapping.Table(APPLICATIONS), mappingColumn=null, insertable=true, updatable=true, unique=false}
[DEBUG] 2019-10-20 22:10:45.463 [main] Ejb3Column - Binding column: Ejb3Column{table=org.hibernate.mapping.Table(APPLICATIONS), mappingColumn=element, insertable=true, updatable=true, unique=false}
[DEBUG] 2019-10-20 22:10:45.464 [main] Ejb3Column - Binding column: Ejb3Column{table=org.hibernate.mapping.Table(APPLICATIONS), mappingColumn=errorDataSet_KEY, insertable=true, updatable=true, unique=false}
[DEBUG] 2019-10-20 22:10:45.464 [main] Ejb3Column - Binding column: Ejb3JoinColumn{logicalColumnName='errorDataSet_KEY', referencedColumn='null', mappedBy='null'}
[DEBUG] 2019-10-20 22:10:45.466 [main] Ejb3Column - Binding column: Ejb3JoinColumn{logicalColumnName='null', referencedColumn='null', mappedBy='application'}
[DEBUG] 2019-10-20 22:10:45.466 [main] Ejb3Column - Binding column: Ejb3JoinColumn{logicalColumnName='null', referencedColumn='null', mappedBy='application'}
[DEBUG] 2019-10-20 22:10:45.468 [main] CollectionBinder - Collection role: com.enterprise.dashboard.model.Application.errorDataSet
[DEBUG] 2019-10-20 22:10:45.471 [main] PropertyBinder - Building property errorDataSet
[DEBUG] 2019-10-20 22:10:45.471 [main] Ejb3Column - Binding column: Ejb3Column{table=org.hibernate.mapping.Table(APPLICATIONS), mappingColumn=NAME, insertable=true, updatable=true, unique=false}
[DEBUG] 2019-10-20 22:10:45.471 [main] PropertyBinder - MetadataSourceProcessor property name with lazy=false
[DEBUG] 2019-10-20 22:10:45.472 [main] AbstractPropertyHolder - Attempting to locate auto-apply AttributeConverter for property [com.enterprise.dashboard.model.Application:name]
[DEBUG] 2019-10-20 22:10:45.472 [main] SimpleValueBinder - building SimpleValue for name
[DEBUG] 2019-10-20 22:10:45.472 [main] PropertyBinder - Building property name
[DEBUG] 2019-10-20 22:10:45.473 [main] AnnotationBinder - Binding entity from annotated class: com.enterprise.dashboard.model.ErrorData
[DEBUG] 2019-10-20 22:10:45.474 [main] Ejb3Column - Binding column: Ejb3DiscriminatorColumn{logicalColumnName'DTYPE', discriminatorTypeName='string'}
[DEBUG] 2019-10-20 22:10:45.474 [main] EntityBinder - Import with entity name ErrorData
[DEBUG] 2019-10-20 22:10:45.474 [main] EntityBinder - Bind entity com.enterprise.dashboard.model.ErrorData on table ERROR_DATA
[DEBUG] 2019-10-20 22:10:45.477 [main] Ejb3Column - Binding column: Ejb3Column{table=org.hibernate.mapping.Table(ERROR_DATA), mappingColumn=ID, insertable=true, updatable=true, unique=false}
[DEBUG] 2019-10-20 22:10:45.477 [main] PropertyBinder - MetadataSourceProcessor property id with lazy=false
[DEBUG] 2019-10-20 22:10:45.477 [main] AbstractPropertyHolder - Attempting to locate auto-apply AttributeConverter for property [com.enterprise.dashboard.model.ErrorData:id]
[DEBUG] 2019-10-20 22:10:45.477 [main] SimpleValueBinder - building SimpleValue for id
[DEBUG] 2019-10-20 22:10:45.477 [main] PropertyBinder - Building property id
[DEBUG] 2019-10-20 22:10:45.477 [main] BinderHelper - #makeIdGenerator(org.hibernate.mapping.SimpleValue([org.hibernate.mapping.Column(ID)]), id, org.hibernate.id.enhanced.SequenceStyleGenerator, native, ...)
[DEBUG] 2019-10-20 22:10:45.478 [main] Ejb3Column - Binding column: Ejb3JoinColumn{logicalColumnName='null', referencedColumn='null', mappedBy='null'}
[DEBUG] 2019-10-20 22:10:45.478 [main] Ejb3Column - Binding column: Ejb3Column{table=org.hibernate.mapping.Table(ERROR_DATA), mappingColumn=application, insertable=true, updatable=true, unique=false}
[DEBUG] 2019-10-20 22:10:45.479 [main] PropertyBinder - Building property application
[DEBUG] 2019-10-20 22:10:45.479 [main] Ejb3Column - Binding column: Ejb3Column{table=org.hibernate.mapping.Table(ERROR_DATA), mappingColumn=DESCRIPTION, insertable=true, updatable=true, unique=false}
[DEBUG] 2019-10-20 22:10:45.479 [main] PropertyBinder - MetadataSourceProcessor property description with lazy=false
[DEBUG] 2019-10-20 22:10:45.479 [main] AbstractPropertyHolder - Attempting to locate auto-apply AttributeConverter for property [com.enterprise.dashboard.model.ErrorData:description]
[DEBUG] 2019-10-20 22:10:45.480 [main] SimpleValueBinder - building SimpleValue for description
[DEBUG] 2019-10-20 22:10:45.480 [main] PropertyBinder - Building property description
[DEBUG] 2019-10-20 22:10:45.480 [main] Ejb3Column - Binding column: Ejb3Column{table=org.hibernate.mapping.Table(ERROR_DATA), mappingColumn=MESSAGE, insertable=true, updatable=true, unique=false}
[DEBUG] 2019-10-20 22:10:45.480 [main] PropertyBinder - MetadataSourceProcessor property message with lazy=false
[DEBUG] 2019-10-20 22:10:45.480 [main] AbstractPropertyHolder - Attempting to locate auto-apply AttributeConverter for property [com.enterprise.dashboard.model.ErrorData:message]
[DEBUG] 2019-10-20 22:10:45.480 [main] SimpleValueBinder - building SimpleValue for message
[DEBUG] 2019-10-20 22:10:45.480 [main] PropertyBinder - Building property message
[DEBUG] 2019-10-20 22:10:45.482 [main] SimpleValueBinder - Starting fillSimpleValue for id
[DEBUG] 2019-10-20 22:10:45.483 [main] SimpleValueBinder - Starting fillSimpleValue for description
[DEBUG] 2019-10-20 22:10:45.483 [main] SimpleValueBinder - Starting fillSimpleValue for name
[DEBUG] 2019-10-20 22:10:45.483 [main] SimpleValueBinder - Starting fillSimpleValue for id
[DEBUG] 2019-10-20 22:10:45.483 [main] SimpleValueBinder - Starting fillSimpleValue for description
[DEBUG] 2019-10-20 22:10:45.483 [main] SimpleValueBinder - Starting fillSimpleValue for message
[DEBUG] 2019-10-20 22:10:45.488 [main] PrimaryKey - Forcing column [id] to be non-null as it is part of the primary key for table [applications]
[DEBUG] 2019-10-20 22:10:45.489 [main] PrimaryKey - Forcing column [id] to be non-null as it is part of the primary key for table [error_data]
[DEBUG] 2019-10-20 22:10:45.489 [main] CollectionSecondPass - Second pass for collection: com.enterprise.dashboard.model.Application.errorDataSet
[DEBUG] 2019-10-20 22:10:45.490 [main] CollectionBinder - Binding a OneToMany: com.enterprise.dashboard.model.Application.errorDataSet through a foreign key
[DEBUG] 2019-10-20 22:10:45.493 [main] CollectionBinder - Mapping collection: com.enterprise.dashboard.model.Application.errorDataSet -> ERROR_DATA
[DEBUG] 2019-10-20 22:10:45.495 [main] TableBinder - Retrieving property com.enterprise.dashboard.model.ErrorData.application
[DEBUG] 2019-10-20 22:10:45.495 [main] CollectionSecondPass - Mapped collection key: application_ID, one-to-many: com.enterprise.dashboard.model.ErrorData
[DEBUG] 2019-10-20 22:10:45.495 [main] InFlightMetadataCollectorImpl - Resolving reference to class: com.enterprise.dashboard.model.Application
[DEBUG] 2019-10-20 22:10:45.498 [main] InFlightMetadataCollectorImpl - Resolving reference to class: com.enterprise.dashboard.model.Application
[DEBUG] 2019-10-20 22:10:45.533 [main] SessionFactoryImpl - Building session factory
[DEBUG] 2019-10-20 22:10:45.534 [main] Settings - SessionFactory name : null
[DEBUG] 2019-10-20 22:10:45.534 [main] Settings - Automatic flush during beforeCompletion(): enabled
[DEBUG] 2019-10-20 22:10:45.534 [main] Settings - Automatic session close at end of transaction: disabled
[DEBUG] 2019-10-20 22:10:45.535 [main] Settings - Statistics: disabled
[DEBUG] 2019-10-20 22:10:45.535 [main] Settings - Deleted entity synthetic identifier rollback: disabled
[DEBUG] 2019-10-20 22:10:45.535 [main] Settings - Default entity-mode: pojo
[DEBUG] 2019-10-20 22:10:45.535 [main] Settings - Check Nullability in Core (should be disabled when Bean Validation is on): enabled
[DEBUG] 2019-10-20 22:10:45.536 [main] Settings - Allow initialization of lazy state outside session : disabled
[DEBUG] 2019-10-20 22:10:45.536 [main] Settings - Using BatchFetchStyle : LEGACY
[DEBUG] 2019-10-20 22:10:45.536 [main] Settings - Default batch fetch size: -1
[DEBUG] 2019-10-20 22:10:45.536 [main] Settings - Maximum outer join fetch depth: 2
[DEBUG] 2019-10-20 22:10:45.536 [main] Settings - Default null ordering: NONE
[DEBUG] 2019-10-20 22:10:45.536 [main] Settings - Order SQL updates by primary key: disabled
[DEBUG] 2019-10-20 22:10:45.536 [main] Settings - Order SQL inserts for batching: disabled
[DEBUG] 2019-10-20 22:10:45.536 [main] Settings - multi-tenancy strategy : NONE
[DEBUG] 2019-10-20 22:10:45.536 [main] Settings - JTA Track by Thread: enabled
[DEBUG] 2019-10-20 22:10:45.536 [main] Settings - Query language substitutions: {}
[DEBUG] 2019-10-20 22:10:45.536 [main] Settings - Named query checking : enabled
[DEBUG] 2019-10-20 22:10:45.537 [main] Settings - Second-level cache: disabled
[DEBUG] 2019-10-20 22:10:45.537 [main] Settings - Second-level query cache: disabled
[DEBUG] 2019-10-20 22:10:45.537 [main] Settings - Second-level query cache factory: null
[DEBUG] 2019-10-20 22:10:45.537 [main] Settings - Second-level cache region prefix: null
[DEBUG] 2019-10-20 22:10:45.537 [main] Settings - Optimize second-level cache for minimal puts: disabled
[DEBUG] 2019-10-20 22:10:45.537 [main] Settings - Structured second-level cache entries: disabled
[DEBUG] 2019-10-20 22:10:45.537 [main] Settings - Second-level cache direct-reference entries: disabled
[DEBUG] 2019-10-20 22:10:45.537 [main] Settings - Automatic eviction of collection cache: disabled
[DEBUG] 2019-10-20 22:10:45.537 [main] Settings - JDBC batch size: 15
[DEBUG] 2019-10-20 22:10:45.537 [main] Settings - JDBC batch updates for versioned data: enabled
[DEBUG] 2019-10-20 22:10:45.537 [main] Settings - Scrollable result sets: enabled
[DEBUG] 2019-10-20 22:10:45.538 [main] Settings - Wrap result sets: disabled
[DEBUG] 2019-10-20 22:10:45.538 [main] Settings - JDBC3 getGeneratedKeys(): enabled
[DEBUG] 2019-10-20 22:10:45.538 [main] Settings - JDBC result set fetch size: null
[DEBUG] 2019-10-20 22:10:45.538 [main] Settings - Connection release mode: AFTER_TRANSACTION
[DEBUG] 2019-10-20 22:10:45.538 [main] Settings - Generate SQL with comments: disabled
[DEBUG] 2019-10-20 22:10:45.538 [main] Settings - JPA compliance - query : 
[DEBUG] 2019-10-20 22:10:45.538 [main] Settings - JPA compliance - closed-handling : 
[DEBUG] 2019-10-20 22:10:45.538 [main] Settings - JPA compliance - lists : 
[DEBUG] 2019-10-20 22:10:45.538 [main] Settings - JPA compliance - transactions : 
[INFO ] 2019-10-20 22:10:45.589 [main] beans - HHH10005002: No explicit CDI BeanManager reference was passed to Hibernate, but CDI is available on the Hibernate ClassLoader.
[DEBUG] 2019-10-20 22:10:45.610 [main] SessionFactoryImpl - Session factory constructed with filter configurations : {}
[DEBUG] 2019-10-20 22:10:45.610 [main] SessionFactoryImpl - Instantiating session factory with properties: {gopherProxySet=false, awt.toolkit=sun.lwawt.macosx.LWCToolkit, java.specification.version=11, sun.cpu.isalist=, hibernate.c3p0.idle_test_period=3000, sun.jnu.encoding=UTF-8, hibernate.c3p0.min_size=5, java.class.path=/Applications/IntelliJ IDEA.app/Contents/lib/idea_rt.jar:/Applications/IntelliJ IDEA.app/Contents/plugins/junit/lib/junit-rt.jar:/Applications/IntelliJ IDEA.app/Contents/plugins/junit/lib/junit5-rt.jar:/Users/Sdrshn-Home/IdeaProjects/entjavadashboard/target/test-classes:/Users/Sdrshn-Home/IdeaProjects/entjavadashboard/target/classes:/Users/Sdrshn-Home/.m2/repository/org/hibernate/hibernate-core/5.4.4.Final/hibernate-core-5.4.4.Final.jar:/Users/Sdrshn-Home/.m2/repository/org/jboss/logging/jboss-logging/3.3.2.Final/jboss-logging-3.3.2.Final.jar:/Users/Sdrshn-Home/.m2/repository/javax/persistence/javax.persistence-api/2.2/javax.persistence-api-2.2.jar:/Users/Sdrshn-Home/.m2/repository/org/javassist/javassist/3.24.0-GA/javassist-3.24.0-GA.jar:/Users/Sdrshn-Home/.m2/repository/net/bytebuddy/byte-buddy/1.9.11/byte-buddy-1.9.11.jar:/Users/Sdrshn-Home/.m2/repository/antlr/antlr/2.7.7/antlr-2.7.7.jar:/Users/Sdrshn-Home/.m2/repository/org/jboss/spec/javax/transaction/jboss-transaction-api_1.2_spec/1.1.1.Final/jboss-transaction-api_1.2_spec-1.1.1.Final.jar:/Users/Sdrshn-Home/.m2/repository/org/jboss/jandex/2.0.5.Final/jandex-2.0.5.Final.jar:/Users/Sdrshn-Home/.m2/repository/com/fasterxml/classmate/1.3.4/classmate-1.3.4.jar:/Users/Sdrshn-Home/.m2/repository/javax/activation/javax.activation-api/1.2.0/javax.activation-api-1.2.0.jar:/Users/Sdrshn-Home/.m2/repository/org/dom4j/dom4j/2.1.1/dom4j-2.1.1.jar:/Users/Sdrshn-Home/.m2/repository/org/hibernate/common/hibernate-commons-annotations/5.1.0.Final/hibernate-commons-annotations-5.1.0.Final.jar:/Users/Sdrshn-Home/.m2/repository/javax/xml/bind/jaxb-api/2.3.1/jaxb-api-2.3.1.jar:/Users/Sdrshn-Home/.m2/repository/org/glassfish/jaxb/jaxb-runtime/2.3.1/jaxb-runtime-2.3.1.jar:/Users/Sdrshn-Home/.m2/repository/org/glassfish/jaxb/txw2/2.3.1/txw2-2.3.1.jar:/Users/Sdrshn-Home/.m2/repository/com/sun/istack/istack-commons-runtime/3.0.7/istack-commons-runtime-3.0.7.jar:/Users/Sdrshn-Home/.m2/repository/org/jvnet/staxex/stax-ex/1.8/stax-ex-1.8.jar:/Users/Sdrshn-Home/.m2/repository/com/sun/xml/fastinfoset/FastInfoset/1.2.15/FastInfoset-1.2.15.jar:/Users/Sdrshn-Home/.m2/repository/org/hibernate/hibernate-c3p0/5.4.4.Final/hibernate-c3p0-5.4.4.Final.jar:/Users/Sdrshn-Home/.m2/repository/com/mchange/c3p0/0.9.5.3/c3p0-0.9.5.3.jar:/Users/Sdrshn-Home/.m2/repository/com/mchange/mchange-commons-java/0.2.15/mchange-commons-java-0.2.15.jar:/Users/Sdrshn-Home/.m2/repository/org/junit/platform/junit-platform-runner/1.0.0/junit-platform-runner-1.0.0.jar:/Users/Sdrshn-Home/.m2/repository/org/apiguardian/apiguardian-api/1.0.0/apiguardian-api-1.0.0.jar:/Users/Sdrshn-Home/.m2/repository/org/junit/platform/junit-platform-launcher/1.0.0/junit-platform-launcher-1.0.0.jar:/Users/Sdrshn-Home/.m2/repository/org/junit/platform/junit-platform-suite-api/1.0.0/junit-platform-suite-api-1.0.0.jar:/Users/Sdrshn-Home/.m2/repository/org/junit/platform/junit-platform-commons/1.0.0/junit-platform-commons-1.0.0.jar:/Users/Sdrshn-Home/.m2/repository/org/junit/vintage/junit-vintage-engine/4.12.0/junit-vintage-engine-4.12.0.jar:/Users/Sdrshn-Home/.m2/repository/org/junit/platform/junit-platform-engine/1.0.0/junit-platform-engine-1.0.0.jar:/Users/Sdrshn-Home/.m2/repository/org/opentest4j/opentest4j/1.0.0/opentest4j-1.0.0.jar:/Users/Sdrshn-Home/.m2/repository/org/junit/jupiter/junit-jupiter-engine/5.0.0/junit-jupiter-engine-5.0.0.jar:/Users/Sdrshn-Home/.m2/repository/org/junit/jupiter/junit-jupiter-api/5.0.0/junit-jupiter-api-5.0.0.jar:/Users/Sdrshn-Home/.m2/repository/junit/junit/4.12/junit-4.12.jar:/Users/Sdrshn-Home/.m2/repository/org/hamcrest/hamcrest-core/1.3/hamcrest-core-1.3.jar:/Users/Sdrshn-Home/.m2/repository/javax/javaee-web-api/7.0/javaee-web-api-7.0.jar:/Users/Sdrshn-Home/.m2/repository/mysql/mysql-connector-java/8.0.16/mysql-connector-java-8.0.16.jar:/Users/Sdrshn-Home/.m2/repository/com/google/protobuf/protobuf-java/3.6.1/protobuf-java-3.6.1.jar:/Users/Sdrshn-Home/.m2/repository/jstl/jstl/1.2/jstl-1.2.jar:/Users/Sdrshn-Home/.m2/repository/org/apache/logging/log4j/log4j-api/2.10.0/log4j-api-2.10.0.jar:/Users/Sdrshn-Home/.m2/repository/org/apache/logging/log4j/log4j-core/2.10.0/log4j-core-2.10.0.jar, java.vm.vendor=Oracle Corporation, sun.arch.data.model=64, idea.test.cyclic.buffer.size=1048576, java.vendor.url=http://java.oracle.com/, user.timezone=America/Chicago, os.name=Mac OS X, java.vm.specification.version=11, sun.java.launcher=SUN_STANDARD, user.country=US, sun.boot.library.path=/Library/Java/JavaVirtualMachines/jdk-11.0.4.jdk/Contents/Home/lib, sun.java.command=com.intellij.rt.execution.junit.JUnitStarter -ideVersion5 -junit5 com.enterprise.dashboard.dao.TestGenericDao,updateSuccess, http.nonProxyHosts=local|*.local|169.254/16|*.169.254/16, jdk.debug=release, sun.cpu.endian=little, user.home=/Users/Sdrshn-Home, hibernate.c3p0.max_statements=50, user.language=en, java.specification.vendor=Oracle Corporation, java.version.date=2019-07-16, java.home=/Library/Java/JavaVirtualMachines/jdk-11.0.4.jdk/Contents/Home, file.separator=/, java.vm.compressedOopsMode=Zero based, line.separator=
, hibernate.c3p0.timeout=300, java.specification.name=Java Platform API Specification, java.vm.specification.vendor=Oracle Corporation, java.awt.graphicsenv=sun.awt.CGraphicsEnvironment, connection.password=student, sun.management.compiler=HotSpot 64-Bit Tiered Compilers, ftp.nonProxyHosts=local|*.local|169.254/16|*.169.254/16, hibernate.c3p0.max_size=20, java.runtime.version=11.0.4+10-LTS, user.name=Sdrshn-Home, path.separator=:, hibernate.connection.username=****, os.version=10.13.6, java.runtime.name=Java(TM) SE Runtime Environment, hibernate.connection.url=jdbc:mysql://localhost:3307/dashboard, file.encoding=UTF-8, java.vm.name=Java HotSpot(TM) 64-Bit Server VM, java.vendor.version=18.9, hibernate.connection.driver_class=com.mysql.cj.jdbc.Driver, java.vendor.url.bug=http://bugreport.java.com/bugreport/, java.io.tmpdir=/var/folders/6g/c2d6vh4s4yn046jwp22bplkm0000gn/T/, java.version=11.0.4, user.dir=/Users/Sdrshn-Home/IdeaProjects/entjavadashboard, os.arch=x86_64, connection.username=root, java.vm.specification.name=Java Virtual Machine Specification, java.awt.printerjob=sun.lwawt.macosx.CPrinterJob, hibernate.connection.password=****, sun.os.patch.level=unknown, connection.driver_class=com.mysql.cj.jdbc.Driver, hibernate.boot.CfgXmlAccessService.key=org.hibernate.boot.cfgxml.spi.LoadedConfig@6b5ab2f2, java.library.path=/Users/Sdrshn-Home/Library/Java/Extensions:/Library/Java/Extensions:/Network/Library/Java/Extensions:/System/Library/Java/Extensions:/usr/lib/java:., java.vendor=Oracle Corporation, java.vm.info=mixed mode, java.vm.version=11.0.4+10-LTS, hibernate.bytecode.use_reflection_optimizer=false, sun.io.unicode.encoding=UnicodeBig, connection.url=jdbc:mysql://localhost:3307/dashboard, socksNonProxyHosts=local|*.local|169.254/16|*.169.254/16, java.class.version=55.0}
[DEBUG] 2019-10-20 22:10:45.631 [main] TypeSafeActivator - Unable to acquire Bean Validation ValidatorFactory, skipping activation
[DEBUG] 2019-10-20 22:10:45.631 [main] JaccIntegrator - Skipping JACC integration as it was not enabled
[DEBUG] 2019-10-20 22:10:45.632 [main] SessionFactoryImpl - Instantiated session factory
[DEBUG] 2019-10-20 22:10:45.632 [main] TypeConfiguration$Scope - Scoping TypeConfiguration [org.hibernate.type.spi.TypeConfiguration@5fef2aac] to SessionFactoryImpl [org.hibernate.internal.SessionFactoryImpl@27dc627a]
[DEBUG] 2019-10-20 22:10:45.678 [main] ClassLoaderAccessImpl - Not known whether passed class name [com.enterprise.dashboard.model.Application] is safe
[DEBUG] 2019-10-20 22:10:45.678 [main] ClassLoaderAccessImpl - No temp ClassLoader provided; using live ClassLoader for loading potentially unsafe class : com.enterprise.dashboard.model.Application
[DEBUG] 2019-10-20 22:10:45.702 [main] ClassLoaderAccessImpl - Not known whether passed class name [com.enterprise.dashboard.model.Application] is safe
[DEBUG] 2019-10-20 22:10:45.703 [main] ClassLoaderAccessImpl - No temp ClassLoader provided; using live ClassLoader for loading potentially unsafe class : com.enterprise.dashboard.model.Application
[DEBUG] 2019-10-20 22:10:45.947 [main] ClassLoaderAccessImpl - Not known whether passed class name [com.enterprise.dashboard.model.ErrorData] is safe
[DEBUG] 2019-10-20 22:10:45.947 [main] ClassLoaderAccessImpl - No temp ClassLoader provided; using live ClassLoader for loading potentially unsafe class : com.enterprise.dashboard.model.ErrorData
[DEBUG] 2019-10-20 22:10:45.947 [main] ClassLoaderAccessImpl - Not known whether passed class name [com.enterprise.dashboard.model.ErrorData] is safe
[DEBUG] 2019-10-20 22:10:45.947 [main] ClassLoaderAccessImpl - No temp ClassLoader provided; using live ClassLoader for loading potentially unsafe class : com.enterprise.dashboard.model.ErrorData
[DEBUG] 2019-10-20 22:10:45.982 [main] AbstractCollectionPersister - Static SQL for collection: com.enterprise.dashboard.model.Application.errorDataSet
[DEBUG] 2019-10-20 22:10:45.982 [main] AbstractCollectionPersister -  Row insert: update ERROR_DATA set application_ID=? where ID=?
[DEBUG] 2019-10-20 22:10:45.982 [main] AbstractCollectionPersister -  Row update: update ERROR_DATA set  where ID=?
[DEBUG] 2019-10-20 22:10:45.982 [main] AbstractCollectionPersister -  Row delete: update ERROR_DATA set application_ID=null where application_ID=? and ID=?
[DEBUG] 2019-10-20 22:10:45.982 [main] AbstractCollectionPersister -  One-shot delete: update ERROR_DATA set application_ID=null where application_ID=?
[DEBUG] 2019-10-20 22:10:45.986 [main] AbstractEntityPersister - Static SQL for entity: com.enterprise.dashboard.model.Application
[DEBUG] 2019-10-20 22:10:45.986 [main] AbstractEntityPersister -  Version select: select ID from APPLICATIONS where ID =?
[DEBUG] 2019-10-20 22:10:45.986 [main] AbstractEntityPersister -  Snapshot select: select applicatio_.ID, applicatio_.DESCRIPTION as DESCRIPT2_0_, applicatio_.NAME as NAME3_0_ from APPLICATIONS applicatio_ where applicatio_.ID=?
[DEBUG] 2019-10-20 22:10:45.986 [main] AbstractEntityPersister -  Insert 0: insert into APPLICATIONS (DESCRIPTION, NAME, ID) values (?, ?, ?)
[DEBUG] 2019-10-20 22:10:45.986 [main] AbstractEntityPersister -  Update 0: update APPLICATIONS set DESCRIPTION=?, NAME=? where ID=?
[DEBUG] 2019-10-20 22:10:45.986 [main] AbstractEntityPersister -  Delete 0: delete from APPLICATIONS where ID=?
[DEBUG] 2019-10-20 22:10:45.986 [main] AbstractEntityPersister -  Identity insert: insert into APPLICATIONS (DESCRIPTION, NAME) values (?, ?)
[DEBUG] 2019-10-20 22:10:46.007 [main] QuerySpacesImpl - Adding QuerySpace : uid = <gen:0> -> org.hibernate.loader.plan.build.internal.spaces.EntityQuerySpaceImpl@70f148dc]
[DEBUG] 2019-10-20 22:10:46.008 [main] MetamodelGraphWalker - Visiting attribute path : description
[DEBUG] 2019-10-20 22:10:46.009 [main] MetamodelGraphWalker - Visiting attribute path : errorDataSet
[DEBUG] 2019-10-20 22:10:46.012 [main] QuerySpacesImpl - Adding QuerySpace : uid = <gen:1> -> org.hibernate.loader.plan.build.internal.spaces.CollectionQuerySpaceImpl@21002393]
[DEBUG] 2019-10-20 22:10:46.014 [main] QuerySpacesImpl - Adding QuerySpace : uid = <gen:2> -> org.hibernate.loader.plan.build.internal.spaces.EntityQuerySpaceImpl@4ea1aa52]
[DEBUG] 2019-10-20 22:10:46.015 [main] MetamodelGraphWalker - Visiting attribute path : errorDataSet.application
[DEBUG] 2019-10-20 22:10:46.015 [main] MetamodelGraphWalker - Property path deemed to be circular : errorDataSet.application
[DEBUG] 2019-10-20 22:10:46.016 [main] MetamodelGraphWalker - Visiting attribute path : errorDataSet.description
[DEBUG] 2019-10-20 22:10:46.016 [main] MetamodelGraphWalker - Visiting attribute path : errorDataSet.message
[DEBUG] 2019-10-20 22:10:46.016 [main] MetamodelGraphWalker - Visiting attribute path : name
[DEBUG] 2019-10-20 22:10:46.016 [main] FetchStyleLoadPlanBuildingAssociationVisitationStrategy - Building LoadPlan...
[DEBUG] 2019-10-20 22:10:46.026 [main] LoadQueryJoinAndFetchProcessor - processing queryspace <gen:0>
[DEBUG] 2019-10-20 22:10:46.033 [main] LoadPlanTreePrinter - LoadPlan(entity=com.enterprise.dashboard.model.Application)
    - Returns
       - EntityReturnImpl(entity=com.enterprise.dashboard.model.Application, querySpaceUid=<gen:0>, path=com.enterprise.dashboard.model.Application)
          - CollectionAttributeFetchImpl(collection=com.enterprise.dashboard.model.Application.errorDataSet, querySpaceUid=<gen:1>, path=com.enterprise.dashboard.model.Application.errorDataSet)
             - (collection element) CollectionFetchableElementEntityGraph(entity=com.enterprise.dashboard.model.ErrorData, querySpaceUid=<gen:2>, path=com.enterprise.dashboard.model.Application.errorDataSet.<elements>)
    - QuerySpaces
       - EntityQuerySpaceImpl(uid=<gen:0>, entity=com.enterprise.dashboard.model.Application)
          - SQL table alias mapping - applicatio0_
          - alias suffix - 0_
          - suffixed key columns - {ID1_0_0_}
          - JOIN (JoinDefinedByMetadata(errorDataSet)) : <gen:0> -> <gen:1>
             - CollectionQuerySpaceImpl(uid=<gen:1>, collection=com.enterprise.dashboard.model.Application.errorDataSet)
                - SQL table alias mapping - errordatas1_
                - alias suffix - 1_
                - suffixed key columns - {applicat4_1_1_}
                - entity-element alias suffix - 2_
                - 2_entity-element suffixed key columns - ID1_1_2_
                - JOIN (JoinDefinedByMetadata(elements)) : <gen:1> -> <gen:2>
                   - EntityQuerySpaceImpl(uid=<gen:2>, entity=com.enterprise.dashboard.model.ErrorData)
                      - SQL table alias mapping - errordatas1_
                      - alias suffix - 2_
                      - suffixed key columns - {ID1_1_2_}

[DEBUG] 2019-10-20 22:10:46.036 [main] EntityLoader - Static select for entity com.enterprise.dashboard.model.Application [NONE]: select applicatio0_.ID as ID1_0_0_, applicatio0_.DESCRIPTION as DESCRIPT2_0_0_, applicatio0_.NAME as NAME3_0_0_, errordatas1_.application_ID as applicat4_1_1_, errordatas1_.ID as ID1_1_1_, errordatas1_.ID as ID1_1_2_, errordatas1_.application_ID as applicat4_1_2_, errordatas1_.DESCRIPTION as DESCRIPT2_1_2_, errordatas1_.MESSAGE as MESSAGE3_1_2_ from APPLICATIONS applicatio0_ left outer join ERROR_DATA errordatas1_ on applicatio0_.ID=errordatas1_.application_ID where applicatio0_.ID=?
[DEBUG] 2019-10-20 22:10:46.036 [main] QuerySpacesImpl - Adding QuerySpace : uid = <gen:0> -> org.hibernate.loader.plan.build.internal.spaces.EntityQuerySpaceImpl@7ac48f05]
[DEBUG] 2019-10-20 22:10:46.036 [main] MetamodelGraphWalker - Visiting attribute path : description
[DEBUG] 2019-10-20 22:10:46.036 [main] MetamodelGraphWalker - Visiting attribute path : errorDataSet
[DEBUG] 2019-10-20 22:10:46.036 [main] QuerySpacesImpl - Adding QuerySpace : uid = <gen:1> -> org.hibernate.loader.plan.build.internal.spaces.CollectionQuerySpaceImpl@27ffd9f8]
[DEBUG] 2019-10-20 22:10:46.036 [main] QuerySpacesImpl - Adding QuerySpace : uid = <gen:2> -> org.hibernate.loader.plan.build.internal.spaces.EntityQuerySpaceImpl@642c6461]
[DEBUG] 2019-10-20 22:10:46.036 [main] MetamodelGraphWalker - Visiting attribute path : errorDataSet.application
[DEBUG] 2019-10-20 22:10:46.036 [main] MetamodelGraphWalker - Property path deemed to be circular : errorDataSet.application
[DEBUG] 2019-10-20 22:10:46.037 [main] MetamodelGraphWalker - Visiting attribute path : errorDataSet.description
[DEBUG] 2019-10-20 22:10:46.037 [main] MetamodelGraphWalker - Visiting attribute path : errorDataSet.message
[DEBUG] 2019-10-20 22:10:46.037 [main] MetamodelGraphWalker - Visiting attribute path : name
[DEBUG] 2019-10-20 22:10:46.037 [main] FetchStyleLoadPlanBuildingAssociationVisitationStrategy - Building LoadPlan...
[DEBUG] 2019-10-20 22:10:46.037 [main] LoadQueryJoinAndFetchProcessor - processing queryspace <gen:0>
[DEBUG] 2019-10-20 22:10:46.037 [main] LoadPlanTreePrinter - LoadPlan(entity=com.enterprise.dashboard.model.Application)
    - Returns
       - EntityReturnImpl(entity=com.enterprise.dashboard.model.Application, querySpaceUid=<gen:0>, path=com.enterprise.dashboard.model.Application)
          - CollectionAttributeFetchImpl(collection=com.enterprise.dashboard.model.Application.errorDataSet, querySpaceUid=<gen:1>, path=com.enterprise.dashboard.model.Application.errorDataSet)
             - (collection element) CollectionFetchableElementEntityGraph(entity=com.enterprise.dashboard.model.ErrorData, querySpaceUid=<gen:2>, path=com.enterprise.dashboard.model.Application.errorDataSet.<elements>)
    - QuerySpaces
       - EntityQuerySpaceImpl(uid=<gen:0>, entity=com.enterprise.dashboard.model.Application)
          - SQL table alias mapping - applicatio0_
          - alias suffix - 0_
          - suffixed key columns - {ID1_0_0_}
          - JOIN (JoinDefinedByMetadata(errorDataSet)) : <gen:0> -> <gen:1>
             - CollectionQuerySpaceImpl(uid=<gen:1>, collection=com.enterprise.dashboard.model.Application.errorDataSet)
                - SQL table alias mapping - errordatas1_
                - alias suffix - 1_
                - suffixed key columns - {applicat4_1_1_}
                - entity-element alias suffix - 2_
                - 2_entity-element suffixed key columns - ID1_1_2_
                - JOIN (JoinDefinedByMetadata(elements)) : <gen:1> -> <gen:2>
                   - EntityQuerySpaceImpl(uid=<gen:2>, entity=com.enterprise.dashboard.model.ErrorData)
                      - SQL table alias mapping - errordatas1_
                      - alias suffix - 2_
                      - suffixed key columns - {ID1_1_2_}

[DEBUG] 2019-10-20 22:10:46.038 [main] EntityLoader - Static select for entity com.enterprise.dashboard.model.Application [READ]: select applicatio0_.ID as ID1_0_0_, applicatio0_.DESCRIPTION as DESCRIPT2_0_0_, applicatio0_.NAME as NAME3_0_0_, errordatas1_.application_ID as applicat4_1_1_, errordatas1_.ID as ID1_1_1_, errordatas1_.ID as ID1_1_2_, errordatas1_.application_ID as applicat4_1_2_, errordatas1_.DESCRIPTION as DESCRIPT2_1_2_, errordatas1_.MESSAGE as MESSAGE3_1_2_ from APPLICATIONS applicatio0_ left outer join ERROR_DATA errordatas1_ on applicatio0_.ID=errordatas1_.application_ID where applicatio0_.ID=?
[DEBUG] 2019-10-20 22:10:46.049 [main] Loader - Static select for action ACTION_MERGE on entity com.enterprise.dashboard.model.Application: select applicatio0_.ID as ID1_0_1_, applicatio0_.DESCRIPTION as DESCRIPT2_0_1_, applicatio0_.NAME as NAME3_0_1_, errordatas1_.application_ID as applicat4_1_3_, errordatas1_.ID as ID1_1_3_, errordatas1_.ID as ID1_1_0_, errordatas1_.application_ID as applicat4_1_0_, errordatas1_.DESCRIPTION as DESCRIPT2_1_0_, errordatas1_.MESSAGE as MESSAGE3_1_0_ from APPLICATIONS applicatio0_ left outer join ERROR_DATA errordatas1_ on applicatio0_.ID=errordatas1_.application_ID where applicatio0_.ID=?
[DEBUG] 2019-10-20 22:10:46.050 [main] Loader - Static select for action ACTION_REFRESH on entity com.enterprise.dashboard.model.Application: select applicatio0_.ID as ID1_0_1_, applicatio0_.DESCRIPTION as DESCRIPT2_0_1_, applicatio0_.NAME as NAME3_0_1_, errordatas1_.application_ID as applicat4_1_3_, errordatas1_.ID as ID1_1_3_, errordatas1_.ID as ID1_1_0_, errordatas1_.application_ID as applicat4_1_0_, errordatas1_.DESCRIPTION as DESCRIPT2_1_0_, errordatas1_.MESSAGE as MESSAGE3_1_0_ from APPLICATIONS applicatio0_ left outer join ERROR_DATA errordatas1_ on applicatio0_.ID=errordatas1_.application_ID where applicatio0_.ID=?
[DEBUG] 2019-10-20 22:10:46.050 [main] AbstractEntityPersister - Static SQL for entity: com.enterprise.dashboard.model.ErrorData
[DEBUG] 2019-10-20 22:10:46.050 [main] AbstractEntityPersister -  Version select: select ID from ERROR_DATA where ID =?
[DEBUG] 2019-10-20 22:10:46.050 [main] AbstractEntityPersister -  Snapshot select: select errordata_.ID, errordata_.application_ID as applicat4_1_, errordata_.DESCRIPTION as DESCRIPT2_1_, errordata_.MESSAGE as MESSAGE3_1_ from ERROR_DATA errordata_ where errordata_.ID=?
[DEBUG] 2019-10-20 22:10:46.050 [main] AbstractEntityPersister -  Insert 0: insert into ERROR_DATA (application_ID, DESCRIPTION, MESSAGE, ID) values (?, ?, ?, ?)
[DEBUG] 2019-10-20 22:10:46.050 [main] AbstractEntityPersister -  Update 0: update ERROR_DATA set application_ID=?, DESCRIPTION=?, MESSAGE=? where ID=?
[DEBUG] 2019-10-20 22:10:46.050 [main] AbstractEntityPersister -  Delete 0: delete from ERROR_DATA where ID=?
[DEBUG] 2019-10-20 22:10:46.050 [main] AbstractEntityPersister -  Identity insert: insert into ERROR_DATA (application_ID, DESCRIPTION, MESSAGE) values (?, ?, ?)
[DEBUG] 2019-10-20 22:10:46.050 [main] QuerySpacesImpl - Adding QuerySpace : uid = <gen:0> -> org.hibernate.loader.plan.build.internal.spaces.EntityQuerySpaceImpl@214b342f]
[DEBUG] 2019-10-20 22:10:46.051 [main] MetamodelGraphWalker - Visiting attribute path : application
[DEBUG] 2019-10-20 22:10:46.051 [main] QuerySpacesImpl - Adding QuerySpace : uid = <gen:1> -> org.hibernate.loader.plan.build.internal.spaces.EntityQuerySpaceImpl@7f12094d]
[DEBUG] 2019-10-20 22:10:46.051 [main] MetamodelGraphWalker - Visiting attribute path : application.description
[DEBUG] 2019-10-20 22:10:46.052 [main] MetamodelGraphWalker - Visiting attribute path : application.errorDataSet
[DEBUG] 2019-10-20 22:10:46.052 [main] MetamodelGraphWalker - Property path deemed to be circular : application.errorDataSet
[DEBUG] 2019-10-20 22:10:46.052 [main] MetamodelGraphWalker - Visiting attribute path : application.name
[DEBUG] 2019-10-20 22:10:46.052 [main] MetamodelGraphWalker - Visiting attribute path : description
[DEBUG] 2019-10-20 22:10:46.052 [main] MetamodelGraphWalker - Visiting attribute path : message
[DEBUG] 2019-10-20 22:10:46.052 [main] FetchStyleLoadPlanBuildingAssociationVisitationStrategy - Building LoadPlan...
[DEBUG] 2019-10-20 22:10:46.052 [main] LoadQueryJoinAndFetchProcessor - processing queryspace <gen:0>
[DEBUG] 2019-10-20 22:10:46.053 [main] LoadPlanTreePrinter - LoadPlan(entity=com.enterprise.dashboard.model.ErrorData)
    - Returns
       - EntityReturnImpl(entity=com.enterprise.dashboard.model.ErrorData, querySpaceUid=<gen:0>, path=com.enterprise.dashboard.model.ErrorData)
          - EntityAttributeFetchImpl(entity=com.enterprise.dashboard.model.Application, querySpaceUid=<gen:1>, path=com.enterprise.dashboard.model.ErrorData.application)
    - QuerySpaces
       - EntityQuerySpaceImpl(uid=<gen:0>, entity=com.enterprise.dashboard.model.ErrorData)
          - SQL table alias mapping - errordata0_
          - alias suffix - 0_
          - suffixed key columns - {ID1_1_0_}
          - JOIN (JoinDefinedByMetadata(application)) : <gen:0> -> <gen:1>
             - EntityQuerySpaceImpl(uid=<gen:1>, entity=com.enterprise.dashboard.model.Application)
                - SQL table alias mapping - applicatio1_
                - alias suffix - 1_
                - suffixed key columns - {ID1_0_1_}

[DEBUG] 2019-10-20 22:10:46.053 [main] EntityLoader - Static select for entity com.enterprise.dashboard.model.ErrorData [NONE]: select errordata0_.ID as ID1_1_0_, errordata0_.application_ID as applicat4_1_0_, errordata0_.DESCRIPTION as DESCRIPT2_1_0_, errordata0_.MESSAGE as MESSAGE3_1_0_, applicatio1_.ID as ID1_0_1_, applicatio1_.DESCRIPTION as DESCRIPT2_0_1_, applicatio1_.NAME as NAME3_0_1_ from ERROR_DATA errordata0_ left outer join APPLICATIONS applicatio1_ on errordata0_.application_ID=applicatio1_.ID where errordata0_.ID=?
[DEBUG] 2019-10-20 22:10:46.053 [main] QuerySpacesImpl - Adding QuerySpace : uid = <gen:0> -> org.hibernate.loader.plan.build.internal.spaces.EntityQuerySpaceImpl@7f42b194]
[DEBUG] 2019-10-20 22:10:46.053 [main] MetamodelGraphWalker - Visiting attribute path : application
[DEBUG] 2019-10-20 22:10:46.053 [main] QuerySpacesImpl - Adding QuerySpace : uid = <gen:1> -> org.hibernate.loader.plan.build.internal.spaces.EntityQuerySpaceImpl@29170a47]
[DEBUG] 2019-10-20 22:10:46.053 [main] MetamodelGraphWalker - Visiting attribute path : application.description
[DEBUG] 2019-10-20 22:10:46.053 [main] MetamodelGraphWalker - Visiting attribute path : application.errorDataSet
[DEBUG] 2019-10-20 22:10:46.053 [main] MetamodelGraphWalker - Property path deemed to be circular : application.errorDataSet
[DEBUG] 2019-10-20 22:10:46.054 [main] MetamodelGraphWalker - Visiting attribute path : application.name
[DEBUG] 2019-10-20 22:10:46.054 [main] MetamodelGraphWalker - Visiting attribute path : description
[DEBUG] 2019-10-20 22:10:46.054 [main] MetamodelGraphWalker - Visiting attribute path : message
[DEBUG] 2019-10-20 22:10:46.054 [main] FetchStyleLoadPlanBuildingAssociationVisitationStrategy - Building LoadPlan...
[DEBUG] 2019-10-20 22:10:46.054 [main] LoadQueryJoinAndFetchProcessor - processing queryspace <gen:0>
[DEBUG] 2019-10-20 22:10:46.055 [main] LoadPlanTreePrinter - LoadPlan(entity=com.enterprise.dashboard.model.ErrorData)
    - Returns
       - EntityReturnImpl(entity=com.enterprise.dashboard.model.ErrorData, querySpaceUid=<gen:0>, path=com.enterprise.dashboard.model.ErrorData)
          - EntityAttributeFetchImpl(entity=com.enterprise.dashboard.model.Application, querySpaceUid=<gen:1>, path=com.enterprise.dashboard.model.ErrorData.application)
    - QuerySpaces
       - EntityQuerySpaceImpl(uid=<gen:0>, entity=com.enterprise.dashboard.model.ErrorData)
          - SQL table alias mapping - errordata0_
          - alias suffix - 0_
          - suffixed key columns - {ID1_1_0_}
          - JOIN (JoinDefinedByMetadata(application)) : <gen:0> -> <gen:1>
             - EntityQuerySpaceImpl(uid=<gen:1>, entity=com.enterprise.dashboard.model.Application)
                - SQL table alias mapping - applicatio1_
                - alias suffix - 1_
                - suffixed key columns - {ID1_0_1_}

[DEBUG] 2019-10-20 22:10:46.055 [main] EntityLoader - Static select for entity com.enterprise.dashboard.model.ErrorData [READ]: select errordata0_.ID as ID1_1_0_, errordata0_.application_ID as applicat4_1_0_, errordata0_.DESCRIPTION as DESCRIPT2_1_0_, errordata0_.MESSAGE as MESSAGE3_1_0_, applicatio1_.ID as ID1_0_1_, applicatio1_.DESCRIPTION as DESCRIPT2_0_1_, applicatio1_.NAME as NAME3_0_1_ from ERROR_DATA errordata0_ left outer join APPLICATIONS applicatio1_ on errordata0_.application_ID=applicatio1_.ID where errordata0_.ID=?
[DEBUG] 2019-10-20 22:10:46.055 [main] Loader - Static select for action ACTION_MERGE on entity com.enterprise.dashboard.model.ErrorData: select errordata0_.ID as ID1_1_0_, errordata0_.application_ID as applicat4_1_0_, errordata0_.DESCRIPTION as DESCRIPT2_1_0_, errordata0_.MESSAGE as MESSAGE3_1_0_ from ERROR_DATA errordata0_ where errordata0_.ID=?
[DEBUG] 2019-10-20 22:10:46.055 [main] Loader - Static select for action ACTION_REFRESH on entity com.enterprise.dashboard.model.ErrorData: select errordata0_.ID as ID1_1_0_, errordata0_.application_ID as applicat4_1_0_, errordata0_.DESCRIPTION as DESCRIPT2_1_0_, errordata0_.MESSAGE as MESSAGE3_1_0_ from ERROR_DATA errordata0_ where errordata0_.ID=?
[DEBUG] 2019-10-20 22:10:46.059 [main] QuerySpacesImpl - Adding QuerySpace : uid = <gen:0> -> org.hibernate.loader.plan.build.internal.spaces.CollectionQuerySpaceImpl@2edb2f8b]
[DEBUG] 2019-10-20 22:10:46.059 [main] QuerySpacesImpl - Adding QuerySpace : uid = <gen:1> -> org.hibernate.loader.plan.build.internal.spaces.EntityQuerySpaceImpl@733f1395]
[DEBUG] 2019-10-20 22:10:46.059 [main] MetamodelGraphWalker - Visiting attribute path : application
[DEBUG] 2019-10-20 22:10:46.059 [main] MetamodelGraphWalker - Property path deemed to be circular : application
[DEBUG] 2019-10-20 22:10:46.059 [main] MetamodelGraphWalker - Visiting attribute path : description
[DEBUG] 2019-10-20 22:10:46.059 [main] MetamodelGraphWalker - Visiting attribute path : message
[DEBUG] 2019-10-20 22:10:46.060 [main] FetchStyleLoadPlanBuildingAssociationVisitationStrategy - Building LoadPlan...
[DEBUG] 2019-10-20 22:10:46.061 [main] LoadQueryJoinAndFetchProcessor - processing queryspace <gen:0>
[DEBUG] 2019-10-20 22:10:46.061 [main] LoadPlanTreePrinter - LoadPlan(collection=com.enterprise.dashboard.model.Application.errorDataSet)
    - Returns
       - CollectionReturnImpl(collection=com.enterprise.dashboard.model.Application.errorDataSet, querySpaceUid=<gen:0>, path=[com.enterprise.dashboard.model.Application.errorDataSet])
          - (collection element) CollectionFetchableElementEntityGraph(entity=com.enterprise.dashboard.model.ErrorData, querySpaceUid=<gen:1>, path=[com.enterprise.dashboard.model.Application.errorDataSet].<elements>)
    - QuerySpaces
       - CollectionQuerySpaceImpl(uid=<gen:0>, collection=com.enterprise.dashboard.model.Application.errorDataSet)
          - SQL table alias mapping - errordatas0_
          - alias suffix - 0_
          - suffixed key columns - {applicat4_1_0_}
          - entity-element alias suffix - 1_
          - 1_entity-element suffixed key columns - ID1_1_1_
          - JOIN (JoinDefinedByMetadata(elements)) : <gen:0> -> <gen:1>
             - EntityQuerySpaceImpl(uid=<gen:1>, entity=com.enterprise.dashboard.model.ErrorData)
                - SQL table alias mapping - errordatas0_
                - alias suffix - 1_
                - suffixed key columns - {ID1_1_1_}

[DEBUG] 2019-10-20 22:10:46.062 [main] CollectionLoader - Static select for collection com.enterprise.dashboard.model.Application.errorDataSet: select errordatas0_.application_ID as applicat4_1_0_, errordatas0_.ID as ID1_1_0_, errordatas0_.ID as ID1_1_1_, errordatas0_.application_ID as applicat4_1_1_, errordatas0_.DESCRIPTION as DESCRIPT2_1_1_, errordatas0_.MESSAGE as MESSAGE3_1_1_ from ERROR_DATA errordatas0_ where errordatas0_.application_ID=?
[DEBUG] 2019-10-20 22:10:46.101 [main] SchemaManagementToolCoordinator - No actions specified; doing nothing
[DEBUG] 2019-10-20 22:10:46.102 [main] JtaPlatformInitiator - No JtaPlatform was specified, checking resolver
[DEBUG] 2019-10-20 22:10:46.103 [main] JtaPlatformResolverInitiator - No JtaPlatformResolver was specified, using default [org.hibernate.engine.transaction.jta.platform.internal.StandardJtaPlatformResolver]
[DEBUG] 2019-10-20 22:10:46.110 [main] StandardJtaPlatformResolver - Could not resolve JtaPlatform, using default [org.hibernate.engine.transaction.jta.platform.internal.NoJtaPlatform]
[INFO ] 2019-10-20 22:10:46.110 [main] JtaPlatformInitiator - HHH000490: Using JtaPlatform implementation: [org.hibernate.engine.transaction.jta.platform.internal.NoJtaPlatform]
[DEBUG] 2019-10-20 22:10:46.111 [main] NamedQueryRepository - Checking 0 named HQL queries
[DEBUG] 2019-10-20 22:10:46.111 [main] NamedQueryRepository - Checking 0 named SQL queries
[DEBUG] 2019-10-20 22:10:46.113 [main] SessionFactoryRegistry - Initializing SessionFactoryRegistry : org.hibernate.internal.SessionFactoryRegistry@730bea0
[DEBUG] 2019-10-20 22:10:46.115 [main] SessionFactoryRegistry - Registering SessionFactory: 899ccdef-fafd-4dfe-937a-4bbd6bfcc581 (<unnamed>)
[DEBUG] 2019-10-20 22:10:46.115 [main] SessionFactoryRegistry - Not binding SessionFactory to JNDI, no JNDI name configured
[DEBUG] 2019-10-20 22:10:46.240 [main] StatisticsInitiator - Statistics initialized [enabled=false]
[DEBUG] 2019-10-20 22:10:46.263 [main] SQL - select errordata0_.ID as ID1_1_0_, errordata0_.application_ID as applicat4_1_0_, errordata0_.DESCRIPTION as DESCRIPT2_1_0_, errordata0_.MESSAGE as MESSAGE3_1_0_, applicatio1_.ID as ID1_0_1_, applicatio1_.DESCRIPTION as DESCRIPT2_0_1_, applicatio1_.NAME as NAME3_0_1_ from ERROR_DATA errordata0_ left outer join APPLICATIONS applicatio1_ on errordata0_.application_ID=applicatio1_.ID where errordata0_.ID=?
[DEBUG] 2019-10-20 22:10:46.299 [main] ResultSetProcessorImpl - Starting ResultSet row #0
[DEBUG] 2019-10-20 22:10:46.302 [main] EntityReferenceInitializerImpl - On call to EntityIdentifierReaderImpl#resolve, EntityKey was already known; should only happen on root returns with an optional identifier specified
[DEBUG] 2019-10-20 22:10:46.312 [main] TwoPhaseLoad - Resolving attributes for [com.enterprise.dashboard.model.ErrorData#1]
[DEBUG] 2019-10-20 22:10:46.313 [main] TwoPhaseLoad - Processing attribute `application` : value = 1
[DEBUG] 2019-10-20 22:10:46.313 [main] TwoPhaseLoad - Attribute (`application`)  - enhanced for lazy-loading? - false
[DEBUG] 2019-10-20 22:10:46.313 [main] TwoPhaseLoad - Processing attribute `description` : value = ERROR processing request
[DEBUG] 2019-10-20 22:10:46.313 [main] TwoPhaseLoad - Attribute (`description`)  - enhanced for lazy-loading? - false
[DEBUG] 2019-10-20 22:10:46.314 [main] TwoPhaseLoad - Processing attribute `message` : value = ERR-100
[DEBUG] 2019-10-20 22:10:46.314 [main] TwoPhaseLoad - Attribute (`message`)  - enhanced for lazy-loading? - false
[DEBUG] 2019-10-20 22:10:46.315 [main] TwoPhaseLoad - Done materializing entity [com.enterprise.dashboard.model.ErrorData#1]
[DEBUG] 2019-10-20 22:10:46.315 [main] TwoPhaseLoad - Resolving attributes for [com.enterprise.dashboard.model.Application#1]
[DEBUG] 2019-10-20 22:10:46.315 [main] TwoPhaseLoad - Processing attribute `description` : value = This is the first application
[DEBUG] 2019-10-20 22:10:46.315 [main] TwoPhaseLoad - Attribute (`description`)  - enhanced for lazy-loading? - false
[DEBUG] 2019-10-20 22:10:46.315 [main] TwoPhaseLoad - Processing attribute `errorDataSet` : value = NOT NULL COLLECTION
[DEBUG] 2019-10-20 22:10:46.316 [main] TwoPhaseLoad - Attribute (`errorDataSet`)  - enhanced for lazy-loading? - false
[DEBUG] 2019-10-20 22:10:46.322 [main] TwoPhaseLoad - Processing attribute `name` : value = Application 1
[DEBUG] 2019-10-20 22:10:46.323 [main] TwoPhaseLoad - Attribute (`name`)  - enhanced for lazy-loading? - false
[DEBUG] 2019-10-20 22:10:46.323 [main] TwoPhaseLoad - Done materializing entity [com.enterprise.dashboard.model.Application#1]
[DEBUG] 2019-10-20 22:10:46.324 [main] ResourceRegistryStandardImpl - HHH000387: ResultSet's statement was not registered
[DEBUG] 2019-10-20 22:10:46.325 [main] AbstractLoadPlanBasedCollectionInitializer - Loading collection: [com.enterprise.dashboard.model.Application.errorDataSet#1]
[DEBUG] 2019-10-20 22:10:46.326 [main] SQL - select errordatas0_.application_ID as applicat4_1_0_, errordatas0_.ID as ID1_1_0_, errordatas0_.ID as ID1_1_1_, errordatas0_.application_ID as applicat4_1_1_, errordatas0_.DESCRIPTION as DESCRIPT2_1_1_, errordatas0_.MESSAGE as MESSAGE3_1_1_ from ERROR_DATA errordatas0_ where errordatas0_.application_ID=?
[DEBUG] 2019-10-20 22:10:46.331 [main] ResultSetProcessorImpl - Preparing collection initializer : [com.enterprise.dashboard.model.Application.errorDataSet#1]
[DEBUG] 2019-10-20 22:10:46.335 [main] ResultSetProcessorImpl - Starting ResultSet row #0
[DEBUG] 2019-10-20 22:10:46.335 [main] CollectionReferenceInitializerImpl - Found row of collection: [com.enterprise.dashboard.model.Application.errorDataSet#1]
[DEBUG] 2019-10-20 22:10:46.336 [main] ResultSetProcessorImpl - Starting ResultSet row #1
[DEBUG] 2019-10-20 22:10:46.336 [main] CollectionReferenceInitializerImpl - Found row of collection: [com.enterprise.dashboard.model.Application.errorDataSet#1]
[DEBUG] 2019-10-20 22:10:46.336 [main] TwoPhaseLoad - Resolving attributes for [com.enterprise.dashboard.model.ErrorData#3]
[DEBUG] 2019-10-20 22:10:46.337 [main] TwoPhaseLoad - Processing attribute `application` : value = 1
[DEBUG] 2019-10-20 22:10:46.337 [main] TwoPhaseLoad - Attribute (`application`)  - enhanced for lazy-loading? - false
[DEBUG] 2019-10-20 22:10:46.337 [main] TwoPhaseLoad - Processing attribute `description` : value = ERROR processing 3 request
[DEBUG] 2019-10-20 22:10:46.337 [main] TwoPhaseLoad - Attribute (`description`)  - enhanced for lazy-loading? - false
[DEBUG] 2019-10-20 22:10:46.337 [main] TwoPhaseLoad - Processing attribute `message` : value = ERR-103
[DEBUG] 2019-10-20 22:10:46.337 [main] TwoPhaseLoad - Attribute (`message`)  - enhanced for lazy-loading? - false
[DEBUG] 2019-10-20 22:10:46.337 [main] TwoPhaseLoad - Done materializing entity [com.enterprise.dashboard.model.ErrorData#3]
[DEBUG] 2019-10-20 22:10:46.338 [main] CollectionLoadContext - 1 collections were found in result set for role: com.enterprise.dashboard.model.Application.errorDataSet
[DEBUG] 2019-10-20 22:10:46.338 [main] CollectionLoadContext - Collection fully initialized: [com.enterprise.dashboard.model.Application.errorDataSet#1]
[DEBUG] 2019-10-20 22:10:46.338 [main] CollectionLoadContext - 1 collections initialized for role: com.enterprise.dashboard.model.Application.errorDataSet
[DEBUG] 2019-10-20 22:10:46.338 [main] ResourceRegistryStandardImpl - HHH000387: ResultSet's statement was not registered
[DEBUG] 2019-10-20 22:10:46.338 [main] AbstractLoadPlanBasedCollectionInitializer - Done loading collection
[DEBUG] 2019-10-20 22:10:46.338 [main] AbstractLoadPlanBasedEntityLoader - Done entity load : com.enterprise.dashboard.model.ErrorData#1
[DEBUG] 2019-10-20 22:10:46.338 [main] LogicalConnectionManagedImpl - Initiating JDBC connection release from afterTransaction
[DEBUG] 2019-10-20 22:10:46.351 [main] TransactionImpl - On TransactionImpl creation, JpaCompliance#isJpaTransactionComplianceEnabled == false
[DEBUG] 2019-10-20 22:10:46.352 [main] TransactionImpl - begin
[DEBUG] 2019-10-20 22:10:46.364 [main] TransactionImpl - committing
[DEBUG] 2019-10-20 22:10:46.365 [main] AbstractFlushingEventListener - Processing flush-time cascades
[DEBUG] 2019-10-20 22:10:46.365 [main] AbstractFlushingEventListener - Dirty checking collections
[DEBUG] 2019-10-20 22:10:46.369 [main] AbstractFlushingEventListener - Flushed: 0 insertions, 1 updates, 0 deletions to 1 objects
[DEBUG] 2019-10-20 22:10:46.369 [main] AbstractFlushingEventListener - Flushed: 0 (re)creations, 0 updates, 0 removals to 0 collections
[DEBUG] 2019-10-20 22:10:46.370 [main] EntityPrinter - Listing entities:
[DEBUG] 2019-10-20 22:10:46.370 [main] EntityPrinter - com.enterprise.dashboard.model.ErrorData{application=com.enterprise.dashboard.model.Application#1, description=ERROR processing request, id=1, message=ERR-111}
[DEBUG] 2019-10-20 22:10:46.373 [main] SQL - update ERROR_DATA set application_ID=?, DESCRIPTION=?, MESSAGE=? where ID=?
[DEBUG] 2019-10-20 22:10:46.387 [main] LogicalConnectionManagedImpl - Initiating JDBC connection release from afterTransaction
[DEBUG] 2019-10-20 22:10:46.389 [main] LogicalConnectionManagedImpl - Initiating JDBC connection release from afterTransaction
[DEBUG] 2019-10-20 22:10:46.390 [main] SQL - select errordata0_.ID as ID1_1_0_, errordata0_.application_ID as applicat4_1_0_, errordata0_.DESCRIPTION as DESCRIPT2_1_0_, errordata0_.MESSAGE as MESSAGE3_1_0_, applicatio1_.ID as ID1_0_1_, applicatio1_.DESCRIPTION as DESCRIPT2_0_1_, applicatio1_.NAME as NAME3_0_1_ from ERROR_DATA errordata0_ left outer join APPLICATIONS applicatio1_ on errordata0_.application_ID=applicatio1_.ID where errordata0_.ID=?
[DEBUG] 2019-10-20 22:10:46.394 [main] ResultSetProcessorImpl - Starting ResultSet row #0
[DEBUG] 2019-10-20 22:10:46.395 [main] EntityReferenceInitializerImpl - On call to EntityIdentifierReaderImpl#resolve, EntityKey was already known; should only happen on root returns with an optional identifier specified
[DEBUG] 2019-10-20 22:10:46.395 [main] TwoPhaseLoad - Resolving attributes for [com.enterprise.dashboard.model.ErrorData#1]
[DEBUG] 2019-10-20 22:10:46.395 [main] TwoPhaseLoad - Processing attribute `application` : value = 1
[DEBUG] 2019-10-20 22:10:46.395 [main] TwoPhaseLoad - Attribute (`application`)  - enhanced for lazy-loading? - false
[DEBUG] 2019-10-20 22:10:46.395 [main] TwoPhaseLoad - Processing attribute `description` : value = ERROR processing request
[DEBUG] 2019-10-20 22:10:46.396 [main] TwoPhaseLoad - Attribute (`description`)  - enhanced for lazy-loading? - false
[DEBUG] 2019-10-20 22:10:46.396 [main] TwoPhaseLoad - Processing attribute `message` : value = ERR-111
[DEBUG] 2019-10-20 22:10:46.396 [main] TwoPhaseLoad - Attribute (`message`)  - enhanced for lazy-loading? - false
[DEBUG] 2019-10-20 22:10:46.396 [main] TwoPhaseLoad - Done materializing entity [com.enterprise.dashboard.model.ErrorData#1]
[DEBUG] 2019-10-20 22:10:46.396 [main] TwoPhaseLoad - Resolving attributes for [com.enterprise.dashboard.model.Application#1]
[DEBUG] 2019-10-20 22:10:46.396 [main] TwoPhaseLoad - Processing attribute `description` : value = This is the first application
[DEBUG] 2019-10-20 22:10:46.396 [main] TwoPhaseLoad - Attribute (`description`)  - enhanced for lazy-loading? - false
[DEBUG] 2019-10-20 22:10:46.396 [main] TwoPhaseLoad - Processing attribute `errorDataSet` : value = NOT NULL COLLECTION
[DEBUG] 2019-10-20 22:10:46.396 [main] TwoPhaseLoad - Attribute (`errorDataSet`)  - enhanced for lazy-loading? - false
[DEBUG] 2019-10-20 22:10:46.396 [main] TwoPhaseLoad - Processing attribute `name` : value = Application 1
[DEBUG] 2019-10-20 22:10:46.396 [main] TwoPhaseLoad - Attribute (`name`)  - enhanced for lazy-loading? - false
[DEBUG] 2019-10-20 22:10:46.396 [main] TwoPhaseLoad - Done materializing entity [com.enterprise.dashboard.model.Application#1]
[DEBUG] 2019-10-20 22:10:46.396 [main] ResourceRegistryStandardImpl - HHH000387: ResultSet's statement was not registered
[DEBUG] 2019-10-20 22:10:46.397 [main] AbstractLoadPlanBasedCollectionInitializer - Loading collection: [com.enterprise.dashboard.model.Application.errorDataSet#1]
[DEBUG] 2019-10-20 22:10:46.397 [main] SQL - select errordatas0_.application_ID as applicat4_1_0_, errordatas0_.ID as ID1_1_0_, errordatas0_.ID as ID1_1_1_, errordatas0_.application_ID as applicat4_1_1_, errordatas0_.DESCRIPTION as DESCRIPT2_1_1_, errordatas0_.MESSAGE as MESSAGE3_1_1_ from ERROR_DATA errordatas0_ where errordatas0_.application_ID=?
[DEBUG] 2019-10-20 22:10:46.399 [main] ResultSetProcessorImpl - Preparing collection initializer : [com.enterprise.dashboard.model.Application.errorDataSet#1]
[DEBUG] 2019-10-20 22:10:46.399 [main] ResultSetProcessorImpl - Starting ResultSet row #0
[DEBUG] 2019-10-20 22:10:46.400 [main] CollectionReferenceInitializerImpl - Found row of collection: [com.enterprise.dashboard.model.Application.errorDataSet#1]
[DEBUG] 2019-10-20 22:10:46.400 [main] ResultSetProcessorImpl - Starting ResultSet row #1
[DEBUG] 2019-10-20 22:10:46.400 [main] CollectionReferenceInitializerImpl - Found row of collection: [com.enterprise.dashboard.model.Application.errorDataSet#1]
[DEBUG] 2019-10-20 22:10:46.400 [main] TwoPhaseLoad - Resolving attributes for [com.enterprise.dashboard.model.ErrorData#3]
[DEBUG] 2019-10-20 22:10:46.400 [main] TwoPhaseLoad - Processing attribute `application` : value = 1
[DEBUG] 2019-10-20 22:10:46.400 [main] TwoPhaseLoad - Attribute (`application`)  - enhanced for lazy-loading? - false
[DEBUG] 2019-10-20 22:10:46.400 [main] TwoPhaseLoad - Processing attribute `description` : value = ERROR processing 3 request
[DEBUG] 2019-10-20 22:10:46.400 [main] TwoPhaseLoad - Attribute (`description`)  - enhanced for lazy-loading? - false
[DEBUG] 2019-10-20 22:10:46.401 [main] TwoPhaseLoad - Processing attribute `message` : value = ERR-103
[DEBUG] 2019-10-20 22:10:46.401 [main] TwoPhaseLoad - Attribute (`message`)  - enhanced for lazy-loading? - false
[DEBUG] 2019-10-20 22:10:46.401 [main] TwoPhaseLoad - Done materializing entity [com.enterprise.dashboard.model.ErrorData#3]
[DEBUG] 2019-10-20 22:10:46.401 [main] CollectionLoadContext - 1 collections were found in result set for role: com.enterprise.dashboard.model.Application.errorDataSet
[DEBUG] 2019-10-20 22:10:46.401 [main] CollectionLoadContext - Collection fully initialized: [com.enterprise.dashboard.model.Application.errorDataSet#1]
[DEBUG] 2019-10-20 22:10:46.401 [main] CollectionLoadContext - 1 collections initialized for role: com.enterprise.dashboard.model.Application.errorDataSet
[DEBUG] 2019-10-20 22:10:46.401 [main] ResourceRegistryStandardImpl - HHH000387: ResultSet's statement was not registered
[DEBUG] 2019-10-20 22:10:46.401 [main] AbstractLoadPlanBasedCollectionInitializer - Done loading collection
[DEBUG] 2019-10-20 22:10:46.401 [main] AbstractLoadPlanBasedEntityLoader - Done entity load : com.enterprise.dashboard.model.ErrorData#1
[DEBUG] 2019-10-20 22:10:46.401 [main] LogicalConnectionManagedImpl - Initiating JDBC connection release from afterTransaction
