[DEBUG] 2019-10-06 16:50:30.930 [main] IntegratorServiceImpl - Adding Integrator [org.hibernate.cfg.beanvalidation.BeanValidationIntegrator].
[DEBUG] 2019-10-06 16:50:30.936 [main] IntegratorServiceImpl - Adding Integrator [org.hibernate.secure.spi.JaccIntegrator].
[DEBUG] 2019-10-06 16:50:30.940 [main] IntegratorServiceImpl - Adding Integrator [org.hibernate.cache.internal.CollectionCacheInvalidator].
[INFO ] 2019-10-06 16:50:31.013 [main] Version - HHH000412: Hibernate Core {5.4.4.Final}
[DEBUG] 2019-10-06 16:50:31.015 [main] Environment - HHH000206: hibernate.properties not found
[DEBUG] 2019-10-06 16:50:31.240 [main] LocalXmlResourceResolver - Interpreting public/system identifier : [-//Hibernate/Hibernate Configuration DTD//EN] - [http://www.hibernate.org/dtd/hibernate-configuration-3.0.dtd]
[DEBUG] 2019-10-06 16:50:31.243 [main] LocalXmlResourceResolver - Recognized hibernate-configuration identifier; attempting to resolve on classpath under org/hibernate/
[DEBUG] 2019-10-06 16:50:31.251 [main] JaxbCfgProcessor - cfg.xml document did not define namespaces; wrapping in custom event reader to introduce namespace information
[DEBUG] 2019-10-06 16:50:31.563 [main] ServiceBinding - Overriding existing service binding [org.hibernate.secure.spi.JaccService]
[DEBUG] 2019-10-06 16:50:31.585 [main] RegionFactoryInitiator - Cannot default RegionFactory based on registered strategies as `[]` RegionFactory strategies were registered
[DEBUG] 2019-10-06 16:50:31.586 [main] RegionFactoryInitiator - Cache region factory : org.hibernate.cache.internal.NoCachingRegionFactory
[INFO ] 2019-10-06 16:50:31.611 [main] Version - HCANN000001: Hibernate Commons Annotations {5.1.0.Final}
[DEBUG] 2019-10-06 16:50:31.652 [main] BasicTypeRegistry - Adding type registration boolean -> org.hibernate.type.BooleanType@11a8042c
[DEBUG] 2019-10-06 16:50:31.653 [main] BasicTypeRegistry - Adding type registration boolean -> org.hibernate.type.BooleanType@11a8042c
[DEBUG] 2019-10-06 16:50:31.653 [main] BasicTypeRegistry - Adding type registration java.lang.Boolean -> org.hibernate.type.BooleanType@11a8042c
[DEBUG] 2019-10-06 16:50:31.653 [main] BasicTypeRegistry - Adding type registration numeric_boolean -> org.hibernate.type.NumericBooleanType@64b3b1ce
[DEBUG] 2019-10-06 16:50:31.654 [main] BasicTypeRegistry - Adding type registration true_false -> org.hibernate.type.TrueFalseType@5f7da3d3
[DEBUG] 2019-10-06 16:50:31.655 [main] BasicTypeRegistry - Adding type registration yes_no -> org.hibernate.type.YesNoType@64fe9da7
[DEBUG] 2019-10-06 16:50:31.656 [main] BasicTypeRegistry - Adding type registration byte -> org.hibernate.type.ByteType@1a0b5323
[DEBUG] 2019-10-06 16:50:31.657 [main] BasicTypeRegistry - Adding type registration byte -> org.hibernate.type.ByteType@1a0b5323
[DEBUG] 2019-10-06 16:50:31.657 [main] BasicTypeRegistry - Adding type registration java.lang.Byte -> org.hibernate.type.ByteType@1a0b5323
[DEBUG] 2019-10-06 16:50:31.658 [main] BasicTypeRegistry - Adding type registration character -> org.hibernate.type.CharacterType@41fe8e5f
[DEBUG] 2019-10-06 16:50:31.658 [main] BasicTypeRegistry - Adding type registration char -> org.hibernate.type.CharacterType@41fe8e5f
[DEBUG] 2019-10-06 16:50:31.658 [main] BasicTypeRegistry - Adding type registration java.lang.Character -> org.hibernate.type.CharacterType@41fe8e5f
[DEBUG] 2019-10-06 16:50:31.659 [main] BasicTypeRegistry - Adding type registration short -> org.hibernate.type.ShortType@51a6cc2a
[DEBUG] 2019-10-06 16:50:31.660 [main] BasicTypeRegistry - Adding type registration short -> org.hibernate.type.ShortType@51a6cc2a
[DEBUG] 2019-10-06 16:50:31.660 [main] BasicTypeRegistry - Adding type registration java.lang.Short -> org.hibernate.type.ShortType@51a6cc2a
[DEBUG] 2019-10-06 16:50:31.661 [main] BasicTypeRegistry - Adding type registration integer -> org.hibernate.type.IntegerType@78c1372d
[DEBUG] 2019-10-06 16:50:31.661 [main] BasicTypeRegistry - Adding type registration int -> org.hibernate.type.IntegerType@78c1372d
[DEBUG] 2019-10-06 16:50:31.661 [main] BasicTypeRegistry - Adding type registration java.lang.Integer -> org.hibernate.type.IntegerType@78c1372d
[DEBUG] 2019-10-06 16:50:31.663 [main] BasicTypeRegistry - Adding type registration long -> org.hibernate.type.LongType@22a0d4ea
[DEBUG] 2019-10-06 16:50:31.663 [main] BasicTypeRegistry - Adding type registration long -> org.hibernate.type.LongType@22a0d4ea
[DEBUG] 2019-10-06 16:50:31.663 [main] BasicTypeRegistry - Adding type registration java.lang.Long -> org.hibernate.type.LongType@22a0d4ea
[DEBUG] 2019-10-06 16:50:31.664 [main] BasicTypeRegistry - Adding type registration float -> org.hibernate.type.FloatType@2412a42b
[DEBUG] 2019-10-06 16:50:31.665 [main] BasicTypeRegistry - Adding type registration float -> org.hibernate.type.FloatType@2412a42b
[DEBUG] 2019-10-06 16:50:31.665 [main] BasicTypeRegistry - Adding type registration java.lang.Float -> org.hibernate.type.FloatType@2412a42b
[DEBUG] 2019-10-06 16:50:31.666 [main] BasicTypeRegistry - Adding type registration double -> org.hibernate.type.DoubleType@51841ac6
[DEBUG] 2019-10-06 16:50:31.666 [main] BasicTypeRegistry - Adding type registration double -> org.hibernate.type.DoubleType@51841ac6
[DEBUG] 2019-10-06 16:50:31.666 [main] BasicTypeRegistry - Adding type registration java.lang.Double -> org.hibernate.type.DoubleType@51841ac6
[DEBUG] 2019-10-06 16:50:31.667 [main] BasicTypeRegistry - Adding type registration big_decimal -> org.hibernate.type.BigDecimalType@10afe71a
[DEBUG] 2019-10-06 16:50:31.668 [main] BasicTypeRegistry - Adding type registration java.math.BigDecimal -> org.hibernate.type.BigDecimalType@10afe71a
[DEBUG] 2019-10-06 16:50:31.669 [main] BasicTypeRegistry - Adding type registration big_integer -> org.hibernate.type.BigIntegerType@4715ae33
[DEBUG] 2019-10-06 16:50:31.670 [main] BasicTypeRegistry - Adding type registration java.math.BigInteger -> org.hibernate.type.BigIntegerType@4715ae33
[DEBUG] 2019-10-06 16:50:31.673 [main] BasicTypeRegistry - Adding type registration string -> org.hibernate.type.StringType@2a2ef072
[DEBUG] 2019-10-06 16:50:31.673 [main] BasicTypeRegistry - Adding type registration java.lang.String -> org.hibernate.type.StringType@2a2ef072
[DEBUG] 2019-10-06 16:50:31.674 [main] BasicTypeRegistry - Adding type registration nstring -> org.hibernate.type.StringNVarcharType@1f77b5cc
[DEBUG] 2019-10-06 16:50:31.675 [main] BasicTypeRegistry - Adding type registration ncharacter -> org.hibernate.type.CharacterNCharType@2e179f3e
[DEBUG] 2019-10-06 16:50:31.676 [main] BasicTypeRegistry - Adding type registration url -> org.hibernate.type.UrlType@67b100fe
[DEBUG] 2019-10-06 16:50:31.676 [main] BasicTypeRegistry - Adding type registration java.net.URL -> org.hibernate.type.UrlType@67b100fe
[DEBUG] 2019-10-06 16:50:31.677 [main] BasicTypeRegistry - Adding type registration Duration -> org.hibernate.type.DurationType@44b194fe
[DEBUG] 2019-10-06 16:50:31.677 [main] BasicTypeRegistry - Adding type registration java.time.Duration -> org.hibernate.type.DurationType@44b194fe
[DEBUG] 2019-10-06 16:50:31.692 [main] BasicTypeRegistry - Adding type registration Instant -> org.hibernate.type.InstantType@49c675f0
[DEBUG] 2019-10-06 16:50:31.692 [main] BasicTypeRegistry - Adding type registration java.time.Instant -> org.hibernate.type.InstantType@49c675f0
[DEBUG] 2019-10-06 16:50:31.695 [main] BasicTypeRegistry - Adding type registration LocalDateTime -> org.hibernate.type.LocalDateTimeType@7979b8b7
[DEBUG] 2019-10-06 16:50:31.695 [main] BasicTypeRegistry - Adding type registration java.time.LocalDateTime -> org.hibernate.type.LocalDateTimeType@7979b8b7
[DEBUG] 2019-10-06 16:50:31.697 [main] BasicTypeRegistry - Adding type registration LocalDate -> org.hibernate.type.LocalDateType@24e83d19
[DEBUG] 2019-10-06 16:50:31.698 [main] BasicTypeRegistry - Adding type registration java.time.LocalDate -> org.hibernate.type.LocalDateType@24e83d19
[DEBUG] 2019-10-06 16:50:31.699 [main] BasicTypeRegistry - Adding type registration LocalTime -> org.hibernate.type.LocalTimeType@35267fd4
[DEBUG] 2019-10-06 16:50:31.699 [main] BasicTypeRegistry - Adding type registration java.time.LocalTime -> org.hibernate.type.LocalTimeType@35267fd4
[DEBUG] 2019-10-06 16:50:31.701 [main] BasicTypeRegistry - Adding type registration OffsetDateTime -> org.hibernate.type.OffsetDateTimeType@7661b5a
[DEBUG] 2019-10-06 16:50:31.702 [main] BasicTypeRegistry - Adding type registration java.time.OffsetDateTime -> org.hibernate.type.OffsetDateTimeType@7661b5a
[DEBUG] 2019-10-06 16:50:31.703 [main] BasicTypeRegistry - Adding type registration OffsetTime -> org.hibernate.type.OffsetTimeType@1f0b3cfe
[DEBUG] 2019-10-06 16:50:31.704 [main] BasicTypeRegistry - Adding type registration java.time.OffsetTime -> org.hibernate.type.OffsetTimeType@1f0b3cfe
[DEBUG] 2019-10-06 16:50:31.707 [main] BasicTypeRegistry - Adding type registration ZonedDateTime -> org.hibernate.type.ZonedDateTimeType@312b34e3
[DEBUG] 2019-10-06 16:50:31.707 [main] BasicTypeRegistry - Adding type registration java.time.ZonedDateTime -> org.hibernate.type.ZonedDateTimeType@312b34e3
[DEBUG] 2019-10-06 16:50:31.709 [main] BasicTypeRegistry - Adding type registration date -> org.hibernate.type.DateType@36417a54
[DEBUG] 2019-10-06 16:50:31.709 [main] BasicTypeRegistry - Adding type registration java.sql.Date -> org.hibernate.type.DateType@36417a54
[DEBUG] 2019-10-06 16:50:31.710 [main] BasicTypeRegistry - Adding type registration time -> org.hibernate.type.TimeType@1e0895f5
[DEBUG] 2019-10-06 16:50:31.711 [main] BasicTypeRegistry - Adding type registration java.sql.Time -> org.hibernate.type.TimeType@1e0895f5
[DEBUG] 2019-10-06 16:50:31.713 [main] BasicTypeRegistry - Adding type registration timestamp -> org.hibernate.type.TimestampType@4b6d92e
[DEBUG] 2019-10-06 16:50:31.713 [main] BasicTypeRegistry - Adding type registration java.sql.Timestamp -> org.hibernate.type.TimestampType@4b6d92e
[DEBUG] 2019-10-06 16:50:31.713 [main] BasicTypeRegistry - Adding type registration java.util.Date -> org.hibernate.type.TimestampType@4b6d92e
[DEBUG] 2019-10-06 16:50:31.715 [main] BasicTypeRegistry - Adding type registration dbtimestamp -> org.hibernate.type.DbTimestampType@1bc0d349
[DEBUG] 2019-10-06 16:50:31.716 [main] BasicTypeRegistry - Adding type registration calendar -> org.hibernate.type.CalendarType@62e93c3a
[DEBUG] 2019-10-06 16:50:31.716 [main] BasicTypeRegistry - Adding type registration java.util.Calendar -> org.hibernate.type.CalendarType@62e93c3a
[DEBUG] 2019-10-06 16:50:31.717 [main] BasicTypeRegistry - Adding type registration java.util.GregorianCalendar -> org.hibernate.type.CalendarType@62e93c3a
[DEBUG] 2019-10-06 16:50:31.718 [main] BasicTypeRegistry - Adding type registration calendar_date -> org.hibernate.type.CalendarDateType@20cece0b
[DEBUG] 2019-10-06 16:50:31.719 [main] BasicTypeRegistry - Adding type registration locale -> org.hibernate.type.LocaleType@73c9e8e8
[DEBUG] 2019-10-06 16:50:31.719 [main] BasicTypeRegistry - Adding type registration java.util.Locale -> org.hibernate.type.LocaleType@73c9e8e8
[DEBUG] 2019-10-06 16:50:31.721 [main] BasicTypeRegistry - Adding type registration currency -> org.hibernate.type.CurrencyType@58ff8d79
[DEBUG] 2019-10-06 16:50:31.721 [main] BasicTypeRegistry - Adding type registration java.util.Currency -> org.hibernate.type.CurrencyType@58ff8d79
[DEBUG] 2019-10-06 16:50:31.722 [main] BasicTypeRegistry - Adding type registration timezone -> org.hibernate.type.TimeZoneType@62db3891
[DEBUG] 2019-10-06 16:50:31.722 [main] BasicTypeRegistry - Adding type registration java.util.TimeZone -> org.hibernate.type.TimeZoneType@62db3891
[DEBUG] 2019-10-06 16:50:31.723 [main] BasicTypeRegistry - Adding type registration class -> org.hibernate.type.ClassType@546e61d5
[DEBUG] 2019-10-06 16:50:31.723 [main] BasicTypeRegistry - Adding type registration java.lang.Class -> org.hibernate.type.ClassType@546e61d5
[DEBUG] 2019-10-06 16:50:31.724 [main] BasicTypeRegistry - Adding type registration uuid-binary -> org.hibernate.type.UUIDBinaryType@2819c460
[DEBUG] 2019-10-06 16:50:31.725 [main] BasicTypeRegistry - Adding type registration java.util.UUID -> org.hibernate.type.UUIDBinaryType@2819c460
[DEBUG] 2019-10-06 16:50:31.725 [main] BasicTypeRegistry - Adding type registration uuid-char -> org.hibernate.type.UUIDCharType@78d6447a
[DEBUG] 2019-10-06 16:50:31.726 [main] BasicTypeRegistry - Adding type registration binary -> org.hibernate.type.BinaryType@6a472566
[DEBUG] 2019-10-06 16:50:31.726 [main] BasicTypeRegistry - Adding type registration byte[] -> org.hibernate.type.BinaryType@6a472566
[DEBUG] 2019-10-06 16:50:31.726 [main] BasicTypeRegistry - Adding type registration [B -> org.hibernate.type.BinaryType@6a472566
[DEBUG] 2019-10-06 16:50:31.727 [main] BasicTypeRegistry - Adding type registration wrapper-binary -> org.hibernate.type.WrapperBinaryType@5633ed82
[DEBUG] 2019-10-06 16:50:31.728 [main] BasicTypeRegistry - Adding type registration Byte[] -> org.hibernate.type.WrapperBinaryType@5633ed82
[DEBUG] 2019-10-06 16:50:31.728 [main] BasicTypeRegistry - Adding type registration [Ljava.lang.Byte; -> org.hibernate.type.WrapperBinaryType@5633ed82
[DEBUG] 2019-10-06 16:50:31.729 [main] BasicTypeRegistry - Adding type registration row_version -> org.hibernate.type.RowVersionType@277bf091
[DEBUG] 2019-10-06 16:50:31.730 [main] BasicTypeRegistry - Adding type registration image -> org.hibernate.type.ImageType@1dba4e06
[DEBUG] 2019-10-06 16:50:31.731 [main] BasicTypeRegistry - Adding type registration characters -> org.hibernate.type.CharArrayType@587a1cfb
[DEBUG] 2019-10-06 16:50:31.731 [main] BasicTypeRegistry - Adding type registration char[] -> org.hibernate.type.CharArrayType@587a1cfb
[DEBUG] 2019-10-06 16:50:31.731 [main] BasicTypeRegistry - Adding type registration [C -> org.hibernate.type.CharArrayType@587a1cfb
[DEBUG] 2019-10-06 16:50:31.732 [main] BasicTypeRegistry - Adding type registration wrapper-characters -> org.hibernate.type.CharacterArrayType@5c77ba8f
[DEBUG] 2019-10-06 16:50:31.733 [main] BasicTypeRegistry - Adding type registration [Ljava.lang.Character; -> org.hibernate.type.CharacterArrayType@5c77ba8f
[DEBUG] 2019-10-06 16:50:31.733 [main] BasicTypeRegistry - Adding type registration Character[] -> org.hibernate.type.CharacterArrayType@5c77ba8f
[DEBUG] 2019-10-06 16:50:31.734 [main] BasicTypeRegistry - Adding type registration text -> org.hibernate.type.TextType@7add323c
[DEBUG] 2019-10-06 16:50:31.735 [main] BasicTypeRegistry - Adding type registration ntext -> org.hibernate.type.NTextType@35c12c7a
[DEBUG] 2019-10-06 16:50:31.736 [main] BasicTypeRegistry - Adding type registration blob -> org.hibernate.type.BlobType@22a736d7
[DEBUG] 2019-10-06 16:50:31.737 [main] BasicTypeRegistry - Adding type registration java.sql.Blob -> org.hibernate.type.BlobType@22a736d7
[DEBUG] 2019-10-06 16:50:31.737 [main] BasicTypeRegistry - Adding type registration materialized_blob -> org.hibernate.type.MaterializedBlobType@5d43409a
[DEBUG] 2019-10-06 16:50:31.740 [main] BasicTypeRegistry - Adding type registration clob -> org.hibernate.type.ClobType@7b6860f9
[DEBUG] 2019-10-06 16:50:31.740 [main] BasicTypeRegistry - Adding type registration java.sql.Clob -> org.hibernate.type.ClobType@7b6860f9
[DEBUG] 2019-10-06 16:50:31.742 [main] BasicTypeRegistry - Adding type registration nclob -> org.hibernate.type.NClobType@433348bc
[DEBUG] 2019-10-06 16:50:31.742 [main] BasicTypeRegistry - Adding type registration java.sql.NClob -> org.hibernate.type.NClobType@433348bc
[DEBUG] 2019-10-06 16:50:31.742 [main] BasicTypeRegistry - Adding type registration materialized_clob -> org.hibernate.type.MaterializedClobType@26dc9bd5
[DEBUG] 2019-10-06 16:50:31.743 [main] BasicTypeRegistry - Adding type registration materialized_nclob -> org.hibernate.type.MaterializedNClobType@6403e24c
[DEBUG] 2019-10-06 16:50:31.744 [main] BasicTypeRegistry - Adding type registration serializable -> org.hibernate.type.SerializableType@70228253
[DEBUG] 2019-10-06 16:50:31.747 [main] BasicTypeRegistry - Adding type registration object -> org.hibernate.type.ObjectType@2f5ac102
[DEBUG] 2019-10-06 16:50:31.748 [main] BasicTypeRegistry - Adding type registration java.lang.Object -> org.hibernate.type.ObjectType@2f5ac102
[DEBUG] 2019-10-06 16:50:31.748 [main] BasicTypeRegistry - Adding type registration imm_date -> org.hibernate.type.AdaptedImmutableType@80bfdc6
[DEBUG] 2019-10-06 16:50:31.750 [main] BasicTypeRegistry - Adding type registration imm_time -> org.hibernate.type.AdaptedImmutableType@6edcad64
[DEBUG] 2019-10-06 16:50:31.751 [main] BasicTypeRegistry - Adding type registration imm_timestamp -> org.hibernate.type.AdaptedImmutableType@4c6007fb
[DEBUG] 2019-10-06 16:50:31.752 [main] BasicTypeRegistry - Adding type registration imm_dbtimestamp -> org.hibernate.type.AdaptedImmutableType@3e33d73e
[DEBUG] 2019-10-06 16:50:31.753 [main] BasicTypeRegistry - Adding type registration imm_calendar -> org.hibernate.type.AdaptedImmutableType@6981f8f3
[DEBUG] 2019-10-06 16:50:31.754 [main] BasicTypeRegistry - Adding type registration imm_calendar_date -> org.hibernate.type.AdaptedImmutableType@623dcf2a
[DEBUG] 2019-10-06 16:50:31.754 [main] BasicTypeRegistry - Adding type registration imm_binary -> org.hibernate.type.AdaptedImmutableType@2eae4349
[DEBUG] 2019-10-06 16:50:31.754 [main] BasicTypeRegistry - Adding type registration imm_serializable -> org.hibernate.type.AdaptedImmutableType@e84fb85
[DEBUG] 2019-10-06 16:50:31.786 [main] DefaultIdentifierGeneratorFactory - Registering IdentifierGenerator strategy [uuid2] -> [org.hibernate.id.UUIDGenerator]
[DEBUG] 2019-10-06 16:50:31.787 [main] DefaultIdentifierGeneratorFactory - Registering IdentifierGenerator strategy [guid] -> [org.hibernate.id.GUIDGenerator]
[DEBUG] 2019-10-06 16:50:31.788 [main] DefaultIdentifierGeneratorFactory - Registering IdentifierGenerator strategy [uuid] -> [org.hibernate.id.UUIDHexGenerator]
[DEBUG] 2019-10-06 16:50:31.788 [main] DefaultIdentifierGeneratorFactory - Registering IdentifierGenerator strategy [uuid.hex] -> [org.hibernate.id.UUIDHexGenerator]
[DEBUG] 2019-10-06 16:50:31.789 [main] DefaultIdentifierGeneratorFactory - Registering IdentifierGenerator strategy [assigned] -> [org.hibernate.id.Assigned]
[DEBUG] 2019-10-06 16:50:31.790 [main] DefaultIdentifierGeneratorFactory - Registering IdentifierGenerator strategy [identity] -> [org.hibernate.id.IdentityGenerator]
[DEBUG] 2019-10-06 16:50:31.791 [main] DefaultIdentifierGeneratorFactory - Registering IdentifierGenerator strategy [select] -> [org.hibernate.id.SelectGenerator]
[DEBUG] 2019-10-06 16:50:31.792 [main] DefaultIdentifierGeneratorFactory - Registering IdentifierGenerator strategy [sequence] -> [org.hibernate.id.enhanced.SequenceStyleGenerator]
[DEBUG] 2019-10-06 16:50:31.793 [main] DefaultIdentifierGeneratorFactory - Registering IdentifierGenerator strategy [seqhilo] -> [org.hibernate.id.SequenceHiLoGenerator]
[DEBUG] 2019-10-06 16:50:31.794 [main] DefaultIdentifierGeneratorFactory - Registering IdentifierGenerator strategy [increment] -> [org.hibernate.id.IncrementGenerator]
[DEBUG] 2019-10-06 16:50:31.795 [main] DefaultIdentifierGeneratorFactory - Registering IdentifierGenerator strategy [foreign] -> [org.hibernate.id.ForeignGenerator]
[DEBUG] 2019-10-06 16:50:31.795 [main] DefaultIdentifierGeneratorFactory - Registering IdentifierGenerator strategy [sequence-identity] -> [org.hibernate.id.SequenceIdentityGenerator]
[DEBUG] 2019-10-06 16:50:31.795 [main] DefaultIdentifierGeneratorFactory - Registering IdentifierGenerator strategy [enhanced-sequence] -> [org.hibernate.id.enhanced.SequenceStyleGenerator]
[DEBUG] 2019-10-06 16:50:31.796 [main] DefaultIdentifierGeneratorFactory - Registering IdentifierGenerator strategy [enhanced-table] -> [org.hibernate.id.enhanced.TableGenerator]
[INFO ] 2019-10-06 16:50:31.804 [main] C3P0ConnectionProvider - HHH010002: C3P0 using driver: com.mysql.cj.jdbc.Driver at URL: jdbc:mysql://localhost:3307/dashboard
[INFO ] 2019-10-06 16:50:31.804 [main] C3P0ConnectionProvider - HHH10001001: Connection properties: {password=****, user=root}
[INFO ] 2019-10-06 16:50:31.804 [main] C3P0ConnectionProvider - HHH10001003: Autocommit mode: false
[INFO ] 2019-10-06 16:50:31.974 [main] C3P0ConnectionProvider - HHH10001007: JDBC isolation level: <unknown>
[DEBUG] 2019-10-06 16:50:32.164 [main] JdbcEnvironmentInitiator - Database ->
       name : MySQL
    version : 8.0.17
      major : 8
      minor : 0
[DEBUG] 2019-10-06 16:50:32.165 [main] JdbcEnvironmentInitiator - Driver ->
       name : MySQL Connector/J
    version : mysql-connector-java-8.0.16 (Revision: 34cbc6bc61f72836e26327537a432d6db7c77de6)
      major : 8
      minor : 0
[DEBUG] 2019-10-06 16:50:32.165 [main] JdbcEnvironmentInitiator - JDBC version : 4.2
[INFO ] 2019-10-06 16:50:32.197 [main] Dialect - HHH000400: Using dialect: org.hibernate.dialect.MySQL8Dialect
[DEBUG] 2019-10-06 16:50:32.217 [main] IdentifierHelperBuilder - JDBC driver metadata reported database stores quoted identifiers in more than one case
[DEBUG] 2019-10-06 16:50:32.250 [main] IdentifierHelperBuilder - IdentifierCaseStrategy for both quoted and unquoted identifiers was set to the same strategy [MIXED]; that will likely lead to problems in schema update and validation if using quoted identifiers
[DEBUG] 2019-10-06 16:50:32.302 [main] Namespace - Created database namespace [logicalName=Name{catalog=null, schema=null}, physicalName=Name{catalog=null, schema=null}]
[DEBUG] 2019-10-06 16:50:32.305 [main] TypeConfiguration$Scope - Scoping TypeConfiguration [org.hibernate.type.spi.TypeConfiguration@34b87182] to MetadataBuildingContext [org.hibernate.boot.internal.MetadataBuildingContextRootImpl@47768e74]
[DEBUG] 2019-10-06 16:50:32.362 [main] AnnotationBinder - Binding entity from annotated class: com.enterprise.dashboard.model.Application
[DEBUG] 2019-10-06 16:50:32.388 [main] Ejb3Column - Binding column: Ejb3DiscriminatorColumn{logicalColumnName'DTYPE', discriminatorTypeName='string'}
[DEBUG] 2019-10-06 16:50:32.393 [main] EntityBinder - Import with entity name Applications
[DEBUG] 2019-10-06 16:50:32.397 [main] EntityBinder - Bind entity com.enterprise.dashboard.model.Application on table APPLICATIONS
[DEBUG] 2019-10-06 16:50:32.434 [main] Ejb3Column - Binding column: Ejb3Column{table=org.hibernate.mapping.Table(APPLICATIONS), mappingColumn=ID, insertable=true, updatable=true, unique=false}
[DEBUG] 2019-10-06 16:50:32.437 [main] PropertyBinder - MetadataSourceProcessor property id with lazy=false
[DEBUG] 2019-10-06 16:50:32.438 [main] AbstractPropertyHolder - Attempting to locate auto-apply AttributeConverter for property [com.enterprise.dashboard.model.Application:id]
[DEBUG] 2019-10-06 16:50:32.441 [main] SimpleValueBinder - building SimpleValue for id
[DEBUG] 2019-10-06 16:50:32.442 [main] PropertyBinder - Building property id
[DEBUG] 2019-10-06 16:50:32.446 [main] BinderHelper - #makeIdGenerator(org.hibernate.mapping.SimpleValue([org.hibernate.mapping.Column(ID)]), id, org.hibernate.id.enhanced.SequenceStyleGenerator, native, ...)
[DEBUG] 2019-10-06 16:50:32.447 [main] Ejb3Column - Binding column: Ejb3Column{table=org.hibernate.mapping.Table(APPLICATIONS), mappingColumn=DESCRIPTION, insertable=true, updatable=true, unique=false}
[DEBUG] 2019-10-06 16:50:32.447 [main] PropertyBinder - MetadataSourceProcessor property description with lazy=false
[DEBUG] 2019-10-06 16:50:32.447 [main] AbstractPropertyHolder - Attempting to locate auto-apply AttributeConverter for property [com.enterprise.dashboard.model.Application:description]
[DEBUG] 2019-10-06 16:50:32.447 [main] SimpleValueBinder - building SimpleValue for description
[DEBUG] 2019-10-06 16:50:32.447 [main] PropertyBinder - Building property description
[DEBUG] 2019-10-06 16:50:32.449 [main] Ejb3Column - Binding column: Ejb3JoinColumn{logicalColumnName='null', referencedColumn='null', mappedBy='application'}
[DEBUG] 2019-10-06 16:50:32.452 [main] Ejb3Column - Binding column: Ejb3Column{table=org.hibernate.mapping.Table(APPLICATIONS), mappingColumn=errorDataSet, insertable=true, updatable=true, unique=false}
[DEBUG] 2019-10-06 16:50:32.454 [main] Ejb3Column - Binding column: Ejb3Column{table=org.hibernate.mapping.Table(APPLICATIONS), mappingColumn=null, insertable=true, updatable=true, unique=false}
[DEBUG] 2019-10-06 16:50:32.462 [main] Ejb3Column - Binding column: Ejb3Column{table=org.hibernate.mapping.Table(APPLICATIONS), mappingColumn=element, insertable=true, updatable=true, unique=false}
[DEBUG] 2019-10-06 16:50:32.462 [main] Ejb3Column - Binding column: Ejb3Column{table=org.hibernate.mapping.Table(APPLICATIONS), mappingColumn=errorDataSet_KEY, insertable=true, updatable=true, unique=false}
[DEBUG] 2019-10-06 16:50:32.463 [main] Ejb3Column - Binding column: Ejb3JoinColumn{logicalColumnName='errorDataSet_KEY', referencedColumn='null', mappedBy='null'}
[DEBUG] 2019-10-06 16:50:32.465 [main] Ejb3Column - Binding column: Ejb3JoinColumn{logicalColumnName='null', referencedColumn='null', mappedBy='application'}
[DEBUG] 2019-10-06 16:50:32.465 [main] Ejb3Column - Binding column: Ejb3JoinColumn{logicalColumnName='null', referencedColumn='null', mappedBy='application'}
[DEBUG] 2019-10-06 16:50:32.466 [main] CollectionBinder - Collection role: com.enterprise.dashboard.model.Application.errorDataSet
[DEBUG] 2019-10-06 16:50:32.475 [main] PropertyBinder - Building property errorDataSet
[DEBUG] 2019-10-06 16:50:32.476 [main] Ejb3Column - Binding column: Ejb3Column{table=org.hibernate.mapping.Table(APPLICATIONS), mappingColumn=NAME, insertable=true, updatable=true, unique=false}
[DEBUG] 2019-10-06 16:50:32.476 [main] PropertyBinder - MetadataSourceProcessor property name with lazy=false
[DEBUG] 2019-10-06 16:50:32.476 [main] AbstractPropertyHolder - Attempting to locate auto-apply AttributeConverter for property [com.enterprise.dashboard.model.Application:name]
[DEBUG] 2019-10-06 16:50:32.477 [main] SimpleValueBinder - building SimpleValue for name
[DEBUG] 2019-10-06 16:50:32.477 [main] PropertyBinder - Building property name
[DEBUG] 2019-10-06 16:50:32.479 [main] AnnotationBinder - Binding entity from annotated class: com.enterprise.dashboard.model.ErrorData
[DEBUG] 2019-10-06 16:50:32.479 [main] Ejb3Column - Binding column: Ejb3DiscriminatorColumn{logicalColumnName'DTYPE', discriminatorTypeName='string'}
[DEBUG] 2019-10-06 16:50:32.479 [main] EntityBinder - Import with entity name ErrorData
[DEBUG] 2019-10-06 16:50:32.480 [main] EntityBinder - Bind entity com.enterprise.dashboard.model.ErrorData on table ERROR_DATA
[DEBUG] 2019-10-06 16:50:32.483 [main] Ejb3Column - Binding column: Ejb3Column{table=org.hibernate.mapping.Table(ERROR_DATA), mappingColumn=ID, insertable=true, updatable=true, unique=false}
[DEBUG] 2019-10-06 16:50:32.483 [main] PropertyBinder - MetadataSourceProcessor property id with lazy=false
[DEBUG] 2019-10-06 16:50:32.483 [main] AbstractPropertyHolder - Attempting to locate auto-apply AttributeConverter for property [com.enterprise.dashboard.model.ErrorData:id]
[DEBUG] 2019-10-06 16:50:32.484 [main] SimpleValueBinder - building SimpleValue for id
[DEBUG] 2019-10-06 16:50:32.484 [main] PropertyBinder - Building property id
[DEBUG] 2019-10-06 16:50:32.484 [main] BinderHelper - #makeIdGenerator(org.hibernate.mapping.SimpleValue([org.hibernate.mapping.Column(ID)]), id, org.hibernate.id.enhanced.SequenceStyleGenerator, native, ...)
[DEBUG] 2019-10-06 16:50:32.485 [main] Ejb3Column - Binding column: Ejb3JoinColumn{logicalColumnName='null', referencedColumn='null', mappedBy='null'}
[DEBUG] 2019-10-06 16:50:32.485 [main] Ejb3Column - Binding column: Ejb3Column{table=org.hibernate.mapping.Table(ERROR_DATA), mappingColumn=application, insertable=true, updatable=true, unique=false}
[DEBUG] 2019-10-06 16:50:32.487 [main] PropertyBinder - Building property application
[DEBUG] 2019-10-06 16:50:32.487 [main] Ejb3Column - Binding column: Ejb3Column{table=org.hibernate.mapping.Table(ERROR_DATA), mappingColumn=DESCRIPTION, insertable=true, updatable=true, unique=false}
[DEBUG] 2019-10-06 16:50:32.487 [main] PropertyBinder - MetadataSourceProcessor property description with lazy=false
[DEBUG] 2019-10-06 16:50:32.488 [main] AbstractPropertyHolder - Attempting to locate auto-apply AttributeConverter for property [com.enterprise.dashboard.model.ErrorData:description]
[DEBUG] 2019-10-06 16:50:32.488 [main] SimpleValueBinder - building SimpleValue for description
[DEBUG] 2019-10-06 16:50:32.488 [main] PropertyBinder - Building property description
[DEBUG] 2019-10-06 16:50:32.488 [main] Ejb3Column - Binding column: Ejb3Column{table=org.hibernate.mapping.Table(ERROR_DATA), mappingColumn=MESSAGE, insertable=true, updatable=true, unique=false}
[DEBUG] 2019-10-06 16:50:32.488 [main] PropertyBinder - MetadataSourceProcessor property message with lazy=false
[DEBUG] 2019-10-06 16:50:32.488 [main] AbstractPropertyHolder - Attempting to locate auto-apply AttributeConverter for property [com.enterprise.dashboard.model.ErrorData:message]
[DEBUG] 2019-10-06 16:50:32.489 [main] SimpleValueBinder - building SimpleValue for message
[DEBUG] 2019-10-06 16:50:32.489 [main] PropertyBinder - Building property message
[DEBUG] 2019-10-06 16:50:32.491 [main] SimpleValueBinder - Starting fillSimpleValue for id
[DEBUG] 2019-10-06 16:50:32.491 [main] SimpleValueBinder - Starting fillSimpleValue for description
[DEBUG] 2019-10-06 16:50:32.491 [main] SimpleValueBinder - Starting fillSimpleValue for name
[DEBUG] 2019-10-06 16:50:32.491 [main] SimpleValueBinder - Starting fillSimpleValue for id
[DEBUG] 2019-10-06 16:50:32.491 [main] SimpleValueBinder - Starting fillSimpleValue for description
[DEBUG] 2019-10-06 16:50:32.491 [main] SimpleValueBinder - Starting fillSimpleValue for message
[DEBUG] 2019-10-06 16:50:32.497 [main] PrimaryKey - Forcing column [id] to be non-null as it is part of the primary key for table [applications]
[DEBUG] 2019-10-06 16:50:32.497 [main] PrimaryKey - Forcing column [id] to be non-null as it is part of the primary key for table [error_data]
[DEBUG] 2019-10-06 16:50:32.497 [main] CollectionSecondPass - Second pass for collection: com.enterprise.dashboard.model.Application.errorDataSet
[DEBUG] 2019-10-06 16:50:32.498 [main] CollectionBinder - Binding a OneToMany: com.enterprise.dashboard.model.Application.errorDataSet through a foreign key
[DEBUG] 2019-10-06 16:50:32.499 [main] CollectionBinder - Mapping collection: com.enterprise.dashboard.model.Application.errorDataSet -> ERROR_DATA
[DEBUG] 2019-10-06 16:50:32.500 [main] TableBinder - Retrieving property com.enterprise.dashboard.model.ErrorData.application
[DEBUG] 2019-10-06 16:50:32.501 [main] CollectionSecondPass - Mapped collection key: application_ID, one-to-many: com.enterprise.dashboard.model.ErrorData
[DEBUG] 2019-10-06 16:50:32.501 [main] InFlightMetadataCollectorImpl - Resolving reference to class: com.enterprise.dashboard.model.Application
[DEBUG] 2019-10-06 16:50:32.504 [main] InFlightMetadataCollectorImpl - Resolving reference to class: com.enterprise.dashboard.model.Application
[DEBUG] 2019-10-06 16:50:32.539 [main] SessionFactoryImpl - Building session factory
[DEBUG] 2019-10-06 16:50:32.540 [main] Settings - SessionFactory name : null
[DEBUG] 2019-10-06 16:50:32.540 [main] Settings - Automatic flush during beforeCompletion(): enabled
[DEBUG] 2019-10-06 16:50:32.540 [main] Settings - Automatic session close at end of transaction: disabled
[DEBUG] 2019-10-06 16:50:32.540 [main] Settings - Statistics: disabled
[DEBUG] 2019-10-06 16:50:32.540 [main] Settings - Deleted entity synthetic identifier rollback: disabled
[DEBUG] 2019-10-06 16:50:32.540 [main] Settings - Default entity-mode: pojo
[DEBUG] 2019-10-06 16:50:32.540 [main] Settings - Check Nullability in Core (should be disabled when Bean Validation is on): enabled
[DEBUG] 2019-10-06 16:50:32.540 [main] Settings - Allow initialization of lazy state outside session : disabled
[DEBUG] 2019-10-06 16:50:32.541 [main] Settings - Using BatchFetchStyle : LEGACY
[DEBUG] 2019-10-06 16:50:32.541 [main] Settings - Default batch fetch size: -1
[DEBUG] 2019-10-06 16:50:32.541 [main] Settings - Maximum outer join fetch depth: 2
[DEBUG] 2019-10-06 16:50:32.541 [main] Settings - Default null ordering: NONE
[DEBUG] 2019-10-06 16:50:32.541 [main] Settings - Order SQL updates by primary key: disabled
[DEBUG] 2019-10-06 16:50:32.541 [main] Settings - Order SQL inserts for batching: disabled
[DEBUG] 2019-10-06 16:50:32.541 [main] Settings - multi-tenancy strategy : NONE
[DEBUG] 2019-10-06 16:50:32.541 [main] Settings - JTA Track by Thread: enabled
[DEBUG] 2019-10-06 16:50:32.541 [main] Settings - Query language substitutions: {}
[DEBUG] 2019-10-06 16:50:32.541 [main] Settings - Named query checking : enabled
[DEBUG] 2019-10-06 16:50:32.541 [main] Settings - Second-level cache: disabled
[DEBUG] 2019-10-06 16:50:32.541 [main] Settings - Second-level query cache: disabled
[DEBUG] 2019-10-06 16:50:32.541 [main] Settings - Second-level query cache factory: null
[DEBUG] 2019-10-06 16:50:32.541 [main] Settings - Second-level cache region prefix: null
[DEBUG] 2019-10-06 16:50:32.541 [main] Settings - Optimize second-level cache for minimal puts: disabled
[DEBUG] 2019-10-06 16:50:32.542 [main] Settings - Structured second-level cache entries: disabled
[DEBUG] 2019-10-06 16:50:32.542 [main] Settings - Second-level cache direct-reference entries: disabled
[DEBUG] 2019-10-06 16:50:32.542 [main] Settings - Automatic eviction of collection cache: disabled
[DEBUG] 2019-10-06 16:50:32.542 [main] Settings - JDBC batch size: 15
[DEBUG] 2019-10-06 16:50:32.542 [main] Settings - JDBC batch updates for versioned data: enabled
[DEBUG] 2019-10-06 16:50:32.542 [main] Settings - Scrollable result sets: enabled
[DEBUG] 2019-10-06 16:50:32.542 [main] Settings - Wrap result sets: disabled
[DEBUG] 2019-10-06 16:50:32.542 [main] Settings - JDBC3 getGeneratedKeys(): enabled
[DEBUG] 2019-10-06 16:50:32.542 [main] Settings - JDBC result set fetch size: null
[DEBUG] 2019-10-06 16:50:32.542 [main] Settings - Connection release mode: AFTER_TRANSACTION
[DEBUG] 2019-10-06 16:50:32.542 [main] Settings - Generate SQL with comments: disabled
[DEBUG] 2019-10-06 16:50:32.542 [main] Settings - JPA compliance - query : 
[DEBUG] 2019-10-06 16:50:32.542 [main] Settings - JPA compliance - closed-handling : 
[DEBUG] 2019-10-06 16:50:32.542 [main] Settings - JPA compliance - lists : 
[DEBUG] 2019-10-06 16:50:32.542 [main] Settings - JPA compliance - transactions : 
[INFO ] 2019-10-06 16:50:32.613 [main] beans - HHH10005002: No explicit CDI BeanManager reference was passed to Hibernate, but CDI is available on the Hibernate ClassLoader.
[DEBUG] 2019-10-06 16:50:32.636 [main] SessionFactoryImpl - Session factory constructed with filter configurations : {}
[DEBUG] 2019-10-06 16:50:32.637 [main] SessionFactoryImpl - Instantiating session factory with properties: {gopherProxySet=false, awt.toolkit=sun.lwawt.macosx.LWCToolkit, java.specification.version=11, sun.cpu.isalist=, hibernate.c3p0.idle_test_period=3000, sun.jnu.encoding=UTF-8, hibernate.c3p0.min_size=5, java.class.path=/Applications/IntelliJ IDEA.app/Contents/lib/idea_rt.jar:/Applications/IntelliJ IDEA.app/Contents/plugins/junit/lib/junit-rt.jar:/Applications/IntelliJ IDEA.app/Contents/plugins/junit/lib/junit5-rt.jar:/Users/Sdrshn-Home/IdeaProjects/entjavadashboard/target/test-classes:/Users/Sdrshn-Home/IdeaProjects/entjavadashboard/target/classes:/Users/Sdrshn-Home/.m2/repository/org/hibernate/hibernate-core/5.4.4.Final/hibernate-core-5.4.4.Final.jar:/Users/Sdrshn-Home/.m2/repository/org/jboss/logging/jboss-logging/3.3.2.Final/jboss-logging-3.3.2.Final.jar:/Users/Sdrshn-Home/.m2/repository/javax/persistence/javax.persistence-api/2.2/javax.persistence-api-2.2.jar:/Users/Sdrshn-Home/.m2/repository/org/javassist/javassist/3.24.0-GA/javassist-3.24.0-GA.jar:/Users/Sdrshn-Home/.m2/repository/net/bytebuddy/byte-buddy/1.9.11/byte-buddy-1.9.11.jar:/Users/Sdrshn-Home/.m2/repository/antlr/antlr/2.7.7/antlr-2.7.7.jar:/Users/Sdrshn-Home/.m2/repository/org/jboss/spec/javax/transaction/jboss-transaction-api_1.2_spec/1.1.1.Final/jboss-transaction-api_1.2_spec-1.1.1.Final.jar:/Users/Sdrshn-Home/.m2/repository/org/jboss/jandex/2.0.5.Final/jandex-2.0.5.Final.jar:/Users/Sdrshn-Home/.m2/repository/com/fasterxml/classmate/1.3.4/classmate-1.3.4.jar:/Users/Sdrshn-Home/.m2/repository/javax/activation/javax.activation-api/1.2.0/javax.activation-api-1.2.0.jar:/Users/Sdrshn-Home/.m2/repository/org/dom4j/dom4j/2.1.1/dom4j-2.1.1.jar:/Users/Sdrshn-Home/.m2/repository/org/hibernate/common/hibernate-commons-annotations/5.1.0.Final/hibernate-commons-annotations-5.1.0.Final.jar:/Users/Sdrshn-Home/.m2/repository/javax/xml/bind/jaxb-api/2.3.1/jaxb-api-2.3.1.jar:/Users/Sdrshn-Home/.m2/repository/org/glassfish/jaxb/jaxb-runtime/2.3.1/jaxb-runtime-2.3.1.jar:/Users/Sdrshn-Home/.m2/repository/org/glassfish/jaxb/txw2/2.3.1/txw2-2.3.1.jar:/Users/Sdrshn-Home/.m2/repository/com/sun/istack/istack-commons-runtime/3.0.7/istack-commons-runtime-3.0.7.jar:/Users/Sdrshn-Home/.m2/repository/org/jvnet/staxex/stax-ex/1.8/stax-ex-1.8.jar:/Users/Sdrshn-Home/.m2/repository/com/sun/xml/fastinfoset/FastInfoset/1.2.15/FastInfoset-1.2.15.jar:/Users/Sdrshn-Home/.m2/repository/org/hibernate/hibernate-c3p0/5.4.4.Final/hibernate-c3p0-5.4.4.Final.jar:/Users/Sdrshn-Home/.m2/repository/com/mchange/c3p0/0.9.5.3/c3p0-0.9.5.3.jar:/Users/Sdrshn-Home/.m2/repository/com/mchange/mchange-commons-java/0.2.15/mchange-commons-java-0.2.15.jar:/Users/Sdrshn-Home/.m2/repository/org/junit/platform/junit-platform-runner/1.0.0/junit-platform-runner-1.0.0.jar:/Users/Sdrshn-Home/.m2/repository/org/apiguardian/apiguardian-api/1.0.0/apiguardian-api-1.0.0.jar:/Users/Sdrshn-Home/.m2/repository/org/junit/platform/junit-platform-launcher/1.0.0/junit-platform-launcher-1.0.0.jar:/Users/Sdrshn-Home/.m2/repository/org/junit/platform/junit-platform-suite-api/1.0.0/junit-platform-suite-api-1.0.0.jar:/Users/Sdrshn-Home/.m2/repository/org/junit/platform/junit-platform-commons/1.0.0/junit-platform-commons-1.0.0.jar:/Users/Sdrshn-Home/.m2/repository/org/junit/vintage/junit-vintage-engine/4.12.0/junit-vintage-engine-4.12.0.jar:/Users/Sdrshn-Home/.m2/repository/org/junit/platform/junit-platform-engine/1.0.0/junit-platform-engine-1.0.0.jar:/Users/Sdrshn-Home/.m2/repository/org/opentest4j/opentest4j/1.0.0/opentest4j-1.0.0.jar:/Users/Sdrshn-Home/.m2/repository/org/junit/jupiter/junit-jupiter-engine/5.0.0/junit-jupiter-engine-5.0.0.jar:/Users/Sdrshn-Home/.m2/repository/org/junit/jupiter/junit-jupiter-api/5.0.0/junit-jupiter-api-5.0.0.jar:/Users/Sdrshn-Home/.m2/repository/junit/junit/4.12/junit-4.12.jar:/Users/Sdrshn-Home/.m2/repository/org/hamcrest/hamcrest-core/1.3/hamcrest-core-1.3.jar:/Users/Sdrshn-Home/.m2/repository/javax/javaee-web-api/7.0/javaee-web-api-7.0.jar:/Users/Sdrshn-Home/.m2/repository/mysql/mysql-connector-java/8.0.16/mysql-connector-java-8.0.16.jar:/Users/Sdrshn-Home/.m2/repository/com/google/protobuf/protobuf-java/3.6.1/protobuf-java-3.6.1.jar:/Users/Sdrshn-Home/.m2/repository/jstl/jstl/1.2/jstl-1.2.jar:/Users/Sdrshn-Home/.m2/repository/org/apache/logging/log4j/log4j-api/2.10.0/log4j-api-2.10.0.jar:/Users/Sdrshn-Home/.m2/repository/org/apache/logging/log4j/log4j-core/2.10.0/log4j-core-2.10.0.jar, java.vm.vendor=Oracle Corporation, sun.arch.data.model=64, idea.test.cyclic.buffer.size=1048576, java.vendor.url=http://java.oracle.com/, user.timezone=America/Chicago, os.name=Mac OS X, java.vm.specification.version=11, sun.java.launcher=SUN_STANDARD, user.country=US, sun.boot.library.path=/Library/Java/JavaVirtualMachines/jdk-11.0.4.jdk/Contents/Home/lib, sun.java.command=com.intellij.rt.execution.junit.JUnitStarter -ideVersion5 -junit5 com.enterprise.dashboard.dao.TestApplicationDao,insertSuccess, jdk.debug=release, sun.cpu.endian=little, user.home=/Users/Sdrshn-Home, hibernate.c3p0.max_statements=50, user.language=en, java.specification.vendor=Oracle Corporation, java.version.date=2019-07-16, java.home=/Library/Java/JavaVirtualMachines/jdk-11.0.4.jdk/Contents/Home, file.separator=/, java.vm.compressedOopsMode=Zero based, line.separator=
, hibernate.c3p0.timeout=300, java.specification.name=Java Platform API Specification, java.vm.specification.vendor=Oracle Corporation, java.awt.graphicsenv=sun.awt.CGraphicsEnvironment, connection.password=student, sun.management.compiler=HotSpot 64-Bit Tiered Compilers, hibernate.c3p0.max_size=20, java.runtime.version=11.0.4+10-LTS, user.name=Sdrshn-Home, path.separator=:, hibernate.connection.username=****, os.version=10.13.6, java.runtime.name=Java(TM) SE Runtime Environment, hibernate.connection.url=jdbc:mysql://localhost:3307/dashboard, file.encoding=UTF-8, java.vm.name=Java HotSpot(TM) 64-Bit Server VM, java.vendor.version=18.9, hibernate.connection.driver_class=com.mysql.cj.jdbc.Driver, java.vendor.url.bug=http://bugreport.java.com/bugreport/, java.io.tmpdir=/var/folders/6g/c2d6vh4s4yn046jwp22bplkm0000gn/T/, java.version=11.0.4, user.dir=/Users/Sdrshn-Home/IdeaProjects/entjavadashboard, os.arch=x86_64, connection.username=root, java.vm.specification.name=Java Virtual Machine Specification, java.awt.printerjob=sun.lwawt.macosx.CPrinterJob, hibernate.connection.password=****, sun.os.patch.level=unknown, connection.driver_class=com.mysql.cj.jdbc.Driver, hibernate.boot.CfgXmlAccessService.key=org.hibernate.boot.cfgxml.spi.LoadedConfig@50110971, java.library.path=/Users/Sdrshn-Home/Library/Java/Extensions:/Library/Java/Extensions:/Network/Library/Java/Extensions:/System/Library/Java/Extensions:/usr/lib/java:., java.vendor=Oracle Corporation, java.vm.info=mixed mode, java.vm.version=11.0.4+10-LTS, hibernate.bytecode.use_reflection_optimizer=false, sun.io.unicode.encoding=UnicodeBig, connection.url=jdbc:mysql://localhost:3307/dashboard, java.class.version=55.0}
[DEBUG] 2019-10-06 16:50:32.667 [main] TypeSafeActivator - Unable to acquire Bean Validation ValidatorFactory, skipping activation
[DEBUG] 2019-10-06 16:50:32.667 [main] JaccIntegrator - Skipping JACC integration as it was not enabled
[DEBUG] 2019-10-06 16:50:32.668 [main] SessionFactoryImpl - Instantiated session factory
[DEBUG] 2019-10-06 16:50:32.668 [main] TypeConfiguration$Scope - Scoping TypeConfiguration [org.hibernate.type.spi.TypeConfiguration@34b87182] to SessionFactoryImpl [org.hibernate.internal.SessionFactoryImpl@2519026b]
[DEBUG] 2019-10-06 16:50:32.737 [main] ClassLoaderAccessImpl - Not known whether passed class name [com.enterprise.dashboard.model.Application] is safe
[DEBUG] 2019-10-06 16:50:32.737 [main] ClassLoaderAccessImpl - No temp ClassLoader provided; using live ClassLoader for loading potentially unsafe class : com.enterprise.dashboard.model.Application
[DEBUG] 2019-10-06 16:50:32.755 [main] ClassLoaderAccessImpl - Not known whether passed class name [com.enterprise.dashboard.model.Application] is safe
[DEBUG] 2019-10-06 16:50:32.755 [main] ClassLoaderAccessImpl - No temp ClassLoader provided; using live ClassLoader for loading potentially unsafe class : com.enterprise.dashboard.model.Application
[DEBUG] 2019-10-06 16:50:33.015 [main] ClassLoaderAccessImpl - Not known whether passed class name [com.enterprise.dashboard.model.ErrorData] is safe
[DEBUG] 2019-10-06 16:50:33.015 [main] ClassLoaderAccessImpl - No temp ClassLoader provided; using live ClassLoader for loading potentially unsafe class : com.enterprise.dashboard.model.ErrorData
[DEBUG] 2019-10-06 16:50:33.015 [main] ClassLoaderAccessImpl - Not known whether passed class name [com.enterprise.dashboard.model.ErrorData] is safe
[DEBUG] 2019-10-06 16:50:33.015 [main] ClassLoaderAccessImpl - No temp ClassLoader provided; using live ClassLoader for loading potentially unsafe class : com.enterprise.dashboard.model.ErrorData
[DEBUG] 2019-10-06 16:50:33.043 [main] AbstractCollectionPersister - Static SQL for collection: com.enterprise.dashboard.model.Application.errorDataSet
[DEBUG] 2019-10-06 16:50:33.043 [main] AbstractCollectionPersister -  Row insert: update ERROR_DATA set application_ID=? where ID=?
[DEBUG] 2019-10-06 16:50:33.043 [main] AbstractCollectionPersister -  Row update: update ERROR_DATA set  where ID=?
[DEBUG] 2019-10-06 16:50:33.043 [main] AbstractCollectionPersister -  Row delete: update ERROR_DATA set application_ID=null where application_ID=? and ID=?
[DEBUG] 2019-10-06 16:50:33.043 [main] AbstractCollectionPersister -  One-shot delete: update ERROR_DATA set application_ID=null where application_ID=?
[DEBUG] 2019-10-06 16:50:33.046 [main] AbstractEntityPersister - Static SQL for entity: com.enterprise.dashboard.model.Application
[DEBUG] 2019-10-06 16:50:33.047 [main] AbstractEntityPersister -  Version select: select ID from APPLICATIONS where ID =?
[DEBUG] 2019-10-06 16:50:33.047 [main] AbstractEntityPersister -  Snapshot select: select applicatio_.ID, applicatio_.DESCRIPTION as DESCRIPT2_0_, applicatio_.NAME as NAME3_0_ from APPLICATIONS applicatio_ where applicatio_.ID=?
[DEBUG] 2019-10-06 16:50:33.047 [main] AbstractEntityPersister -  Insert 0: insert into APPLICATIONS (DESCRIPTION, NAME, ID) values (?, ?, ?)
[DEBUG] 2019-10-06 16:50:33.047 [main] AbstractEntityPersister -  Update 0: update APPLICATIONS set DESCRIPTION=?, NAME=? where ID=?
[DEBUG] 2019-10-06 16:50:33.047 [main] AbstractEntityPersister -  Delete 0: delete from APPLICATIONS where ID=?
[DEBUG] 2019-10-06 16:50:33.047 [main] AbstractEntityPersister -  Identity insert: insert into APPLICATIONS (DESCRIPTION, NAME) values (?, ?)
[DEBUG] 2019-10-06 16:50:33.067 [main] QuerySpacesImpl - Adding QuerySpace : uid = <gen:0> -> org.hibernate.loader.plan.build.internal.spaces.EntityQuerySpaceImpl@4d69d288]
[DEBUG] 2019-10-06 16:50:33.068 [main] MetamodelGraphWalker - Visiting attribute path : description
[DEBUG] 2019-10-06 16:50:33.068 [main] MetamodelGraphWalker - Visiting attribute path : errorDataSet
[DEBUG] 2019-10-06 16:50:33.074 [main] QuerySpacesImpl - Adding QuerySpace : uid = <gen:1> -> org.hibernate.loader.plan.build.internal.spaces.CollectionQuerySpaceImpl@3e03046d]
[DEBUG] 2019-10-06 16:50:33.078 [main] QuerySpacesImpl - Adding QuerySpace : uid = <gen:2> -> org.hibernate.loader.plan.build.internal.spaces.EntityQuerySpaceImpl@3e9beef2]
[DEBUG] 2019-10-06 16:50:33.080 [main] MetamodelGraphWalker - Visiting attribute path : errorDataSet.application
[DEBUG] 2019-10-06 16:50:33.080 [main] MetamodelGraphWalker - Property path deemed to be circular : errorDataSet.application
[DEBUG] 2019-10-06 16:50:33.081 [main] MetamodelGraphWalker - Visiting attribute path : errorDataSet.description
[DEBUG] 2019-10-06 16:50:33.081 [main] MetamodelGraphWalker - Visiting attribute path : errorDataSet.message
[DEBUG] 2019-10-06 16:50:33.081 [main] MetamodelGraphWalker - Visiting attribute path : name
[DEBUG] 2019-10-06 16:50:33.082 [main] FetchStyleLoadPlanBuildingAssociationVisitationStrategy - Building LoadPlan...
[DEBUG] 2019-10-06 16:50:33.098 [main] LoadQueryJoinAndFetchProcessor - processing queryspace <gen:0>
[DEBUG] 2019-10-06 16:50:33.104 [main] LoadPlanTreePrinter - LoadPlan(entity=com.enterprise.dashboard.model.Application)
    - Returns
       - EntityReturnImpl(entity=com.enterprise.dashboard.model.Application, querySpaceUid=<gen:0>, path=com.enterprise.dashboard.model.Application)
          - CollectionAttributeFetchImpl(collection=com.enterprise.dashboard.model.Application.errorDataSet, querySpaceUid=<gen:1>, path=com.enterprise.dashboard.model.Application.errorDataSet)
             - (collection element) CollectionFetchableElementEntityGraph(entity=com.enterprise.dashboard.model.ErrorData, querySpaceUid=<gen:2>, path=com.enterprise.dashboard.model.Application.errorDataSet.<elements>)
    - QuerySpaces
       - EntityQuerySpaceImpl(uid=<gen:0>, entity=com.enterprise.dashboard.model.Application)
          - SQL table alias mapping - applicatio0_
          - alias suffix - 0_
          - suffixed key columns - {ID1_0_0_}
          - JOIN (JoinDefinedByMetadata(errorDataSet)) : <gen:0> -> <gen:1>
             - CollectionQuerySpaceImpl(uid=<gen:1>, collection=com.enterprise.dashboard.model.Application.errorDataSet)
                - SQL table alias mapping - errordatas1_
                - alias suffix - 1_
                - suffixed key columns - {applicat4_1_1_}
                - entity-element alias suffix - 2_
                - 2_entity-element suffixed key columns - ID1_1_2_
                - JOIN (JoinDefinedByMetadata(elements)) : <gen:1> -> <gen:2>
                   - EntityQuerySpaceImpl(uid=<gen:2>, entity=com.enterprise.dashboard.model.ErrorData)
                      - SQL table alias mapping - errordatas1_
                      - alias suffix - 2_
                      - suffixed key columns - {ID1_1_2_}

[DEBUG] 2019-10-06 16:50:33.107 [main] EntityLoader - Static select for entity com.enterprise.dashboard.model.Application [NONE]: select applicatio0_.ID as ID1_0_0_, applicatio0_.DESCRIPTION as DESCRIPT2_0_0_, applicatio0_.NAME as NAME3_0_0_, errordatas1_.application_ID as applicat4_1_1_, errordatas1_.ID as ID1_1_1_, errordatas1_.ID as ID1_1_2_, errordatas1_.application_ID as applicat4_1_2_, errordatas1_.DESCRIPTION as DESCRIPT2_1_2_, errordatas1_.MESSAGE as MESSAGE3_1_2_ from APPLICATIONS applicatio0_ left outer join ERROR_DATA errordatas1_ on applicatio0_.ID=errordatas1_.application_ID where applicatio0_.ID=?
[DEBUG] 2019-10-06 16:50:33.107 [main] QuerySpacesImpl - Adding QuerySpace : uid = <gen:0> -> org.hibernate.loader.plan.build.internal.spaces.EntityQuerySpaceImpl@6befbb12]
[DEBUG] 2019-10-06 16:50:33.107 [main] MetamodelGraphWalker - Visiting attribute path : description
[DEBUG] 2019-10-06 16:50:33.107 [main] MetamodelGraphWalker - Visiting attribute path : errorDataSet
[DEBUG] 2019-10-06 16:50:33.107 [main] QuerySpacesImpl - Adding QuerySpace : uid = <gen:1> -> org.hibernate.loader.plan.build.internal.spaces.CollectionQuerySpaceImpl@799f354a]
[DEBUG] 2019-10-06 16:50:33.107 [main] QuerySpacesImpl - Adding QuerySpace : uid = <gen:2> -> org.hibernate.loader.plan.build.internal.spaces.EntityQuerySpaceImpl@33bdd01]
[DEBUG] 2019-10-06 16:50:33.107 [main] MetamodelGraphWalker - Visiting attribute path : errorDataSet.application
[DEBUG] 2019-10-06 16:50:33.108 [main] MetamodelGraphWalker - Property path deemed to be circular : errorDataSet.application
[DEBUG] 2019-10-06 16:50:33.108 [main] MetamodelGraphWalker - Visiting attribute path : errorDataSet.description
[DEBUG] 2019-10-06 16:50:33.108 [main] MetamodelGraphWalker - Visiting attribute path : errorDataSet.message
[DEBUG] 2019-10-06 16:50:33.108 [main] MetamodelGraphWalker - Visiting attribute path : name
[DEBUG] 2019-10-06 16:50:33.108 [main] FetchStyleLoadPlanBuildingAssociationVisitationStrategy - Building LoadPlan...
[DEBUG] 2019-10-06 16:50:33.108 [main] LoadQueryJoinAndFetchProcessor - processing queryspace <gen:0>
[DEBUG] 2019-10-06 16:50:33.109 [main] LoadPlanTreePrinter - LoadPlan(entity=com.enterprise.dashboard.model.Application)
    - Returns
       - EntityReturnImpl(entity=com.enterprise.dashboard.model.Application, querySpaceUid=<gen:0>, path=com.enterprise.dashboard.model.Application)
          - CollectionAttributeFetchImpl(collection=com.enterprise.dashboard.model.Application.errorDataSet, querySpaceUid=<gen:1>, path=com.enterprise.dashboard.model.Application.errorDataSet)
             - (collection element) CollectionFetchableElementEntityGraph(entity=com.enterprise.dashboard.model.ErrorData, querySpaceUid=<gen:2>, path=com.enterprise.dashboard.model.Application.errorDataSet.<elements>)
    - QuerySpaces
       - EntityQuerySpaceImpl(uid=<gen:0>, entity=com.enterprise.dashboard.model.Application)
          - SQL table alias mapping - applicatio0_
          - alias suffix - 0_
          - suffixed key columns - {ID1_0_0_}
          - JOIN (JoinDefinedByMetadata(errorDataSet)) : <gen:0> -> <gen:1>
             - CollectionQuerySpaceImpl(uid=<gen:1>, collection=com.enterprise.dashboard.model.Application.errorDataSet)
                - SQL table alias mapping - errordatas1_
                - alias suffix - 1_
                - suffixed key columns - {applicat4_1_1_}
                - entity-element alias suffix - 2_
                - 2_entity-element suffixed key columns - ID1_1_2_
                - JOIN (JoinDefinedByMetadata(elements)) : <gen:1> -> <gen:2>
                   - EntityQuerySpaceImpl(uid=<gen:2>, entity=com.enterprise.dashboard.model.ErrorData)
                      - SQL table alias mapping - errordatas1_
                      - alias suffix - 2_
                      - suffixed key columns - {ID1_1_2_}

[DEBUG] 2019-10-06 16:50:33.109 [main] EntityLoader - Static select for entity com.enterprise.dashboard.model.Application [READ]: select applicatio0_.ID as ID1_0_0_, applicatio0_.DESCRIPTION as DESCRIPT2_0_0_, applicatio0_.NAME as NAME3_0_0_, errordatas1_.application_ID as applicat4_1_1_, errordatas1_.ID as ID1_1_1_, errordatas1_.ID as ID1_1_2_, errordatas1_.application_ID as applicat4_1_2_, errordatas1_.DESCRIPTION as DESCRIPT2_1_2_, errordatas1_.MESSAGE as MESSAGE3_1_2_ from APPLICATIONS applicatio0_ left outer join ERROR_DATA errordatas1_ on applicatio0_.ID=errordatas1_.application_ID where applicatio0_.ID=?
[DEBUG] 2019-10-06 16:50:33.122 [main] Loader - Static select for action ACTION_MERGE on entity com.enterprise.dashboard.model.Application: select applicatio0_.ID as ID1_0_1_, applicatio0_.DESCRIPTION as DESCRIPT2_0_1_, applicatio0_.NAME as NAME3_0_1_, errordatas1_.application_ID as applicat4_1_3_, errordatas1_.ID as ID1_1_3_, errordatas1_.ID as ID1_1_0_, errordatas1_.application_ID as applicat4_1_0_, errordatas1_.DESCRIPTION as DESCRIPT2_1_0_, errordatas1_.MESSAGE as MESSAGE3_1_0_ from APPLICATIONS applicatio0_ left outer join ERROR_DATA errordatas1_ on applicatio0_.ID=errordatas1_.application_ID where applicatio0_.ID=?
[DEBUG] 2019-10-06 16:50:33.123 [main] Loader - Static select for action ACTION_REFRESH on entity com.enterprise.dashboard.model.Application: select applicatio0_.ID as ID1_0_1_, applicatio0_.DESCRIPTION as DESCRIPT2_0_1_, applicatio0_.NAME as NAME3_0_1_, errordatas1_.application_ID as applicat4_1_3_, errordatas1_.ID as ID1_1_3_, errordatas1_.ID as ID1_1_0_, errordatas1_.application_ID as applicat4_1_0_, errordatas1_.DESCRIPTION as DESCRIPT2_1_0_, errordatas1_.MESSAGE as MESSAGE3_1_0_ from APPLICATIONS applicatio0_ left outer join ERROR_DATA errordatas1_ on applicatio0_.ID=errordatas1_.application_ID where applicatio0_.ID=?
[DEBUG] 2019-10-06 16:50:33.123 [main] AbstractEntityPersister - Static SQL for entity: com.enterprise.dashboard.model.ErrorData
[DEBUG] 2019-10-06 16:50:33.123 [main] AbstractEntityPersister -  Version select: select ID from ERROR_DATA where ID =?
[DEBUG] 2019-10-06 16:50:33.123 [main] AbstractEntityPersister -  Snapshot select: select errordata_.ID, errordata_.application_ID as applicat4_1_, errordata_.DESCRIPTION as DESCRIPT2_1_, errordata_.MESSAGE as MESSAGE3_1_ from ERROR_DATA errordata_ where errordata_.ID=?
[DEBUG] 2019-10-06 16:50:33.123 [main] AbstractEntityPersister -  Insert 0: insert into ERROR_DATA (application_ID, DESCRIPTION, MESSAGE, ID) values (?, ?, ?, ?)
[DEBUG] 2019-10-06 16:50:33.123 [main] AbstractEntityPersister -  Update 0: update ERROR_DATA set application_ID=?, DESCRIPTION=?, MESSAGE=? where ID=?
[DEBUG] 2019-10-06 16:50:33.123 [main] AbstractEntityPersister -  Delete 0: delete from ERROR_DATA where ID=?
[DEBUG] 2019-10-06 16:50:33.124 [main] AbstractEntityPersister -  Identity insert: insert into ERROR_DATA (application_ID, DESCRIPTION, MESSAGE) values (?, ?, ?)
[DEBUG] 2019-10-06 16:50:33.124 [main] QuerySpacesImpl - Adding QuerySpace : uid = <gen:0> -> org.hibernate.loader.plan.build.internal.spaces.EntityQuerySpaceImpl@54895681]
[DEBUG] 2019-10-06 16:50:33.124 [main] MetamodelGraphWalker - Visiting attribute path : application
[DEBUG] 2019-10-06 16:50:33.124 [main] QuerySpacesImpl - Adding QuerySpace : uid = <gen:1> -> org.hibernate.loader.plan.build.internal.spaces.EntityQuerySpaceImpl@6bf570c]
[DEBUG] 2019-10-06 16:50:33.124 [main] MetamodelGraphWalker - Visiting attribute path : application.description
[DEBUG] 2019-10-06 16:50:33.124 [main] MetamodelGraphWalker - Visiting attribute path : application.errorDataSet
[DEBUG] 2019-10-06 16:50:33.125 [main] MetamodelGraphWalker - Property path deemed to be circular : application.errorDataSet
[DEBUG] 2019-10-06 16:50:33.125 [main] MetamodelGraphWalker - Visiting attribute path : application.name
[DEBUG] 2019-10-06 16:50:33.125 [main] MetamodelGraphWalker - Visiting attribute path : description
[DEBUG] 2019-10-06 16:50:33.125 [main] MetamodelGraphWalker - Visiting attribute path : message
[DEBUG] 2019-10-06 16:50:33.125 [main] FetchStyleLoadPlanBuildingAssociationVisitationStrategy - Building LoadPlan...
[DEBUG] 2019-10-06 16:50:33.125 [main] LoadQueryJoinAndFetchProcessor - processing queryspace <gen:0>
[DEBUG] 2019-10-06 16:50:33.125 [main] LoadPlanTreePrinter - LoadPlan(entity=com.enterprise.dashboard.model.ErrorData)
    - Returns
       - EntityReturnImpl(entity=com.enterprise.dashboard.model.ErrorData, querySpaceUid=<gen:0>, path=com.enterprise.dashboard.model.ErrorData)
          - EntityAttributeFetchImpl(entity=com.enterprise.dashboard.model.Application, querySpaceUid=<gen:1>, path=com.enterprise.dashboard.model.ErrorData.application)
    - QuerySpaces
       - EntityQuerySpaceImpl(uid=<gen:0>, entity=com.enterprise.dashboard.model.ErrorData)
          - SQL table alias mapping - errordata0_
          - alias suffix - 0_
          - suffixed key columns - {ID1_1_0_}
          - JOIN (JoinDefinedByMetadata(application)) : <gen:0> -> <gen:1>
             - EntityQuerySpaceImpl(uid=<gen:1>, entity=com.enterprise.dashboard.model.Application)
                - SQL table alias mapping - applicatio1_
                - alias suffix - 1_
                - suffixed key columns - {ID1_0_1_}

[DEBUG] 2019-10-06 16:50:33.126 [main] EntityLoader - Static select for entity com.enterprise.dashboard.model.ErrorData [NONE]: select errordata0_.ID as ID1_1_0_, errordata0_.application_ID as applicat4_1_0_, errordata0_.DESCRIPTION as DESCRIPT2_1_0_, errordata0_.MESSAGE as MESSAGE3_1_0_, applicatio1_.ID as ID1_0_1_, applicatio1_.DESCRIPTION as DESCRIPT2_0_1_, applicatio1_.NAME as NAME3_0_1_ from ERROR_DATA errordata0_ left outer join APPLICATIONS applicatio1_ on errordata0_.application_ID=applicatio1_.ID where errordata0_.ID=?
[DEBUG] 2019-10-06 16:50:33.126 [main] QuerySpacesImpl - Adding QuerySpace : uid = <gen:0> -> org.hibernate.loader.plan.build.internal.spaces.EntityQuerySpaceImpl@589fb74d]
[DEBUG] 2019-10-06 16:50:33.126 [main] MetamodelGraphWalker - Visiting attribute path : application
[DEBUG] 2019-10-06 16:50:33.126 [main] QuerySpacesImpl - Adding QuerySpace : uid = <gen:1> -> org.hibernate.loader.plan.build.internal.spaces.EntityQuerySpaceImpl@7de147e9]
[DEBUG] 2019-10-06 16:50:33.126 [main] MetamodelGraphWalker - Visiting attribute path : application.description
[DEBUG] 2019-10-06 16:50:33.126 [main] MetamodelGraphWalker - Visiting attribute path : application.errorDataSet
[DEBUG] 2019-10-06 16:50:33.126 [main] MetamodelGraphWalker - Property path deemed to be circular : application.errorDataSet
[DEBUG] 2019-10-06 16:50:33.126 [main] MetamodelGraphWalker - Visiting attribute path : application.name
[DEBUG] 2019-10-06 16:50:33.126 [main] MetamodelGraphWalker - Visiting attribute path : description
[DEBUG] 2019-10-06 16:50:33.126 [main] MetamodelGraphWalker - Visiting attribute path : message
[DEBUG] 2019-10-06 16:50:33.126 [main] FetchStyleLoadPlanBuildingAssociationVisitationStrategy - Building LoadPlan...
[DEBUG] 2019-10-06 16:50:33.127 [main] LoadQueryJoinAndFetchProcessor - processing queryspace <gen:0>
[DEBUG] 2019-10-06 16:50:33.127 [main] LoadPlanTreePrinter - LoadPlan(entity=com.enterprise.dashboard.model.ErrorData)
    - Returns
       - EntityReturnImpl(entity=com.enterprise.dashboard.model.ErrorData, querySpaceUid=<gen:0>, path=com.enterprise.dashboard.model.ErrorData)
          - EntityAttributeFetchImpl(entity=com.enterprise.dashboard.model.Application, querySpaceUid=<gen:1>, path=com.enterprise.dashboard.model.ErrorData.application)
    - QuerySpaces
       - EntityQuerySpaceImpl(uid=<gen:0>, entity=com.enterprise.dashboard.model.ErrorData)
          - SQL table alias mapping - errordata0_
          - alias suffix - 0_
          - suffixed key columns - {ID1_1_0_}
          - JOIN (JoinDefinedByMetadata(application)) : <gen:0> -> <gen:1>
             - EntityQuerySpaceImpl(uid=<gen:1>, entity=com.enterprise.dashboard.model.Application)
                - SQL table alias mapping - applicatio1_
                - alias suffix - 1_
                - suffixed key columns - {ID1_0_1_}

[DEBUG] 2019-10-06 16:50:33.127 [main] EntityLoader - Static select for entity com.enterprise.dashboard.model.ErrorData [READ]: select errordata0_.ID as ID1_1_0_, errordata0_.application_ID as applicat4_1_0_, errordata0_.DESCRIPTION as DESCRIPT2_1_0_, errordata0_.MESSAGE as MESSAGE3_1_0_, applicatio1_.ID as ID1_0_1_, applicatio1_.DESCRIPTION as DESCRIPT2_0_1_, applicatio1_.NAME as NAME3_0_1_ from ERROR_DATA errordata0_ left outer join APPLICATIONS applicatio1_ on errordata0_.application_ID=applicatio1_.ID where errordata0_.ID=?
[DEBUG] 2019-10-06 16:50:33.127 [main] Loader - Static select for action ACTION_MERGE on entity com.enterprise.dashboard.model.ErrorData: select errordata0_.ID as ID1_1_0_, errordata0_.application_ID as applicat4_1_0_, errordata0_.DESCRIPTION as DESCRIPT2_1_0_, errordata0_.MESSAGE as MESSAGE3_1_0_ from ERROR_DATA errordata0_ where errordata0_.ID=?
[DEBUG] 2019-10-06 16:50:33.128 [main] Loader - Static select for action ACTION_REFRESH on entity com.enterprise.dashboard.model.ErrorData: select errordata0_.ID as ID1_1_0_, errordata0_.application_ID as applicat4_1_0_, errordata0_.DESCRIPTION as DESCRIPT2_1_0_, errordata0_.MESSAGE as MESSAGE3_1_0_ from ERROR_DATA errordata0_ where errordata0_.ID=?
[DEBUG] 2019-10-06 16:50:33.132 [main] QuerySpacesImpl - Adding QuerySpace : uid = <gen:0> -> org.hibernate.loader.plan.build.internal.spaces.CollectionQuerySpaceImpl@7282af25]
[DEBUG] 2019-10-06 16:50:33.132 [main] QuerySpacesImpl - Adding QuerySpace : uid = <gen:1> -> org.hibernate.loader.plan.build.internal.spaces.EntityQuerySpaceImpl@7661e474]
[DEBUG] 2019-10-06 16:50:33.132 [main] MetamodelGraphWalker - Visiting attribute path : application
[DEBUG] 2019-10-06 16:50:33.133 [main] MetamodelGraphWalker - Property path deemed to be circular : application
[DEBUG] 2019-10-06 16:50:33.133 [main] MetamodelGraphWalker - Visiting attribute path : description
[DEBUG] 2019-10-06 16:50:33.133 [main] MetamodelGraphWalker - Visiting attribute path : message
[DEBUG] 2019-10-06 16:50:33.133 [main] FetchStyleLoadPlanBuildingAssociationVisitationStrategy - Building LoadPlan...
[DEBUG] 2019-10-06 16:50:33.134 [main] LoadQueryJoinAndFetchProcessor - processing queryspace <gen:0>
[DEBUG] 2019-10-06 16:50:33.135 [main] LoadPlanTreePrinter - LoadPlan(collection=com.enterprise.dashboard.model.Application.errorDataSet)
    - Returns
       - CollectionReturnImpl(collection=com.enterprise.dashboard.model.Application.errorDataSet, querySpaceUid=<gen:0>, path=[com.enterprise.dashboard.model.Application.errorDataSet])
          - (collection element) CollectionFetchableElementEntityGraph(entity=com.enterprise.dashboard.model.ErrorData, querySpaceUid=<gen:1>, path=[com.enterprise.dashboard.model.Application.errorDataSet].<elements>)
    - QuerySpaces
       - CollectionQuerySpaceImpl(uid=<gen:0>, collection=com.enterprise.dashboard.model.Application.errorDataSet)
          - SQL table alias mapping - errordatas0_
          - alias suffix - 0_
          - suffixed key columns - {applicat4_1_0_}
          - entity-element alias suffix - 1_
          - 1_entity-element suffixed key columns - ID1_1_1_
          - JOIN (JoinDefinedByMetadata(elements)) : <gen:0> -> <gen:1>
             - EntityQuerySpaceImpl(uid=<gen:1>, entity=com.enterprise.dashboard.model.ErrorData)
                - SQL table alias mapping - errordatas0_
                - alias suffix - 1_
                - suffixed key columns - {ID1_1_1_}

[DEBUG] 2019-10-06 16:50:33.135 [main] CollectionLoader - Static select for collection com.enterprise.dashboard.model.Application.errorDataSet: select errordatas0_.application_ID as applicat4_1_0_, errordatas0_.ID as ID1_1_0_, errordatas0_.ID as ID1_1_1_, errordatas0_.application_ID as applicat4_1_1_, errordatas0_.DESCRIPTION as DESCRIPT2_1_1_, errordatas0_.MESSAGE as MESSAGE3_1_1_ from ERROR_DATA errordatas0_ where errordatas0_.application_ID=?
[DEBUG] 2019-10-06 16:50:33.163 [main] SchemaManagementToolCoordinator - No actions specified; doing nothing
[DEBUG] 2019-10-06 16:50:33.164 [main] JtaPlatformInitiator - No JtaPlatform was specified, checking resolver
[DEBUG] 2019-10-06 16:50:33.164 [main] JtaPlatformResolverInitiator - No JtaPlatformResolver was specified, using default [org.hibernate.engine.transaction.jta.platform.internal.StandardJtaPlatformResolver]
[DEBUG] 2019-10-06 16:50:33.169 [main] StandardJtaPlatformResolver - Could not resolve JtaPlatform, using default [org.hibernate.engine.transaction.jta.platform.internal.NoJtaPlatform]
[INFO ] 2019-10-06 16:50:33.169 [main] JtaPlatformInitiator - HHH000490: Using JtaPlatform implementation: [org.hibernate.engine.transaction.jta.platform.internal.NoJtaPlatform]
[DEBUG] 2019-10-06 16:50:33.170 [main] NamedQueryRepository - Checking 0 named HQL queries
[DEBUG] 2019-10-06 16:50:33.170 [main] NamedQueryRepository - Checking 0 named SQL queries
[DEBUG] 2019-10-06 16:50:33.172 [main] SessionFactoryRegistry - Initializing SessionFactoryRegistry : org.hibernate.internal.SessionFactoryRegistry@bb8ead8
[DEBUG] 2019-10-06 16:50:33.173 [main] SessionFactoryRegistry - Registering SessionFactory: be6cdb9c-4bfe-4705-9fea-473b0c3dd665 (<unnamed>)
[DEBUG] 2019-10-06 16:50:33.173 [main] SessionFactoryRegistry - Not binding SessionFactory to JNDI, no JNDI name configured
[DEBUG] 2019-10-06 16:50:33.252 [main] StatisticsInitiator - Statistics initialized [enabled=false]
[DEBUG] 2019-10-06 16:50:33.258 [main] TransactionImpl - On TransactionImpl creation, JpaCompliance#isJpaTransactionComplianceEnabled == false
[DEBUG] 2019-10-06 16:50:33.258 [main] TransactionImpl - begin
[DEBUG] 2019-10-06 16:50:33.277 [main] ActionQueue - Executing identity-insert immediately
[DEBUG] 2019-10-06 16:50:33.280 [main] SQL - insert into APPLICATIONS (DESCRIPTION, NAME) values (?, ?)
[DEBUG] 2019-10-06 16:50:33.306 [main] IdentifierGeneratorHelper - Natively generated identity: 4
[DEBUG] 2019-10-06 16:50:33.306 [main] ResourceRegistryStandardImpl - HHH000387: ResultSet's statement was not registered
[DEBUG] 2019-10-06 16:50:33.347 [main] CriteriaQueryImpl - Rendered criteria query -> select generatedAlias0 from Applications as generatedAlias0
[DEBUG] 2019-10-06 16:50:33.364 [main] QueryTranslatorFactoryInitiator - QueryTranslatorFactory: org.hibernate.hql.internal.ast.ASTQueryTranslatorFactory@1657b017
[DEBUG] 2019-10-06 16:50:33.391 [main] QueryTranslatorImpl - parse() - HQL: select generatedAlias0 from com.enterprise.dashboard.model.Application as generatedAlias0
[DEBUG] 2019-10-06 16:50:33.398 [main] ErrorTracker - throwQueryException() : no errors
[DEBUG] 2019-10-06 16:50:33.407 [main] QueryTranslatorImpl - --- HQL AST ---
 \-[QUERY] Node: 'query'
    \-[SELECT_FROM] Node: 'SELECT_FROM'
       +-[FROM] Node: 'from'
       |  \-[RANGE] Node: 'RANGE'
       |     +-[DOT] Node: '.'
       |     |  +-[DOT] Node: '.'
       |     |  |  +-[DOT] Node: '.'
       |     |  |  |  +-[DOT] Node: '.'
       |     |  |  |  |  +-[IDENT] Node: 'com'
       |     |  |  |  |  \-[IDENT] Node: 'enterprise'
       |     |  |  |  \-[IDENT] Node: 'dashboard'
       |     |  |  \-[IDENT] Node: 'model'
       |     |  \-[IDENT] Node: 'Application'
       |     \-[ALIAS] Node: 'generatedAlias0'
       \-[SELECT] Node: 'select'
          \-[IDENT] Node: 'generatedAlias0'

[DEBUG] 2019-10-06 16:50:33.431 [main] HqlSqlBaseWalker - select << begin [level=1, statement=select]
[DEBUG] 2019-10-06 16:50:33.444 [main] FromElement - FromClause{level=1} : com.enterprise.dashboard.model.Application (generatedAlias0) -> applicatio0_
[DEBUG] 2019-10-06 16:50:33.445 [main] FromReferenceNode - Resolved : generatedAlias0 -> applicatio0_.ID
[DEBUG] 2019-10-06 16:50:33.447 [main] HqlSqlBaseWalker - select : finishing up [level=1, statement=select]
[DEBUG] 2019-10-06 16:50:33.447 [main] HqlSqlWalker - processQuery() :  ( SELECT ( {select clause} applicatio0_.ID ) ( FromClause{level=1} APPLICATIONS applicatio0_ ) )
[DEBUG] 2019-10-06 16:50:33.455 [main] JoinProcessor - Using FROM fragment [APPLICATIONS applicatio0_]
[DEBUG] 2019-10-06 16:50:33.456 [main] HqlSqlBaseWalker - select >> end [level=1, statement=select]
[DEBUG] 2019-10-06 16:50:33.456 [main] QueryTranslatorImpl - --- SQL AST ---
 \-[SELECT] QueryNode: 'SELECT'  querySpaces (APPLICATIONS)
    +-[SELECT_CLAUSE] SelectClause: '{select clause}'
    |  +-[ALIAS_REF] IdentNode: 'applicatio0_.ID as ID1_0_' {alias=generatedAlias0, className=com.enterprise.dashboard.model.Application, tableAlias=applicatio0_}
    |  \-[SQL_TOKEN] SqlFragment: 'applicatio0_.DESCRIPTION as DESCRIPT2_0_, applicatio0_.NAME as NAME3_0_'
    \-[FROM] FromClause: 'from' FromClause{level=1, fromElementCounter=1, fromElements=1, fromElementByClassAlias=[generatedAlias0], fromElementByTableAlias=[applicatio0_], fromElementsByPath=[], collectionJoinFromElementsByPath=[], impliedElements=[]}
       \-[FROM_FRAGMENT] FromElement: 'APPLICATIONS applicatio0_' FromElement{explicit,not a collection join,not a fetch join,fetch non-lazy properties,classAlias=generatedAlias0,role=null,tableName=APPLICATIONS,tableAlias=applicatio0_,origin=null,columns={,className=com.enterprise.dashboard.model.Application}}

[DEBUG] 2019-10-06 16:50:33.456 [main] ErrorTracker - throwQueryException() : no errors
[DEBUG] 2019-10-06 16:50:33.462 [main] QueryTranslatorImpl - HQL: select generatedAlias0 from com.enterprise.dashboard.model.Application as generatedAlias0
[DEBUG] 2019-10-06 16:50:33.462 [main] QueryTranslatorImpl - SQL: select applicatio0_.ID as ID1_0_, applicatio0_.DESCRIPTION as DESCRIPT2_0_, applicatio0_.NAME as NAME3_0_ from APPLICATIONS applicatio0_
[DEBUG] 2019-10-06 16:50:33.462 [main] ErrorTracker - throwQueryException() : no errors
[DEBUG] 2019-10-06 16:50:33.481 [main] SQL - select applicatio0_.ID as ID1_0_, applicatio0_.DESCRIPTION as DESCRIPT2_0_, applicatio0_.NAME as NAME3_0_ from APPLICATIONS applicatio0_
[DEBUG] 2019-10-06 16:50:33.487 [main] Loader - Result set row: 0
[DEBUG] 2019-10-06 16:50:33.490 [main] Loader - Result row: EntityKey[com.enterprise.dashboard.model.Application#1]
[DEBUG] 2019-10-06 16:50:33.494 [main] Loader - Result set row: 1
[DEBUG] 2019-10-06 16:50:33.494 [main] Loader - Result row: EntityKey[com.enterprise.dashboard.model.Application#2]
[DEBUG] 2019-10-06 16:50:33.495 [main] TwoPhaseLoad - Resolving attributes for [com.enterprise.dashboard.model.Application#1]
[DEBUG] 2019-10-06 16:50:33.495 [main] TwoPhaseLoad - Processing attribute `description` : value = This is the first application
[DEBUG] 2019-10-06 16:50:33.495 [main] TwoPhaseLoad - Attribute (`description`)  - enhanced for lazy-loading? - false
[DEBUG] 2019-10-06 16:50:33.495 [main] TwoPhaseLoad - Processing attribute `errorDataSet` : value = NOT NULL COLLECTION
[DEBUG] 2019-10-06 16:50:33.496 [main] TwoPhaseLoad - Attribute (`errorDataSet`)  - enhanced for lazy-loading? - false
[DEBUG] 2019-10-06 16:50:33.497 [main] TwoPhaseLoad - Processing attribute `name` : value = Application 1
[DEBUG] 2019-10-06 16:50:33.497 [main] TwoPhaseLoad - Attribute (`name`)  - enhanced for lazy-loading? - false
[DEBUG] 2019-10-06 16:50:33.498 [main] TwoPhaseLoad - Done materializing entity [com.enterprise.dashboard.model.Application#1]
[DEBUG] 2019-10-06 16:50:33.498 [main] TwoPhaseLoad - Resolving attributes for [com.enterprise.dashboard.model.Application#2]
[DEBUG] 2019-10-06 16:50:33.498 [main] TwoPhaseLoad - Processing attribute `description` : value = This is the second Application
[DEBUG] 2019-10-06 16:50:33.498 [main] TwoPhaseLoad - Attribute (`description`)  - enhanced for lazy-loading? - false
[DEBUG] 2019-10-06 16:50:33.498 [main] TwoPhaseLoad - Processing attribute `errorDataSet` : value = NOT NULL COLLECTION
[DEBUG] 2019-10-06 16:50:33.498 [main] TwoPhaseLoad - Attribute (`errorDataSet`)  - enhanced for lazy-loading? - false
[DEBUG] 2019-10-06 16:50:33.498 [main] TwoPhaseLoad - Processing attribute `name` : value = Application 2
[DEBUG] 2019-10-06 16:50:33.498 [main] TwoPhaseLoad - Attribute (`name`)  - enhanced for lazy-loading? - false
[DEBUG] 2019-10-06 16:50:33.498 [main] TwoPhaseLoad - Done materializing entity [com.enterprise.dashboard.model.Application#2]
[DEBUG] 2019-10-06 16:50:33.499 [main] AbstractLoadPlanBasedCollectionInitializer - Loading collection: [com.enterprise.dashboard.model.Application.errorDataSet#2]
[DEBUG] 2019-10-06 16:50:33.500 [main] SQL - select errordatas0_.application_ID as applicat4_1_0_, errordatas0_.ID as ID1_1_0_, errordatas0_.ID as ID1_1_1_, errordatas0_.application_ID as applicat4_1_1_, errordatas0_.DESCRIPTION as DESCRIPT2_1_1_, errordatas0_.MESSAGE as MESSAGE3_1_1_ from ERROR_DATA errordatas0_ where errordatas0_.application_ID=?
[DEBUG] 2019-10-06 16:50:33.504 [main] ResultSetProcessorImpl - Preparing collection initializer : [com.enterprise.dashboard.model.Application.errorDataSet#2]
[DEBUG] 2019-10-06 16:50:33.509 [main] ResultSetProcessorImpl - Starting ResultSet row #0
[DEBUG] 2019-10-06 16:50:33.511 [main] CollectionReferenceInitializerImpl - Found row of collection: [com.enterprise.dashboard.model.Application.errorDataSet#2]
[DEBUG] 2019-10-06 16:50:33.514 [main] TwoPhaseLoad - Resolving attributes for [com.enterprise.dashboard.model.ErrorData#2]
[DEBUG] 2019-10-06 16:50:33.514 [main] TwoPhaseLoad - Processing attribute `application` : value = 2
[DEBUG] 2019-10-06 16:50:33.514 [main] TwoPhaseLoad - Attribute (`application`)  - enhanced for lazy-loading? - false
[DEBUG] 2019-10-06 16:50:33.514 [main] TwoPhaseLoad - Processing attribute `description` : value = ERROR processing 2 request
[DEBUG] 2019-10-06 16:50:33.514 [main] TwoPhaseLoad - Attribute (`description`)  - enhanced for lazy-loading? - false
[DEBUG] 2019-10-06 16:50:33.515 [main] TwoPhaseLoad - Processing attribute `message` : value = ERR-101
[DEBUG] 2019-10-06 16:50:33.515 [main] TwoPhaseLoad - Attribute (`message`)  - enhanced for lazy-loading? - false
[DEBUG] 2019-10-06 16:50:33.515 [main] TwoPhaseLoad - Done materializing entity [com.enterprise.dashboard.model.ErrorData#2]
[DEBUG] 2019-10-06 16:50:33.515 [main] CollectionLoadContext - 1 collections were found in result set for role: com.enterprise.dashboard.model.Application.errorDataSet
[DEBUG] 2019-10-06 16:50:33.515 [main] CollectionLoadContext - Collection fully initialized: [com.enterprise.dashboard.model.Application.errorDataSet#2]
[DEBUG] 2019-10-06 16:50:33.515 [main] CollectionLoadContext - 1 collections initialized for role: com.enterprise.dashboard.model.Application.errorDataSet
[DEBUG] 2019-10-06 16:50:33.515 [main] ResourceRegistryStandardImpl - HHH000387: ResultSet's statement was not registered
[DEBUG] 2019-10-06 16:50:33.516 [main] AbstractLoadPlanBasedCollectionInitializer - Done loading collection
[DEBUG] 2019-10-06 16:50:33.516 [main] AbstractLoadPlanBasedCollectionInitializer - Loading collection: [com.enterprise.dashboard.model.Application.errorDataSet#1]
[DEBUG] 2019-10-06 16:50:33.516 [main] SQL - select errordatas0_.application_ID as applicat4_1_0_, errordatas0_.ID as ID1_1_0_, errordatas0_.ID as ID1_1_1_, errordatas0_.application_ID as applicat4_1_1_, errordatas0_.DESCRIPTION as DESCRIPT2_1_1_, errordatas0_.MESSAGE as MESSAGE3_1_1_ from ERROR_DATA errordatas0_ where errordatas0_.application_ID=?
[DEBUG] 2019-10-06 16:50:33.519 [main] ResultSetProcessorImpl - Preparing collection initializer : [com.enterprise.dashboard.model.Application.errorDataSet#1]
[DEBUG] 2019-10-06 16:50:33.519 [main] ResultSetProcessorImpl - Starting ResultSet row #0
[DEBUG] 2019-10-06 16:50:33.520 [main] CollectionReferenceInitializerImpl - Found row of collection: [com.enterprise.dashboard.model.Application.errorDataSet#1]
[DEBUG] 2019-10-06 16:50:33.521 [main] ResultSetProcessorImpl - Starting ResultSet row #1
[DEBUG] 2019-10-06 16:50:33.526 [main] CollectionReferenceInitializerImpl - Found row of collection: [com.enterprise.dashboard.model.Application.errorDataSet#1]
[DEBUG] 2019-10-06 16:50:33.527 [main] TwoPhaseLoad - Resolving attributes for [com.enterprise.dashboard.model.ErrorData#1]
[DEBUG] 2019-10-06 16:50:33.527 [main] TwoPhaseLoad - Processing attribute `application` : value = 1
[DEBUG] 2019-10-06 16:50:33.527 [main] TwoPhaseLoad - Attribute (`application`)  - enhanced for lazy-loading? - false
[DEBUG] 2019-10-06 16:50:33.527 [main] TwoPhaseLoad - Processing attribute `description` : value = ERROR processing request
[DEBUG] 2019-10-06 16:50:33.527 [main] TwoPhaseLoad - Attribute (`description`)  - enhanced for lazy-loading? - false
[DEBUG] 2019-10-06 16:50:33.527 [main] TwoPhaseLoad - Processing attribute `message` : value = ERR-100
[DEBUG] 2019-10-06 16:50:33.528 [main] TwoPhaseLoad - Attribute (`message`)  - enhanced for lazy-loading? - false
[DEBUG] 2019-10-06 16:50:33.528 [main] TwoPhaseLoad - Done materializing entity [com.enterprise.dashboard.model.ErrorData#1]
[DEBUG] 2019-10-06 16:50:33.528 [main] TwoPhaseLoad - Resolving attributes for [com.enterprise.dashboard.model.ErrorData#3]
[DEBUG] 2019-10-06 16:50:33.528 [main] TwoPhaseLoad - Processing attribute `application` : value = 1
[DEBUG] 2019-10-06 16:50:33.528 [main] TwoPhaseLoad - Attribute (`application`)  - enhanced for lazy-loading? - false
[DEBUG] 2019-10-06 16:50:33.528 [main] TwoPhaseLoad - Processing attribute `description` : value = ERROR processing 3 request
[DEBUG] 2019-10-06 16:50:33.528 [main] TwoPhaseLoad - Attribute (`description`)  - enhanced for lazy-loading? - false
[DEBUG] 2019-10-06 16:50:33.528 [main] TwoPhaseLoad - Processing attribute `message` : value = ERR-103
[DEBUG] 2019-10-06 16:50:33.528 [main] TwoPhaseLoad - Attribute (`message`)  - enhanced for lazy-loading? - false
[DEBUG] 2019-10-06 16:50:33.528 [main] TwoPhaseLoad - Done materializing entity [com.enterprise.dashboard.model.ErrorData#3]
[DEBUG] 2019-10-06 16:50:33.528 [main] CollectionLoadContext - 1 collections were found in result set for role: com.enterprise.dashboard.model.Application.errorDataSet
[DEBUG] 2019-10-06 16:50:33.528 [main] CollectionLoadContext - Collection fully initialized: [com.enterprise.dashboard.model.Application.errorDataSet#1]
[DEBUG] 2019-10-06 16:50:33.528 [main] CollectionLoadContext - 1 collections initialized for role: com.enterprise.dashboard.model.Application.errorDataSet
[DEBUG] 2019-10-06 16:50:33.528 [main] ResourceRegistryStandardImpl - HHH000387: ResultSet's statement was not registered
[DEBUG] 2019-10-06 16:50:33.528 [main] AbstractLoadPlanBasedCollectionInitializer - Done loading collection
[DEBUG] 2019-10-06 16:50:33.530 [main] LogicalConnectionManagedImpl - Initiating JDBC connection release from afterTransaction
