[DEBUG] 2019-10-20 22:09:40.749 [main] IntegratorServiceImpl - Adding Integrator [org.hibernate.cfg.beanvalidation.BeanValidationIntegrator].
[DEBUG] 2019-10-20 22:09:40.755 [main] IntegratorServiceImpl - Adding Integrator [org.hibernate.secure.spi.JaccIntegrator].
[DEBUG] 2019-10-20 22:09:40.759 [main] IntegratorServiceImpl - Adding Integrator [org.hibernate.cache.internal.CollectionCacheInvalidator].
[INFO ] 2019-10-20 22:09:40.830 [main] Version - HHH000412: Hibernate Core {5.4.4.Final}
[DEBUG] 2019-10-20 22:09:40.832 [main] Environment - HHH000206: hibernate.properties not found
[DEBUG] 2019-10-20 22:09:41.060 [main] LocalXmlResourceResolver - Interpreting public/system identifier : [-//Hibernate/Hibernate Configuration DTD//EN] - [http://www.hibernate.org/dtd/hibernate-configuration-3.0.dtd]
[DEBUG] 2019-10-20 22:09:41.061 [main] LocalXmlResourceResolver - Recognized hibernate-configuration identifier; attempting to resolve on classpath under org/hibernate/
[DEBUG] 2019-10-20 22:09:41.069 [main] JaxbCfgProcessor - cfg.xml document did not define namespaces; wrapping in custom event reader to introduce namespace information
[DEBUG] 2019-10-20 22:09:41.387 [main] ServiceBinding - Overriding existing service binding [org.hibernate.secure.spi.JaccService]
[DEBUG] 2019-10-20 22:09:41.414 [main] RegionFactoryInitiator - Cannot default RegionFactory based on registered strategies as `[]` RegionFactory strategies were registered
[DEBUG] 2019-10-20 22:09:41.416 [main] RegionFactoryInitiator - Cache region factory : org.hibernate.cache.internal.NoCachingRegionFactory
[INFO ] 2019-10-20 22:09:41.435 [main] Version - HCANN000001: Hibernate Commons Annotations {5.1.0.Final}
[DEBUG] 2019-10-20 22:09:41.477 [main] BasicTypeRegistry - Adding type registration boolean -> org.hibernate.type.BooleanType@35eb4a3b
[DEBUG] 2019-10-20 22:09:41.477 [main] BasicTypeRegistry - Adding type registration boolean -> org.hibernate.type.BooleanType@35eb4a3b
[DEBUG] 2019-10-20 22:09:41.477 [main] BasicTypeRegistry - Adding type registration java.lang.Boolean -> org.hibernate.type.BooleanType@35eb4a3b
[DEBUG] 2019-10-20 22:09:41.478 [main] BasicTypeRegistry - Adding type registration numeric_boolean -> org.hibernate.type.NumericBooleanType@26b95b0b
[DEBUG] 2019-10-20 22:09:41.478 [main] BasicTypeRegistry - Adding type registration true_false -> org.hibernate.type.TrueFalseType@56afdf9a
[DEBUG] 2019-10-20 22:09:41.479 [main] BasicTypeRegistry - Adding type registration yes_no -> org.hibernate.type.YesNoType@77ec6a3d
[DEBUG] 2019-10-20 22:09:41.481 [main] BasicTypeRegistry - Adding type registration byte -> org.hibernate.type.ByteType@782be4eb
[DEBUG] 2019-10-20 22:09:41.481 [main] BasicTypeRegistry - Adding type registration byte -> org.hibernate.type.ByteType@782be4eb
[DEBUG] 2019-10-20 22:09:41.481 [main] BasicTypeRegistry - Adding type registration java.lang.Byte -> org.hibernate.type.ByteType@782be4eb
[DEBUG] 2019-10-20 22:09:41.483 [main] BasicTypeRegistry - Adding type registration character -> org.hibernate.type.CharacterType@6f1a80fb
[DEBUG] 2019-10-20 22:09:41.483 [main] BasicTypeRegistry - Adding type registration char -> org.hibernate.type.CharacterType@6f1a80fb
[DEBUG] 2019-10-20 22:09:41.483 [main] BasicTypeRegistry - Adding type registration java.lang.Character -> org.hibernate.type.CharacterType@6f1a80fb
[DEBUG] 2019-10-20 22:09:41.484 [main] BasicTypeRegistry - Adding type registration short -> org.hibernate.type.ShortType@4f6b687e
[DEBUG] 2019-10-20 22:09:41.484 [main] BasicTypeRegistry - Adding type registration short -> org.hibernate.type.ShortType@4f6b687e
[DEBUG] 2019-10-20 22:09:41.484 [main] BasicTypeRegistry - Adding type registration java.lang.Short -> org.hibernate.type.ShortType@4f6b687e
[DEBUG] 2019-10-20 22:09:41.486 [main] BasicTypeRegistry - Adding type registration integer -> org.hibernate.type.IntegerType@73d4066e
[DEBUG] 2019-10-20 22:09:41.486 [main] BasicTypeRegistry - Adding type registration int -> org.hibernate.type.IntegerType@73d4066e
[DEBUG] 2019-10-20 22:09:41.486 [main] BasicTypeRegistry - Adding type registration java.lang.Integer -> org.hibernate.type.IntegerType@73d4066e
[DEBUG] 2019-10-20 22:09:41.487 [main] BasicTypeRegistry - Adding type registration long -> org.hibernate.type.LongType@3dd4a6fa
[DEBUG] 2019-10-20 22:09:41.487 [main] BasicTypeRegistry - Adding type registration long -> org.hibernate.type.LongType@3dd4a6fa
[DEBUG] 2019-10-20 22:09:41.487 [main] BasicTypeRegistry - Adding type registration java.lang.Long -> org.hibernate.type.LongType@3dd4a6fa
[DEBUG] 2019-10-20 22:09:41.488 [main] BasicTypeRegistry - Adding type registration float -> org.hibernate.type.FloatType@5cbe2654
[DEBUG] 2019-10-20 22:09:41.488 [main] BasicTypeRegistry - Adding type registration float -> org.hibernate.type.FloatType@5cbe2654
[DEBUG] 2019-10-20 22:09:41.489 [main] BasicTypeRegistry - Adding type registration java.lang.Float -> org.hibernate.type.FloatType@5cbe2654
[DEBUG] 2019-10-20 22:09:41.489 [main] BasicTypeRegistry - Adding type registration double -> org.hibernate.type.DoubleType@17d32e9b
[DEBUG] 2019-10-20 22:09:41.490 [main] BasicTypeRegistry - Adding type registration double -> org.hibernate.type.DoubleType@17d32e9b
[DEBUG] 2019-10-20 22:09:41.490 [main] BasicTypeRegistry - Adding type registration java.lang.Double -> org.hibernate.type.DoubleType@17d32e9b
[DEBUG] 2019-10-20 22:09:41.491 [main] BasicTypeRegistry - Adding type registration big_decimal -> org.hibernate.type.BigDecimalType@a2ddf26
[DEBUG] 2019-10-20 22:09:41.491 [main] BasicTypeRegistry - Adding type registration java.math.BigDecimal -> org.hibernate.type.BigDecimalType@a2ddf26
[DEBUG] 2019-10-20 22:09:41.492 [main] BasicTypeRegistry - Adding type registration big_integer -> org.hibernate.type.BigIntegerType@108a46d6
[DEBUG] 2019-10-20 22:09:41.492 [main] BasicTypeRegistry - Adding type registration java.math.BigInteger -> org.hibernate.type.BigIntegerType@108a46d6
[DEBUG] 2019-10-20 22:09:41.496 [main] BasicTypeRegistry - Adding type registration string -> org.hibernate.type.StringType@4207609e
[DEBUG] 2019-10-20 22:09:41.496 [main] BasicTypeRegistry - Adding type registration java.lang.String -> org.hibernate.type.StringType@4207609e
[DEBUG] 2019-10-20 22:09:41.497 [main] BasicTypeRegistry - Adding type registration nstring -> org.hibernate.type.StringNVarcharType@c6c82aa
[DEBUG] 2019-10-20 22:09:41.498 [main] BasicTypeRegistry - Adding type registration ncharacter -> org.hibernate.type.CharacterNCharType@3bddc676
[DEBUG] 2019-10-20 22:09:41.499 [main] BasicTypeRegistry - Adding type registration url -> org.hibernate.type.UrlType@4d3ca6c7
[DEBUG] 2019-10-20 22:09:41.499 [main] BasicTypeRegistry - Adding type registration java.net.URL -> org.hibernate.type.UrlType@4d3ca6c7
[DEBUG] 2019-10-20 22:09:41.500 [main] BasicTypeRegistry - Adding type registration Duration -> org.hibernate.type.DurationType@4beabeec
[DEBUG] 2019-10-20 22:09:41.500 [main] BasicTypeRegistry - Adding type registration java.time.Duration -> org.hibernate.type.DurationType@4beabeec
[DEBUG] 2019-10-20 22:09:41.510 [main] BasicTypeRegistry - Adding type registration Instant -> org.hibernate.type.InstantType@6ed16657
[DEBUG] 2019-10-20 22:09:41.510 [main] BasicTypeRegistry - Adding type registration java.time.Instant -> org.hibernate.type.InstantType@6ed16657
[DEBUG] 2019-10-20 22:09:41.512 [main] BasicTypeRegistry - Adding type registration LocalDateTime -> org.hibernate.type.LocalDateTimeType@7b6e5c12
[DEBUG] 2019-10-20 22:09:41.512 [main] BasicTypeRegistry - Adding type registration java.time.LocalDateTime -> org.hibernate.type.LocalDateTimeType@7b6e5c12
[DEBUG] 2019-10-20 22:09:41.514 [main] BasicTypeRegistry - Adding type registration LocalDate -> org.hibernate.type.LocalDateType@4ee6291f
[DEBUG] 2019-10-20 22:09:41.514 [main] BasicTypeRegistry - Adding type registration java.time.LocalDate -> org.hibernate.type.LocalDateType@4ee6291f
[DEBUG] 2019-10-20 22:09:41.516 [main] BasicTypeRegistry - Adding type registration LocalTime -> org.hibernate.type.LocalTimeType@44e93c1f
[DEBUG] 2019-10-20 22:09:41.516 [main] BasicTypeRegistry - Adding type registration java.time.LocalTime -> org.hibernate.type.LocalTimeType@44e93c1f
[DEBUG] 2019-10-20 22:09:41.518 [main] BasicTypeRegistry - Adding type registration OffsetDateTime -> org.hibernate.type.OffsetDateTimeType@7903d448
[DEBUG] 2019-10-20 22:09:41.518 [main] BasicTypeRegistry - Adding type registration java.time.OffsetDateTime -> org.hibernate.type.OffsetDateTimeType@7903d448
[DEBUG] 2019-10-20 22:09:41.519 [main] BasicTypeRegistry - Adding type registration OffsetTime -> org.hibernate.type.OffsetTimeType@75483843
[DEBUG] 2019-10-20 22:09:41.520 [main] BasicTypeRegistry - Adding type registration java.time.OffsetTime -> org.hibernate.type.OffsetTimeType@75483843
[DEBUG] 2019-10-20 22:09:41.522 [main] BasicTypeRegistry - Adding type registration ZonedDateTime -> org.hibernate.type.ZonedDateTimeType@288ca5f0
[DEBUG] 2019-10-20 22:09:41.522 [main] BasicTypeRegistry - Adding type registration java.time.ZonedDateTime -> org.hibernate.type.ZonedDateTimeType@288ca5f0
[DEBUG] 2019-10-20 22:09:41.523 [main] BasicTypeRegistry - Adding type registration date -> org.hibernate.type.DateType@dc79225
[DEBUG] 2019-10-20 22:09:41.524 [main] BasicTypeRegistry - Adding type registration java.sql.Date -> org.hibernate.type.DateType@dc79225
[DEBUG] 2019-10-20 22:09:41.525 [main] BasicTypeRegistry - Adding type registration time -> org.hibernate.type.TimeType@14982a82
[DEBUG] 2019-10-20 22:09:41.525 [main] BasicTypeRegistry - Adding type registration java.sql.Time -> org.hibernate.type.TimeType@14982a82
[DEBUG] 2019-10-20 22:09:41.526 [main] BasicTypeRegistry - Adding type registration timestamp -> org.hibernate.type.TimestampType@290d10ef
[DEBUG] 2019-10-20 22:09:41.526 [main] BasicTypeRegistry - Adding type registration java.sql.Timestamp -> org.hibernate.type.TimestampType@290d10ef
[DEBUG] 2019-10-20 22:09:41.526 [main] BasicTypeRegistry - Adding type registration java.util.Date -> org.hibernate.type.TimestampType@290d10ef
[DEBUG] 2019-10-20 22:09:41.527 [main] BasicTypeRegistry - Adding type registration dbtimestamp -> org.hibernate.type.DbTimestampType@13d9261f
[DEBUG] 2019-10-20 22:09:41.528 [main] BasicTypeRegistry - Adding type registration calendar -> org.hibernate.type.CalendarType@2436ea2f
[DEBUG] 2019-10-20 22:09:41.529 [main] BasicTypeRegistry - Adding type registration java.util.Calendar -> org.hibernate.type.CalendarType@2436ea2f
[DEBUG] 2019-10-20 22:09:41.529 [main] BasicTypeRegistry - Adding type registration java.util.GregorianCalendar -> org.hibernate.type.CalendarType@2436ea2f
[DEBUG] 2019-10-20 22:09:41.529 [main] BasicTypeRegistry - Adding type registration calendar_date -> org.hibernate.type.CalendarDateType@78e22d35
[DEBUG] 2019-10-20 22:09:41.530 [main] BasicTypeRegistry - Adding type registration locale -> org.hibernate.type.LocaleType@582a764a
[DEBUG] 2019-10-20 22:09:41.530 [main] BasicTypeRegistry - Adding type registration java.util.Locale -> org.hibernate.type.LocaleType@582a764a
[DEBUG] 2019-10-20 22:09:41.532 [main] BasicTypeRegistry - Adding type registration currency -> org.hibernate.type.CurrencyType@6f49d153
[DEBUG] 2019-10-20 22:09:41.533 [main] BasicTypeRegistry - Adding type registration java.util.Currency -> org.hibernate.type.CurrencyType@6f49d153
[DEBUG] 2019-10-20 22:09:41.536 [main] BasicTypeRegistry - Adding type registration timezone -> org.hibernate.type.TimeZoneType@6944e53e
[DEBUG] 2019-10-20 22:09:41.536 [main] BasicTypeRegistry - Adding type registration java.util.TimeZone -> org.hibernate.type.TimeZoneType@6944e53e
[DEBUG] 2019-10-20 22:09:41.537 [main] BasicTypeRegistry - Adding type registration class -> org.hibernate.type.ClassType@1292071f
[DEBUG] 2019-10-20 22:09:41.537 [main] BasicTypeRegistry - Adding type registration java.lang.Class -> org.hibernate.type.ClassType@1292071f
[DEBUG] 2019-10-20 22:09:41.538 [main] BasicTypeRegistry - Adding type registration uuid-binary -> org.hibernate.type.UUIDBinaryType@1e8ab90f
[DEBUG] 2019-10-20 22:09:41.538 [main] BasicTypeRegistry - Adding type registration java.util.UUID -> org.hibernate.type.UUIDBinaryType@1e8ab90f
[DEBUG] 2019-10-20 22:09:41.538 [main] BasicTypeRegistry - Adding type registration uuid-char -> org.hibernate.type.UUIDCharType@554f0dfb
[DEBUG] 2019-10-20 22:09:41.539 [main] BasicTypeRegistry - Adding type registration binary -> org.hibernate.type.BinaryType@5b3a7ef5
[DEBUG] 2019-10-20 22:09:41.539 [main] BasicTypeRegistry - Adding type registration byte[] -> org.hibernate.type.BinaryType@5b3a7ef5
[DEBUG] 2019-10-20 22:09:41.539 [main] BasicTypeRegistry - Adding type registration [B -> org.hibernate.type.BinaryType@5b3a7ef5
[DEBUG] 2019-10-20 22:09:41.540 [main] BasicTypeRegistry - Adding type registration wrapper-binary -> org.hibernate.type.WrapperBinaryType@5d21202d
[DEBUG] 2019-10-20 22:09:41.540 [main] BasicTypeRegistry - Adding type registration Byte[] -> org.hibernate.type.WrapperBinaryType@5d21202d
[DEBUG] 2019-10-20 22:09:41.540 [main] BasicTypeRegistry - Adding type registration [Ljava.lang.Byte; -> org.hibernate.type.WrapperBinaryType@5d21202d
[DEBUG] 2019-10-20 22:09:41.542 [main] BasicTypeRegistry - Adding type registration row_version -> org.hibernate.type.RowVersionType@65bdd558
[DEBUG] 2019-10-20 22:09:41.543 [main] BasicTypeRegistry - Adding type registration image -> org.hibernate.type.ImageType@60325987
[DEBUG] 2019-10-20 22:09:41.546 [main] BasicTypeRegistry - Adding type registration characters -> org.hibernate.type.CharArrayType@4047d2d9
[DEBUG] 2019-10-20 22:09:41.546 [main] BasicTypeRegistry - Adding type registration char[] -> org.hibernate.type.CharArrayType@4047d2d9
[DEBUG] 2019-10-20 22:09:41.546 [main] BasicTypeRegistry - Adding type registration [C -> org.hibernate.type.CharArrayType@4047d2d9
[DEBUG] 2019-10-20 22:09:41.547 [main] BasicTypeRegistry - Adding type registration wrapper-characters -> org.hibernate.type.CharacterArrayType@1b1f5012
[DEBUG] 2019-10-20 22:09:41.547 [main] BasicTypeRegistry - Adding type registration [Ljava.lang.Character; -> org.hibernate.type.CharacterArrayType@1b1f5012
[DEBUG] 2019-10-20 22:09:41.548 [main] BasicTypeRegistry - Adding type registration Character[] -> org.hibernate.type.CharacterArrayType@1b1f5012
[DEBUG] 2019-10-20 22:09:41.548 [main] BasicTypeRegistry - Adding type registration text -> org.hibernate.type.TextType@261ea657
[DEBUG] 2019-10-20 22:09:41.549 [main] BasicTypeRegistry - Adding type registration ntext -> org.hibernate.type.NTextType@76563d26
[DEBUG] 2019-10-20 22:09:41.550 [main] BasicTypeRegistry - Adding type registration blob -> org.hibernate.type.BlobType@4649d70a
[DEBUG] 2019-10-20 22:09:41.550 [main] BasicTypeRegistry - Adding type registration java.sql.Blob -> org.hibernate.type.BlobType@4649d70a
[DEBUG] 2019-10-20 22:09:41.551 [main] BasicTypeRegistry - Adding type registration materialized_blob -> org.hibernate.type.MaterializedBlobType@66273da0
[DEBUG] 2019-10-20 22:09:41.552 [main] BasicTypeRegistry - Adding type registration clob -> org.hibernate.type.ClobType@262816a8
[DEBUG] 2019-10-20 22:09:41.552 [main] BasicTypeRegistry - Adding type registration java.sql.Clob -> org.hibernate.type.ClobType@262816a8
[DEBUG] 2019-10-20 22:09:41.554 [main] BasicTypeRegistry - Adding type registration nclob -> org.hibernate.type.NClobType@7ff35a3f
[DEBUG] 2019-10-20 22:09:41.554 [main] BasicTypeRegistry - Adding type registration java.sql.NClob -> org.hibernate.type.NClobType@7ff35a3f
[DEBUG] 2019-10-20 22:09:41.555 [main] BasicTypeRegistry - Adding type registration materialized_clob -> org.hibernate.type.MaterializedClobType@2643d762
[DEBUG] 2019-10-20 22:09:41.555 [main] BasicTypeRegistry - Adding type registration materialized_nclob -> org.hibernate.type.MaterializedNClobType@767a014e
[DEBUG] 2019-10-20 22:09:41.556 [main] BasicTypeRegistry - Adding type registration serializable -> org.hibernate.type.SerializableType@26c47874
[DEBUG] 2019-10-20 22:09:41.559 [main] BasicTypeRegistry - Adding type registration object -> org.hibernate.type.ObjectType@71a06021
[DEBUG] 2019-10-20 22:09:41.559 [main] BasicTypeRegistry - Adding type registration java.lang.Object -> org.hibernate.type.ObjectType@71a06021
[DEBUG] 2019-10-20 22:09:41.560 [main] BasicTypeRegistry - Adding type registration imm_date -> org.hibernate.type.AdaptedImmutableType@3e33d73e
[DEBUG] 2019-10-20 22:09:41.560 [main] BasicTypeRegistry - Adding type registration imm_time -> org.hibernate.type.AdaptedImmutableType@6981f8f3
[DEBUG] 2019-10-20 22:09:41.560 [main] BasicTypeRegistry - Adding type registration imm_timestamp -> org.hibernate.type.AdaptedImmutableType@623dcf2a
[DEBUG] 2019-10-20 22:09:41.560 [main] BasicTypeRegistry - Adding type registration imm_dbtimestamp -> org.hibernate.type.AdaptedImmutableType@2eae4349
[DEBUG] 2019-10-20 22:09:41.561 [main] BasicTypeRegistry - Adding type registration imm_calendar -> org.hibernate.type.AdaptedImmutableType@e84fb85
[DEBUG] 2019-10-20 22:09:41.561 [main] BasicTypeRegistry - Adding type registration imm_calendar_date -> org.hibernate.type.AdaptedImmutableType@68a4dcc6
[DEBUG] 2019-10-20 22:09:41.561 [main] BasicTypeRegistry - Adding type registration imm_binary -> org.hibernate.type.AdaptedImmutableType@646c0a67
[DEBUG] 2019-10-20 22:09:41.561 [main] BasicTypeRegistry - Adding type registration imm_serializable -> org.hibernate.type.AdaptedImmutableType@3804a9a8
[DEBUG] 2019-10-20 22:09:41.594 [main] DefaultIdentifierGeneratorFactory - Registering IdentifierGenerator strategy [uuid2] -> [org.hibernate.id.UUIDGenerator]
[DEBUG] 2019-10-20 22:09:41.595 [main] DefaultIdentifierGeneratorFactory - Registering IdentifierGenerator strategy [guid] -> [org.hibernate.id.GUIDGenerator]
[DEBUG] 2019-10-20 22:09:41.596 [main] DefaultIdentifierGeneratorFactory - Registering IdentifierGenerator strategy [uuid] -> [org.hibernate.id.UUIDHexGenerator]
[DEBUG] 2019-10-20 22:09:41.596 [main] DefaultIdentifierGeneratorFactory - Registering IdentifierGenerator strategy [uuid.hex] -> [org.hibernate.id.UUIDHexGenerator]
[DEBUG] 2019-10-20 22:09:41.597 [main] DefaultIdentifierGeneratorFactory - Registering IdentifierGenerator strategy [assigned] -> [org.hibernate.id.Assigned]
[DEBUG] 2019-10-20 22:09:41.599 [main] DefaultIdentifierGeneratorFactory - Registering IdentifierGenerator strategy [identity] -> [org.hibernate.id.IdentityGenerator]
[DEBUG] 2019-10-20 22:09:41.599 [main] DefaultIdentifierGeneratorFactory - Registering IdentifierGenerator strategy [select] -> [org.hibernate.id.SelectGenerator]
[DEBUG] 2019-10-20 22:09:41.601 [main] DefaultIdentifierGeneratorFactory - Registering IdentifierGenerator strategy [sequence] -> [org.hibernate.id.enhanced.SequenceStyleGenerator]
[DEBUG] 2019-10-20 22:09:41.602 [main] DefaultIdentifierGeneratorFactory - Registering IdentifierGenerator strategy [seqhilo] -> [org.hibernate.id.SequenceHiLoGenerator]
[DEBUG] 2019-10-20 22:09:41.602 [main] DefaultIdentifierGeneratorFactory - Registering IdentifierGenerator strategy [increment] -> [org.hibernate.id.IncrementGenerator]
[DEBUG] 2019-10-20 22:09:41.603 [main] DefaultIdentifierGeneratorFactory - Registering IdentifierGenerator strategy [foreign] -> [org.hibernate.id.ForeignGenerator]
[DEBUG] 2019-10-20 22:09:41.603 [main] DefaultIdentifierGeneratorFactory - Registering IdentifierGenerator strategy [sequence-identity] -> [org.hibernate.id.SequenceIdentityGenerator]
[DEBUG] 2019-10-20 22:09:41.603 [main] DefaultIdentifierGeneratorFactory - Registering IdentifierGenerator strategy [enhanced-sequence] -> [org.hibernate.id.enhanced.SequenceStyleGenerator]
[DEBUG] 2019-10-20 22:09:41.604 [main] DefaultIdentifierGeneratorFactory - Registering IdentifierGenerator strategy [enhanced-table] -> [org.hibernate.id.enhanced.TableGenerator]
[INFO ] 2019-10-20 22:09:41.610 [main] C3P0ConnectionProvider - HHH010002: C3P0 using driver: com.mysql.cj.jdbc.Driver at URL: jdbc:mysql://localhost:3307/dashboard
[INFO ] 2019-10-20 22:09:41.611 [main] C3P0ConnectionProvider - HHH10001001: Connection properties: {password=****, user=root}
[INFO ] 2019-10-20 22:09:41.611 [main] C3P0ConnectionProvider - HHH10001003: Autocommit mode: false
[INFO ] 2019-10-20 22:09:41.773 [main] C3P0ConnectionProvider - HHH10001007: JDBC isolation level: <unknown>
[DEBUG] 2019-10-20 22:09:41.932 [main] JdbcEnvironmentInitiator - Database ->
       name : MySQL
    version : 8.0.17
      major : 8
      minor : 0
[DEBUG] 2019-10-20 22:09:41.933 [main] JdbcEnvironmentInitiator - Driver ->
       name : MySQL Connector/J
    version : mysql-connector-java-8.0.16 (Revision: 34cbc6bc61f72836e26327537a432d6db7c77de6)
      major : 8
      minor : 0
[DEBUG] 2019-10-20 22:09:41.935 [main] JdbcEnvironmentInitiator - JDBC version : 4.2
[INFO ] 2019-10-20 22:09:41.979 [main] Dialect - HHH000400: Using dialect: org.hibernate.dialect.MySQL8Dialect
[DEBUG] 2019-10-20 22:09:41.999 [main] IdentifierHelperBuilder - JDBC driver metadata reported database stores quoted identifiers in more than one case
[DEBUG] 2019-10-20 22:09:42.025 [main] IdentifierHelperBuilder - IdentifierCaseStrategy for both quoted and unquoted identifiers was set to the same strategy [MIXED]; that will likely lead to problems in schema update and validation if using quoted identifiers
[DEBUG] 2019-10-20 22:09:42.081 [main] Namespace - Created database namespace [logicalName=Name{catalog=null, schema=null}, physicalName=Name{catalog=null, schema=null}]
[DEBUG] 2019-10-20 22:09:42.085 [main] TypeConfiguration$Scope - Scoping TypeConfiguration [org.hibernate.type.spi.TypeConfiguration@5b5a4aed] to MetadataBuildingContext [org.hibernate.boot.internal.MetadataBuildingContextRootImpl@2c991465]
[DEBUG] 2019-10-20 22:09:42.152 [main] AnnotationBinder - Binding entity from annotated class: com.enterprise.dashboard.model.Application
[DEBUG] 2019-10-20 22:09:42.174 [main] Ejb3Column - Binding column: Ejb3DiscriminatorColumn{logicalColumnName'DTYPE', discriminatorTypeName='string'}
[DEBUG] 2019-10-20 22:09:42.179 [main] EntityBinder - Import with entity name Applications
[DEBUG] 2019-10-20 22:09:42.182 [main] EntityBinder - Bind entity com.enterprise.dashboard.model.Application on table APPLICATIONS
[DEBUG] 2019-10-20 22:09:42.210 [main] Ejb3Column - Binding column: Ejb3Column{table=org.hibernate.mapping.Table(APPLICATIONS), mappingColumn=ID, insertable=true, updatable=true, unique=false}
[DEBUG] 2019-10-20 22:09:42.215 [main] PropertyBinder - MetadataSourceProcessor property id with lazy=false
[DEBUG] 2019-10-20 22:09:42.217 [main] AbstractPropertyHolder - Attempting to locate auto-apply AttributeConverter for property [com.enterprise.dashboard.model.Application:id]
[DEBUG] 2019-10-20 22:09:42.220 [main] SimpleValueBinder - building SimpleValue for id
[DEBUG] 2019-10-20 22:09:42.221 [main] PropertyBinder - Building property id
[DEBUG] 2019-10-20 22:09:42.225 [main] BinderHelper - #makeIdGenerator(org.hibernate.mapping.SimpleValue([org.hibernate.mapping.Column(ID)]), id, org.hibernate.id.enhanced.SequenceStyleGenerator, native, ...)
[DEBUG] 2019-10-20 22:09:42.227 [main] Ejb3Column - Binding column: Ejb3Column{table=org.hibernate.mapping.Table(APPLICATIONS), mappingColumn=DESCRIPTION, insertable=true, updatable=true, unique=false}
[DEBUG] 2019-10-20 22:09:42.227 [main] PropertyBinder - MetadataSourceProcessor property description with lazy=false
[DEBUG] 2019-10-20 22:09:42.227 [main] AbstractPropertyHolder - Attempting to locate auto-apply AttributeConverter for property [com.enterprise.dashboard.model.Application:description]
[DEBUG] 2019-10-20 22:09:42.227 [main] SimpleValueBinder - building SimpleValue for description
[DEBUG] 2019-10-20 22:09:42.227 [main] PropertyBinder - Building property description
[DEBUG] 2019-10-20 22:09:42.229 [main] Ejb3Column - Binding column: Ejb3JoinColumn{logicalColumnName='null', referencedColumn='null', mappedBy='application'}
[DEBUG] 2019-10-20 22:09:42.231 [main] Ejb3Column - Binding column: Ejb3Column{table=org.hibernate.mapping.Table(APPLICATIONS), mappingColumn=errorDataSet, insertable=true, updatable=true, unique=false}
[DEBUG] 2019-10-20 22:09:42.233 [main] Ejb3Column - Binding column: Ejb3Column{table=org.hibernate.mapping.Table(APPLICATIONS), mappingColumn=null, insertable=true, updatable=true, unique=false}
[DEBUG] 2019-10-20 22:09:42.242 [main] Ejb3Column - Binding column: Ejb3Column{table=org.hibernate.mapping.Table(APPLICATIONS), mappingColumn=element, insertable=true, updatable=true, unique=false}
[DEBUG] 2019-10-20 22:09:42.242 [main] Ejb3Column - Binding column: Ejb3Column{table=org.hibernate.mapping.Table(APPLICATIONS), mappingColumn=errorDataSet_KEY, insertable=true, updatable=true, unique=false}
[DEBUG] 2019-10-20 22:09:42.243 [main] Ejb3Column - Binding column: Ejb3JoinColumn{logicalColumnName='errorDataSet_KEY', referencedColumn='null', mappedBy='null'}
[DEBUG] 2019-10-20 22:09:42.244 [main] Ejb3Column - Binding column: Ejb3JoinColumn{logicalColumnName='null', referencedColumn='null', mappedBy='application'}
[DEBUG] 2019-10-20 22:09:42.244 [main] Ejb3Column - Binding column: Ejb3JoinColumn{logicalColumnName='null', referencedColumn='null', mappedBy='application'}
[DEBUG] 2019-10-20 22:09:42.245 [main] CollectionBinder - Collection role: com.enterprise.dashboard.model.Application.errorDataSet
[DEBUG] 2019-10-20 22:09:42.248 [main] PropertyBinder - Building property errorDataSet
[DEBUG] 2019-10-20 22:09:42.248 [main] Ejb3Column - Binding column: Ejb3Column{table=org.hibernate.mapping.Table(APPLICATIONS), mappingColumn=NAME, insertable=true, updatable=true, unique=false}
[DEBUG] 2019-10-20 22:09:42.248 [main] PropertyBinder - MetadataSourceProcessor property name with lazy=false
[DEBUG] 2019-10-20 22:09:42.248 [main] AbstractPropertyHolder - Attempting to locate auto-apply AttributeConverter for property [com.enterprise.dashboard.model.Application:name]
[DEBUG] 2019-10-20 22:09:42.248 [main] SimpleValueBinder - building SimpleValue for name
[DEBUG] 2019-10-20 22:09:42.248 [main] PropertyBinder - Building property name
[DEBUG] 2019-10-20 22:09:42.250 [main] AnnotationBinder - Binding entity from annotated class: com.enterprise.dashboard.model.ErrorData
[DEBUG] 2019-10-20 22:09:42.250 [main] Ejb3Column - Binding column: Ejb3DiscriminatorColumn{logicalColumnName'DTYPE', discriminatorTypeName='string'}
[DEBUG] 2019-10-20 22:09:42.251 [main] EntityBinder - Import with entity name ErrorData
[DEBUG] 2019-10-20 22:09:42.251 [main] EntityBinder - Bind entity com.enterprise.dashboard.model.ErrorData on table ERROR_DATA
[DEBUG] 2019-10-20 22:09:42.254 [main] Ejb3Column - Binding column: Ejb3Column{table=org.hibernate.mapping.Table(ERROR_DATA), mappingColumn=ID, insertable=true, updatable=true, unique=false}
[DEBUG] 2019-10-20 22:09:42.254 [main] PropertyBinder - MetadataSourceProcessor property id with lazy=false
[DEBUG] 2019-10-20 22:09:42.254 [main] AbstractPropertyHolder - Attempting to locate auto-apply AttributeConverter for property [com.enterprise.dashboard.model.ErrorData:id]
[DEBUG] 2019-10-20 22:09:42.254 [main] SimpleValueBinder - building SimpleValue for id
[DEBUG] 2019-10-20 22:09:42.255 [main] PropertyBinder - Building property id
[DEBUG] 2019-10-20 22:09:42.255 [main] BinderHelper - #makeIdGenerator(org.hibernate.mapping.SimpleValue([org.hibernate.mapping.Column(ID)]), id, org.hibernate.id.enhanced.SequenceStyleGenerator, native, ...)
[DEBUG] 2019-10-20 22:09:42.255 [main] Ejb3Column - Binding column: Ejb3JoinColumn{logicalColumnName='null', referencedColumn='null', mappedBy='null'}
[DEBUG] 2019-10-20 22:09:42.255 [main] Ejb3Column - Binding column: Ejb3Column{table=org.hibernate.mapping.Table(ERROR_DATA), mappingColumn=application, insertable=true, updatable=true, unique=false}
[DEBUG] 2019-10-20 22:09:42.257 [main] PropertyBinder - Building property application
[DEBUG] 2019-10-20 22:09:42.258 [main] Ejb3Column - Binding column: Ejb3Column{table=org.hibernate.mapping.Table(ERROR_DATA), mappingColumn=DESCRIPTION, insertable=true, updatable=true, unique=false}
[DEBUG] 2019-10-20 22:09:42.258 [main] PropertyBinder - MetadataSourceProcessor property description with lazy=false
[DEBUG] 2019-10-20 22:09:42.258 [main] AbstractPropertyHolder - Attempting to locate auto-apply AttributeConverter for property [com.enterprise.dashboard.model.ErrorData:description]
[DEBUG] 2019-10-20 22:09:42.258 [main] SimpleValueBinder - building SimpleValue for description
[DEBUG] 2019-10-20 22:09:42.258 [main] PropertyBinder - Building property description
[DEBUG] 2019-10-20 22:09:42.259 [main] Ejb3Column - Binding column: Ejb3Column{table=org.hibernate.mapping.Table(ERROR_DATA), mappingColumn=MESSAGE, insertable=true, updatable=true, unique=false}
[DEBUG] 2019-10-20 22:09:42.259 [main] PropertyBinder - MetadataSourceProcessor property message with lazy=false
[DEBUG] 2019-10-20 22:09:42.259 [main] AbstractPropertyHolder - Attempting to locate auto-apply AttributeConverter for property [com.enterprise.dashboard.model.ErrorData:message]
[DEBUG] 2019-10-20 22:09:42.259 [main] SimpleValueBinder - building SimpleValue for message
[DEBUG] 2019-10-20 22:09:42.259 [main] PropertyBinder - Building property message
[DEBUG] 2019-10-20 22:09:42.261 [main] SimpleValueBinder - Starting fillSimpleValue for id
[DEBUG] 2019-10-20 22:09:42.261 [main] SimpleValueBinder - Starting fillSimpleValue for description
[DEBUG] 2019-10-20 22:09:42.262 [main] SimpleValueBinder - Starting fillSimpleValue for name
[DEBUG] 2019-10-20 22:09:42.262 [main] SimpleValueBinder - Starting fillSimpleValue for id
[DEBUG] 2019-10-20 22:09:42.262 [main] SimpleValueBinder - Starting fillSimpleValue for description
[DEBUG] 2019-10-20 22:09:42.262 [main] SimpleValueBinder - Starting fillSimpleValue for message
[DEBUG] 2019-10-20 22:09:42.267 [main] PrimaryKey - Forcing column [id] to be non-null as it is part of the primary key for table [applications]
[DEBUG] 2019-10-20 22:09:42.268 [main] PrimaryKey - Forcing column [id] to be non-null as it is part of the primary key for table [error_data]
[DEBUG] 2019-10-20 22:09:42.268 [main] CollectionSecondPass - Second pass for collection: com.enterprise.dashboard.model.Application.errorDataSet
[DEBUG] 2019-10-20 22:09:42.269 [main] CollectionBinder - Binding a OneToMany: com.enterprise.dashboard.model.Application.errorDataSet through a foreign key
[DEBUG] 2019-10-20 22:09:42.270 [main] CollectionBinder - Mapping collection: com.enterprise.dashboard.model.Application.errorDataSet -> ERROR_DATA
[DEBUG] 2019-10-20 22:09:42.271 [main] TableBinder - Retrieving property com.enterprise.dashboard.model.ErrorData.application
[DEBUG] 2019-10-20 22:09:42.271 [main] CollectionSecondPass - Mapped collection key: application_ID, one-to-many: com.enterprise.dashboard.model.ErrorData
[DEBUG] 2019-10-20 22:09:42.272 [main] InFlightMetadataCollectorImpl - Resolving reference to class: com.enterprise.dashboard.model.Application
[DEBUG] 2019-10-20 22:09:42.275 [main] InFlightMetadataCollectorImpl - Resolving reference to class: com.enterprise.dashboard.model.Application
[DEBUG] 2019-10-20 22:09:42.309 [main] SessionFactoryImpl - Building session factory
[DEBUG] 2019-10-20 22:09:42.310 [main] Settings - SessionFactory name : null
[DEBUG] 2019-10-20 22:09:42.310 [main] Settings - Automatic flush during beforeCompletion(): enabled
[DEBUG] 2019-10-20 22:09:42.310 [main] Settings - Automatic session close at end of transaction: disabled
[DEBUG] 2019-10-20 22:09:42.310 [main] Settings - Statistics: disabled
[DEBUG] 2019-10-20 22:09:42.310 [main] Settings - Deleted entity synthetic identifier rollback: disabled
[DEBUG] 2019-10-20 22:09:42.310 [main] Settings - Default entity-mode: pojo
[DEBUG] 2019-10-20 22:09:42.310 [main] Settings - Check Nullability in Core (should be disabled when Bean Validation is on): enabled
[DEBUG] 2019-10-20 22:09:42.310 [main] Settings - Allow initialization of lazy state outside session : disabled
[DEBUG] 2019-10-20 22:09:42.310 [main] Settings - Using BatchFetchStyle : LEGACY
[DEBUG] 2019-10-20 22:09:42.310 [main] Settings - Default batch fetch size: -1
[DEBUG] 2019-10-20 22:09:42.310 [main] Settings - Maximum outer join fetch depth: 2
[DEBUG] 2019-10-20 22:09:42.311 [main] Settings - Default null ordering: NONE
[DEBUG] 2019-10-20 22:09:42.311 [main] Settings - Order SQL updates by primary key: disabled
[DEBUG] 2019-10-20 22:09:42.311 [main] Settings - Order SQL inserts for batching: disabled
[DEBUG] 2019-10-20 22:09:42.311 [main] Settings - multi-tenancy strategy : NONE
[DEBUG] 2019-10-20 22:09:42.311 [main] Settings - JTA Track by Thread: enabled
[DEBUG] 2019-10-20 22:09:42.311 [main] Settings - Query language substitutions: {}
[DEBUG] 2019-10-20 22:09:42.311 [main] Settings - Named query checking : enabled
[DEBUG] 2019-10-20 22:09:42.311 [main] Settings - Second-level cache: disabled
[DEBUG] 2019-10-20 22:09:42.311 [main] Settings - Second-level query cache: disabled
[DEBUG] 2019-10-20 22:09:42.311 [main] Settings - Second-level query cache factory: null
[DEBUG] 2019-10-20 22:09:42.311 [main] Settings - Second-level cache region prefix: null
[DEBUG] 2019-10-20 22:09:42.311 [main] Settings - Optimize second-level cache for minimal puts: disabled
[DEBUG] 2019-10-20 22:09:42.312 [main] Settings - Structured second-level cache entries: disabled
[DEBUG] 2019-10-20 22:09:42.312 [main] Settings - Second-level cache direct-reference entries: disabled
[DEBUG] 2019-10-20 22:09:42.312 [main] Settings - Automatic eviction of collection cache: disabled
[DEBUG] 2019-10-20 22:09:42.312 [main] Settings - JDBC batch size: 15
[DEBUG] 2019-10-20 22:09:42.312 [main] Settings - JDBC batch updates for versioned data: enabled
[DEBUG] 2019-10-20 22:09:42.312 [main] Settings - Scrollable result sets: enabled
[DEBUG] 2019-10-20 22:09:42.312 [main] Settings - Wrap result sets: disabled
[DEBUG] 2019-10-20 22:09:42.312 [main] Settings - JDBC3 getGeneratedKeys(): enabled
[DEBUG] 2019-10-20 22:09:42.312 [main] Settings - JDBC result set fetch size: null
[DEBUG] 2019-10-20 22:09:42.312 [main] Settings - Connection release mode: AFTER_TRANSACTION
[DEBUG] 2019-10-20 22:09:42.312 [main] Settings - Generate SQL with comments: disabled
[DEBUG] 2019-10-20 22:09:42.313 [main] Settings - JPA compliance - query : 
[DEBUG] 2019-10-20 22:09:42.313 [main] Settings - JPA compliance - closed-handling : 
[DEBUG] 2019-10-20 22:09:42.313 [main] Settings - JPA compliance - lists : 
[DEBUG] 2019-10-20 22:09:42.313 [main] Settings - JPA compliance - transactions : 
[INFO ] 2019-10-20 22:09:42.378 [main] beans - HHH10005002: No explicit CDI BeanManager reference was passed to Hibernate, but CDI is available on the Hibernate ClassLoader.
[DEBUG] 2019-10-20 22:09:42.399 [main] SessionFactoryImpl - Session factory constructed with filter configurations : {}
[DEBUG] 2019-10-20 22:09:42.400 [main] SessionFactoryImpl - Instantiating session factory with properties: {gopherProxySet=false, awt.toolkit=sun.lwawt.macosx.LWCToolkit, java.specification.version=11, sun.cpu.isalist=, hibernate.c3p0.idle_test_period=3000, sun.jnu.encoding=UTF-8, hibernate.c3p0.min_size=5, java.class.path=/Applications/IntelliJ IDEA.app/Contents/lib/idea_rt.jar:/Applications/IntelliJ IDEA.app/Contents/plugins/junit/lib/junit-rt.jar:/Applications/IntelliJ IDEA.app/Contents/plugins/junit/lib/junit5-rt.jar:/Users/Sdrshn-Home/IdeaProjects/entjavadashboard/target/test-classes:/Users/Sdrshn-Home/IdeaProjects/entjavadashboard/target/classes:/Users/Sdrshn-Home/.m2/repository/org/hibernate/hibernate-core/5.4.4.Final/hibernate-core-5.4.4.Final.jar:/Users/Sdrshn-Home/.m2/repository/org/jboss/logging/jboss-logging/3.3.2.Final/jboss-logging-3.3.2.Final.jar:/Users/Sdrshn-Home/.m2/repository/javax/persistence/javax.persistence-api/2.2/javax.persistence-api-2.2.jar:/Users/Sdrshn-Home/.m2/repository/org/javassist/javassist/3.24.0-GA/javassist-3.24.0-GA.jar:/Users/Sdrshn-Home/.m2/repository/net/bytebuddy/byte-buddy/1.9.11/byte-buddy-1.9.11.jar:/Users/Sdrshn-Home/.m2/repository/antlr/antlr/2.7.7/antlr-2.7.7.jar:/Users/Sdrshn-Home/.m2/repository/org/jboss/spec/javax/transaction/jboss-transaction-api_1.2_spec/1.1.1.Final/jboss-transaction-api_1.2_spec-1.1.1.Final.jar:/Users/Sdrshn-Home/.m2/repository/org/jboss/jandex/2.0.5.Final/jandex-2.0.5.Final.jar:/Users/Sdrshn-Home/.m2/repository/com/fasterxml/classmate/1.3.4/classmate-1.3.4.jar:/Users/Sdrshn-Home/.m2/repository/javax/activation/javax.activation-api/1.2.0/javax.activation-api-1.2.0.jar:/Users/Sdrshn-Home/.m2/repository/org/dom4j/dom4j/2.1.1/dom4j-2.1.1.jar:/Users/Sdrshn-Home/.m2/repository/org/hibernate/common/hibernate-commons-annotations/5.1.0.Final/hibernate-commons-annotations-5.1.0.Final.jar:/Users/Sdrshn-Home/.m2/repository/javax/xml/bind/jaxb-api/2.3.1/jaxb-api-2.3.1.jar:/Users/Sdrshn-Home/.m2/repository/org/glassfish/jaxb/jaxb-runtime/2.3.1/jaxb-runtime-2.3.1.jar:/Users/Sdrshn-Home/.m2/repository/org/glassfish/jaxb/txw2/2.3.1/txw2-2.3.1.jar:/Users/Sdrshn-Home/.m2/repository/com/sun/istack/istack-commons-runtime/3.0.7/istack-commons-runtime-3.0.7.jar:/Users/Sdrshn-Home/.m2/repository/org/jvnet/staxex/stax-ex/1.8/stax-ex-1.8.jar:/Users/Sdrshn-Home/.m2/repository/com/sun/xml/fastinfoset/FastInfoset/1.2.15/FastInfoset-1.2.15.jar:/Users/Sdrshn-Home/.m2/repository/org/hibernate/hibernate-c3p0/5.4.4.Final/hibernate-c3p0-5.4.4.Final.jar:/Users/Sdrshn-Home/.m2/repository/com/mchange/c3p0/0.9.5.3/c3p0-0.9.5.3.jar:/Users/Sdrshn-Home/.m2/repository/com/mchange/mchange-commons-java/0.2.15/mchange-commons-java-0.2.15.jar:/Users/Sdrshn-Home/.m2/repository/org/junit/platform/junit-platform-runner/1.0.0/junit-platform-runner-1.0.0.jar:/Users/Sdrshn-Home/.m2/repository/org/apiguardian/apiguardian-api/1.0.0/apiguardian-api-1.0.0.jar:/Users/Sdrshn-Home/.m2/repository/org/junit/platform/junit-platform-launcher/1.0.0/junit-platform-launcher-1.0.0.jar:/Users/Sdrshn-Home/.m2/repository/org/junit/platform/junit-platform-suite-api/1.0.0/junit-platform-suite-api-1.0.0.jar:/Users/Sdrshn-Home/.m2/repository/org/junit/platform/junit-platform-commons/1.0.0/junit-platform-commons-1.0.0.jar:/Users/Sdrshn-Home/.m2/repository/org/junit/vintage/junit-vintage-engine/4.12.0/junit-vintage-engine-4.12.0.jar:/Users/Sdrshn-Home/.m2/repository/org/junit/platform/junit-platform-engine/1.0.0/junit-platform-engine-1.0.0.jar:/Users/Sdrshn-Home/.m2/repository/org/opentest4j/opentest4j/1.0.0/opentest4j-1.0.0.jar:/Users/Sdrshn-Home/.m2/repository/org/junit/jupiter/junit-jupiter-engine/5.0.0/junit-jupiter-engine-5.0.0.jar:/Users/Sdrshn-Home/.m2/repository/org/junit/jupiter/junit-jupiter-api/5.0.0/junit-jupiter-api-5.0.0.jar:/Users/Sdrshn-Home/.m2/repository/junit/junit/4.12/junit-4.12.jar:/Users/Sdrshn-Home/.m2/repository/org/hamcrest/hamcrest-core/1.3/hamcrest-core-1.3.jar:/Users/Sdrshn-Home/.m2/repository/javax/javaee-web-api/7.0/javaee-web-api-7.0.jar:/Users/Sdrshn-Home/.m2/repository/mysql/mysql-connector-java/8.0.16/mysql-connector-java-8.0.16.jar:/Users/Sdrshn-Home/.m2/repository/com/google/protobuf/protobuf-java/3.6.1/protobuf-java-3.6.1.jar:/Users/Sdrshn-Home/.m2/repository/jstl/jstl/1.2/jstl-1.2.jar:/Users/Sdrshn-Home/.m2/repository/org/apache/logging/log4j/log4j-api/2.10.0/log4j-api-2.10.0.jar:/Users/Sdrshn-Home/.m2/repository/org/apache/logging/log4j/log4j-core/2.10.0/log4j-core-2.10.0.jar, java.vm.vendor=Oracle Corporation, sun.arch.data.model=64, idea.test.cyclic.buffer.size=1048576, java.vendor.url=http://java.oracle.com/, user.timezone=America/Chicago, os.name=Mac OS X, java.vm.specification.version=11, sun.java.launcher=SUN_STANDARD, user.country=US, sun.boot.library.path=/Library/Java/JavaVirtualMachines/jdk-11.0.4.jdk/Contents/Home/lib, sun.java.command=com.intellij.rt.execution.junit.JUnitStarter -ideVersion5 -junit5 com.enterprise.dashboard.dao.TestGenericDao,deleleSuccess, http.nonProxyHosts=local|*.local|169.254/16|*.169.254/16, jdk.debug=release, sun.cpu.endian=little, user.home=/Users/Sdrshn-Home, hibernate.c3p0.max_statements=50, user.language=en, java.specification.vendor=Oracle Corporation, java.version.date=2019-07-16, java.home=/Library/Java/JavaVirtualMachines/jdk-11.0.4.jdk/Contents/Home, file.separator=/, java.vm.compressedOopsMode=Zero based, line.separator=
, hibernate.c3p0.timeout=300, java.specification.name=Java Platform API Specification, java.vm.specification.vendor=Oracle Corporation, java.awt.graphicsenv=sun.awt.CGraphicsEnvironment, connection.password=student, sun.management.compiler=HotSpot 64-Bit Tiered Compilers, ftp.nonProxyHosts=local|*.local|169.254/16|*.169.254/16, hibernate.c3p0.max_size=20, java.runtime.version=11.0.4+10-LTS, user.name=Sdrshn-Home, path.separator=:, hibernate.connection.username=****, os.version=10.13.6, java.runtime.name=Java(TM) SE Runtime Environment, hibernate.connection.url=jdbc:mysql://localhost:3307/dashboard, file.encoding=UTF-8, java.vm.name=Java HotSpot(TM) 64-Bit Server VM, java.vendor.version=18.9, hibernate.connection.driver_class=com.mysql.cj.jdbc.Driver, java.vendor.url.bug=http://bugreport.java.com/bugreport/, java.io.tmpdir=/var/folders/6g/c2d6vh4s4yn046jwp22bplkm0000gn/T/, java.version=11.0.4, user.dir=/Users/Sdrshn-Home/IdeaProjects/entjavadashboard, os.arch=x86_64, connection.username=root, java.vm.specification.name=Java Virtual Machine Specification, java.awt.printerjob=sun.lwawt.macosx.CPrinterJob, hibernate.connection.password=****, sun.os.patch.level=unknown, connection.driver_class=com.mysql.cj.jdbc.Driver, hibernate.boot.CfgXmlAccessService.key=org.hibernate.boot.cfgxml.spi.LoadedConfig@310b2b6f, java.library.path=/Users/Sdrshn-Home/Library/Java/Extensions:/Library/Java/Extensions:/Network/Library/Java/Extensions:/System/Library/Java/Extensions:/usr/lib/java:., java.vendor=Oracle Corporation, java.vm.info=mixed mode, java.vm.version=11.0.4+10-LTS, hibernate.bytecode.use_reflection_optimizer=false, sun.io.unicode.encoding=UnicodeBig, connection.url=jdbc:mysql://localhost:3307/dashboard, socksNonProxyHosts=local|*.local|169.254/16|*.169.254/16, java.class.version=55.0}
[DEBUG] 2019-10-20 22:09:42.431 [main] TypeSafeActivator - Unable to acquire Bean Validation ValidatorFactory, skipping activation
[DEBUG] 2019-10-20 22:09:42.431 [main] JaccIntegrator - Skipping JACC integration as it was not enabled
[DEBUG] 2019-10-20 22:09:42.432 [main] SessionFactoryImpl - Instantiated session factory
[DEBUG] 2019-10-20 22:09:42.432 [main] TypeConfiguration$Scope - Scoping TypeConfiguration [org.hibernate.type.spi.TypeConfiguration@5b5a4aed] to SessionFactoryImpl [org.hibernate.internal.SessionFactoryImpl@1a950fdd]
[DEBUG] 2019-10-20 22:09:42.497 [main] ClassLoaderAccessImpl - Not known whether passed class name [com.enterprise.dashboard.model.Application] is safe
[DEBUG] 2019-10-20 22:09:42.497 [main] ClassLoaderAccessImpl - No temp ClassLoader provided; using live ClassLoader for loading potentially unsafe class : com.enterprise.dashboard.model.Application
[DEBUG] 2019-10-20 22:09:42.514 [main] ClassLoaderAccessImpl - Not known whether passed class name [com.enterprise.dashboard.model.Application] is safe
[DEBUG] 2019-10-20 22:09:42.515 [main] ClassLoaderAccessImpl - No temp ClassLoader provided; using live ClassLoader for loading potentially unsafe class : com.enterprise.dashboard.model.Application
[DEBUG] 2019-10-20 22:09:42.774 [main] ClassLoaderAccessImpl - Not known whether passed class name [com.enterprise.dashboard.model.ErrorData] is safe
[DEBUG] 2019-10-20 22:09:42.774 [main] ClassLoaderAccessImpl - No temp ClassLoader provided; using live ClassLoader for loading potentially unsafe class : com.enterprise.dashboard.model.ErrorData
[DEBUG] 2019-10-20 22:09:42.774 [main] ClassLoaderAccessImpl - Not known whether passed class name [com.enterprise.dashboard.model.ErrorData] is safe
[DEBUG] 2019-10-20 22:09:42.774 [main] ClassLoaderAccessImpl - No temp ClassLoader provided; using live ClassLoader for loading potentially unsafe class : com.enterprise.dashboard.model.ErrorData
[DEBUG] 2019-10-20 22:09:42.798 [main] AbstractCollectionPersister - Static SQL for collection: com.enterprise.dashboard.model.Application.errorDataSet
[DEBUG] 2019-10-20 22:09:42.798 [main] AbstractCollectionPersister -  Row insert: update ERROR_DATA set application_ID=? where ID=?
[DEBUG] 2019-10-20 22:09:42.798 [main] AbstractCollectionPersister -  Row update: update ERROR_DATA set  where ID=?
[DEBUG] 2019-10-20 22:09:42.798 [main] AbstractCollectionPersister -  Row delete: update ERROR_DATA set application_ID=null where application_ID=? and ID=?
[DEBUG] 2019-10-20 22:09:42.798 [main] AbstractCollectionPersister -  One-shot delete: update ERROR_DATA set application_ID=null where application_ID=?
[DEBUG] 2019-10-20 22:09:42.802 [main] AbstractEntityPersister - Static SQL for entity: com.enterprise.dashboard.model.Application
[DEBUG] 2019-10-20 22:09:42.802 [main] AbstractEntityPersister -  Version select: select ID from APPLICATIONS where ID =?
[DEBUG] 2019-10-20 22:09:42.802 [main] AbstractEntityPersister -  Snapshot select: select applicatio_.ID, applicatio_.DESCRIPTION as DESCRIPT2_0_, applicatio_.NAME as NAME3_0_ from APPLICATIONS applicatio_ where applicatio_.ID=?
[DEBUG] 2019-10-20 22:09:42.802 [main] AbstractEntityPersister -  Insert 0: insert into APPLICATIONS (DESCRIPTION, NAME, ID) values (?, ?, ?)
[DEBUG] 2019-10-20 22:09:42.802 [main] AbstractEntityPersister -  Update 0: update APPLICATIONS set DESCRIPTION=?, NAME=? where ID=?
[DEBUG] 2019-10-20 22:09:42.802 [main] AbstractEntityPersister -  Delete 0: delete from APPLICATIONS where ID=?
[DEBUG] 2019-10-20 22:09:42.802 [main] AbstractEntityPersister -  Identity insert: insert into APPLICATIONS (DESCRIPTION, NAME) values (?, ?)
[DEBUG] 2019-10-20 22:09:42.823 [main] QuerySpacesImpl - Adding QuerySpace : uid = <gen:0> -> org.hibernate.loader.plan.build.internal.spaces.EntityQuerySpaceImpl@24a4e2c5]
[DEBUG] 2019-10-20 22:09:42.824 [main] MetamodelGraphWalker - Visiting attribute path : description
[DEBUG] 2019-10-20 22:09:42.824 [main] MetamodelGraphWalker - Visiting attribute path : errorDataSet
[DEBUG] 2019-10-20 22:09:42.828 [main] QuerySpacesImpl - Adding QuerySpace : uid = <gen:1> -> org.hibernate.loader.plan.build.internal.spaces.CollectionQuerySpaceImpl@13516600]
[DEBUG] 2019-10-20 22:09:42.829 [main] QuerySpacesImpl - Adding QuerySpace : uid = <gen:2> -> org.hibernate.loader.plan.build.internal.spaces.EntityQuerySpaceImpl@2d70f312]
[DEBUG] 2019-10-20 22:09:42.830 [main] MetamodelGraphWalker - Visiting attribute path : errorDataSet.application
[DEBUG] 2019-10-20 22:09:42.831 [main] MetamodelGraphWalker - Property path deemed to be circular : errorDataSet.application
[DEBUG] 2019-10-20 22:09:42.831 [main] MetamodelGraphWalker - Visiting attribute path : errorDataSet.description
[DEBUG] 2019-10-20 22:09:42.831 [main] MetamodelGraphWalker - Visiting attribute path : errorDataSet.message
[DEBUG] 2019-10-20 22:09:42.831 [main] MetamodelGraphWalker - Visiting attribute path : name
[DEBUG] 2019-10-20 22:09:42.831 [main] FetchStyleLoadPlanBuildingAssociationVisitationStrategy - Building LoadPlan...
[DEBUG] 2019-10-20 22:09:42.842 [main] LoadQueryJoinAndFetchProcessor - processing queryspace <gen:0>
[DEBUG] 2019-10-20 22:09:42.848 [main] LoadPlanTreePrinter - LoadPlan(entity=com.enterprise.dashboard.model.Application)
    - Returns
       - EntityReturnImpl(entity=com.enterprise.dashboard.model.Application, querySpaceUid=<gen:0>, path=com.enterprise.dashboard.model.Application)
          - CollectionAttributeFetchImpl(collection=com.enterprise.dashboard.model.Application.errorDataSet, querySpaceUid=<gen:1>, path=com.enterprise.dashboard.model.Application.errorDataSet)
             - (collection element) CollectionFetchableElementEntityGraph(entity=com.enterprise.dashboard.model.ErrorData, querySpaceUid=<gen:2>, path=com.enterprise.dashboard.model.Application.errorDataSet.<elements>)
    - QuerySpaces
       - EntityQuerySpaceImpl(uid=<gen:0>, entity=com.enterprise.dashboard.model.Application)
          - SQL table alias mapping - applicatio0_
          - alias suffix - 0_
          - suffixed key columns - {ID1_0_0_}
          - JOIN (JoinDefinedByMetadata(errorDataSet)) : <gen:0> -> <gen:1>
             - CollectionQuerySpaceImpl(uid=<gen:1>, collection=com.enterprise.dashboard.model.Application.errorDataSet)
                - SQL table alias mapping - errordatas1_
                - alias suffix - 1_
                - suffixed key columns - {applicat4_1_1_}
                - entity-element alias suffix - 2_
                - 2_entity-element suffixed key columns - ID1_1_2_
                - JOIN (JoinDefinedByMetadata(elements)) : <gen:1> -> <gen:2>
                   - EntityQuerySpaceImpl(uid=<gen:2>, entity=com.enterprise.dashboard.model.ErrorData)
                      - SQL table alias mapping - errordatas1_
                      - alias suffix - 2_
                      - suffixed key columns - {ID1_1_2_}

[DEBUG] 2019-10-20 22:09:42.850 [main] EntityLoader - Static select for entity com.enterprise.dashboard.model.Application [NONE]: select applicatio0_.ID as ID1_0_0_, applicatio0_.DESCRIPTION as DESCRIPT2_0_0_, applicatio0_.NAME as NAME3_0_0_, errordatas1_.application_ID as applicat4_1_1_, errordatas1_.ID as ID1_1_1_, errordatas1_.ID as ID1_1_2_, errordatas1_.application_ID as applicat4_1_2_, errordatas1_.DESCRIPTION as DESCRIPT2_1_2_, errordatas1_.MESSAGE as MESSAGE3_1_2_ from APPLICATIONS applicatio0_ left outer join ERROR_DATA errordatas1_ on applicatio0_.ID=errordatas1_.application_ID where applicatio0_.ID=?
[DEBUG] 2019-10-20 22:09:42.850 [main] QuerySpacesImpl - Adding QuerySpace : uid = <gen:0> -> org.hibernate.loader.plan.build.internal.spaces.EntityQuerySpaceImpl@33bdd01]
[DEBUG] 2019-10-20 22:09:42.850 [main] MetamodelGraphWalker - Visiting attribute path : description
[DEBUG] 2019-10-20 22:09:42.850 [main] MetamodelGraphWalker - Visiting attribute path : errorDataSet
[DEBUG] 2019-10-20 22:09:42.851 [main] QuerySpacesImpl - Adding QuerySpace : uid = <gen:1> -> org.hibernate.loader.plan.build.internal.spaces.CollectionQuerySpaceImpl@7ac48f05]
[DEBUG] 2019-10-20 22:09:42.851 [main] QuerySpacesImpl - Adding QuerySpace : uid = <gen:2> -> org.hibernate.loader.plan.build.internal.spaces.EntityQuerySpaceImpl@7af1d072]
[DEBUG] 2019-10-20 22:09:42.851 [main] MetamodelGraphWalker - Visiting attribute path : errorDataSet.application
[DEBUG] 2019-10-20 22:09:42.851 [main] MetamodelGraphWalker - Property path deemed to be circular : errorDataSet.application
[DEBUG] 2019-10-20 22:09:42.851 [main] MetamodelGraphWalker - Visiting attribute path : errorDataSet.description
[DEBUG] 2019-10-20 22:09:42.851 [main] MetamodelGraphWalker - Visiting attribute path : errorDataSet.message
[DEBUG] 2019-10-20 22:09:42.851 [main] MetamodelGraphWalker - Visiting attribute path : name
[DEBUG] 2019-10-20 22:09:42.851 [main] FetchStyleLoadPlanBuildingAssociationVisitationStrategy - Building LoadPlan...
[DEBUG] 2019-10-20 22:09:42.851 [main] LoadQueryJoinAndFetchProcessor - processing queryspace <gen:0>
[DEBUG] 2019-10-20 22:09:42.852 [main] LoadPlanTreePrinter - LoadPlan(entity=com.enterprise.dashboard.model.Application)
    - Returns
       - EntityReturnImpl(entity=com.enterprise.dashboard.model.Application, querySpaceUid=<gen:0>, path=com.enterprise.dashboard.model.Application)
          - CollectionAttributeFetchImpl(collection=com.enterprise.dashboard.model.Application.errorDataSet, querySpaceUid=<gen:1>, path=com.enterprise.dashboard.model.Application.errorDataSet)
             - (collection element) CollectionFetchableElementEntityGraph(entity=com.enterprise.dashboard.model.ErrorData, querySpaceUid=<gen:2>, path=com.enterprise.dashboard.model.Application.errorDataSet.<elements>)
    - QuerySpaces
       - EntityQuerySpaceImpl(uid=<gen:0>, entity=com.enterprise.dashboard.model.Application)
          - SQL table alias mapping - applicatio0_
          - alias suffix - 0_
          - suffixed key columns - {ID1_0_0_}
          - JOIN (JoinDefinedByMetadata(errorDataSet)) : <gen:0> -> <gen:1>
             - CollectionQuerySpaceImpl(uid=<gen:1>, collection=com.enterprise.dashboard.model.Application.errorDataSet)
                - SQL table alias mapping - errordatas1_
                - alias suffix - 1_
                - suffixed key columns - {applicat4_1_1_}
                - entity-element alias suffix - 2_
                - 2_entity-element suffixed key columns - ID1_1_2_
                - JOIN (JoinDefinedByMetadata(elements)) : <gen:1> -> <gen:2>
                   - EntityQuerySpaceImpl(uid=<gen:2>, entity=com.enterprise.dashboard.model.ErrorData)
                      - SQL table alias mapping - errordatas1_
                      - alias suffix - 2_
                      - suffixed key columns - {ID1_1_2_}

[DEBUG] 2019-10-20 22:09:42.852 [main] EntityLoader - Static select for entity com.enterprise.dashboard.model.Application [READ]: select applicatio0_.ID as ID1_0_0_, applicatio0_.DESCRIPTION as DESCRIPT2_0_0_, applicatio0_.NAME as NAME3_0_0_, errordatas1_.application_ID as applicat4_1_1_, errordatas1_.ID as ID1_1_1_, errordatas1_.ID as ID1_1_2_, errordatas1_.application_ID as applicat4_1_2_, errordatas1_.DESCRIPTION as DESCRIPT2_1_2_, errordatas1_.MESSAGE as MESSAGE3_1_2_ from APPLICATIONS applicatio0_ left outer join ERROR_DATA errordatas1_ on applicatio0_.ID=errordatas1_.application_ID where applicatio0_.ID=?
[DEBUG] 2019-10-20 22:09:42.863 [main] Loader - Static select for action ACTION_MERGE on entity com.enterprise.dashboard.model.Application: select applicatio0_.ID as ID1_0_1_, applicatio0_.DESCRIPTION as DESCRIPT2_0_1_, applicatio0_.NAME as NAME3_0_1_, errordatas1_.application_ID as applicat4_1_3_, errordatas1_.ID as ID1_1_3_, errordatas1_.ID as ID1_1_0_, errordatas1_.application_ID as applicat4_1_0_, errordatas1_.DESCRIPTION as DESCRIPT2_1_0_, errordatas1_.MESSAGE as MESSAGE3_1_0_ from APPLICATIONS applicatio0_ left outer join ERROR_DATA errordatas1_ on applicatio0_.ID=errordatas1_.application_ID where applicatio0_.ID=?
[DEBUG] 2019-10-20 22:09:42.864 [main] Loader - Static select for action ACTION_REFRESH on entity com.enterprise.dashboard.model.Application: select applicatio0_.ID as ID1_0_1_, applicatio0_.DESCRIPTION as DESCRIPT2_0_1_, applicatio0_.NAME as NAME3_0_1_, errordatas1_.application_ID as applicat4_1_3_, errordatas1_.ID as ID1_1_3_, errordatas1_.ID as ID1_1_0_, errordatas1_.application_ID as applicat4_1_0_, errordatas1_.DESCRIPTION as DESCRIPT2_1_0_, errordatas1_.MESSAGE as MESSAGE3_1_0_ from APPLICATIONS applicatio0_ left outer join ERROR_DATA errordatas1_ on applicatio0_.ID=errordatas1_.application_ID where applicatio0_.ID=?
[DEBUG] 2019-10-20 22:09:42.864 [main] AbstractEntityPersister - Static SQL for entity: com.enterprise.dashboard.model.ErrorData
[DEBUG] 2019-10-20 22:09:42.864 [main] AbstractEntityPersister -  Version select: select ID from ERROR_DATA where ID =?
[DEBUG] 2019-10-20 22:09:42.864 [main] AbstractEntityPersister -  Snapshot select: select errordata_.ID, errordata_.application_ID as applicat4_1_, errordata_.DESCRIPTION as DESCRIPT2_1_, errordata_.MESSAGE as MESSAGE3_1_ from ERROR_DATA errordata_ where errordata_.ID=?
[DEBUG] 2019-10-20 22:09:42.864 [main] AbstractEntityPersister -  Insert 0: insert into ERROR_DATA (application_ID, DESCRIPTION, MESSAGE, ID) values (?, ?, ?, ?)
[DEBUG] 2019-10-20 22:09:42.864 [main] AbstractEntityPersister -  Update 0: update ERROR_DATA set application_ID=?, DESCRIPTION=?, MESSAGE=? where ID=?
[DEBUG] 2019-10-20 22:09:42.864 [main] AbstractEntityPersister -  Delete 0: delete from ERROR_DATA where ID=?
[DEBUG] 2019-10-20 22:09:42.864 [main] AbstractEntityPersister -  Identity insert: insert into ERROR_DATA (application_ID, DESCRIPTION, MESSAGE) values (?, ?, ?)
[DEBUG] 2019-10-20 22:09:42.865 [main] QuerySpacesImpl - Adding QuerySpace : uid = <gen:0> -> org.hibernate.loader.plan.build.internal.spaces.EntityQuerySpaceImpl@1796b2d4]
[DEBUG] 2019-10-20 22:09:42.865 [main] MetamodelGraphWalker - Visiting attribute path : application
[DEBUG] 2019-10-20 22:09:42.865 [main] QuerySpacesImpl - Adding QuerySpace : uid = <gen:1> -> org.hibernate.loader.plan.build.internal.spaces.EntityQuerySpaceImpl@214b342f]
[DEBUG] 2019-10-20 22:09:42.865 [main] MetamodelGraphWalker - Visiting attribute path : application.description
[DEBUG] 2019-10-20 22:09:42.865 [main] MetamodelGraphWalker - Visiting attribute path : application.errorDataSet
[DEBUG] 2019-10-20 22:09:42.865 [main] MetamodelGraphWalker - Property path deemed to be circular : application.errorDataSet
[DEBUG] 2019-10-20 22:09:42.866 [main] MetamodelGraphWalker - Visiting attribute path : application.name
[DEBUG] 2019-10-20 22:09:42.866 [main] MetamodelGraphWalker - Visiting attribute path : description
[DEBUG] 2019-10-20 22:09:42.866 [main] MetamodelGraphWalker - Visiting attribute path : message
[DEBUG] 2019-10-20 22:09:42.866 [main] FetchStyleLoadPlanBuildingAssociationVisitationStrategy - Building LoadPlan...
[DEBUG] 2019-10-20 22:09:42.866 [main] LoadQueryJoinAndFetchProcessor - processing queryspace <gen:0>
[DEBUG] 2019-10-20 22:09:42.867 [main] LoadPlanTreePrinter - LoadPlan(entity=com.enterprise.dashboard.model.ErrorData)
    - Returns
       - EntityReturnImpl(entity=com.enterprise.dashboard.model.ErrorData, querySpaceUid=<gen:0>, path=com.enterprise.dashboard.model.ErrorData)
          - EntityAttributeFetchImpl(entity=com.enterprise.dashboard.model.Application, querySpaceUid=<gen:1>, path=com.enterprise.dashboard.model.ErrorData.application)
    - QuerySpaces
       - EntityQuerySpaceImpl(uid=<gen:0>, entity=com.enterprise.dashboard.model.ErrorData)
          - SQL table alias mapping - errordata0_
          - alias suffix - 0_
          - suffixed key columns - {ID1_1_0_}
          - JOIN (JoinDefinedByMetadata(application)) : <gen:0> -> <gen:1>
             - EntityQuerySpaceImpl(uid=<gen:1>, entity=com.enterprise.dashboard.model.Application)
                - SQL table alias mapping - applicatio1_
                - alias suffix - 1_
                - suffixed key columns - {ID1_0_1_}

[DEBUG] 2019-10-20 22:09:42.867 [main] EntityLoader - Static select for entity com.enterprise.dashboard.model.ErrorData [NONE]: select errordata0_.ID as ID1_1_0_, errordata0_.application_ID as applicat4_1_0_, errordata0_.DESCRIPTION as DESCRIPT2_1_0_, errordata0_.MESSAGE as MESSAGE3_1_0_, applicatio1_.ID as ID1_0_1_, applicatio1_.DESCRIPTION as DESCRIPT2_0_1_, applicatio1_.NAME as NAME3_0_1_ from ERROR_DATA errordata0_ left outer join APPLICATIONS applicatio1_ on errordata0_.application_ID=applicatio1_.ID where errordata0_.ID=?
[DEBUG] 2019-10-20 22:09:42.867 [main] QuerySpacesImpl - Adding QuerySpace : uid = <gen:0> -> org.hibernate.loader.plan.build.internal.spaces.EntityQuerySpaceImpl@12567179]
[DEBUG] 2019-10-20 22:09:42.867 [main] MetamodelGraphWalker - Visiting attribute path : application
[DEBUG] 2019-10-20 22:09:42.867 [main] QuerySpacesImpl - Adding QuerySpace : uid = <gen:1> -> org.hibernate.loader.plan.build.internal.spaces.EntityQuerySpaceImpl@7f42b194]
[DEBUG] 2019-10-20 22:09:42.868 [main] MetamodelGraphWalker - Visiting attribute path : application.description
[DEBUG] 2019-10-20 22:09:42.868 [main] MetamodelGraphWalker - Visiting attribute path : application.errorDataSet
[DEBUG] 2019-10-20 22:09:42.868 [main] MetamodelGraphWalker - Property path deemed to be circular : application.errorDataSet
[DEBUG] 2019-10-20 22:09:42.869 [main] MetamodelGraphWalker - Visiting attribute path : application.name
[DEBUG] 2019-10-20 22:09:42.869 [main] MetamodelGraphWalker - Visiting attribute path : description
[DEBUG] 2019-10-20 22:09:42.870 [main] MetamodelGraphWalker - Visiting attribute path : message
[DEBUG] 2019-10-20 22:09:42.870 [main] FetchStyleLoadPlanBuildingAssociationVisitationStrategy - Building LoadPlan...
[DEBUG] 2019-10-20 22:09:42.871 [main] LoadQueryJoinAndFetchProcessor - processing queryspace <gen:0>
[DEBUG] 2019-10-20 22:09:42.872 [main] LoadPlanTreePrinter - LoadPlan(entity=com.enterprise.dashboard.model.ErrorData)
    - Returns
       - EntityReturnImpl(entity=com.enterprise.dashboard.model.ErrorData, querySpaceUid=<gen:0>, path=com.enterprise.dashboard.model.ErrorData)
          - EntityAttributeFetchImpl(entity=com.enterprise.dashboard.model.Application, querySpaceUid=<gen:1>, path=com.enterprise.dashboard.model.ErrorData.application)
    - QuerySpaces
       - EntityQuerySpaceImpl(uid=<gen:0>, entity=com.enterprise.dashboard.model.ErrorData)
          - SQL table alias mapping - errordata0_
          - alias suffix - 0_
          - suffixed key columns - {ID1_1_0_}
          - JOIN (JoinDefinedByMetadata(application)) : <gen:0> -> <gen:1>
             - EntityQuerySpaceImpl(uid=<gen:1>, entity=com.enterprise.dashboard.model.Application)
                - SQL table alias mapping - applicatio1_
                - alias suffix - 1_
                - suffixed key columns - {ID1_0_1_}

[DEBUG] 2019-10-20 22:09:42.872 [main] EntityLoader - Static select for entity com.enterprise.dashboard.model.ErrorData [READ]: select errordata0_.ID as ID1_1_0_, errordata0_.application_ID as applicat4_1_0_, errordata0_.DESCRIPTION as DESCRIPT2_1_0_, errordata0_.MESSAGE as MESSAGE3_1_0_, applicatio1_.ID as ID1_0_1_, applicatio1_.DESCRIPTION as DESCRIPT2_0_1_, applicatio1_.NAME as NAME3_0_1_ from ERROR_DATA errordata0_ left outer join APPLICATIONS applicatio1_ on errordata0_.application_ID=applicatio1_.ID where errordata0_.ID=?
[DEBUG] 2019-10-20 22:09:42.872 [main] Loader - Static select for action ACTION_MERGE on entity com.enterprise.dashboard.model.ErrorData: select errordata0_.ID as ID1_1_0_, errordata0_.application_ID as applicat4_1_0_, errordata0_.DESCRIPTION as DESCRIPT2_1_0_, errordata0_.MESSAGE as MESSAGE3_1_0_ from ERROR_DATA errordata0_ where errordata0_.ID=?
[DEBUG] 2019-10-20 22:09:42.872 [main] Loader - Static select for action ACTION_REFRESH on entity com.enterprise.dashboard.model.ErrorData: select errordata0_.ID as ID1_1_0_, errordata0_.application_ID as applicat4_1_0_, errordata0_.DESCRIPTION as DESCRIPT2_1_0_, errordata0_.MESSAGE as MESSAGE3_1_0_ from ERROR_DATA errordata0_ where errordata0_.ID=?
[DEBUG] 2019-10-20 22:09:42.877 [main] QuerySpacesImpl - Adding QuerySpace : uid = <gen:0> -> org.hibernate.loader.plan.build.internal.spaces.CollectionQuerySpaceImpl@307c59ea]
[DEBUG] 2019-10-20 22:09:42.877 [main] QuerySpacesImpl - Adding QuerySpace : uid = <gen:1> -> org.hibernate.loader.plan.build.internal.spaces.EntityQuerySpaceImpl@57e03347]
[DEBUG] 2019-10-20 22:09:42.878 [main] MetamodelGraphWalker - Visiting attribute path : application
[DEBUG] 2019-10-20 22:09:42.878 [main] MetamodelGraphWalker - Property path deemed to be circular : application
[DEBUG] 2019-10-20 22:09:42.878 [main] MetamodelGraphWalker - Visiting attribute path : description
[DEBUG] 2019-10-20 22:09:42.879 [main] MetamodelGraphWalker - Visiting attribute path : message
[DEBUG] 2019-10-20 22:09:42.879 [main] FetchStyleLoadPlanBuildingAssociationVisitationStrategy - Building LoadPlan...
[DEBUG] 2019-10-20 22:09:42.881 [main] LoadQueryJoinAndFetchProcessor - processing queryspace <gen:0>
[DEBUG] 2019-10-20 22:09:42.881 [main] LoadPlanTreePrinter - LoadPlan(collection=com.enterprise.dashboard.model.Application.errorDataSet)
    - Returns
       - CollectionReturnImpl(collection=com.enterprise.dashboard.model.Application.errorDataSet, querySpaceUid=<gen:0>, path=[com.enterprise.dashboard.model.Application.errorDataSet])
          - (collection element) CollectionFetchableElementEntityGraph(entity=com.enterprise.dashboard.model.ErrorData, querySpaceUid=<gen:1>, path=[com.enterprise.dashboard.model.Application.errorDataSet].<elements>)
    - QuerySpaces
       - CollectionQuerySpaceImpl(uid=<gen:0>, collection=com.enterprise.dashboard.model.Application.errorDataSet)
          - SQL table alias mapping - errordatas0_
          - alias suffix - 0_
          - suffixed key columns - {applicat4_1_0_}
          - entity-element alias suffix - 1_
          - 1_entity-element suffixed key columns - ID1_1_1_
          - JOIN (JoinDefinedByMetadata(elements)) : <gen:0> -> <gen:1>
             - EntityQuerySpaceImpl(uid=<gen:1>, entity=com.enterprise.dashboard.model.ErrorData)
                - SQL table alias mapping - errordatas0_
                - alias suffix - 1_
                - suffixed key columns - {ID1_1_1_}

[DEBUG] 2019-10-20 22:09:42.881 [main] CollectionLoader - Static select for collection com.enterprise.dashboard.model.Application.errorDataSet: select errordatas0_.application_ID as applicat4_1_0_, errordatas0_.ID as ID1_1_0_, errordatas0_.ID as ID1_1_1_, errordatas0_.application_ID as applicat4_1_1_, errordatas0_.DESCRIPTION as DESCRIPT2_1_1_, errordatas0_.MESSAGE as MESSAGE3_1_1_ from ERROR_DATA errordatas0_ where errordatas0_.application_ID=?
[DEBUG] 2019-10-20 22:09:42.907 [main] SchemaManagementToolCoordinator - No actions specified; doing nothing
[DEBUG] 2019-10-20 22:09:42.907 [main] JtaPlatformInitiator - No JtaPlatform was specified, checking resolver
[DEBUG] 2019-10-20 22:09:42.908 [main] JtaPlatformResolverInitiator - No JtaPlatformResolver was specified, using default [org.hibernate.engine.transaction.jta.platform.internal.StandardJtaPlatformResolver]
[DEBUG] 2019-10-20 22:09:42.912 [main] StandardJtaPlatformResolver - Could not resolve JtaPlatform, using default [org.hibernate.engine.transaction.jta.platform.internal.NoJtaPlatform]
[INFO ] 2019-10-20 22:09:42.912 [main] JtaPlatformInitiator - HHH000490: Using JtaPlatform implementation: [org.hibernate.engine.transaction.jta.platform.internal.NoJtaPlatform]
[DEBUG] 2019-10-20 22:09:42.913 [main] NamedQueryRepository - Checking 0 named HQL queries
[DEBUG] 2019-10-20 22:09:42.913 [main] NamedQueryRepository - Checking 0 named SQL queries
[DEBUG] 2019-10-20 22:09:42.915 [main] SessionFactoryRegistry - Initializing SessionFactoryRegistry : org.hibernate.internal.SessionFactoryRegistry@6c995c5d
[DEBUG] 2019-10-20 22:09:42.918 [main] SessionFactoryRegistry - Registering SessionFactory: d46722e0-0283-4cdd-8646-b0cadae34318 (<unnamed>)
[DEBUG] 2019-10-20 22:09:42.918 [main] SessionFactoryRegistry - Not binding SessionFactory to JNDI, no JNDI name configured
[DEBUG] 2019-10-20 22:09:42.989 [main] StatisticsInitiator - Statistics initialized [enabled=false]
[DEBUG] 2019-10-20 22:09:43.006 [main] SQL - select errordata0_.ID as ID1_1_0_, errordata0_.application_ID as applicat4_1_0_, errordata0_.DESCRIPTION as DESCRIPT2_1_0_, errordata0_.MESSAGE as MESSAGE3_1_0_, applicatio1_.ID as ID1_0_1_, applicatio1_.DESCRIPTION as DESCRIPT2_0_1_, applicatio1_.NAME as NAME3_0_1_ from ERROR_DATA errordata0_ left outer join APPLICATIONS applicatio1_ on errordata0_.application_ID=applicatio1_.ID where errordata0_.ID=?
[DEBUG] 2019-10-20 22:09:43.031 [main] ResultSetProcessorImpl - Starting ResultSet row #0
[DEBUG] 2019-10-20 22:09:43.036 [main] EntityReferenceInitializerImpl - On call to EntityIdentifierReaderImpl#resolve, EntityKey was already known; should only happen on root returns with an optional identifier specified
[DEBUG] 2019-10-20 22:09:43.044 [main] TwoPhaseLoad - Resolving attributes for [com.enterprise.dashboard.model.ErrorData#1]
[DEBUG] 2019-10-20 22:09:43.045 [main] TwoPhaseLoad - Processing attribute `application` : value = 1
[DEBUG] 2019-10-20 22:09:43.045 [main] TwoPhaseLoad - Attribute (`application`)  - enhanced for lazy-loading? - false
[DEBUG] 2019-10-20 22:09:43.045 [main] TwoPhaseLoad - Processing attribute `description` : value = ERROR processing request
[DEBUG] 2019-10-20 22:09:43.045 [main] TwoPhaseLoad - Attribute (`description`)  - enhanced for lazy-loading? - false
[DEBUG] 2019-10-20 22:09:43.045 [main] TwoPhaseLoad - Processing attribute `message` : value = ERR-100
[DEBUG] 2019-10-20 22:09:43.045 [main] TwoPhaseLoad - Attribute (`message`)  - enhanced for lazy-loading? - false
[DEBUG] 2019-10-20 22:09:43.046 [main] TwoPhaseLoad - Done materializing entity [com.enterprise.dashboard.model.ErrorData#1]
[DEBUG] 2019-10-20 22:09:43.046 [main] TwoPhaseLoad - Resolving attributes for [com.enterprise.dashboard.model.Application#1]
[DEBUG] 2019-10-20 22:09:43.046 [main] TwoPhaseLoad - Processing attribute `description` : value = This is the first application
[DEBUG] 2019-10-20 22:09:43.046 [main] TwoPhaseLoad - Attribute (`description`)  - enhanced for lazy-loading? - false
[DEBUG] 2019-10-20 22:09:43.047 [main] TwoPhaseLoad - Processing attribute `errorDataSet` : value = NOT NULL COLLECTION
[DEBUG] 2019-10-20 22:09:43.047 [main] TwoPhaseLoad - Attribute (`errorDataSet`)  - enhanced for lazy-loading? - false
[DEBUG] 2019-10-20 22:09:43.054 [main] TwoPhaseLoad - Processing attribute `name` : value = Application 1
[DEBUG] 2019-10-20 22:09:43.055 [main] TwoPhaseLoad - Attribute (`name`)  - enhanced for lazy-loading? - false
[DEBUG] 2019-10-20 22:09:43.055 [main] TwoPhaseLoad - Done materializing entity [com.enterprise.dashboard.model.Application#1]
[DEBUG] 2019-10-20 22:09:43.055 [main] ResourceRegistryStandardImpl - HHH000387: ResultSet's statement was not registered
[DEBUG] 2019-10-20 22:09:43.057 [main] AbstractLoadPlanBasedCollectionInitializer - Loading collection: [com.enterprise.dashboard.model.Application.errorDataSet#1]
[DEBUG] 2019-10-20 22:09:43.057 [main] SQL - select errordatas0_.application_ID as applicat4_1_0_, errordatas0_.ID as ID1_1_0_, errordatas0_.ID as ID1_1_1_, errordatas0_.application_ID as applicat4_1_1_, errordatas0_.DESCRIPTION as DESCRIPT2_1_1_, errordatas0_.MESSAGE as MESSAGE3_1_1_ from ERROR_DATA errordatas0_ where errordatas0_.application_ID=?
[DEBUG] 2019-10-20 22:09:43.062 [main] ResultSetProcessorImpl - Preparing collection initializer : [com.enterprise.dashboard.model.Application.errorDataSet#1]
[DEBUG] 2019-10-20 22:09:43.064 [main] ResultSetProcessorImpl - Starting ResultSet row #0
[DEBUG] 2019-10-20 22:09:43.065 [main] CollectionReferenceInitializerImpl - Found row of collection: [com.enterprise.dashboard.model.Application.errorDataSet#1]
[DEBUG] 2019-10-20 22:09:43.065 [main] ResultSetProcessorImpl - Starting ResultSet row #1
[DEBUG] 2019-10-20 22:09:43.065 [main] CollectionReferenceInitializerImpl - Found row of collection: [com.enterprise.dashboard.model.Application.errorDataSet#1]
[DEBUG] 2019-10-20 22:09:43.066 [main] TwoPhaseLoad - Resolving attributes for [com.enterprise.dashboard.model.ErrorData#3]
[DEBUG] 2019-10-20 22:09:43.066 [main] TwoPhaseLoad - Processing attribute `application` : value = 1
[DEBUG] 2019-10-20 22:09:43.066 [main] TwoPhaseLoad - Attribute (`application`)  - enhanced for lazy-loading? - false
[DEBUG] 2019-10-20 22:09:43.066 [main] TwoPhaseLoad - Processing attribute `description` : value = ERROR processing 3 request
[DEBUG] 2019-10-20 22:09:43.066 [main] TwoPhaseLoad - Attribute (`description`)  - enhanced for lazy-loading? - false
[DEBUG] 2019-10-20 22:09:43.066 [main] TwoPhaseLoad - Processing attribute `message` : value = ERR-103
[DEBUG] 2019-10-20 22:09:43.066 [main] TwoPhaseLoad - Attribute (`message`)  - enhanced for lazy-loading? - false
[DEBUG] 2019-10-20 22:09:43.067 [main] TwoPhaseLoad - Done materializing entity [com.enterprise.dashboard.model.ErrorData#3]
[DEBUG] 2019-10-20 22:09:43.067 [main] CollectionLoadContext - 1 collections were found in result set for role: com.enterprise.dashboard.model.Application.errorDataSet
[DEBUG] 2019-10-20 22:09:43.067 [main] CollectionLoadContext - Collection fully initialized: [com.enterprise.dashboard.model.Application.errorDataSet#1]
[DEBUG] 2019-10-20 22:09:43.067 [main] CollectionLoadContext - 1 collections initialized for role: com.enterprise.dashboard.model.Application.errorDataSet
[DEBUG] 2019-10-20 22:09:43.068 [main] ResourceRegistryStandardImpl - HHH000387: ResultSet's statement was not registered
[DEBUG] 2019-10-20 22:09:43.068 [main] AbstractLoadPlanBasedCollectionInitializer - Done loading collection
[DEBUG] 2019-10-20 22:09:43.068 [main] AbstractLoadPlanBasedEntityLoader - Done entity load : com.enterprise.dashboard.model.ErrorData#1
[DEBUG] 2019-10-20 22:09:43.068 [main] LogicalConnectionManagedImpl - Initiating JDBC connection release from afterTransaction
[DEBUG] 2019-10-20 22:09:43.078 [main] TransactionImpl - On TransactionImpl creation, JpaCompliance#isJpaTransactionComplianceEnabled == false
[DEBUG] 2019-10-20 22:09:43.078 [main] TransactionImpl - begin
[DEBUG] 2019-10-20 22:09:43.093 [main] TransactionImpl - committing
[DEBUG] 2019-10-20 22:09:43.094 [main] AbstractFlushingEventListener - Processing flush-time cascades
[DEBUG] 2019-10-20 22:09:43.094 [main] AbstractFlushingEventListener - Dirty checking collections
[DEBUG] 2019-10-20 22:09:43.095 [main] AbstractFlushingEventListener - Flushed: 0 insertions, 0 updates, 1 deletions to 1 objects
[DEBUG] 2019-10-20 22:09:43.095 [main] AbstractFlushingEventListener - Flushed: 0 (re)creations, 0 updates, 0 removals to 0 collections
[DEBUG] 2019-10-20 22:09:43.096 [main] EntityPrinter - Listing entities:
[DEBUG] 2019-10-20 22:09:43.096 [main] EntityPrinter - com.enterprise.dashboard.model.ErrorData{application=com.enterprise.dashboard.model.Application#1, description=ERROR processing request, id=1, message=ERR-100}
[DEBUG] 2019-10-20 22:09:43.101 [main] SQL - delete from ERROR_DATA where ID=?
[DEBUG] 2019-10-20 22:09:43.112 [main] LogicalConnectionManagedImpl - Initiating JDBC connection release from afterTransaction
[DEBUG] 2019-10-20 22:09:43.115 [main] LogicalConnectionManagedImpl - Initiating JDBC connection release from afterTransaction
[DEBUG] 2019-10-20 22:09:43.115 [main] JdbcCoordinatorImpl - HHH000420: Closing un-released batch
[DEBUG] 2019-10-20 22:09:43.151 [main] CriteriaQueryImpl - Rendered criteria query -> select generatedAlias0 from ErrorData as generatedAlias0
[DEBUG] 2019-10-20 22:09:43.167 [main] QueryTranslatorFactoryInitiator - QueryTranslatorFactory: org.hibernate.hql.internal.ast.ASTQueryTranslatorFactory@18e6b72b
[DEBUG] 2019-10-20 22:09:43.198 [main] QueryTranslatorImpl - parse() - HQL: select generatedAlias0 from com.enterprise.dashboard.model.ErrorData as generatedAlias0
[DEBUG] 2019-10-20 22:09:43.205 [main] ErrorTracker - throwQueryException() : no errors
[DEBUG] 2019-10-20 22:09:43.212 [main] QueryTranslatorImpl - --- HQL AST ---
 \-[QUERY] Node: 'query'
    \-[SELECT_FROM] Node: 'SELECT_FROM'
       +-[FROM] Node: 'from'
       |  \-[RANGE] Node: 'RANGE'
       |     +-[DOT] Node: '.'
       |     |  +-[DOT] Node: '.'
       |     |  |  +-[DOT] Node: '.'
       |     |  |  |  +-[DOT] Node: '.'
       |     |  |  |  |  +-[IDENT] Node: 'com'
       |     |  |  |  |  \-[IDENT] Node: 'enterprise'
       |     |  |  |  \-[IDENT] Node: 'dashboard'
       |     |  |  \-[IDENT] Node: 'model'
       |     |  \-[IDENT] Node: 'ErrorData'
       |     \-[ALIAS] Node: 'generatedAlias0'
       \-[SELECT] Node: 'select'
          \-[IDENT] Node: 'generatedAlias0'

[DEBUG] 2019-10-20 22:09:43.241 [main] HqlSqlBaseWalker - select << begin [level=1, statement=select]
[DEBUG] 2019-10-20 22:09:43.258 [main] FromElement - FromClause{level=1} : com.enterprise.dashboard.model.ErrorData (generatedAlias0) -> errordata0_
[DEBUG] 2019-10-20 22:09:43.260 [main] FromReferenceNode - Resolved : generatedAlias0 -> errordata0_.ID
[DEBUG] 2019-10-20 22:09:43.262 [main] HqlSqlBaseWalker - select : finishing up [level=1, statement=select]
[DEBUG] 2019-10-20 22:09:43.262 [main] HqlSqlWalker - processQuery() :  ( SELECT ( {select clause} errordata0_.ID ) ( FromClause{level=1} ERROR_DATA errordata0_ ) )
[DEBUG] 2019-10-20 22:09:43.278 [main] JoinProcessor - Using FROM fragment [ERROR_DATA errordata0_]
[DEBUG] 2019-10-20 22:09:43.279 [main] HqlSqlBaseWalker - select >> end [level=1, statement=select]
[DEBUG] 2019-10-20 22:09:43.281 [main] QueryTranslatorImpl - --- SQL AST ---
 \-[SELECT] QueryNode: 'SELECT'  querySpaces (ERROR_DATA)
    +-[SELECT_CLAUSE] SelectClause: '{select clause}'
    |  +-[ALIAS_REF] IdentNode: 'errordata0_.ID as ID1_1_' {alias=generatedAlias0, className=com.enterprise.dashboard.model.ErrorData, tableAlias=errordata0_}
    |  \-[SQL_TOKEN] SqlFragment: 'errordata0_.application_ID as applicat4_1_, errordata0_.DESCRIPTION as DESCRIPT2_1_, errordata0_.MESSAGE as MESSAGE3_1_'
    \-[FROM] FromClause: 'from' FromClause{level=1, fromElementCounter=1, fromElements=1, fromElementByClassAlias=[generatedAlias0], fromElementByTableAlias=[errordata0_], fromElementsByPath=[], collectionJoinFromElementsByPath=[], impliedElements=[]}
       \-[FROM_FRAGMENT] FromElement: 'ERROR_DATA errordata0_' FromElement{explicit,not a collection join,not a fetch join,fetch non-lazy properties,classAlias=generatedAlias0,role=null,tableName=ERROR_DATA,tableAlias=errordata0_,origin=null,columns={,className=com.enterprise.dashboard.model.ErrorData}}

[DEBUG] 2019-10-20 22:09:43.281 [main] ErrorTracker - throwQueryException() : no errors
[DEBUG] 2019-10-20 22:09:43.289 [main] QueryTranslatorImpl - HQL: select generatedAlias0 from com.enterprise.dashboard.model.ErrorData as generatedAlias0
[DEBUG] 2019-10-20 22:09:43.290 [main] QueryTranslatorImpl - SQL: select errordata0_.ID as ID1_1_, errordata0_.application_ID as applicat4_1_, errordata0_.DESCRIPTION as DESCRIPT2_1_, errordata0_.MESSAGE as MESSAGE3_1_ from ERROR_DATA errordata0_
[DEBUG] 2019-10-20 22:09:43.290 [main] ErrorTracker - throwQueryException() : no errors
[DEBUG] 2019-10-20 22:09:43.302 [main] SQL - select errordata0_.ID as ID1_1_, errordata0_.application_ID as applicat4_1_, errordata0_.DESCRIPTION as DESCRIPT2_1_, errordata0_.MESSAGE as MESSAGE3_1_ from ERROR_DATA errordata0_
[DEBUG] 2019-10-20 22:09:43.309 [main] Loader - Result set row: 0
[DEBUG] 2019-10-20 22:09:43.309 [main] Loader - Result row: EntityKey[com.enterprise.dashboard.model.ErrorData#2]
[DEBUG] 2019-10-20 22:09:43.310 [main] Loader - Result set row: 1
[DEBUG] 2019-10-20 22:09:43.310 [main] Loader - Result row: EntityKey[com.enterprise.dashboard.model.ErrorData#3]
[DEBUG] 2019-10-20 22:09:43.310 [main] TwoPhaseLoad - Resolving attributes for [com.enterprise.dashboard.model.ErrorData#2]
[DEBUG] 2019-10-20 22:09:43.311 [main] TwoPhaseLoad - Processing attribute `application` : value = 2
[DEBUG] 2019-10-20 22:09:43.311 [main] TwoPhaseLoad - Attribute (`application`)  - enhanced for lazy-loading? - false
[DEBUG] 2019-10-20 22:09:43.311 [main] SQL - select applicatio0_.ID as ID1_0_0_, applicatio0_.DESCRIPTION as DESCRIPT2_0_0_, applicatio0_.NAME as NAME3_0_0_, errordatas1_.application_ID as applicat4_1_1_, errordatas1_.ID as ID1_1_1_, errordatas1_.ID as ID1_1_2_, errordatas1_.application_ID as applicat4_1_2_, errordatas1_.DESCRIPTION as DESCRIPT2_1_2_, errordatas1_.MESSAGE as MESSAGE3_1_2_ from APPLICATIONS applicatio0_ left outer join ERROR_DATA errordatas1_ on applicatio0_.ID=errordatas1_.application_ID where applicatio0_.ID=?
[DEBUG] 2019-10-20 22:09:43.314 [main] ResultSetProcessorImpl - Starting ResultSet row #0
[DEBUG] 2019-10-20 22:09:43.315 [main] EntityReferenceInitializerImpl - On call to EntityIdentifierReaderImpl#resolve, EntityKey was already known; should only happen on root returns with an optional identifier specified
[DEBUG] 2019-10-20 22:09:43.315 [main] CollectionReferenceInitializerImpl - Found row of collection: [com.enterprise.dashboard.model.Application.errorDataSet#2]
[DEBUG] 2019-10-20 22:09:43.315 [main] TwoPhaseLoad - Resolving attributes for [com.enterprise.dashboard.model.Application#2]
[DEBUG] 2019-10-20 22:09:43.315 [main] TwoPhaseLoad - Processing attribute `description` : value = This is the second Application
[DEBUG] 2019-10-20 22:09:43.316 [main] TwoPhaseLoad - Attribute (`description`)  - enhanced for lazy-loading? - false
[DEBUG] 2019-10-20 22:09:43.316 [main] TwoPhaseLoad - Processing attribute `errorDataSet` : value = NOT NULL COLLECTION
[DEBUG] 2019-10-20 22:09:43.316 [main] TwoPhaseLoad - Attribute (`errorDataSet`)  - enhanced for lazy-loading? - false
[DEBUG] 2019-10-20 22:09:43.316 [main] TwoPhaseLoad - Processing attribute `name` : value = Application 2
[DEBUG] 2019-10-20 22:09:43.316 [main] TwoPhaseLoad - Attribute (`name`)  - enhanced for lazy-loading? - false
[DEBUG] 2019-10-20 22:09:43.316 [main] TwoPhaseLoad - Done materializing entity [com.enterprise.dashboard.model.Application#2]
[DEBUG] 2019-10-20 22:09:43.316 [main] CollectionLoadContext - 1 collections were found in result set for role: com.enterprise.dashboard.model.Application.errorDataSet
[DEBUG] 2019-10-20 22:09:43.317 [main] CollectionLoadContext - Collection fully initialized: [com.enterprise.dashboard.model.Application.errorDataSet#2]
[DEBUG] 2019-10-20 22:09:43.317 [main] CollectionLoadContext - 1 collections initialized for role: com.enterprise.dashboard.model.Application.errorDataSet
[DEBUG] 2019-10-20 22:09:43.317 [main] ResourceRegistryStandardImpl - HHH000387: ResultSet's statement was not registered
[DEBUG] 2019-10-20 22:09:43.317 [main] AbstractLoadPlanBasedEntityLoader - Done entity load : com.enterprise.dashboard.model.Application#2
[DEBUG] 2019-10-20 22:09:43.318 [main] TwoPhaseLoad - Processing attribute `description` : value = ERROR processing 2 request
[DEBUG] 2019-10-20 22:09:43.318 [main] TwoPhaseLoad - Attribute (`description`)  - enhanced for lazy-loading? - false
[DEBUG] 2019-10-20 22:09:43.318 [main] TwoPhaseLoad - Processing attribute `message` : value = ERR-101
[DEBUG] 2019-10-20 22:09:43.318 [main] TwoPhaseLoad - Attribute (`message`)  - enhanced for lazy-loading? - false
[DEBUG] 2019-10-20 22:09:43.318 [main] TwoPhaseLoad - Done materializing entity [com.enterprise.dashboard.model.ErrorData#2]
[DEBUG] 2019-10-20 22:09:43.318 [main] TwoPhaseLoad - Resolving attributes for [com.enterprise.dashboard.model.ErrorData#3]
[DEBUG] 2019-10-20 22:09:43.318 [main] TwoPhaseLoad - Processing attribute `application` : value = 1
[DEBUG] 2019-10-20 22:09:43.319 [main] TwoPhaseLoad - Attribute (`application`)  - enhanced for lazy-loading? - false
[DEBUG] 2019-10-20 22:09:43.319 [main] SQL - select applicatio0_.ID as ID1_0_0_, applicatio0_.DESCRIPTION as DESCRIPT2_0_0_, applicatio0_.NAME as NAME3_0_0_, errordatas1_.application_ID as applicat4_1_1_, errordatas1_.ID as ID1_1_1_, errordatas1_.ID as ID1_1_2_, errordatas1_.application_ID as applicat4_1_2_, errordatas1_.DESCRIPTION as DESCRIPT2_1_2_, errordatas1_.MESSAGE as MESSAGE3_1_2_ from APPLICATIONS applicatio0_ left outer join ERROR_DATA errordatas1_ on applicatio0_.ID=errordatas1_.application_ID where applicatio0_.ID=?
[DEBUG] 2019-10-20 22:09:43.323 [main] ResultSetProcessorImpl - Starting ResultSet row #0
[DEBUG] 2019-10-20 22:09:43.323 [main] EntityReferenceInitializerImpl - On call to EntityIdentifierReaderImpl#resolve, EntityKey was already known; should only happen on root returns with an optional identifier specified
[DEBUG] 2019-10-20 22:09:43.324 [main] CollectionReferenceInitializerImpl - Found row of collection: [com.enterprise.dashboard.model.Application.errorDataSet#1]
[DEBUG] 2019-10-20 22:09:43.324 [main] TwoPhaseLoad - Resolving attributes for [com.enterprise.dashboard.model.Application#1]
[DEBUG] 2019-10-20 22:09:43.324 [main] TwoPhaseLoad - Processing attribute `description` : value = This is the first application
[DEBUG] 2019-10-20 22:09:43.324 [main] TwoPhaseLoad - Attribute (`description`)  - enhanced for lazy-loading? - false
[DEBUG] 2019-10-20 22:09:43.324 [main] TwoPhaseLoad - Processing attribute `errorDataSet` : value = NOT NULL COLLECTION
[DEBUG] 2019-10-20 22:09:43.324 [main] TwoPhaseLoad - Attribute (`errorDataSet`)  - enhanced for lazy-loading? - false
[DEBUG] 2019-10-20 22:09:43.324 [main] TwoPhaseLoad - Processing attribute `name` : value = Application 1
[DEBUG] 2019-10-20 22:09:43.324 [main] TwoPhaseLoad - Attribute (`name`)  - enhanced for lazy-loading? - false
[DEBUG] 2019-10-20 22:09:43.325 [main] TwoPhaseLoad - Done materializing entity [com.enterprise.dashboard.model.Application#1]
[DEBUG] 2019-10-20 22:09:43.325 [main] CollectionLoadContext - 1 collections were found in result set for role: com.enterprise.dashboard.model.Application.errorDataSet
[DEBUG] 2019-10-20 22:09:43.325 [main] CollectionLoadContext - Collection fully initialized: [com.enterprise.dashboard.model.Application.errorDataSet#1]
[DEBUG] 2019-10-20 22:09:43.325 [main] CollectionLoadContext - 1 collections initialized for role: com.enterprise.dashboard.model.Application.errorDataSet
[DEBUG] 2019-10-20 22:09:43.325 [main] ResourceRegistryStandardImpl - HHH000387: ResultSet's statement was not registered
[DEBUG] 2019-10-20 22:09:43.325 [main] AbstractLoadPlanBasedEntityLoader - Done entity load : com.enterprise.dashboard.model.Application#1
[DEBUG] 2019-10-20 22:09:43.325 [main] TwoPhaseLoad - Processing attribute `description` : value = ERROR processing 3 request
[DEBUG] 2019-10-20 22:09:43.326 [main] TwoPhaseLoad - Attribute (`description`)  - enhanced for lazy-loading? - false
[DEBUG] 2019-10-20 22:09:43.326 [main] TwoPhaseLoad - Processing attribute `message` : value = ERR-103
[DEBUG] 2019-10-20 22:09:43.326 [main] TwoPhaseLoad - Attribute (`message`)  - enhanced for lazy-loading? - false
[DEBUG] 2019-10-20 22:09:43.326 [main] TwoPhaseLoad - Done materializing entity [com.enterprise.dashboard.model.ErrorData#3]
[DEBUG] 2019-10-20 22:09:43.328 [main] LogicalConnectionManagedImpl - Initiating JDBC connection release from afterTransaction
